ARM GAS  /tmp/ccK0sZqY.s 			page 1


   1              		.cpu cortex-m4
   2              		.eabi_attribute 27, 1
   3              		.eabi_attribute 28, 1
   4              		.eabi_attribute 20, 1
   5              		.eabi_attribute 21, 1
   6              		.eabi_attribute 23, 3
   7              		.eabi_attribute 24, 1
   8              		.eabi_attribute 25, 1
   9              		.eabi_attribute 26, 1
  10              		.eabi_attribute 30, 6
  11              		.eabi_attribute 34, 1
  12              		.eabi_attribute 18, 4
  13              		.file	"board.c"
  14              		.text
  15              	.Ltext0:
  16              		.section	.gnu.lto_.inline.94d398160823da7f,"",%progbits
  17 0000 789C6365 		.ascii	"x\234ce`bhd@\000\026\006\006A\001\006\006&\271\206_"
  17      60626864 
  17      40001606 
  17      06410106 
  17      0626B986 
  18 0015 8C400E13 		.ascii	"\214@\016\023H\214\221A\376\012\220b\022;\260\033.\306"
  18      488C9141 
  18      FE0A9062 
  18      123BB01B 
  18      2EC6
  19 0027 CCC30062 		.ascii	"\314\303\000b\020C1\260\212\001\031L\013\344\341\346"
  19      104331B0 
  19      8A01194C 
  19      0BE4E1E6 
  20 0037 71C10816 		.ascii	"q\301\010\026\006f&T9\006\000o\347\007\022"
  20      06662654 
  20      3906006F 
  20      E70712
  21              		.text
  22              		.section	.gnu.lto_gpio_init.94d398160823da7f,"",%progbits
  23 0000 789CA594 		.ascii	"x\234\245\224\335K\024Q\030\207\317;gvv\335\306E\242"
  23      DD4B1451 
  23      1887CF3B 
  23      677676DD 
  23      C645A2
  24 0013 A00B2FBC 		.ascii	"\240\013/\274HD/\234\276\256\202\256\254\300\213\210"
  24      48442F9C 
  24      BEAE82AE 
  24      ACC08B88 
  25 0023 5A09BA12 		.ascii	"Z\011\272\02252!Z\311?\300\321\024C\241\202Zu\253m\205"
  25      3532215A 
  25      C93FC0D1 
  25      1443A182 
  25      5A75AB6D 
  26 0038 08DD5D75 		.ascii	"\010\335]u\265O\265\262i\375\326\374\254\010\272\210"
  26      B54FB5B2 
  26      69FDD6FC 
  26      AC08BA88 
  27 0048 502A368A 		.ascii	"P*6\212p\273\010\272\330z\3373n\210\033\013\303\016"
  27      70BB08BA 
  27      D87ADF33 
ARM GAS  /tmp/ccK0sZqY.s 			page 2


  27      6E881B0B 
  27      C30E
  28 005a 3B873973 		.ascii	";\2079s~\347\331g\346\274glLbo\024\306J\031c;\361d\234"
  28      7EE7D967 
  28      E6BC676C 
  28      4C626F14 
  28      C64A1963 
  29 0072 81C4F004 		.ascii	"\201\304\360\004\300\016\260z\011\352\341*\357\340\020"
  29      C00EB07A 
  29      09EAE12A 
  29      EFE010
  30 0081 6DF93C2C 		.ascii	"m\371<,\025v\353x\030\035\243N\277\276\244\363\000g"
  30      1576EB78 
  30      181DA34E 
  30      BFBEA4F3 
  30      0067
  31 0093 CCC79938 		.ascii	"\314\307\2318\240\033\0121\266\3344p\233_\301\021\000"
  31      A01B0A31 
  31      B6DC3470 
  31      9B5FC111 
  31      00
  32 00a4 19BBEBF3 		.ascii	"\031\273\353\3637\327\\\324\225 \017\273m\237z\032$"
  32      37D75CD4 
  32      95200FBB 
  32      6D9F7A1A 
  32      24
  33 00b5 7E08185E 		.ascii	"~\010\030^{#?\336\252\005\367t\275Q7\276\335\340\372"
  33      7B233FDE 
  33      AA05F774 
  33      BD5137BE 
  33      DDE0FA
  34 00c8 EE00E710 		.ascii	"\356\000\347\020\002\216@\010B.\364@.\303[\014\302P"
  34      028E4008 
  34      422EF440 
  34      2EC35B0C 
  34      C250
  35 00da 80F15822 		.ascii	"\200\361X\"\362E\346%bj\360\303\255\023\0333\307w\371"
  35      F245E625 
  35      626AF0C3 
  35      AD131B33 
  35      C777F9
  36 00ed 74430E70 		.ascii	"tC\016p\031z\267N\225\031\364A\001\345W\007\023\336"
  36      197AB74E 
  36      9519F441 
  36      01E55707 
  36      13DE
  37 00ff 6C45365D 		.ascii	"lE6]\241\037\024|8;\336\367\015~\\\267\345\337\025\240"
  37      A11F147C 
  37      383BDEF7 
  37      0D7E5CB7 
  37      E5DF15A0 
  38 0113 85D08EEB 		.ascii	"\205\320\216\353\227\232\247ud\331\330f\220x\270\010"
  38      979AA775 
  38      64D9D866 
  38      9078B808 
  39 0123 E46FC9AF 		.ascii	"\344o\311\257\024\371z\214\246\274\377\246\007R\322"
  39      14F97A8C 
ARM GAS  /tmp/ccK0sZqY.s 			page 3


  39      A6BCFFA6 
  39      0752D2
  40 0132 EFD3A407 		.ascii	"\357\323\244\007S\322\253i\322\367S\322_\323\244\037"
  40      53D2AB69 
  40      D2F753D2 
  40      5FD3A41F 
  41 0142 A4A4E369 		.ascii	"\244\244\343i\322\017S\322\277\323\244\037A~d\005\014"
  41      D20F53D2 
  41      BFD3A41F 
  41      417E6405 
  41      0C
  42 0153 3DF1A745 		.ascii	"=\361\247E7\022\205\235c\223ai;\026\016\276t\216\257"
  42      3712859D 
  42      63936169 
  42      3B160EBE 
  42      748EAF
  43 0166 DF26032D 		.ascii	"\337&\003-\235B\227\016j\234\324\250\324\270\250\311"
  43      9D42970E 
  43      6A9CD4A8 
  43      D4B8A8C9 
  44 0176 A186B156 		.ascii	"\241\206\261VQ?m\034\253\216\307\240q$\026\234p\321"
  44      513F6D1C 
  44      AB8EC7A0 
  44      7124169C 
  44      70D1
  45 0188 12F93955 		.ascii	"\022\3719U]{st\321N\365#\213\205\37755{Y\015\200\277"
  45      5D7B7374 
  45      D14EF523 
  45      8B85FF35 
  45      357B590D 
  46 019e 01AB10A5 		.ascii	"\001\253\020\2450$\301c\362\301\261;\235C?]Z\237~M\014"
  46      3024C163 
  46      F2C1B13B 
  46      9D433F5D 
  46      5A9F7E4D 
  47 01b3 D9E10904 		.ascii	"\331\341\011\004\240S\300a\0104\026\203h\373L\021\221"
  47      A053C061 
  47      08341683 
  47      68FB4C11 
  47      91
  48 01c4 3763790A 		.ascii	"7cy\012\266\253\022\275\034~\374\303\341\015\360\273"
  48      B6AB12BD 
  48      1C7EFCC3 
  48      E10DF0BB 
  49 01d4 787C4C45 		.ascii	"x|LEpS\003\201\263`D\200\305\376x\012\032z2\341\035"
  49      70530381 
  49      B3604480 
  49      C5FE780A 
  49      1A7A32E1 
  50 01e9 4A7A2B16 		.ascii	"Jz+\026E\237\011\236D\274\347[E\255\231\215\012\222"
  50      459F099E 
  50      44BCE75B 
  50      45AD998D 
  50      0A92
  51 01fb 28F21764 		.ascii	"(\362\027d\246\230f\341\244\231\303\242\231!x2\361^"
  51      A69866E1 
  51      A499C3A2 
ARM GAS  /tmp/ccK0sZqY.s 			page 4


  51      99217832 
  51      F15E
  52 020d 66661615 		.ascii	"ff\026\025$\033\221\306\310\314a\232\365&\315\234\026"
  52      241B91C6 
  52      C8CC619A 
  52      F526CD9C 
  52      16
  53 021e CDC6054F 		.ascii	"\315\306\005O!\336Dff\223\202d'\322\024\2319M\263\276"
  53      21DE4466 
  53      66938264 
  53      27D21499 
  53      394DB3BE 
  54 0232 A4996AD1 		.ascii	"\244\231j\321lZ\360\034\304\233\311\314lV\220\262\210"
  54      6C5AF01C 
  54      C49BC9CC 
  54      6C5690B2 
  54      88
  55 0243 344766AA 		.ascii	"4Gf\252i\326\2374sY4{%xN\342\315gf\266 H\333\210\264"
  55      69D69F34 
  55      7359347B 
  55      25784EE2 
  55      CD6766B6 
  56 025c 48662ED3 		.ascii	"Hf.\323,\2224\313\261h\266$x*\361\22633[\021\244l\""
  56      2C9234CB 
  56      B168B624 
  56      782AF196 
  56      33335B11 
  57 0273 BD26B31C 		.ascii	"\275&\263\034\366\035\032\273\326\274@4\361\331j\245"
  57      F61D1ABB 
  57      D6BC4034 
  57      F1D96AA5 
  58 0283 9D8B9BED 		.ascii	"\235\213\233\355`q\261\366\357\347\251\323\316U\234"
  58      6071B1F6 
  58      EFE7A9D3 
  58      CE559C
  59 0292 D72A3D15 		.ascii	"\327*=\025\027\317\324i\356\262rw\331\261\375\373\216"
  59      17CFD469 
  59      EEB27277 
  59      D9B1FDFB 
  59      8E
  60 02a3 1ED8B3B7 		.ascii	"\036\330\263\267\244\374p\251\273\344\370\251#'O\233"
  60      A4FC70A9 
  60      BBE4F8A9 
  60      23274F9B 
  61 02b3 C3C555CC 		.ascii	"\303\305U\314V][\343\251U\252<\027\316\326T\377\005"
  61      565D5BE3 
  61      A955AA3C 
  61      17CED654 
  61      FF05
  62 02c5 64DC4441 		.ascii	"d\334DA"
  63              		.text
  64              		.section	.gnu.lto_stm32_gpio_init.94d398160823da7f,"",%progbits
  65 0000 789C9595 		.ascii	"x\234\225\225\373k\024W\024\307\357\231;\263\257l6\011"
  65      FB6B1457 
  65      14C7EF99 
  65      3BB3AF6C 
  65      3609
ARM GAS  /tmp/ccK0sZqY.s 			page 5


  66 0012 855A21A0 		.ascii	"\205Z!\240 \371A\204\214V\177\222\376f+\370\203\024"
  66      20F94184 
  66      8C567F92 
  66      FE662BF8 
  66      8314
  67 0024 8C14FC49 		.ascii	"\214\024\374I|A\301\202P\377\200\275\211\261F\005\025"
  67      7C41C182 
  67      50FF80BD 
  67      89B14605 
  67      15
  68 0035 B5261B0C 		.ascii	"\265&\033\014\223\022\301\3506\211\321\370X\255f\335"
  68      9312C1E8 
  68      3689D1F8 
  68      58AD66DD 
  69 0045 344D7CC4 		.ascii	"4M|\304g\252m\3433j|\304\264&\015U\024\037\347\334;"
  69      67AA6DE3 
  69      336A7CC4 
  69      B4260D55 
  69      141FE7DC 
  70 005a DB0D9B9D 		.ascii	"\333\015\233\235qg\2309p\317=\367{>\347\276\306`\032"
  70      71679839 
  70      70CF3DF7 
  70      7B3EE7BE 
  70      C6601A
  71 006d 1B0931F6 		.ascii	"\033\0111\366\005cl\006~\314`\2401\374\200\243\345\240"
  71      05636C06 
  71      7ECC60A0 
  71      31FC80A3 
  71      E5A0
  72 007f A3D501B0 		.ascii	"\243\325\001\260\003XT\343:Da;\257\345\220\3324\224"
  72      035854E3 
  72      3A44613B 
  72      AFE590DA 
  72      3494
  73 0091 D066EE17 		.ascii	"\320f\356\027\370$k\307C\015\342\212\340\026\016\211"
  73      F8246BC7 
  73      430DE28A 
  73      E0160E89 
  74 00a1 71261FD8 		.ascii	"q&\037\330\0173\031\306\015\266\277\373\261\320\247"
  74      0F3319C6 
  74      0DB6BFFB 
  74      B1D0A7
  75 00b0 2B3F3483 		.ascii	"+?4\203\017\245J\320\177\265\372\320^\276\015\207\000"
  75      0FA54AD0 
  75      7FB5FAD0 
  75      5EBE0D87 
  75      00
  76 00c1 E8D81CED 		.ascii	"\350\330\034\355\253\177\020\241\246\006\323\261Y\373"
  76      AB7F10A1 
  76      A606D3B1 
  76      59FB
  77 00cf D3D15705 		.ascii	"\323\321W\005eMBT\211\344\177q_\2549Y=\335\342\234T"
  77      654D4254 
  77      89E47F71 
  77      5FAC3959 
  77      3DDDE29C 
  78 00e4 E02094C2 		.ascii	"\340 \224\302\001(UY\342P\226\025\336{V\353\025z\316"
ARM GAS  /tmp/ccK0sZqY.s 			page 6


  78      01285559 
  78      E2509615 
  78      DE7B56EB 
  78      157ACE
  79 00f7 E09F6570 		.ascii	"\340\237ep\254\375\336\250\221\025\254O\016n\361\022"
  79      ACFDDEA8 
  79      9115AC4F 
  79      0E6EF112 
  80 0107 DCEA05A3 		.ascii	"\334\352\005\243mR\360\353Y\316\025\036\362\"\335\356"
  80      6D52F0EB 
  80      59CE151E 
  80      F222DDEE 
  81 0117 05FAB097 		.ascii	"\005\372\260\227\340#^0:\274\004\037\365\202q\314K\360"
  81      E0235E30 
  81      3ABC041F 
  81      F58271CC 
  81      4BF0
  82 0129 712F1827 		.ascii	"q/\030'\274\004'\274`\234\364\022|\012\312\332\256A"
  82      BC0427BC 
  82      609CF412 
  82      7C0ACADA 
  82      AE41
  83 013b 52BC7BBF 		.ascii	"R\274{\277I$o\314\2720\336\375\311T`\010\241\221\321"
  83      49246FCC 
  83      BA30DEFD 
  83      C9546008 
  83      A191D1
  84 014e D1E80619 		.ascii	"\321\350\006\031?5\203dBd\012\310\027&\023\241f\021"
  84      3F358364 
  84      42640AC8 
  84      172613A1 
  84      6611
  85 0160 99626A96 		.ascii	"\231bj\226\220al\213<\226[Q\205\361\247P5\376\344\314"
  85      90616C8B 
  85      3C965B51 
  85      85F1A750 
  85      35FEE4CC 
  86 0174 1A3A8C0D 		.ascii	"\032:\214\015X1\207\352\206\356\241 \035>\016\342E\215"
  86      583187EA 
  86      86EEA120 
  86      1D3E0EE2 
  86      458D
  87 0186 D0E117A4 		.ascii	"\320\341\027\244\241\250\200\212\321lG\352dP9\350\304"
  87      A1A8808A 
  87      D16C47EA 
  87      645039E8 
  87      C4
  88 0197 EED998BA 		.ascii	"\356\331\230\272\354W\203\350\234\277\3549_\023\266"
  88      EC5783E8 
  88      9CBFEC39 
  88      5F13B6
  89 01a6 A0A1122F 		.ascii	"\240\241\022/\004\334\310\006\215:MEa\337\315\261\261"
  89      04DCC806 
  89      8D3A4D45 
  89      61DFCDB1 
  89      B1
  90 01b7 AEB0D922 		.ascii	"\256\260\331\"\252\301\342>8\003\026\324I\034\350\004"
ARM GAS  /tmp/ccK0sZqY.s 			page 7


  90      AAC1E23E 
  90      380316D4 
  90      491CE804 
  91 01c7 136537BC 		.ascii	"\023e7\274\372\001\224\256\241\244w\355kM\024\222\264"
  91      FA0194AE 
  91      A1A477ED 
  91      6B4D1492 
  91      B4
  92 01d8 0ED320A9 		.ascii	"\016\323 \251R\357\221\251s&\002\207Dg3\211R`\242\372"
  92      52EF91A9 
  92      73260287 
  92      44673389 
  92      5260A2FA 
  93 01ec C49AFCE9 		.ascii	"\304\232\374\351\232\224#\247\260\177\262p%u\371\240"
  93      9A9423A7 
  93      B07FB270 
  93      2575F9A0 
  94 01fc 2B23FD2B 		.ascii	"+#\375+\230\023g\003\3577\350\266\247\257\271\323P\311"
  94      98136703 
  94      EF37E8B6 
  94      A7AFB9D3 
  94      50C9
  95 020e 82D9331A 		.ascii	"\202\3313\032\312\236\321\202\234\000!\207\312~\223"
  95      CA9ED182 
  95      9C002187 
  95      CA7E93
  96 021d E9E5A5DC 		.ascii	"\351\345\245\334\2235\205a\324\312c\316\202\016\312"
  96      93358561 
  96      D4CA63CE 
  96      820ECA
  97 022c BD19E573 		.ascii	"\275\031\345s4ga\271k\270\275kl\372Hv9E\331\345\024"
  97      346761B9 
  97      6BB8BD6B 
  97      6CFA4876 
  97      3945D9E5 
  98 0241 E74C5AE4 		.ascii	"\347LZ\344\220\364\274L\252Q\322\013Y\345\224\240V\036"
  98      90F4BC4C 
  98      AA51D20B 
  98      59E594A0 
  98      561E
  99 0253 E5441C94 		.ascii	"\345D\034\224/f\224\373\250\234\022Y\016\236\007>\014"
  99      2F6694FB 
  99      A89C1259 
  99      0E9E073E 
  99      0C
 100 0264 1B1B5B3E 		.ascii	"\033\033[>%A\032\225H<\037\360G\337\212\200\305\375"
 100      25411A95 
 100      483C1FF0 
 100      47DF8A80 
 100      C5FD
 101 0276 312A1F2E 		.ascii	"1*\037.A\224:\306\007\006/\001\255k\000\204\240\243"
 101      41943AC6 
 101      07062F01 
 101      AD6B0084 
 101      A0A3
 102 0288 71194A27 		.ascii	"q\031J'.wPn\376\015\257;\377\215\340\360\317\320\321"
 102      2E77506E 
ARM GAS  /tmp/ccK0sZqY.s 			page 8


 102      FE0DAF3B 
 102      FF8DE0F0 
 102      CFD0D1
 103 029b 44DB027D 		.ascii	"D\333\002}\347\352\343k\211\261\330\302e\274\212\277"
 103      E7EAE36B 
 103      89B1D8C2 
 103      65BC8ABF 
 104 02ab CD2B36E1 		.ascii	"\315+6\341\266\312\235\2674$\334!D\343\240f\341r]\223"
 104      B6CA9DB7 
 104      3424DC21 
 104      44E3A066 
 104      E1725D93 
 105 02bf 94F6B8D6 		.ascii	"\224\366\270\326\315\275\035\200Zu\330\035\261x\030"
 105      CDBD1D80 
 105      5A75D81D 
 105      B17818
 106 02ce AE832931 		.ascii	"\256\203)1\241\037\242\026/dD\236p!\377]\221\327\247"
 106      A11FA216 
 106      2F64449E 
 106      7021FF5D 
 106      91D7A7
 107 02e1 DE74056D 		.ascii	"\336t\005m\362\032\"\277!\311?\212z\323\025\365\017"
 107      F21A22BF 
 107      21C93F8A 
 107      7AD315F5 
 107      0F
 108 02f2 89AA3BA0 		.ascii	"\211\252;\240\376\231F\375+\203\372\310\005u@\241\356"
 108      FE9946FD 
 108      2B83FAC8 
 108      057540A1 
 108      EE
 109 0303 4EC5FA0B 		.ascii	"N\305\372\013m\324\035\204z+?\324\333\256\250w$\252"
 109      6DD41D84 
 109      7A2B3FD4 
 109      DBAEA877 
 109      24AA
 110 0315 E1807A37 		.ascii	"\341\200z7\215z/\203:\352\202z_\241\326\304w7q\033\265"
 110      8D7A2F83 
 110      3AEA827A 
 110      5FA1D6C4 
 110      7737711B 
 111 032a 8E5007F3 		.ascii	"\216P\007\363C}\340\212\372P\242\372\034P\037\245Q\207"
 111      437DE08A 
 111      FA50A2FA 
 111      1C501FA5 
 111      5187
 112 033c 32A86F5D 		.ascii	"2\250o]P\037+\324\201\266\276\341\200\215\332H\250O"
 112      501F2BD4 
 112      81B6BEE1 
 112      808DDA48 
 112      A84F
 113 034e F2437DEA 		.ascii	"\362C}\352\212\372L\242\372\035P\207\323\250\3173\250"
 113      8AFA4CA2 
 113      FA1D5087 
 113      D3A8CF33 
 113      A8
 114 035f F7A738A3 		.ascii	"\367\2478\243\216(\324\356\216x\277a\243\236 \324\277"
ARM GAS  /tmp/ccK0sZqY.s 			page 9


 114      8E28D4EE 
 114      8E78BF61 
 114      A39E20D4 
 114      BF
 115 0370 F343FDC7 		.ascii	"\363C\375\307\025\365\205D\0158\240\216\246Q\307\024"
 115      15F58544 
 115      0D38A08E 
 115      A651C714 
 116 0380 EA085435 		.ascii	"\352\010T5\266\355\225\327\216\374\023o!@\2749\346\227"
 116      B6ED95D7 
 116      8EFC136F 
 116      2140BC39 
 116      E697
 117 0392 979BFFBF 		.ascii	"\227\233\377\277\353\326\233\337\256\370\316\\\271n"
 117      EBD69BDF 
 117      AEF8CE5C 
 117      B96E
 118 03a0 C5F7ABD7 		.ascii	"\305\367\253\327\233\025K\227W,]<\367\363\205\363f\317"
 118      9B154B97 
 118      572C5D3C 
 118      F7F385F3 
 118      66CF
 119 03b2 59B0FCCB 		.ascii	"Y\260\374\313E\025\013\276\376\346\253%\313Tw\371*\366"
 119      45150BBE 
 119      FEE6AB25 
 119      CB5477F9 
 119      2AF6
 120 03c4 01352C7D 		.ascii	"\0015,}\350"
 120      E8
 121              		.text
 122              		.section	.gnu.lto_gpio_default_config.94d398160823da7f,"",%progbits
 123 0000 789C7D91 		.ascii	"x\234}\221\313J\303@\024\206s:M\253\365\206;\027\202"
 123      CB4AC340 
 123      1486733A 
 123      4DABF586 
 123      3B1782
 124 0013 AE7D822E 		.ascii	"\256}\202.}\024\037\301G\230V\304{\025Q\014\2126\210"
 124      7D141FC1 
 124      479856C4 
 124      7B15510C 
 124      8A3688
 125 0026 A2A9D66A 		.ascii	"\242\251\326j[/\365\326\024\021\025/\2104\352BA\360"
 125      5B2FF5D6 
 125      1411152F 
 125      8834EA42 
 125      41F0
 126 0038 024ABD23 		.ascii	"\002J\275#X]\3243=\243\020\010f\221\237\363%\231\357"
 126      585DD433 
 126      3DA31008 
 126      66919FF3 
 126      2599EF
 127 004b 9F89AAB8 		.ascii	"\237\211\252\270\224F\246(\240\3205\304 \226K\345+B"
 127      9446A628 
 127      A0D035C4 
 127      20964BE5 
 127      2B42
 128 005d 2CCC10E2 		.ascii	",\314\020\3428\371\365\375\302h,\024\030\202\236\223"
ARM GAS  /tmp/ccK0sZqY.s 			page 10


 128      38F9F5FD 
 128      C2682C14 
 128      18829E93 
 129 006d 674B2570 		.ascii	"gK%p\034\261\"*\242\313]c\346\357\235B\241\012\321\343"
 129      1CB1222A 
 129      A2CB5D63 
 129      E6EF9D42 
 129      A10AD1E3 
 130 0081 60C75AA5 		.ascii	"`\307Z\245\177\211\267\353\2749\314@\303GSP\2531\240"
 130      7F89B7EB 
 130      BC39CC40 
 130      C3475350 
 130      AB31A0
 131 0094 70414404 		.ascii	"pAD\004\003C\204\033\246E\250\364\314#B\250\367\363"
 131      0343841B 
 131      A645A8F4 
 131      CC2342A8 
 131      F7F3
 132 00a6 675B5E5A 		.ascii	"g[^Zv[\232F\333\314d\031!\323\207sR\273\037P\355\232"
 132      765B9A46 
 132      DBCC6419 
 132      21D38773 
 132      52BB1F50 
 133 00bc A89366F6 		.ascii	"\250\223f\366\037\215\221=|\360\311\366u8\277&\036f"
 133      1F8D913D 
 133      7CF0C9F6 
 133      7538BF26 
 133      1E66
 134 00ce 4B68B6C6 		.ascii	"Kh\266\306-\027\222\333\243\267w\371\006\017\362iQd"
 134      2D1792DB 
 134      A3B777F9 
 134      060FF269 
 134      5164
 135 00e0 27DA33EF 		.ascii	"'\3323\357\265\213\027\234\304\363$\2169\211o>\027\016"
 135      B58B179C 
 135      C4F3248E 
 135      39896F3E 
 135      170E
 136 00f2 E4667877 		.ascii	"\344fxw\015\202l\246\377Nn\230\353\001\356A\364\021"
 136      0D826CA6 
 136      FF4E6E98 
 136      EB01EE41 
 136      F411
 137 0104 C84D00A1 		.ascii	"\310M\000\241\301\210\325\200\244\357\362\",\017;\020"
 137      C188D580 
 137      A4EFF222 
 137      2C0F3B10 
 138 0114 08562319 		.ascii	"\010V#\031\371\332\353u\333\273,9uY\264\035B\222\272"
 138      F9DAEB75 
 138      DBBB2C39 
 138      7559B41D 
 138      4292BA
 139 0127 24A84BEE 		.ascii	"$\250K\3564\366\344\221j\316\353\221\350\357\217]\262"
 139      34F6E491 
 139      6ACEEB91 
 139      E8EF8F5D 
 139      B2
ARM GAS  /tmp/ccK0sZqY.s 			page 11


 140 0138 8CD5D95A 		.ascii	"\214\325\331Z<\375\325\275\353)\371\353yF\007$\346\330"
 140      3CFDD5BD 
 140      EB29F9EB 
 140      79460724 
 140      E6D8
 141 014a 042FB5AB 		.ascii	"\004/\265\253W\235\324)\233z\205\324QR\177\306\207\323"
 141      579DD429 
 141      9B7A85D4 
 141      51527FC6 
 141      87D3
 142 015c E572D5AC 		.ascii	"\345r\325\254\330\341\210\366lV\376v9/\232_u\303\250"
 142      D8E188F6 
 142      6C56FE76 
 142      392F9A5F 
 142      75C3A8
 143 016f 2294D55B 		.ascii	"\"\224\325[\271\033Q\313\325v\010~?\013\026\377Sw\252"
 143      B91B51CB 
 143      D576087E 
 143      3F0B16FF 
 143      5377AA
 144 0182 E5C8676F 		.ascii	"\345\310go\223vj\263ik\263Am\326\251\215\236_\337e\264"
 144      93766AB3 
 144      696BB341 
 144      6DD6A98D 
 144      9E5FDF65 
 145 0197 465398B9 		.ascii	"FS\230\2714\346\005\023\374\032+\2015\021\245\260,\302"
 145      34E60513 
 145      FC1A2B81 
 145      3511A5B0 
 145      2CC2
 146 01a9 07711165 		.ascii	"\007q\021e0'\242\034f\300\257@\006o?\011\362\006\266"
 146      3027A21C 
 146      66C0AF40 
 146      066F3F09 
 146      F206B6
 147              		.text
 148              		.section	.gnu.lto___early_init.94d398160823da7f,"",%progbits
 149 0000 789C6365 		.ascii	"x\234ce`b8\316\300\300`\003\304\242@\314\300\314\300"
 149      606238CE 
 149      C0C06003 
 149      C4A240CC 
 149      C0CCC0
 150 0013 C8C400C4 		.ascii	"\310\304\000\304\214\214@\016#C=\023c=c?\363tf\306C"
 150      8C8C400E 
 150      23433D13 
 150      633D633F 
 150      F37466C6 
 151 0028 EDCF7632 		.ascii	"\355\317v2i.o\000\202\003\323\257\360\2655\264J\314"
 151      692E6F00 
 151      8203D3AF 
 151      F0B535B4 
 151      4ACC
 152 003a 67666098 		.ascii	"gf`\230\311\314\000\006\214\313\0315\031\200\312\036"
 152      C9CC0006 
 152      8CCB1935 
 152      1980CA1E 
 153 004a 6DFC3795 		.ascii	"m\3747\225\227\215\005\"\316\270\202\221\015d\316\372"
ARM GAS  /tmp/ccK0sZqY.s 			page 12


 153      978D0522 
 153      CEB88291 
 153      0D64CEFA 
 154 005a 4B8C071A 		.ascii	"K\214\007\032\376\375oo8pf1\343]?\026\006\206.\260\266"
 154      FEFD6F6F 
 154      38706631 
 154      E35D3F16 
 154      06862EB0 
 155 006f 6E66A05D 		.ascii	"nf\240]\314\257\031\233\027l\236\313\014R\0142a\347"
 155      CCAF199B 
 155      176C9ECB 
 155      0C520C32 
 155      61E7
 156 0081 CE37B7D9 		.ascii	"\3167\267\331\353\3776p\314gf\234\311\014\324\316\270"
 156      EBFF3670 
 156      CC67669C 
 156      C90CD4CE 
 156      B8
 157 0092 92B19E61 		.ascii	"\222\261\236a>P)H\341VY\354\352@\216^\005U\367\226\261"
 157      3E502948 
 157      E15659EC 
 157      EA408E5E 
 157      0555F796 
 158 00a7 69C1EEB9 		.ascii	"i\301\356\271\214`\205 \320\0052\005\250\300JOO\037"
 158      8C608520 
 158      D0053205 
 158      A8C04A4F 
 158      4F1F
 159 00b9 8EF28BF5 		.ascii	"\216\362\213\3653\022s\364\223\362\023\213R\212\365"
 159      331273F4 
 159      93F2138B 
 159      528AF5
 160 00c8 8343E283 		.ascii	"\203C\342\203C|\215\215\334L\014\014\235\343]<\203\235"
 160      437C8D8D 
 160      DC4C0C0C 
 160      9DE35D3C 
 160      839D
 161 00da FDC35C83 		.ascii	"\375\303\\\203\"!\322z\311\014\000QcMt"
 161      2221D27A 
 161      C90C0051 
 161      634D74
 162              		.text
 163              		.section	.gnu.lto_boardInit.94d398160823da7f,"",%progbits
 164 0000 789C6365 		.ascii	"x\234ce`b(f``\260\001bQ f`f`db\000bFF \207\221\241\236"
 164      60622866 
 164      6060B001 
 164      62512066 
 164      60666064 
 165 001e 89B19EB1 		.ascii	"\211\261\236\261\237y:3\343\241\366g;\2314\2277\000"
 165      9F793A33 
 165      E3A1F667 
 165      3B993497 
 165      3700
 166 0030 C181E91B 		.ascii	"\301\201\351\033\204\332\032Z%\346330\314df\000\003"
 166      84DA1A5A 
 166      25E63333 
 166      30CC6466 
ARM GAS  /tmp/ccK0sZqY.s 			page 13


 166      0003
 167 0042 C6E58C9A 		.ascii	"\306\345\214\232\014@e\2176\376\233\312\313\306\002"
 167      0C40658F 
 167      36FE9BCA 
 167      CBC602
 168 0051 11675CC1 		.ascii	"\021g\\\301\310\0062g\375%\306\003\015\377\376\2677"
 168      C8063267 
 168      FD25C603 
 168      0DFFFEB7 
 168      37
 169 0062 1CF8B288 		.ascii	"\034\370\262\210qk\020\320\202.\260\266nf \223\371-"
 169      716B10D0 
 169      822EB0B6 
 169      6E662093 
 169      F92D
 170 0074 63930248 		.ascii	"c\223\002H%\330\234.f\240\006\240\250\225\236\236>\034"
 170      25D89C2E 
 170      66A006A0 
 170      A8959E9E 
 170      3E1C
 171 0086 E517EB67 		.ascii	"\345\027\353g$\346\350'\345'\026\245\024\353\007\207"
 171      24E6E827 
 171      E52716A5 
 171      14EB0787 
 172 0096 C40787F8 		.ascii	"\304\007\207\370\032\033\271\231\030\030:\307\273x\006"
 172      1A1BB999 
 172      18183AC7 
 172      BB7806
 173 00a5 3BFB87B9 		.ascii	";\373\207\271\006EB\244\365\222\031\000\260\2471\251"
 173      064542A4 
 173      F5921900 
 173      B0A731A9 
 174              		.text
 175              		.section	.gnu.lto_.symbol_nodes.94d398160823da7f,"",%progbits
 176 0000 789C6365 		.ascii	"x\234ce`bX\307\000\004L\273\230\352\031\030&\234c`\000"
 176      606258C7 
 176      00044CBB 
 176      98EA1918 
 176      269C6360 
 177 0015 523B1A0F 		.ascii	"R;\032\0176\260\001\305v3\3253\242\211\261\356dbhQb"
 177      36B001C5 
 177      7633D533 
 177      A289B1EE 
 177      64626851 
 178 002a 606066DA 		.ascii	"``f\332\303T\317\004\223\334\325\350\010T\276\227\251"
 178      C354CF04 
 178      93DCD5E8 
 178      0854BE97 
 178      A9
 179 003b 9E194584 		.ascii	"\236\031E\204q\037S=\013X\204\201\241\241\301\001\250"
 179      711F533D 
 179      0B588481 
 179      A1A1C101 
 179      A8
 180 004c 8B9181E1 		.ascii	"\213\221\201\341p\327\233\371\034 \306c\030\243\271"
 180      70D79BF9 
 180      1C20C663 
ARM GAS  /tmp/ccK0sZqY.s 			page 14


 180      18A3B9
 181 005b 1BCA580C 		.ascii	"\033\312X\014c\034\2061\036\203\031@\326\342\007\377"
 181      631C8631 
 181      1E831940 
 181      D6E207FF 
 182 006b 1C999959 		.ascii	"\034\231\231Y\031\216\000i\006\000\025\2761`"
 182      198E0069 
 182      060015BE 
 182      3160
 183              		.text
 184              		.section	.gnu.lto_.refs.94d398160823da7f,"",%progbits
 185 0000 789C05C1 		.ascii	"x\234\005\301\201\021\000\020\014\004\260\227;\006\240"
 185      81110010 
 185      0C04B097 
 185      3B06A0
 186 000f 65FF4D25 		.ascii	"e\377M%3\322I\326`s(\232\313\313\007\010\347\000\267"
 186      33D249D6 
 186      6073289A 
 186      CBCB0708 
 186      E700B7
 187              		.text
 188              		.section	.gnu.lto_.decls.94d398160823da7f,"",%progbits
 189 0000 789CCD58 		.ascii	"x\234\315X{P\024I\232\257\254\354n\272\233\006\014t"
 189      7B501449 
 189      9AAFACEC 
 189      6EBA9B06 
 189      0C74
 190 0012 E7DC3D77 		.ascii	"\347\334=wo\302`f\270\333[Z\234Yw\357\342\376X\007\230"
 190      6FC26066 
 190      B8DB5B5A 
 190      9C5977EF 
 190      E2FE5807 
 191 0027 C1586725 		.ascii	"\301Xg%\032\306\213\215\270\331\016\006p\345\016m\017"
 191      1AC68B8D 
 191      B8D90E06 
 191      70E50E6D 
 191      0F
 192 0038 DA0B27EE 		.ascii	"\332\013'\356\217+\036\012\342\013\020F\021|\277`@\321"
 192      8F2B1E0A 
 192      E20B1046 
 192      117CBF60 
 192      40D1
 193 004a 11147CB6 		.ascii	"\021\024|\266\240\210 \212\240 \010\010(\3100*/\037"
 193      A088208A 
 193      A0200808 
 193      28C8302A 
 193      2F1F
 194 005c 8008F765 		.ascii	"\200\010\367efuWuQ\336\314^\334\037\327\301\217\252"
 194      66755775 
 194      51DECC5E 
 194      DC1FD7C1 
 194      8FAA
 195 006e AFF297DF 		.ascii	"\257\362\227\337#3\277/\263J\313\361\\\340\3179\316"
 195      2333BF2F 
 195      B34ACBF1 
 195      5CE0CF39 
 195      CE
ARM GAS  /tmp/ccK0sZqY.s 			page 15


 196 007f A8E1383D 		.ascii	"\250\3418=\317q\323\360\323q\034w\214\223~Z\200\007"
 196      CF71D3F0 
 196      D3711C77 
 196      8C937E5A 
 196      8007
 197 0091 020EC004 		.ascii	"\002\016\300\004\360\006\314\002\300\037\367w\210s\373"
 197      F006CC02 
 197      C01FF777 
 197      8873FB
 198 00a0 F9800E23 		.ascii	"\371\200\016#\\\227\003|\001s\000\032\340\334\204\353"
 198      5C97037C 
 198      0173001A 
 198      E0DC84EB 
 199 00b0 07807AC0 		.ascii	"\007\200z\300/A\306\200F\270\367\006\\\003\274\000\\"
 199      2F41C680 
 199      46B8F706 
 199      5C03BC00 
 199      5C
 200 00c1 058C01AA 		.ascii	"\005\214\001\252\000\257\001W\000o\0005\200\227\200"
 200      00AF0157 
 200      006F0035 
 200      809780
 201 00d0 CB805780 		.ascii	"\313\200W\200J\300\004\307\354{(\354\223\337Ox\246W"
 201      4AC004C7 
 201      EC7B28EC 
 201      93DF4F78 
 201      A657
 202 00e2 EE838098 		.ascii	"\356\203\200\230\375\377\022\355&\"\346W\022\340o\001"
 202      FDFF12ED 
 202      2622E657 
 202      12E06F01 
 203 00f2 C9A28F3A 		.ascii	"\311\242\217:\270\032\340\372\357p\265\003V\000\346"
 203      B81AE0FA 
 203      EF70B503 
 203      5600E6
 204 0101 03FE06E0 		.ascii	"\003\376\006\340\007x\017\360\013\300\273\0000C\307"
 204      07780FF0 
 204      0BC0BB00 
 204      3043C7
 205 0110 C4E32D63 		.ascii	"\304\343-c\3619\020\260\030w\035\307\354x\211\376_\023"
 205      F13910B0 
 205      18771DC7 
 205      EC7889FE 
 205      5F13
 206 0122 E3AD12E3 		.ascii	"\343\255\022\343\254\021\343{\233-\265\337OE\375$\316"
 206      AC11E37B 
 206      9B2DB5DF 
 206      4F45FD24 
 206      CE
 207 0133 14E2B7C8 		.ascii	"\024\342\267\310#\317L\342|\315R\351\373s\236\371\273"
 207      23CF4CE2 
 207      7CCD52E9 
 207      FB739EF9 
 207      BB
 208 0144 5C94C9BD 		.ascii	"\\\224\311\275\267\012o\007F]\335w\327\353:Q;iE\344"
 208      B70A6F07 
 208      465DDD77 
ARM GAS  /tmp/ccK0sZqY.s 			page 16


 208      D7EB3A51 
 208      3B6945E4 
 209 0158 C7D8B21F 		.ascii	"\307\330\262\037\021\247\235?\322\314\332yg\033#)\265"
 209      11A79D3F 
 209      D2CCDA79 
 209      671B2329 
 209      B5
 210 0169 8B44803B 		.ascii	"\213D\200;\321\331*\327()\241\016P'\344=D\221\376\361"
 210      D1D92AD7 
 210      2829A10E 
 210      5027E43D 
 210      4491FEF1 
 211 017d 4C40AE76 		.ascii	"L@\256v'W\246P\214\002\251\270\305~\330\031\375\223"
 211      2757A650 
 211      8C02A9B8 
 211      C57ED819 
 211      FD93
 212 018f CDA37B35 		.ascii	"\315\243{5\017P\007B\236\334\276\337!\372l\334\321u"
 212      0F500742 
 212      9EDCBEDF 
 212      21FA6CDC 
 212      D175
 213 01a1 95C76007 		.ascii	"\225\307`\007\356\037\214\027|\022P,\260\237~\2364l"
 213      EE1F8C17 
 213      7C12502C 
 213      B09F7E9E 
 213      346C
 214 01b3 B7534EE4 		.ascii	"\267SN\344\343\255\030\371\032\221\006\304\341\372]"
 214      E3AD18F9 
 214      1A9106C4 
 214      E1FA5D
 215 01c2 0FBD419C 		.ascii	"\017\275A\234cD\357\202\370,\245\267\313\223\265\316"
 215      6344EF82 
 215      F82CA5B7 
 215      CB93B5CE 
 216 01d2 05B171E8 		.ascii	"\005\261q\350\306nQ\234\005b\373\306\015{t\370'\324"
 216      C66E519C 
 216      0562FBC6 
 216      0D7B74F8 
 216      27D4
 217 01e4 40474D61 		.ascii	"@GMa\021\321\363\201\021\021\337}\340Q\311\223\212q"
 217      11D1F381 
 217      1111DF7D 
 217      E051C993 
 217      8A71
 218 01f6 2FF68830 		.ascii	"/\366\2100\032\267\215\034\362\300?#\367|nmK\245\006"
 218      1AB78D1C 
 218      F2C03F23 
 218      F77C6E6D 
 218      4BA506
 219 0209 F91B8F10 		.ascii	"\371\033\217\020w\034\203\317?\310L\025\004\036\225"
 219      771C83CF 
 219      3FC84C15 
 219      041E95
 220 0218 2223FA16 		.ascii	"\"#\372\026a\364\015\012 \203\361\001I\3174AH\0222\222"
 220      61F40D0A 
 220      2083F101 
ARM GAS  /tmp/ccK0sZqY.s 			page 17


 220      49CF3441 
 220      48123292 
 221 022c 05432887 		.ascii	"\005C(\207\212\321<T\204\346q\350\024\362'j\011\017"
 221      8AD13C54 
 221      84E671E8 
 221      14F2276A 
 221      090F
 222 023e 9D848727 		.ascii	"\235\204\207'\340!\230(<\224y@\2073\020\265Q}\361\376"
 222      E0219828 
 222      3C947940 
 222      873310B5 
 222      517DF1FE 
 223 0252 3D0D32FA 		.ascii	"=\0152\372\253*8\243\242\2009s\253h~\365z\342\314ip"
 223      AB2A38A3 
 223      A2803973 
 223      AB687EF5 
 223      7AE2CC69 
 224 0267 A64C7206 		.ascii	"\246Lr\006|c#\326s\266=\221\307\343\324\010\332u\356"
 224      7C6323D6 
 224      73B63D91 
 224      C7E3D408 
 224      DA75EE
 225 027a 79AD968D 		.ascii	"y\255\226\215\210\036\304\301\355W\353y\374\206\265"
 225      881EC4C1 
 225      ED57EB79 
 225      FC86B5
 226 0289 F5DD4BCE 		.ascii	"\365\335K\316\325\341d6\001\031oZ\005\035\336\304\204"
 226      D5E16436 
 226      01196F5A 
 226      051DDEC4 
 226      84
 227 029a 2D8363FB 		.ascii	"-\203c\37358\213\011\345\027\236.d\032\346\201t\266"
 227      35388B09 
 227      E5179E2E 
 227      641AE681 
 227      74B6
 228 02ac 63D8E1C9 		.ascii	"c\330\341\311&\240\013\201\334\232\374\252\331\013\357"
 228      26A00B81 
 228      DC9AFCAA 
 228      D90BEF
 229 02bb A454C386 		.ascii	"\244T\303\206\222\362R\023\362#\277\331~~\376\007Hd"
 229      92F25213 
 229      F223BFD9 
 229      7E7EFE07 
 229      4864
 230 02cd 8EC1BA7F 		.ascii	"\216\301\272\177\3129\272A\310\210\244\036;\300\343"
 230      CA39BA41 
 230      C888A41E 
 230      3BC0E3
 231 02dc 6A345B8A 		.ascii	"j4[\212\364\030\374\343P \231r\306\257\315\301\302\241"
 231      F418FCE3 
 231      50209972 
 231      C6AFCDC1 
 231      C2A1
 232 02ee B9947C41 		.ascii	"\271\224|AI6+\270=\022\367\254\222[A\025\027#\211= "
 232      49362BB8 
 232      3D12F7AC 
ARM GAS  /tmp/ccK0sZqY.s 			page 18


 232      925B4115 
 232      1723893D 
 233 0303 B1CB95EC 		.ascii	"\261\313\225\354\343J7\332$\3629u\325\224\234I&%C\020"
 233      E34A37DA 
 233      24F23975 
 233      D5949C49 
 233      26254310 
 234 0317 7EA7E1D0 		.ascii	"~\247\341\320%h\277H\233\010\033\346\005]\207i\254D"
 234      2568BF48 
 234      9B081BE6 
 234      055D8769 
 234      AC44
 235 0329 7EE81AE0 		.ascii	"~\350\032\340*\240\012p\005P\003\270\214\374\350\"g"
 235      2AA00A70 
 235      055003B8 
 235      8CFCE822 
 235      67
 236 033a E61A2573 		.ascii	"\346\032%s\347U\243\226\0072\"\221K\324\003al\266b\252"
 236      E755A396 
 236      07322291 
 236      4BD40361 
 236      6CB662AA 
 237 034e 812DE809 		.ascii	"\201-\350\011\213\023\027\213\230[U\225\271S\036\370"
 237      8B13178B 
 237      985B5595 
 237      B9531EF8 
 238 035e 1E9D3B7E 		.ascii	"\036\235;~cA\377\030F\263\375\325\002B7 \216\277$&\321"
 238      6341FF18 
 238      46B3FDD5 
 238      02423720 
 238      8EBF2426 
 239 0373 F02262B7 		.ascii	"\360\"b\267\016\372\325J\353\224\270A\255\277\030\313"
 239      0EFAD54A 
 239      EB94B841 
 239      ADBF18CB 
 240 0383 6F36CD16 		.ascii	"o6\315\026\315\245\275\315\034\367\203\266@U\335\340"
 240      CDA5BDCD 
 240      1CF783B6 
 240      4055DDE0 
 241 0393 B51DC894 		.ascii	"\265\035\310\224\356J$T/\033\021\016\335D&\221\370\362"
 241      EE4A2454 
 241      2F1B110E 
 241      DD442691 
 241      F8F2
 242 03a5 40E31E83 		.ascii	"@\343\036\203\206g\317\320\227\032NVR|YI91\235\335\345"
 242      8667CFD0 
 242      971A4E56 
 242      527C5949 
 242      39319DDD 
 243 03ba 857BD9DA 		.ascii	"\205{\331\332O+\336Z\205\215\220\241\311?*CI\366%\225"
 243      4F2BDE5A 
 243      858D90A1 
 243      C93F2A43 
 243      49F62595 
 244 03ce D678E101 		.ascii	"\326x\341\0011\217\262++5x\210\011\007s3S\265\370\005"
 244      318FB22B 
 244      2B357888 
ARM GAS  /tmp/ccK0sZqY.s 			page 19


 244      09077333 
 244      53B5F805 
 245 03e2 130AB332 		.ascii	"\023\012\2632N\030\361+&8\313\326\034V\266\256N\277"
 245      4E18F12B 
 245      2638CBD6 
 245      1C56B6AE 
 245      4EBF
 246 03f4 72F83087 		.ascii	"r\3700\207x\020w~\3232a\300\343\214zx\342\365\020)c"
 246      7810777E 
 246      D33261C0 
 246      E38C7A78 
 246      E2F51029 
 247 0409 EF933286 		.ascii	"\357\2232\206eE\354}V\304.\325]?b\302\323lJ3\366\027"
 247      6545EC7D 
 247      56C42ED5 
 247      5D3F62C2 
 247      D36C4A33 
 248 041f 6D32382B 		.ascii	"m28+\014\204\240\365\347P\013\270z\217\370\337\011\376"
 248      0C84A0F5 
 248      E7500BB8 
 248      7A8FF8DF 
 248      09FE
 249 0431 BF2FFA7F 		.ascii	"\277/\372\177\037\036\266\271*\314`\351/*\004a\026\024"
 249      1F1EB6B9 
 249      2ACC60E9 
 249      2F2A0461 
 249      1614
 250 0443 6B236C57 		.ascii	"k#lW\256\211{_\254/\0273\357\367\031q:\246&&\223\277"
 250      AE897B5F 
 250      AC2F1733 
 250      EFF71971 
 250      3AA62626 
 251 0459 1E940AE5 		.ascii	"\036\224\012\345\255\242\205Whm\352\206\256\017\244"
 251      ADA28557 
 251      686DEA86 
 251      AE0FA4
 252 0468 AE1DC855 		.ascii	"\256\035\310U)\225nt\251\270\001F\222\306\016\234\327"
 252      29956E74 
 252      A9B80146 
 252      92C60E9C 
 252      D7
 253 0479 E3EDD488 		.ascii	"\343\355\324\210f\364\345\3466#\"\025\305\2658yN6\277"
 253      66F4E5E6 
 253      36232215 
 253      C5B53879 
 253      4E36BF
 254 048c 0FC595D9 		.ascii	"\017\305\225\331\007\272zae<r\313\254\351\201\217\362"
 254      07BA7A61 
 254      653C72CB 
 254      ACE9818F 
 254      F2
 255 049d 46BA0421 		.ascii	"F\272\004!\335D\335j\005\267H\007\227\0074\273Zd\331"
 255      DD44DD6A 
 255      05B74807 
 255      970734BB 
 255      5A64D9
 256 04b0 D5F3D73B 		.ascii	"\325\363\327;\005G\022\246\354\036Uv\240\224\\\235y"
ARM GAS  /tmp/ccK0sZqY.s 			page 20


 256      054712A6 
 256      EC1E5576 
 256      A0945C9D 
 256      79
 257 04c1 46B2C81F 		.ascii	"F\262\310\037*\223Ks\247\363Y\026B~s\374\375\016P\342"
 257      2A934B73 
 257      A7F35916 
 257      427E73FC 
 257      FD0E50E2 
 258 04d5 CB3CEF44 		.ascii	"\313<\357D\252\226\250k\006\265\375h\216Za\313\242!"
 258      AA96A86B 
 258      06B5FD68 
 258      8E5A61CB 
 258      A221
 259 04e7 26D3FC93 		.ascii	"&\323\374\223B$d\022\342w\020\342\000\204\370\330-\321"
 259      42246412 
 259      E27710E2 
 259      0084F8D8 
 259      2DD1
 260 04f9 6EE6CD4D 		.ascii	"n\346\315M\024\004DXr/X8\315y\276\333\223\205\232\005"
 260      14044458 
 260      722F5838 
 260      CD79BEDB 
 260      93859A05 
 261 050d B45CDC7D 		.ascii	"\264\\\334}\273a\030\365\221\363u7\3709\340A\342[=\340"
 261      BB6118F5 
 261      91F37537 
 261      F839E041 
 261      E25B3DE0 
 262 0521 DCCC439F 		.ascii	"\334\314C\237\224\252\273e&|\213\316\024\352\255+I\322"
 262      94AABB65 
 262      267C8BCE 
 262      14EAAD2B 
 262      49D2
 263 0533 E32626EC 		.ascii	"\343&&\354\251?^\247\305-L8Wt\274\221\307\035L(\256"
 263      A93F5EA7 
 263      C52D4C38 
 263      5774BC91 
 263      C71D4C28 
 264 0548 18DA8470 		.ascii	"\030\332\204p/\023\206SK\354\370\011\273\317\033\355"
 264      2F138653 
 264      4BECF809 
 264      BBCF1BED 
 265 0558 F8CEC096 		.ascii	"\370\316\300\226\276?\210\333\032\366\336\327\263\304"
 265      BE3F88DB 
 265      1AF6DED7 
 265      B3C4
 266 0566 70905418 		.ascii	"p\220T\030\333\377(\213\307#\224k\232*\256\363c{\015"
 266      DBFF288B 
 266      C723946B 
 266      9A2AAEF3 
 266      637B0D
 267 0579 DD6FC838 		.ascii	"\335o\3108\247$\303\354\375,Wp\244@RA\264C\020\355\324"
 267      A724C3EC 
 267      FD2C5770 
 267      A4405241 
 267      B44310ED 
ARM GAS  /tmp/ccK0sZqY.s 			page 21


 268 058e 5B2B2961 		.ascii	"[+)a\327\316\223\330\267\225\354\006\371\236@\330\215"
 268      D7CE93D8 
 268      B795EC06 
 268      F99E40D8 
 268      8D
 269 059f 32F67375 		.ascii	"2\366su\266\\\371\200\314\225A%\275B\251|B\306~\252"
 269      B65CF980 
 269      CC954125 
 269      BD42A97C 
 269      42C67EAA 
 270 05b3 641F57B2 		.ascii	"d\037W\262\333d\354a\3250e\344\021\031\371\231\272#"
 270      DB64EC61 
 270      D53065E4 
 270      1119F999 
 270      BA23
 271 05c5 2EBF6191 		.ascii	".\277a\221N\345\031\031\377{\230\363;J\3761\245+\325"
 271      4EE51919 
 271      FF7B98F3 
 271      3B4AFE31 
 271      A52BD5
 272 05d8 CE0546D4 		.ascii	"\316\005F\324?Q\367\234\251\227\357-\243@\030\241mS"
 272      3F51F79C 
 272      A997EF2D 
 272      A34018A1 
 272      6D53
 273 05ea 62FA4EC3 		.ascii	"b\372N\303\332\236\200\305\365\0020\006x\015\030\007"
 273      DA9E80C5 
 273      F5023006 
 273      780D1807 
 274 05fa BC014C02 		.ascii	"\274\001L\002\004\336\017\275\204\353+\367\265\277\313"
 274      04DE0FBD 
 274      84EB2BF7 
 274      B5BFCB
 275 0609 97AEFD29 		.ascii	"\227\256\375)\367\014\024]\313\227\271\326\244\036\011"
 275      F70C145D 
 275      CB97B9D6 
 275      A41E09
 276 0618 730D5697 		.ascii	"s\015V\227\243~\254T\213_\261\3026QSZ\243E\376\263\305"
 276      A37EAC54 
 276      8B5FB1C2 
 276      3651535A 
 276      A345FEB3 
 277 062d 2CCFD791 		.ascii	",\317\327\221,O\346g#8[9\313\332\024\335\312\324\202"
 277      2C4FE667 
 277      23385B39 
 277      CBDA14DD 
 277      CAD482
 278 0640 4249BCFF 		.ascii	"BI\274\377\377:.p\345\371\355\007\205\236\362\015\215"
 278      FF3A2E70 
 278      E5F9ED07 
 278      859EF20D 
 278      8D
 279 0651 58967231 		.ascii	"X\226r1\2057\211>\000\267(\277\251PK\3674\362\370\026"
 279      8537893E 
 279      00B728BF 
 279      A9504BF7 
 279      34F2F816 
ARM GAS  /tmp/ccK0sZqY.s 			page 22


 280 0665 A29B5AF7 		.ascii	"\242\233Z\367\356\256s\232\271_\323\343t\2620\213G\313"
 280      EEAE739A 
 280      B95FD3E3 
 280      74B2308B 
 280      47CB
 281 0677 DF71D530 		.ascii	"\337q\3250\016m\340\347\302\377\365\274\206i\350\234"
 281      0E6DE0E7 
 281      C2FFF5BC 
 281      8669E89C 
 282 0687 CE2AD5CF 		.ascii	"\316*\325\317\337'8\034\364\264Vx\366\221 \0305\204"
 282      DF27381C 
 282      F4B45678 
 282      F6912018 
 282      3584
 283 0699 850AA522 		.ascii	"\205\012\245\"\016\267\360\277\000\352::\012\273\007"
 283      0EB7F0BF 
 283      00EA3A3A 
 283      0ABB07
 284 06a8 8752F9F9 		.ascii	"\207R\371\371\344H9\331R\216q\212\206\346\357X\342\335"
 284      E44839D9 
 284      528E718A 
 284      86E6EF58 
 284      E2DD
 285 06ba CBC6B79A 		.ascii	"\313\306\267\232\335H\315~)Z=\\\336P\253\023\2556\376"
 285      DD48CD7E 
 285      295A3D5C 
 285      DE50AB13 
 285      AD36FE
 286 06cd 12161C6C 		.ascii	"\022\026\034l\016\260u\000\011\245Ic\014\267\356V\323"
 286      0EB07500 
 286      09A54963 
 286      0CB7EE56 
 286      D3
 287 06de A9D5E1A7 		.ascii	"\251\325\341\247\333n\372\340lf\365M}G\211\0264\355"
 287      DB6EFAE0 
 287      6C66F54D 
 287      7D478916 
 287      34ED
 288 06f0 034DCD67 		.ascii	"\003M\315gMn\2526I\2526)Um\246\252n\364u\374'\336\317"
 288      4D6EAA36 
 288      49AA3629 
 288      556DA6AA 
 288      6EF475FC 
 289 0707 348D9C4A 		.ascii	"4\215\234J\254\367\0215U.qS\264ER\264E\251h+U$\364\237"
 289      ACF71135 
 289      552E7153 
 289      B44552B4 
 289      45A9682B 
 290 071f 6BF7C145 		.ascii	"k\367\301ELS\311\301\346l/\320\004\033\217\343\3616"
 290      4C53C9C1 
 290      E66C2FD0 
 290      041B8FE3 
 290      F136
 291 0731 5C34DD55 		.ascii	"\\4\335U\223\2301\207\216\001\332&\251\332\306\263W"
 291      93983187 
 291      8E01DA26 
 291      A9DAC6B3 
ARM GAS  /tmp/ccK0sZqY.s 			page 23


 291      57
 292 0742 24944155 		.ascii	"$\224AU\\\335\235x\301\023\0171\025\243\005\337\356"
 292      5CDD9D78 
 292      C1130F31 
 292      15A305DF 
 292      EE
 293 0753 D1B36258 		.ascii	"\321\263bX@\216\332\273S\035\245\3421\301a$U\264\376"
 293      408EDABB 
 293      531DA5E2 
 293      31C16124 
 293      55B4FE
 294 0766 5ABBF86A 		.ascii	"Z\273\370j\224F\332\247\277k=(\026\317!\322?\275l\373"
 294      9446DAA7 
 294      BF6B3D28 
 294      16CF21D2 
 294      3FBD6CFB 
 295 077a 411F9CA2 		.ascii	"A\037\234\242\245\312\232\372\366\247\230Xc\003\221"
 295      A5CA9AFA 
 295      F6A79858 
 295      630391
 296 0789 B76E3B75 		.ascii	"\267n;u\322\2107\261\306\202\276\374\255b\343oA,\253"
 296      D28837B1 
 296      C682BEFC 
 296      AD62E36F 
 296      412CAB
 297 079c 2FEFD4E2 		.ascii	"/\357\324\342,\326\326>\322\234\352\211s\231P2\231}"
 297      2CD6D63E 
 297      D29CEA89 
 297      73995032 
 297      997D
 298 07ae 5487F731 		.ascii	"T\207\3671a\323\372m\033=\360Q*\350\257d?.\360D\364"
 298      61D3FA6D 
 298      1B3DF051 
 298      2AE8AF64 
 298      3F2EF044 
 299 07c3 E0EFEF27 		.ascii	"\340\357\357'ny\203u\177\277s$E"
 299      6E798375 
 299      7FBF7324 
 299      45
 300 07d0 10B24CF4 		.ascii	"\020\262L\364\020\3705\204\275\037\326\261\353\230\227"
 300      10F83584 
 300      BD1FD6B1 
 300      EB9897
 301 07df C3CBCFDC 		.ascii	"\303\313\317\334\320\241\361\257\310\261\226p\363\224"
 301      D0A1F1AF 
 301      C8B19670 
 301      F394
 302 07ed DC636E55 		.ascii	"\334cnU\212\220{~\232H\213\024\241\357V\322\263y\365"
 302      8A907B7E 
 302      9A488B14 
 302      A1EF56D2 
 302      B379F5
 303 0800 AAB39D9F 		.ascii	"\252\263\235\237\207\262h\033\241\223\354<\010\231z"
 303      87B2681B 
 303      A193EC3C 
 303      08997A
 304 080f 0032702F 		.ascii	"\0002p/\340\020\3400`\017`\037\357:D\200\261\211w\234"
ARM GAS  /tmp/ccK0sZqY.s 			page 24


 304      E010E030 
 304      600F601F 
 304      EF3A4480 
 304      B189779C 
 305 0823 9EE52B4D 		.ascii	"\236\345+M)O\004\317\276\246\307m\340(\366b\322\266"
 305      294F04CF 
 305      BEA6C76D 
 305      E028F662 
 305      D2B6
 306 0835 C343727A 		.ascii	"\303Crz\227RS\256r<*\347J\354\235J\366\016\336\255z"
 306      975253AE 
 306      723C2AE7 
 306      4AEC9D4A 
 306      F60EDEAD 
 307 084a 5537B5BC 		.ascii	"U7\265\274\321\340\343t6\370\203\207\023\307x\305a\336"
 307      D1E0E374 
 307      36F88387 
 307      13C778C5 
 307      61DE
 308 085c 193A2A80 		.ascii	"\031:*\200\210\177l\364,\244\251]\264\374\035\205NG"
 308      887F6CF4 
 308      2CA4A95D 
 308      B4FC1D85 
 308      4E47
 309 086e A4B54B22 		.ascii	"\244\265K\"\244\246\237\266\336\352\361r;\311\253\331"
 309      A4A69FB6 
 309      DEEAF172 
 309      3BC9ABD9 
 310 087e E2FE4743 		.ascii	"\342\376GC\240&3=\340\275\203B\003\244^_\336\334\355"
 310      A026333D 
 310      E0BD8342 
 310      03A45E5F 
 310      DEDCED
 311 0891 82108A0A 		.ascii	"\202\020\212\012\241g&3(\2339\362$\002\016\200\337\360"
 311      A1672633 
 311      289B39F2 
 311      24020E80 
 311      DFF0
 312 08a3 EF41AFFE 		.ascii	"\357A\257\376\341\276\\O\243\370\022\235\366\203GtT"
 312      E1BE5C4F 
 312      A3F8129D 
 312      F6834774 
 312      54
 313 08b4 C493DC99 		.ascii	"\304\223\334\231,\350{\007\237g\3538\375tS\247\206h"
 313      2CE87B07 
 313      9F67EB38 
 313      FD7453A7 
 313      8668
 314 08c6 10C4620B 		.ascii	"\020\304b\013i \325\332c<\234]a\222\311<\003\371\321"
 314      6920D5DA 
 314      633C9C5D 
 314      6192C93C 
 314      03F9D1
 315 08d9 AD13A77C 		.ascii	"\255\023\247||3D\362\273\032z\252\222\330\307y_g\037"
 315      7C3344F2 
 315      BB1A7AAA 
 315      92D8C779 
ARM GAS  /tmp/ccK0sZqY.s 			page 25


 315      5F671F
 316 08ec C23EDD77 		.ascii	"\302>\335w\275\332\310\022K )z\250\274k\022\341jf\327"
 316      BDDAC812 
 316      4B20297A 
 316      A8BC6B12 
 316      E16A66D7 
 317 0900 51BD19F6 		.ascii	"Q\275\031\366\371\333LH\353Nm\022\231cD>\363\254\350"
 317      F9DB4C48 
 317      EB4E6D12 
 317      9963443E 
 317      F3ACE8
 318 0913 8C9798EC 		.ascii	"\214\227\230\354D\236\256|u\317\013\267\374\030\217"
 318      449EAE7C 
 318      75CF0BB7 
 318      FC188F
 319 0922 CB9C1E2F 		.ascii	"\313\234\036/\240\036\347\\\310)\363\026=\026\234\036"
 319      A01EE75C 
 319      C829F316 
 319      3D169C1E 
 320 0932 9F82D164 		.ascii	"\237\202\321d\033\377i\352q\231\323\343\035\025=C\336"
 320      1BFF69EA 
 320      7199D3E3 
 320      1D153D43 
 320      DE
 321 0943 B89BD9C9 		.ascii	"\270\233\331\311\254z1\352\211{\305Bp \373\260\206y"
 321      AC7A31EA 
 321      897BC542 
 321      7020FBB0 
 321      8679
 322 0955 D84FE4DD 		.ascii	"\330O\344\335\223\223)\032<\300\032\223\316\265f\212"
 322      9393291A 
 322      3CC01A93 
 322      CEB5668A 
 323 0965 EF2C5DF4 		.ascii	"\357,]\364\225&i\373!\035~\316\032_?;:\244\303SL8\323"
 323      952669FB 
 323      211D7ECE 
 323      1A5F3F3B 
 323      3AA4C353 
 324 097c 9D7349AC 		.ascii	"\235sI\254R\367\350K\350h\376\260\011\247\351h\343\372"
 324      52F7E84B 
 324      E868FEB0 
 324      09A7E968 
 324      E3FA
 325 098e 4377367B 		.ascii	"Cw6{\340,&\214\336\337Rm\302\371L\270R\363\260I\217"
 325      E02C268C 
 325      DEDF526D 
 325      C2F94CB8 
 325      52F3B049 
 326 09a3 8F3061D3 		.ascii	"\2170a\323\325\262j\261\362\325\0209\261\377D*\306'"
 326      D5B26AB1 
 326      F2D51039 
 326      B1FF442A 
 326      C627
 327 09b5 58A373E4 		.ascii	"X\243s\344|\305\221\033n\250J7\340\263\254\261~cV\016"
 327      7CC5911B 
 327      6EA84A37 
 327      E0B3ACB1 
ARM GAS  /tmp/ccK0sZqY.s 			page 26


 327      7E63560E 
 328 09c9 8F2B9930 		.ascii	"\217+\2310\2357\264\333\204k\231p\376\340\372B=\276"
 328      9D37B4DB 
 328      846B9970 
 328      FEE0FA42 
 328      3DBE
 329 09db C3847367 		.ascii	"\303\204sg\316W\213\237M\026\2203\356\315-\355&\334"
 329      CE578B9F 
 329      4D169033 
 329      EECD2DED 
 329      26DC
 330 09ed CEDA8EF7 		.ascii	"\316\332\216\367\247:<\360#\261W\375x\2617~\"\012\367"
 330      A73A3CF0 
 330      23B157FD 
 330      78B1377E 
 330      220AF7
 331 0a00 CBCCF825 		.ascii	"\313\314\370%\273\337\337_\261\335\007O3\241\273\343"
 331      BBDFDF5F 
 331      B1DD074F 
 331      33A1BBE3 
 332 0a10 71BA374E 		.ascii	"q\2727N\363\240\302\206K9\027\0148\213\011W\272:\021"
 332      F3A0C286 
 332      4B39170C 
 332      388B0957 
 332      BA3A11
 333 0a23 CE63F7DF 		.ascii	"\316c\367\337\247;Zy|\210\011\205\025[\272\265\370\030"
 333      A73B5A79 
 333      7C880985 
 333      155BBAB5 
 333      F818
 334 0a35 131E9E49 		.ascii	"\023\036\236Iy\251\301'\231P4\271\247\301\200O3\241"
 334      79A9C127 
 334      995034B9 
 334      A7C1804F 
 334      33A1
 335 0a47 E16C57AF 		.ascii	"\341lW\2577\276\310\204\321+\005\243\342$d\220\325V"
 335      37BEC884 
 335      D12B05A3 
 335      E2246490 
 335      D556
 336 0a59 9B96B780 		.ascii	"\233\226\267\200-!\301\000\342\221\246]\303:|\231r\347"
 336      2D21C100 
 336      E291A65D 
 336      C33A7C99 
 336      72E7
 337 0a6b EF2DAF78 		.ascii	"\357-\257xmD\364;\215\373\317\337]d\347\250[\3438\355"
 337      6D44F43B 
 337      8DFBCFDF 
 337      5D64E7A8 
 337      5BE338ED 
 338 0a7f 58ED6661 		.ascii	"X\355fa_%\242G\251\223\220\202\035\262#\011*\341\025"
 338      5F25A247 
 338      A9939082 
 338      1DB22309 
 338      2AE115
 339 0a92 87C29E3F 		.ascii	"\207\302\236?IG\316j%\373\352[\252s+\254\312{\264\255"
 339      4947CE6A 
ARM GAS  /tmp/ccK0sZqY.s 			page 27


 339      25FBEA5B 
 339      AA732BAC 
 339      CA7BB4AD 
 340 0aa6 43AC4FCF 		.ascii	"C\254O\317\240~\214A\231\350\005<\002<\005\014\223\363"
 340      A07E8C41 
 340      99E8053C 
 340      023C050C 
 340      93F3
 341 0ab8 12E00160 		.ascii	"\022\340\001`\0020\011\350\004\014\000\236\003\276\003"
 341      023009E8 
 341      040C009E 
 341      03BE03
 342 0ac7 8C000601 		.ascii	"\214\000\006\001O\000\355\200Q@\037`\010\320\017x\005"
 342      4F00ED80 
 342      51401F60 
 342      08D00F78 
 342      05
 343 0ad8 7801E802 		.ascii	"x\001\350\002\274\006<\006|\017x\010\270\017\350\006"
 343      BC063C06 
 343      7C0F7808 
 343      B80FE806 
 344 0ae8 F400C65D 		.ascii	"\364\000\306]\273\000=\320\177!\005uS\031\324\314\363"
 344      BB003DD0 
 344      7F210575 
 344      5319D4CC 
 344      F3
 345 0af9 7FA38C7E 		.ascii	"\177\243\214~[I\237q\214n\263J\354\363J\3669^\251\274"
 345      5B499F71 
 345      8C6EB34A 
 345      ECF34AF6 
 345      395EA9BC 
 346 0b0d 76A5443F 		.ascii	"v\245D?\241>\035\362\335\262Q\244C\201B\305Jz\266r\343"
 346      A13E1DF2 
 346      DDB251A4 
 346      438142C5 
 346      4A7AB672 
 347 0b22 99B0B28D 		.ascii	"\231\260\262\215\007\212\003*\025\331\316\222\201\276"
 347      078A032A 
 347      15D9CE92 
 347      81BE
 348 0b30 55CEF5C8 		.ascii	"U\316\365\310\277H\256\334U\352\236\361\2363 c7+\331"
 348      BF48AEDC 
 348      55EA9EF1 
 348      9E332063 
 348      372BD9
 349 0b43 335ED046 		.ascii	"3^\320Fd\353\250R\311\336\241\364d@6\206\345Jv\216\222"
 349      64EBA852 
 349      C9DEA1F4 
 349      64403686 
 349      E54A768E 
 350 0b58 5D29633B 		.ascii	"])c;\224\354\2133\3302O\352\224\354\332\031\003>\362"
 350      94EC8B33 
 350      D8324FEA 
 350      94ECDA19 
 350      033EF2
 351 0b6b 853484F5 		.ascii	"\2054\204\365\312!\034Q\016\312\210\314\2253\352\216"
 351      CA211C51 
ARM GAS  /tmp/ccK0sZqY.s 			page 28


 351      0ECA88CC 
 351      9533EA8E 
 352 0b7b CB47A54D 		.ascii	"\313G\245M\346\3135\365\354\222\277Y\312F\374\216\372"
 352      E6CB35F5 
 352      EC92BF59 
 352      CA46FC8E 
 352      FA
 353 0b8c FCC8BF17 		.ascii	"\374\310\277\0276\267\2637\252\216\031'\030\3625\241"
 353      36B7B337 
 353      AA8E1927 
 353      18F235A1 
 354 0b9c D337CBF5 		.ascii	"\3237\313\3655\241F\251,w\206\247\0232O/\253\317\237"
 354      35A146A9 
 354      2C7786A7 
 354      13324F2F 
 354      ABCF9F
 355 0baf 9C5E294B 		.ascii	"\234^)K\231&%}\306Kp\255L\371uu_d\213z\340O\322\214"
 355      9926257D 
 355      C64B70AD 
 355      4CF97575 
 355      5F648B7A 
 356 0bc7 5C51CE48 		.ascii	"\\Q\316H\325\214A\223yrC}\272\345_\006d\363wA=y\345"
 356      D58C4193 
 356      7972437D 
 356      BAE55F06 
 356      64F37741 
 357 0bde 7ECB7437 		.ascii	"~\313t7\252G)\377\334[+*'C~I}\235\312\307\260G6\335"
 357      AA4729FF 
 357      DC5B2B2A 
 357      27437E49 
 357      7D9DCAC7 
 358 0bf6 2DAA0926 		.ascii	"-\252\011&\257:\2622\322\246^\027\344\256\264}!\271"
 358      AF3AB232 
 358      D2A65E17 
 358      E4AEB47D 
 358      21B9
 359 0c08 D2A05ED2 		.ascii	"\322\240^\322\334\316\350\262:rV9\344\0253\366\014\331"
 359      DCCEE8B2 
 359      3A725639 
 359      E41533F6 
 359      0CD9
 360 0c1a B0DC522F 		.ascii	"\260\334R/\257\316/U/\212\213;<\3614\335\313\370\244"
 360      AFCE2F55 
 360      2F8A8B3B 
 360      3CF134DD 
 360      CBF8A4
 361 0c2d CAEBBD26 		.ascii	"\312\353\275&\327\273z_?=\254NC\3477\322a\265\203W\276"
 361      D7BB7A5F 
 361      3F3DAC4E 
 361      43E737D2 
 361      61B58357 
 362 0c42 AB3B371B 		.ascii	"\253;7\0334\005{\314\377\267\375\006B<\371\350E\262"
 362      34057BCC 
 362      FFB7FD06 
 362      423CF9E8 
 362      45B2
 363 0c54 46FE0D60 		.ascii	"F\376\015`\332\355\033\200\200\351Gmr%\007\247\347C"
ARM GAS  /tmp/ccK0sZqY.s 			page 29


 363      DAED1B80 
 363      80E9476D 
 363      722507A7 
 363      E743
 364 0c66 9BDDC8E4 		.ascii	"\233\335\310\344\345]\"'\212\344DJ~\274\267\265M''\027"
 364      E55D2227 
 364      8AE4444A 
 364      7EBCB7B5 
 364      4D272717 
 365 0c7a BA694E12 		.ascii	"\272iN\022\311I\224\374\355\315\202\034\203\352gz\356"
 365      C94994FC 
 365      EDCD821C 
 365      83EA677A 
 365      EE
 366 0c8b C77FA347 		.ascii	"\307\177\243G\311x6\350z0\326\322i\222\033\336\350\346"
 366      C97836E8 
 366      7A30D6D2 
 366      69921BDE 
 366      E8E6
 367 0c9d 658A6898 		.ascii	"e\212h\230\\\015\177^\023k\263\306\256\216\265\353?"
 367      5C0D7F5E 
 367      136BB3C6 
 367      AE8EB5EB 
 367      3F
 368 0cae FDC3E7EF 		.ascii	"\375\303\347\357\006\005\006r\232\310\025\361qF\253"
 368      06050672 
 368      9AC815F1 
 368      7146AB
 369 0cbd 756DEC6A 		.ascii	"um\354j\373\207\013\255\366\1775\333\326\330\315\213"
 369      FB870BAD 
 369      F67F35DB 
 369      D6D8CD8B 
 370 0ccd EDB6B8B8 		.ascii	"\355\266\270\270\330(kD\374\332\230\360\210\317\203"
 370      D8286B44 
 370      FCDA98F0 
 370      88CF83
 371 0cdc 972CB3AE 		.ascii	"\227,\263\256\260\305[\303#>\003\316\272\337.\262.\372"
 371      B0C55BC3 
 371      233E03CE 
 371      BADF2EB2 
 371      2EFA
 372 0cee C8FA0F01 		.ascii	"\310\372\017\001\201\001\013\314\213-\237E\330lq\011"
 372      81010BCC 
 372      8B2D9F45 
 372      D86C7109 
 373 0cfe E6C8F855 		.ascii	"\346\310\370U\277\212d\335~\025\023\371e\2549vuT\334"
 373      BF8A64DD 
 373      7E1513F9 
 373      65AC3976 
 373      7554DC
 374 0d11 DAE818F3 		.ascii	"\332\350\030\363\252\310\250\225\261\253c\314\326\350"
 374      AAC8A895 
 374      B1AB63CC 
 374      D6E8
 375 0d1f 9815916B 		.ascii	"\230\025\221k\343\354V\373Wkb\022\002Vrz\247M\353\377"
 375      E3EC56FB 
 375      576B6212 
ARM GAS  /tmp/ccK0sZqY.s 			page 30


 375      0256727A 
 375      A74DEBFF 
 376 0d33 B9CD84AF 		.ascii	"\271\315\204\257\022\314\326\004{4\030\000C\330\026"
 376      12CCD604 
 376      7B341800 
 376      43D816
 377 0d42 1DAF5DB3 		.ascii	"\035\257]\263vMt\274\207-aMLLt\274\316F\234\210\327"
 377      764D74BC 
 377      872D614D 
 377      4C4C74BC 
 377      CE469C88 
 378 0d57 AEB245C7 		.ascii	"\256\262E\307\304\223!X\371\217\001\001f\327\237-\301"
 378      C4932158 
 378      F98F0101 
 378      66D79F2D 
 378      C1
 379 0d68 BC3232CE 		.ascii	"\27422\316\374\245-2>:\301\034\036\301\234\370\344\243"
 379      FCA52D32 
 379      3E3AC11C 
 379      1EC19CF8 
 379      E4A3
 380 0d7a 058141D6 		.ascii	"\005\201A\326\340%\341A\313\226\207X\376\310\232\003"
 380      E025E141 
 380      CB968758 
 380      FEC89A03 
 381 0d8a A238131D 		.ascii	"\2428\023\035\325\204\030\373\3325V\273f\361'\226\245"
 381      D58418FB 
 381      DA3556BB 
 381      66F12796 
 381      A5
 382 0d9b DAA5CB82 		.ascii	"\332\245\313\202~o\321|\034n\261\240\177F\241\332\250"
 382      7E6FD17C 
 382      1C6EB1A0 
 382      7F46A1DA 
 382      A8
 383 0dac B898C878 		.ascii	"\270\230\310xq\220\003\027Y\355z\347\015\206^\277Q\261"
 383      71900317 
 383      59ED7AE7 
 383      0D865EBF 
 383      51B1
 384 0dbe BCC6166F 		.ascii	"\274\306\026o'\206\301\252y\351\322`\363\247aK\226\375"
 384      2786C1AA 
 384      79E9D260 
 384      F3A7614B 
 384      96FD
 385 0dd0 C7427382 		.ascii	"\307Bs\202}\025\214\0051G\242Z\026l\301K\202-\332\260"
 385      7D158C05 
 385      3147A25A 
 385      166CC14B 
 385      822DDAB0 
 386 0de4 CFC3822D 		.ascii	"\317\303\202-\036\313\302\303BB\202-\272e\021\177\014"
 386      1ECBC2C3 
 386      4242822D 
 386      BA65117F 
 386      0C
 387 0df5 0BB1683F 		.ascii	"\013\261h?[\026\034b!\316\204\232\244^V\273\217L \353"
 387      5B161C62 
ARM GAS  /tmp/ccK0sZqY.s 			page 31


 387      21CE849A 
 387      A45E56BB 
 387      8F4C20EB 
 388 0e09 C064B582 		.ascii	"\300d\265\202kq_Q\301@#Z\002w\263\030-*\316\026\365"
 388      6B715F51 
 388      C140235A 
 388      0277B318 
 388      2D2ACE16 
 389 0e1e 6FB4E9C3 		.ascii	"o\264\351\303\037pR\034\240u\353H\2135..\032\034\234"
 389      1F70521C 
 389      A075EB48 
 389      8B352E2E 
 389      1A1C9C
 390 0e31 4DAD3867 		.ascii	"M\2558g=\312\266zE\354\237ua!\301\221\366H]X0\273\004"
 390      3DCAB67A 
 390      45EC9F75 
 390      6121C191 
 390      F6485D58 
 391 0e48 B1CBC7EC 		.ascii	"\261\313\307\354\262\230]B\311\305\213\366f\275\254"
 391      B2985D42 
 391      C9C58BF6 
 391      66BDAC
 392 0e57 76832524 		.ascii	"v\203%$<\304\262<$\3707\306\260\245K\227,\014\017\372"
 392      3CC4B23C 
 392      24F837C6 
 392      B0A54B97 
 392      2C0C0FFA 
 393 0e6b E4538B36 		.ascii	"\344S\2136<<\350S\213\253i\021\016\012\207A\017\016"
 393      3C3CE853 
 393      8BAB6911 
 393      0E0A8741 
 393      0F0E
 394 0e7d 921EFDDA 		.ascii	"\222\036\375\332\2608\354\343\205K\303B\376`!w\201\354"
 394      B038ECE3 
 394      854BC342 
 394      FE602177 
 394      81EC
 395 0e8f CED9FA91 		.ascii	"\316\331\372\221aq\350\307\037\212\255\241.^\250\222"
 395      6171E8C7 
 395      1F8AADA1 
 395      2E5EA892 
 396 0e9f F7A107D1 		.ascii	"\367\241\007\321\002O\3105P\336\262\320\203h\240-\241"
 396      024FC835 
 396      50DEB2D0 
 396      8368A02D 
 396      A1
 397 0eb0 2223D49D 		.ascii	"\"#\324\235\021\250'}-\341\021\026r\023Hn\\m\013\364"
 397      11A8277D 
 397      2DE11116 
 397      7213486E 
 397      5C6D0BF4 
 398 0ec4 A4376B0B 		.ascii	"\2447k\013u\222B\031\011\007-\261hH\220\036\020/\271"
 398      75924219 
 398      09072DB1 
 398      6848901E 
 398      102FB9
 399 0ed7 F241168F 		.ascii	"\362A\026\217\340\240\337\223\333_+&#\312\266j\225m"
ARM GAS  /tmp/ccK0sZqY.s 			page 32


 399      E0A0DF93 
 399      DB5F2B26 
 399      23CAB66A 
 399      956D
 400 0ee9 B539669D 		.ascii	"\2659f\235\035\346A6\025t\022W\300\252]\027\005\323"
 400      1DE64136 
 400      15741257 
 400      C0AA5D17 
 400      05D3
 401 0efb E169090A 		.ascii	"\341i\011\012\262F\300\262\017\216Y\361\337f{c."
 401      B246C0B2 
 401      0F8E59F1 
 401      DF667B63 
 401      2E
 402              		.text
 403              		.section	.gnu.lto_.symtab.94d398160823da7f,"",%progbits
 404 0000 5F5F6561 		.ascii	"__early_init\000"
 404      726C795F 
 404      696E6974 
 404      00
 405 000d 00       		.ascii	"\000"
 406 000e 00       		.ascii	"\000"
 407 000f 00       		.ascii	"\000"
 408 0010 00000000 		.ascii	"\000\000\000\000\000\000\000\000"
 408      00000000 
 409 0018 0C010000 		.ascii	"\014\001\000\000"
 410 001c 626F6172 		.ascii	"boardInit\000"
 410      64496E69 
 410      7400
 411 0026 00       		.ascii	"\000"
 412 0027 00       		.ascii	"\000"
 413 0028 00       		.ascii	"\000"
 414 0029 00000000 		.ascii	"\000\000\000\000\000\000\000\000"
 414      00000000 
 415 0031 0E010000 		.ascii	"\016\001\000\000"
 416 0035 73746D33 		.ascii	"stm32_clock_init\000"
 416      325F636C 
 416      6F636B5F 
 416      696E6974 
 416      00
 417 0046 00       		.ascii	"\000"
 418 0047 02       		.ascii	"\002"
 419 0048 00       		.ascii	"\000"
 420 0049 00000000 		.ascii	"\000\000\000\000\000\000\000\000"
 420      00000000 
 421 0051 10010000 		.ascii	"\020\001\000\000"
 422              		.text
 423              		.section	.gnu.lto_.opts,"",%progbits
 424 0000 272D666D 		.ascii	"'-fmath-errno' '-fsigned-zeros' '-ftrapping-math' '"
 424      6174682D 
 424      6572726E 
 424      6F272027 
 424      2D667369 
 425 0033 2D666E6F 		.ascii	"-fno-trapv' '-fno-strict-overflow' '-fno-openmp' '-"
 425      2D747261 
 425      70762720 
 425      272D666E 
ARM GAS  /tmp/ccK0sZqY.s 			page 33


 425      6F2D7374 
 426 0066 666E6F2D 		.ascii	"fno-openacc' '-mcpu=cortex-m4' '-mfloat-abi=hard' '"
 426      6F70656E 
 426      61636327 
 426      20272D6D 
 426      6370753D 
 427 0099 2D6D6670 		.ascii	"-mfpu=fpv4-sp-d16' '-mno-thumb-interwork' '-mthumb'"
 427      753D6670 
 427      76342D73 
 427      702D6431 
 427      36272027 
 428 00cc 20272D67 		.ascii	" '-ggdb' '-O0' '-ffunction-sections' '-fdata-sectio"
 428      67646227 
 428      20272D4F 
 428      30272027 
 428      2D666675 
 429 00ff 6E732720 		.ascii	"ns' '-fno-common' '-flto'\000"
 429      272D666E 
 429      6F2D636F 
 429      6D6D6F6E 
 429      2720272D 
 430              		.text
 431              		.comm	__gnu_lto_v1,1,1
 432              		.comm	__gnu_lto_slim,1,1
 433              		.ident	"GCC: (GNU Tools for ARM Embedded Processors (Build 17.03)) 6.3.1 20170215 (release) [ARM/e
ARM GAS  /tmp/ccK0sZqY.s 			page 34


DEFINED SYMBOLS
                            *ABS*:0000000000000000 board.c
                            *COM*:0000000000000001 __gnu_lto_v1
                            *COM*:0000000000000001 __gnu_lto_slim

NO UNDEFINED SYMBOLS
