ARM GAS  /tmp/cccYNGlD.s 			page 1


   1              		.cpu cortex-m4
   2              		.eabi_attribute 27, 1
   3              		.eabi_attribute 28, 1
   4              		.eabi_attribute 20, 1
   5              		.eabi_attribute 21, 1
   6              		.eabi_attribute 23, 3
   7              		.eabi_attribute 24, 1
   8              		.eabi_attribute 25, 1
   9              		.eabi_attribute 26, 1
  10              		.eabi_attribute 30, 6
  11              		.eabi_attribute 34, 1
  12              		.eabi_attribute 18, 4
  13              		.file	"chcore_v7m.c"
  14              		.text
  15              	.Ltext0:
  16              		.section	.gnu.lto_.inline.a3d2e26e43807a50,"",%progbits
  17 0000 789C6365 		.ascii	"x\234ce`b\350e@\0006\006\006\026f\006\006&\226\017z"
  17      6062E865 
  17      40003606 
  17      06166606 
  17      0626960F 
  18 0015 0C2C4039 		.ascii	"\014,@9 `\304\020ab`\341\001\222L\013\344\341j\270\200"
  18      2060C410 
  18      616260E1 
  18      01924C0B 
  18      E4E16AB8 
  19 002a 04337661 		.ascii	"\0043va\026\006.!\2400_C-\2120+\203\230\001PX\341B'"
  19      16062E21 
  19      A0305F43 
  19      2D8A302B 
  19      83980150 
  20 0042 138A3813 		.ascii	"\023\2128\0237\214\305\000\000\212\250\007\372"
  20      378CC500 
  20      008AA807 
  20      FA
  21              		.text
  22              		.section	.gnu.lto_port_lock.a3d2e26e43807a50,"",%progbits
  23 0000 789C6D51 		.ascii	"x\234mQ\317KTQ\030\375\316\373\236ciF-\332\271x\263"
  23      CF4B5451 
  23      18FDCEFB 
  23      9E636946 
  23      2DDAB978 
  24 0015 18418879 		.ascii	"\030A\210y\003.Z\265\210Y\271\030\010\347\017\220z="
  24      032E5AB5 
  24      8859B918 
  24      08E70F90 
  24      7A3D
  25 0027 72A0E793 		.ascii	"r\240\347\223\367\246\320\225\227A\031\230\250\026\031"
  25      F7A6D095 
  25      97411998 
  25      A81619
  26 0036 A3A2BCC8 		.ascii	"\243\242\274\310\302\351\207\2163\265\251\250\246\332"
  26      C2E9878E 
  26      33B5A9A8 
  26      A6DA
  27 0044 485090D4 		.ascii	"HP\220\324\316\225\366\003\203\210\302E\020X\337}\206"
  27      CE95F603 
ARM GAS  /tmp/cccYNGlD.s 			page 2


  27      8388C245 
  27      1058DF7D 
  27      86
  28 0055 B4E872EF 		.ascii	"\264\350r\357\342;\367;\347;\347\33662h\016DSDtD\016"
  28      E23BF73B 
  28      E73BE7DE 
  28      3632680E 
  28      44534474 
  29 006b 31C12039 		.ascii	"1\301 9\020\220@\343\006\306q\205\253\214\027\345O\017"
  29      109040E3 
  29      06C67185 
  29      AB8C17E5 
  29      4F0F
  30 007d 8DDE4525 		.ascii	"\215\336E%\253U}\327\363|RU2\021\023\3150\305\013\213"
  30      AB557DD7 
  30      F37C5255 
  30      321113CD 
  30      30C50B8B 
  31 0091 E825E9DB 		.ascii	"\350%\351\333h\354\\\353J\230\2738jH\210\020\004\177"
  31      68EC5CEB 
  31      4A98BB38 
  31      6A488810 
  31      047F
  32 00a3 3BB132C7 		.ascii	";\2612\307\2279b\300\224\362\373\353\331\315\203\272"
  32      973962C0 
  32      94F2FBEB 
  32      D9CD83BA 
  33 00b3 34604979 		.ascii	"4`Iy\353\325\332\263N\356\203V\330\236n\324\366\247"
  33      EBD5DAB3 
  33      4EEE8356 
  33      D89E6ED4 
  33      F6A7
  34 00c5 16942AA9 		.ascii	"\026\224*\251\326*V\225\0311\343.X\024q\007\335\270"
  34      D62A5695 
  34      1931E32E 
  34      58147107 
  34      DDB8
  35 00d7 8DEEDD89 		.ascii	"\215\356\335\211\367\220\252\257\241\245v~\227U\353"
  35      F790AAAF 
  35      A1A5767E 
  35      9755EB
  36 00e6 C34D543F 		.ascii	"\303MT?\3573\215\030&\252\304\266.\262\204\341-\224"
  36      EF338D18 
  36      26AAC4B6 
  36      2EB284E1 
  36      2D94
  37 00f8 8A34CF86 		.ascii	"\2124\317\206h\227\267\324\023S\217eXX\022\241/(m|["
  37      6897B7D4 
  37      13538F65 
  37      585812A1 
  37      2F286D7C 
  38 010d F8D5B5E7 		.ascii	"\370\325\265\347|\"Nxu\273\007\261\220N0\303\3707\031"
  38      7C224E78 
  38      75BB07B1 
  38      904E30C3 
  38      F83719
  39 0120 969190E9 		.ascii	"\226\221\220\351u\035\0154&77\242\346\317\216d\005\221"
ARM GAS  /tmp/cccYNGlD.s 			page 3


  39      751D0D34 
  39      263737A2 
  39      E6CF8E64 
  39      0591
  40 0132 9AB62236 		.ascii	"\232\266\"6u\363\322\346c\245\335\020V\220$\215\254"
  40      75F3D2E6 
  40      63A5DD10 
  40      5690248D 
  40      AC
  41 0143 CF3E9AEA 		.ascii	"\317>\232\352\320\376\0320\347\265/4\343\227\250=}\371"
  41      D0FE1A30 
  41      E7B52F34 
  41      E397A83D 
  41      7DF9
  42 0155 F140F2D2 		.ascii	"\361@\362\322_r\233n\375\261\334|\337\031\223\357k2"
  42      5F729B6E 
  42      FDB1DC7C 
  42      DF1993EF 
  42      6B32
  43 0167 1EC0A4AF 		.ascii	"\036\300\244\257(]\257\2779\254\375\304\351+bJ>\217"
  43      285DAFBF 
  43      39ACFDC4 
  43      E92B624A 
  43      3E8F
  44 0179 32E9B4BD 		.ascii	"2\351\264\275\267\375\320v|\317\363\207\355\021?(\206"
  44      B7FDD076 
  44      7CCFF387 
  44      ED113F28 
  44      86
  45 018a F689815C 		.ascii	"\366\211\201\\67j;C\216\037\270\203\027\216y\351!j?"
  45      36376A3B 
  45      438E1FB8 
  45      83178E79 
  45      E9216A3F 
  46 019e 7D2A744F 		.ascii	"}*tO\006\205\343\377'\272\243EM\263\263\271|\177\336"
  46      0685E3FF 
  46      27BAA345 
  46      4DB3B3B9 
  46      7C7FDE
  47 01b1 CE0ACFEE 		.ascii	"\316\012\317\356\037v\316\235?\343\332\216\027\026\302"
  47      1F76CE9D 
  47      3FE3DA8E 
  47      1716C2
  48 01c0 C1B38E23 		.ascii	"\301\263\216#*\207r\371\001K+\215\004\205\243V*CF@\355"
  48      2A8772F9 
  48      014B2B8D 
  48      0485A356 
  48      2A434640 
  49 01d5 9EEBF9C1 		.ascii	"\236\353\371\301\030\375\0015\211\250\017"
  49      18FD0135 
  49      89A80F
  50              		.text
  51              		.section	.gnu.lto_port_unlock.a3d2e26e43807a50,"",%progbits
  52 0000 789C6D51 		.ascii	"x\234mQ\317KTQ\030\375\316\373\2363\245\031\266h\347"
  52      CF4B5451 
  52      18FDCEFB 
  52      9E33A519 
ARM GAS  /tmp/cccYNGlD.s 			page 4


  52      B668E7
  53 0013 62663188 		.ascii	"bf1\210\020\363\006Z\264j\021\263r1\020\316\037 \365"
  53      10F3065A 
  53      B46A11B3 
  53      723110CE 
  53      1F20F5
  54 0026 7AE440CF 		.ascii	"z\344@\317'\357M\242+/\203\"\214X\213,\177\240\274\310"
  54      27EF4DA2 
  54      2B2F8322 
  54      8C588B2C 
  54      7FA0BCC8 
  55 003a 62A61FFE 		.ascii	"b\246\037\376\230\311M\0065\331F\202\220\224v\255\224"
  55      98C94D06 
  55      35D94682 
  55      909476AD 
  55      94
  56 004b 8A8288C2 		.ascii	"\212\202\210\302E\020\230\337}\206\264\350r\357\342"
  56      451098DF 
  56      7D86B4E8 
  56      72EFE2
  57 005a 3BF73BE7 		.ascii	";\367;\347;\347\336&2h\016D\223DtZ\0161\301 9\020\220"
  57      3BE7DE26 
  57      32680E44 
  57      9344745A 
  57      0E31C120 
  58 0071 40C30686 		.ascii	"@\303\006\206q\223\247\030\353c\237\236\031\235\025"
  58      7193A718 
  58      EB639F9E 
  58      199D15
  59 0080 25AB31B5 		.ascii	"%\2531\265\332\361jT\2253!\023\3150E\013\025t\222\364"
  59      DAF16A54 
  59      95332113 
  59      CD30450B 
  59      157492F4 
  60 0094 EDD4F66F 		.ascii	"\355\324\366o\267\306\314C\034U\304D\010\202\277\033"
  60      B7C6CC43 
  60      1C55C444 
  60      0882BF1B 
  61 00a4 5999E31B 		.ascii	"Y\231\343\033\0342`J\371\343\355\354\356I]\032HH\371"
  61      1C32604A 
  61      F9E3EDEC 
  61      EE495D1A 
  61      4848F9
  62 00b7 E0CDD6CB 		.ascii	"\340\315\326\313\026>\013\255\2607]\253\036O-(UR\215"
  62      163E0BAD 
  62      B0375DAB 
  62      1E4F2D28 
  62      55528D
  63 00ca 0D6C2833 		.ascii	"\015l(3d\306c\260(\342\021\332\361\020\355\207\023\237"
  63      64C663B0 
  63      28E211DA 
  63      F110ED87 
  63      139F
  64 00dc 20B5BC85 		.ascii	" \265\274\205\206\332\3773\246\032{\367\261\375\371"
  64      86DAFF33 
  64      A61A7BF7 
  64      B1FDF9
ARM GAS  /tmp/cccYNGlD.s 			page 5


  65 00eb 98694430 		.ascii	"\230iD0Q9\2625\316\022\206\277\240T\244y6D\373\316\350"
  65      5139B235 
  65      CE1286BF 
  65      A054A479 
  65      3644FBCE 
  66 0100 FA665C8F 		.ascii	"\372f\\\217e\020\026E\350+J;\337\027~\267\0369\037\211"
  66      65101645 
  66      E82B4A3B 
  66      DF177EB7 
  66      1E391F89 
  67 0114 12DE5AEB 		.ascii	"\022\336Z\353@$\244\023\3140\376M\206%\304d\372\262"
  67      4024A413 
  67      CC30FE4D 
  67      8625C464 
  67      FAB2
  68 0126 8E061A92 		.ascii	"\216\006\032\222\233{a\375Ws\262\214PM'B6u\363\342\356"
  68      9B7B61FD 
  68      5773B28C 
  68      504D2742 
  68      3675F3E2 
  69 013b 73A5DD10 		.ascii	"s\245\335\020V\220$\215|\230]\233l\326\376j0\347\265"
  69      5690248D 
  69      7C985D9B 
  69      6CD6FE6A 
  69      30E7B5
  70 014e 2FD4A397 		.ascii	"/\324\243\227\250\276x\375\361Dr\342/\271I\267\376\\"
  70      A8BE78FD 
  70      F14472E2 
  70      2FB949B7 
  70      FE5C
  71 0160 AABF6F89 		.ascii	"\252\277o\211\310O5\031\2530\351\033Jw+\233\247\264"
  71      C84F3519 
  71      AB30E91B 
  71      4A772B9B 
  71      A7B4
  72 0172 9F287D59 		.ascii	"\237(}YL\311\347Q&\235\266\216\266\027X\266\347\272"
  72      4CC9E751 
  72      269DB68E 
  72      B61758B6 
  72      E7BA
  73 0184 5E9FD5EF 		.ascii	"^\237\325\357\371\305\300\272\320\235\313\346\006-\273"
  73      F9C5C0BA 
  73      D09DCBE6 
  73      062DBB
  74 0193 D7F67CA7 		.ascii	"\327\366|\247g\340\234\233\356\245\370\345K\201s\321"
  74      67E09C9B 
  74      EEA5F8E5 
  74      4B8173D1 
  75 01a3 2F9CFF3F 		.ascii	"/\234\377?\321\031,j\232\225\315\345\273\362VVxVW\237"
  75      D1192C6A 
  75      9A95CDE5 
  75      BBF25656 
  75      7856579F 
  76 01b7 7DEDFA15 		.ascii	"}\355\372\025\307\262\335\240\020\364\\\265mQi\313\345"
  76      C7B2DDA0 
  76      10F45CB5 
  76      6D5169CB 
ARM GAS  /tmp/cccYNGlD.s 			page 6


  76      E5
  77 01c8 BB135AA9 		.ascii	"\273\023Z\251\337/\234I\2442d\370\024w\035\327\363\207"
  77      DF2F9C49 
  77      A43264F8 
  77      14771DD7 
  77      F387
  78 01da E800F4A0 		.ascii	"\350\000\364\240\247\336"
  78      A7DE
  79              		.text
  80              		.section	.gnu.lto_port_lock_from_isr.a3d2e26e43807a50,"",%progbits
  81 0000 789C6365 		.ascii	"x\234ce`bX\310\300\300`\004\304\242@\314\300\314\300"
  81      606258C8 
  81      C0C06004 
  81      C4A240CC 
  81      C0CCC0
  82 0013 C8C400C4 		.ascii	"\310\304\000\304\214\214@\016#C=\023c=c?\363tf\306C"
  82      8C8C400E 
  82      23433D13 
  82      633D633F 
  82      F37466C6 
  83 0028 EDCF7632 		.ascii	"\355\317v2i.o\000\202\003\323?\251\037lm\3502\230\317"
  83      692E6F00 
  83      8203D33F 
  83      A91F6C6D 
  83      E83298CF 
  84 003c CCC03093 		.ascii	"\314\3000\223\231\001\014\030\2273j2\000\325=\332\370"
  84      99010C18 
  84      97336A32 
  84      00D53DDA 
  84      F8
  85 004d 6F2A2F1B 		.ascii	"o*/\033\013D\234q\005#\033\310\240\365\227\030\0174"
  85      0B449C71 
  85      05231BC8 
  85      A0F59718 
  85      0F34
  86 005f FCFBDFDE 		.ascii	"\374\373\337\336p\340\315R\306\237\3179\200r]`}\335"
  86      70E0CD52 
  86      C69FCF39 
  86      80725D60 
  86      7DDD
  87 0071 CC40DB98 		.ascii	"\314@\333\230_36/x\177\336\020\244\032d\304\316\235"
  87      5F33362F 
  87      787FDE10 
  87      A41A64C4 
  87      CE9D
  88 0083 6F6EB3D7 		.ascii	"on\263\327\377m\340\230\317\3148\223\031\250\237q%c"
  88      FF6DE098 
  88      CFCC3893 
  88      19A89F71 
  88      2563
  89 0095 3DC37CA0 		.ascii	"=\303|\240\322\267\214M\013>\237\027\004+\004\201.\220"
  89      D2B78C4D 
  89      0B3E9F17 
  89      042B0481 
  89      2E90
  90 00a7 2CD00403 		.ascii	",\320\004\003==}8\312/\326O\316\317\315\315\317\323"
  90      3D3D7D38 
ARM GAS  /tmp/cccYNGlD.s 			page 7


  90      CA2FD64F 
  90      CECFCDCD 
  90      CFD3
  91 00b9 2FC82F2A 		.ascii	"/\310/*)\326w\014\362u\366\255\320O\316H\316/J\215/"
  91      29D6770C 
  91      F275F6AD 
  91      D04FCE48 
  91      CE2F4A8D 
  92 00ce 33CFD5CB 		.ascii	"3\317\325\313`\000\000\206\350B\021"
  92      60000086 
  92      E84211
  93              		.text
  94              		.section	.gnu.lto_port_unlock_from_isr.a3d2e26e43807a50,"",%progbits
  95 0000 789C6365 		.ascii	"x\234ce`bX\310\300\300`\004\304\242@\314\300\314\300"
  95      606258C8 
  95      C0C06004 
  95      C4A240CC 
  95      C0CCC0
  96 0013 C8C400C4 		.ascii	"\310\304\000\304\214\214@\016#C=\023c=c?\363tf\306C"
  96      8C8C400E 
  96      23433D13 
  96      633D633F 
  96      F37466C6 
  97 0028 EDCF7632 		.ascii	"\355\317v2i.o\000\202\003\323gh\035lm\3502\230\317\314"
  97      692E6F00 
  97      8203D367 
  97      681D6C6D 
  97      E83298CF 
  98 003d C0309399 		.ascii	"\3000\223\231\001\014\030\2273j2\000\325=\332\370o*"
  98      010C1897 
  98      336A3200 
  98      D53DDAF8 
  98      6F2A
  99 004f 2F1B0B44 		.ascii	"/\033\013D\234q\005#\033\310\240\365\227\030\0174\374"
  99      9C710523 
  99      1BC8A0F5 
  99      97180F34 
  99      FC
 100 0060 FBDFDE70 		.ascii	"\373\337\336p\340\317R\306\371\2578\200r]`}\335\314"
 100      E0CF52C6 
 100      F9AF3880 
 100      725D607D 
 100      DDCC
 101 0072 40DB985F 		.ascii	"@\333\230_36/\330}\305\020\244\032d\304\316\235on\263"
 101      33362FD8 
 101      7DC510A4 
 101      1A64C4CE 
 101      9D6F6EB3 
 102 0086 D7FF6DE0 		.ascii	"\327\377m\340\230\317\3148\223\031\250\237q%c=\303|"
 102      98CFCC38 
 102      9319A89F 
 102      7125633D 
 102      C37C
 103 0098 A0D2B78C 		.ascii	"\240\322\267\214M\013\366_\021\004+\004\201.\220,\320"
 103      4D0BF65F 
 103      11042B04 
 103      812E902C 
ARM GAS  /tmp/cccYNGlD.s 			page 8


 103      D0
 104 00a9 04033D3D 		.ascii	"\004\003==}8\312/\326O\316\317\315\315\317\323/\310"
 104      7D38CA2F 
 104      D64FCECF 
 104      CDCDCFD3 
 104      2FC8
 105 00bb 2F2A29D6 		.ascii	"/*)\326w\014\362u\366\255\320O\316H\316/J\215/3\317"
 105      770CF275 
 105      F6ADD04F 
 105      CE48CE2F 
 105      4A8D2F33 
 106 00d0 D5CB6000 		.ascii	"\325\313`\000\000\377\351A\025"
 106      00FFE941 
 106      15
 107              		.text
 108              		.section	.gnu.lto_SVC_Handler.a3d2e26e43807a50,"",%progbits
 109 0000 789C9555 		.ascii	"x\234\225U\337O[U\034?\337{no\177pi\227\275\2314\006"
 109      DF4F5B55 
 109      1C3FDF7B 
 109      6E6F7F70 
 109      6997BD99 
 110 0016 1EFAB064 		.ascii	"\036\372\260d\351%\361\301\275,f\341\305=\240\206\376"
 110      E925F1C1 
 110      BD2C66E1 
 110      C53DA086 
 110      FE
 111 0027 018BB9E2 		.ascii	"\001\213\271\342f\034k\323v\013o\334QX'\203-\016,\264"
 111      661C6BD3 
 111      760B6FDC 
 111      51582783 
 111      2D0E2CB4 
 112 003b 59534497 		.ascii	"YSD\2271\225AWq\203)\353\250+ls.\233\211\032Eb\012\251"
 112      31954157 
 112      718329EB 
 112      A82B6C73 
 112      2E9B891A 
 113 0053 53FC0559 		.ascii	"S\374\005YtF(~\277\347vl\241\335\203\015=\341|\317\347"
 113      7446287E 
 113      BFE7766C 
 113      A1DD830D 
 113      3DE17CCF 
 114 0068 FBF97CCF 		.ascii	"\373\371|\317\347|\317\251\205I\254ha,\303\030s\343"
 114      E77CCFA9 
 114      8549AC68 
 114      612CC318 
 114      73E3
 115 007a 97C90C24 		.ascii	"\227\311\014$\206_\3408r\000\014\001k\2278\264\303)"
 115      865FE038 
 115      72000C01 
 115      6B9738B4 
 115      C329
 116 008c 3EC06126 		.ascii	">\300a&Z\234\224v\2343\360\223\035X{\306\030\311B\012"
 116      5A9C9476 
 116      9C33F093 
 116      1D587BC6 
 116      18C9420A 
 117 00a0 A171CEC4 		.ascii	"\241q\316\304\007\316\301\016\206\260\273\235\343g\370"
ARM GAS  /tmp/cccYNGlD.s 			page 9


 117      07CEC10E 
 117      86B0BB9D 
 117      E367F8
 118 00af 499E4206 		.ascii	"I\236B\006\031\247+\267\023\213N\232JP\207\323\356\033"
 118      19A72BB7 
 118      138B4E9A 
 118      4A5087D3 
 118      EE1B
 119 00c1 4BC32EFE 		.ascii	"K\303.\376\034\020\362\367\322|\267\352y\3170:\214l"
 119      1C10F2F7 
 119      D27CB7EA 
 119      79CF303A 
 119      8C6C
 120 00d3 7EF0D9D3 		.ascii	"~\360\331\323\021c\316\220S\234\303\007\300\221\025"
 120      1163CE90 
 120      539CC307 
 120      C09115
 121 00e2 CE831B46 		.ascii	"\316\203\033F@\324F\360B\272\364N\255\"\303\207\340"
 121      40D446F0 
 121      42BAF44E 
 121      AD22C387 
 121      E0
 122 00f3 3145E123 		.ascii	"1E\341#P\260\312\032\\\033xw\342aM\231\2528\350~;\322"
 122      50B0CA1A 
 122      5C1B7877 
 122      E2614D99 
 122      AA38E87E 
 123 0109 25A864B6 		.ascii	"%\250d\266\225\007F\301\263\005?wMz\032\370\202\000"
 123      950746C1 
 123      B3053F77 
 123      4D7A1AF8 
 123      8200
 124 011b C7D33FAE 		.ascii	"\307\323?\256X\266\200-\225\340\261\377\003\036\257"
 124      58B6802D 
 124      95E0B1FF 
 124      031EAF
 125 012a 00E7E3DB 		.ascii	"\000\347\343\333\372\313eW\301\247M\374\312Wy\205\357"
 125      FACB6557 
 125      C1A74DFC 
 125      CA577985 
 125      EF
 126 013b 12EE8D15 		.ascii	"\022\356\215\025\006\322\316rn)\256\304G\262\235u\230"
 126      06D2CE72 
 126      6E29AEC4 
 126      47B29D75 
 126      98
 127 014c 0A172BCD 		.ascii	"\012\027+\315\203\014x\3106\314\232]^J\332\370\013\202"
 127      830C78C8 
 127      36CC9A5D 
 127      5E4ADAF8 
 127      0B82
 128 015e 61796925 		.ascii	"ayi%\367\310\204\277\366\307\015A\240\300\307U\010&"
 128      F7C884BF 
 128      F6C70D41 
 128      A0C0C755 
 128      0826
 129 0170 44724FEF 		.ascii	"DrO\357\372\003\027%\234~\2747\245\262\326O\004\270"
ARM GAS  /tmp/cccYNGlD.s 			page 10


 129      FA031725 
 129      9C7EBC37 
 129      A5B2D64F 
 129      04B8
 130 0182 78E2FAB4 		.ascii	"x\342\372\264\225\277$\224\262g'\276\206\262\322\037"
 130      95BF2494 
 130      B26727BE 
 130      86B2D21F 
 131 0192 895DD3DF 		.ascii	"\211]\323\337-!\307q \265KU\324.W\250}yu\373\2433\255"
 131      2D21C771 
 131      20B54B55 
 131      D42E57A8 
 131      7D7975FB 
 132 01a9 2238099E 		.ascii	"\"8\011\236\261{\2205J\033QlMwtv!!m\003\206G*\321 \343"
 132      B17B9035 
 132      4A1B516C 
 132      4D777476 
 132      21216D03 
 133 01c3 60B1D060 		.ascii	"`\261\320`\245\301\306\310\013\273\030\035\024P\305"
 133      A5C1C6C8 
 133      0BBB181D 
 133      1450C5
 134 01d2 FE6A85AE 		.ascii	"\376j\205\256\223\002.\261\007\306\272Ek\237\340x-\370"
 134      93022EB1 
 134      07C6BA45 
 134      6B9FE078 
 134      2DF8
 135 01e4 CFD0F1E0 		.ascii	"\317\320\361\340~O\316JM\227\304\006\302V\376\341\324"
 135      7E4FCE4A 
 135      4D97C406 
 135      C256FEE1 
 135      D4
 136 01f5 051B75B6 		.ascii	"\005\033u\266\014\343\013\021\303\011SX\017\301l&F*"
 136      0CE30B11 
 136      C3095358 
 136      0FC16C26 
 136      462A
 137 0207 0766A6EC 		.ascii	"\007f\246\354f\200\256C\254k\346\216\325L\"c\376\236"
 137      6680AE43 
 137      AC6BE68E 
 137      D54C2263 
 137      FE9E
 138 0219 BD795C4D 		.ascii	"\275y\\MA\362(^*4\337JYWh[\270\366\315\352jN\325F\215"
 138      41F2285E 
 138      2A34DF4A 
 138      5957685B 
 138      B8F6CDEA 
 139 0232 4EF4C906 		.ascii	"N\364\311\006\237B\012\006E=\360\031hH\033Y;\006&\257"
 139      9F420A06 
 139      453DF019 
 139      68481B59 
 139      3B0626AF 
 140 0246 C5A45EB8 		.ascii	"\305\244^\270\325\363\257\270i\026(mll\270`\332\224"
 140      D5F3AFB8 
 140      6916286D 
 140      6C6CB860 
 140      DA94
ARM GAS  /tmp/cccYNGlD.s 			page 11


 141 0258 8F09F9AA 		.ascii	"\217\011\371\252b\360\024\261\253\217\305\262\240\241"
 141      62F014B1 
 141      AB8FC5B2 
 141      A0A1
 142 0266 02FB058E 		.ascii	"\002\373\005\216\026.\365\376y\0076/b\247\371\020\214"
 142      162EF5FE 
 142      7907362F 
 142      62A7F910 
 142      8C
 143 0277 2B2F0AB3 		.ascii	"+/\012\263H#\316\341\311\213z\231\302\327@A\226\031"
 143      4823CEE1 
 143      C98B7A99 
 143      C2D74041 
 143      9619
 144 0289 1CF1AAF6 		.ascii	"\034\361\252\366Qz\354d,%\327\017A\312\030\304*\354"
 144      517AEC64 
 144      2C25D70F 
 144      41CA18C4 
 144      2AEC
 145 029b 94B15EE8 		.ascii	"\224\261^\350Z\264\313\364\372\344\240^\324\223/d\246"
 145      5AB4CBF4 
 145      FAE4A05E 
 145      D4932F64 
 145      A6
 146 02ac 148CC0E7 		.ascii	"\024\214\300\347 'y-\256\\\007\231\334\215\3753\232"
 146      2027792D 
 146      AE5C0799 
 146      DC8DFD33 
 146      9A
 147 02bd 5BEBE3C4 		.ascii	"[\353\343\304\230\344N\261\204'\204\265\362\237\360"
 147      98E44EB1 
 147      842784B5 
 147      F29FF0
 148 02cc C94AE03F 		.ascii	"\311J\340?\010\272\347`I\356\302u3\243\243\230\225M"
 148      08BAE760 
 148      49EEC275 
 148      33A3A398 
 148      954D
 149 02de AB70CF2E 		.ascii	"\253p\317.\212\255F\337\342f\304\206Ar\363\314\261\333"
 149      8AAD46DF 
 149      E266C486 
 149      4172F3CC 
 149      B1DB
 150 02f0 19B719B2 		.ascii	"\031\267\031\262c\024K\230\037\356?+\233\017\331}\006"
 150      63144B98 
 150      1FEE3F2B 
 150      9B0FD97D 
 150      06
 151 0301 79F37057 		.ascii	"y\363pW\243\353\031\325\2049\020\271)\246\342\\\230"
 151      A3EB19D5 
 151      843910B9 
 151      29A6E25C 
 151      98
 152 0312 34D1FBED 		.ascii	"4\321\373\355\366-\036\365M+\324`e\213\244',b0+\354"
 152      F62D1EF5 
 152      4D2BD460 
 152      658BA427 
ARM GAS  /tmp/cccYNGlD.s 			page 12


 152      2C62302B 
 153 0327 99130F19 		.ascii	"\231\023\017\031{\237\354\031N]|\350\250O\227\355q\020"
 153      7B9FEC19 
 153      4E5D7CE8 
 153      A84F97ED 
 153      7110
 154 0339 7A74F18A 		.ascii	"zt\361\212a\023\366\334(\3333\237\230\352w\220=7\311"
 154      6113F6DC 
 154      28DB339F 
 154      98EA7790 
 154      3D37C9
 155 034c 1E15576E 		.ascii	"\036\025Wn\241=\313\020\031:_K2\204\231\234\374\365"
 155      A13DCB10 
 155      193A5F4B 
 155      3284999C 
 155      FCF5
 156 035e 7B6BFBBA 		.ascii	"{k\373\272aK\361\23289\004_@;\266\267\312~\203\216\241"
 156      614BF19A 
 156      3839045F 
 156      403BB6B7 
 156      CA7E838E 
 157 0373 B15ED13D 		.ascii	"\261^\321=\342\002u\343\271\341\257\001k\360z\265\315"
 157      E20275E3 
 157      B9E1AF01 
 157      6BF07AB5 
 157      CD
 158 0384 3F7F48D3 		.ascii	"?\177H\323\375\255\255\376CZ\300\037\014\207\264=\315"
 158      FDADADFE 
 158      435AC01F 
 158      0C87B43D 
 158      CD
 159 0395 4D8D4D6D 		.ascii	"M\215Mm\232~@\367\007[\366\035y\276\325\2533Y\017\267"
 159      9A7E40F7 
 159      075BF61D 
 159      79BED5AB 
 159      33590FB7 
 160 03a9 05141ABC 		.ascii	"\005\024\032\274\015\316\260?\360\362\353\257\004\375"
 160      0DCEB03F 
 160      F0F2EBAF 
 160      04FD
 161 03b7 BA2FFCAA 		.ascii	"\272/\374\252\376\246\022l\011\035>\030\336]\235\262"
 161      FEA6126C 
 161      091D3E18 
 161      DE5D9DB2 
 162 03c7 A52D4C84 		.ascii	"\245-L\204Zc\223o\257OkDFm\357!\375\340\341\327Z4\275"
 162      5A63936F 
 162      AF4F6B44 
 162      466DEF21 
 162      FDE0E1D7 
 163 03de 35F44668 		.ascii	"5\364Fh\337~]\367\036`jS\263\257\316\323\260\263.\020"
 163      DF7E5DF7 
 163      1E606A53 
 163      B3AFCED3 
 163      B0B32E10 
 164 03f2 0A30BE3B 		.ascii	"\0120\276;\210\001_3Mvb\224IA\366\037\300\023\004k"
 164      88015F33 
 164      4D766294 
ARM GAS  /tmp/cccYNGlD.s 			page 13


 164      4941F61F 
 164      C013046B 
 165              		.text
 166              		.section	.gnu.lto__port_irq_epilogue.a3d2e26e43807a50,"",%progbits
 167 0000 789C9D56 		.ascii	"x\234\235VkLTG\024\236\263s\037\273\327\345!%\210J\023"
 167      6B4C5447 
 167      149EB373 
 167      1FBBD7E5 
 167      2125884A 
 168 0015 FCC10F13 		.ascii	"\374\301\017\023\303\332\332\244M\023\3236\376\262\011"
 168      C3DADAA4 
 168      4D13D336 
 168      FEB209
 169 0024 6D234993 		.ascii	"m#I\223\366\217iV\254M\305\335\354b\343?.\217\025\213"
 169      F68F6956 
 169      AC4DC5DD 
 169      EC62E33F 
 169      2E8F158B 
 170 0038 A2511159 		.ascii	"\242Q\021Y\352\346R\254AlQD\251.*\"\250\210\365\211"
 170      EAE652AC 
 170      416C5144 
 170      A92E2A22 
 170      A888F589 
 171 004c 8A56915A 		.ascii	"\212V\221Z\300\367\243\205\232V\215@\317\231\273\273"
 171      C0F7A385 
 171      9A568D40 
 171      CF99BBBB 
 172 005c 507789B1 		.ascii	"Pw\211\261\033\230\335{\346;\337\371\346\314\2313Wf"
 172      1B98DD7B 
 172      E63BDFF9 
 172      E6CC9933 
 172      5766
 173 006e 1656A631 		.ascii	"\026V\2461\326\316\030\373\014\377\331$\006\026\206"
 173      D6CE18FB 
 173      0CFFD924 
 173      061686
 174 007d FF16CE98 		.ascii	"\377\026\316\230n\261\341 q\220\320\"\201\214\243lQ"
 174      6EB1E120 
 174      7190D022 
 174      818CA36C 
 174      51
 175 008e C8AE925D 		.ascii	"\310\256\222]\001+ZT1Z\001I\300&F\015\000\211\200\345"
 175      012B5A54 
 175      315A0149 
 175      C026460D 
 175      008980E5 
 176 00a2 5BB8242B 		.ascii	"[\270$+\252\325\246A>\254\343\2339\264\225\334\012Z"
 176      AAD5A641 
 176      3EACE39B 
 176      39B495DC 
 176      0A5A
 177 00b4 66D6EAF8 		.ascii	"f\326\352\370i\335\374X]\251\373R\015\214\343\347L|"
 177      69DDFC58 
 177      5DA9FB52 
 177      0D8CE3E7 
 177      4C7C
 178 00c6 A0166632 		.ascii	"\240\026f2\204\365\355\036\331\024\247H\246\035\266"
ARM GAS  /tmp/cccYNGlD.s 			page 14


 178      84F5ED1E 
 178      D914A748 
 178      A61DB6
 179 00d5 83827C93 		.ascii	"\203\202|\223\321~\276\270a\013_\313\015\016 \341\343"
 179      D17EBEB8 
 179      610B5FCB 
 179      0D0E20E1 
 179      E3
 180 00e6 E0E9AAFE 		.ascii	"\340\351\252\376xz\264@:>n\376\276\351\311\244\214\255"
 180      787AB440 
 180      3A3E6EFE 
 180      BEE9C9A4 
 180      8CAD
 181 00f8 BA5EA8B7 		.ascii	"\272^\250\267>2R\326\027\371N\350\222\3019\321\300\016"
 181      3E3252D6 
 181      17F94EE8 
 181      92C139D1 
 181      C00E
 182 010a 48833A48 		.ascii	"H\203:H3\303\374\010\031\210\367\357\2761(\207\360'"
 182      33C3FC08 
 182      1988F7EF 
 182      BE312887 
 182      F027
 183 011c 8E580458 		.ascii	"\216X\004X\212\006\377\024\005\276\270\241\010\012\177"
 183      8A06FF14 
 183      05BEB8A1 
 183      080A7F
 184 012b D02D31E1 		.ascii	"\320-1\341\365Q\360\277\267'\227\207\264\304\300\357"
 184      F551F0BF 
 184      B7279787 
 184      B4C4C0EF 
 185 013b 14F8F1DA 		.ascii	"\024\370\361\332G\352\022\303x9\032\277\353U\2647D\201"
 185      47EA12C3 
 185      78391ABF 
 185      EB55B437 
 185      4481
 186 014d 7B22DA95 		.ascii	"{\"\332\225h\370n\001o\272X\3669\237\003\264\021\035"
 186      68F86E01 
 186      6FBA58F6 
 186      399F03B4 
 186      111D
 187 015f FE3F1BC3 		.ascii	"\376?\033\303\236\275;4\377\366\326\342t\014\004\215"
 187      9EBD3B34 
 187      FFF6D6E2 
 187      740C048D 
 188 016f C0A39CF7 		.ascii	"\300\243\234\367\010\347\321\365u\356\360:v$\015\026"
 188      08E7D1F5 
 188      75EEF03A 
 188      76240D16 
 189 017f FA2A499A 		.ascii	"\372*I\232*b\315I\203\331!\360^\001.\355\034\250I\340"
 189      2A62CD49 
 189      83D921F0 
 189      5E012EED 
 189      1CA849E0 
 190 0193 EF8A508F 		.ascii	"\357\212P\217FzJ\355\341\214\031I\033\213t\261(+4\305"
 190      467A4AED 
 190      E18C1949 
ARM GAS  /tmp/cccYNGlD.s 			page 15


 190      1B8B74B1 
 190      282B34C5 
 191 01a7 88F5B370 		.ascii	"\210\365\263p\357\270?\020\260\362\367\204\373\375\201"
 191      EFB83F10 
 191      B0F2F784 
 191      FBFD81
 192 01b6 C1F67002 		.ascii	"\301\366p\002\273\015\273_\027Jm\260/\206\367~\341\275"
 192      BB0DBB5F 
 192      174A6DB0 
 192      2F86F77E 
 192      E1BD
 193 01c8 A66CF871 		.ascii	"\246l\370q\002yl\030K\241-:'A\001\276\265\372X\213\312"
 193      02796C18 
 193      4BA12D3A 
 193      274101BE 
 193      B5FA588B 
 194 01dd 3F12A15A 		.ascii	"?\022\241Z\2675uC(\324\037U\357\264\\\035@\216U@\321"
 194      B7357543 
 194      28D41F55 
 194      EFB45C1D 
 194      408E5540 
 195 01f2 9A63443B 		.ascii	"\232cD;\020\025\355\314\341\244pq\306\010x0\012\217"
 195      1015EDCC 
 195      E1A47071 
 195      C6087830 
 195      0A8F
 196 0204 27A56262 		.ascii	"'\245bb\374!\201\357|^\326\237\020\021\225\036,\352"
 196      FC2181EF 
 196      7C5ED69F 
 196      1011951E 
 196      2CEA
 197 0216 58A35717 		.ascii	"X\243W\027&N$\252%*Ho\220\373\033\317\351\337\276\037"
 197      264E24AA 
 197      252A486F 
 197      90FB1BCF 
 197      E9DFBE1F 
 198 022a 33C861C8 		.ascii	"3\310a\310\330\325\005\255\372\310h\011\352I6F\356\234"
 198      D8D505AD 
 198      FAC86809 
 198      EA493646 
 198      EE9C
 199 023c C9785D66 		.ascii	"\311x]fx\272\024\034$\225\006+\0156\2619\232\030\355"
 199      78BA141C 
 199      2495062B 
 199      0D36B139 
 199      9A18ED
 200 024f 6890E3C8 		.ascii	"h\220\343\310\032\217\203\222H\277\222pPS\304\036L\021"
 200      1A8F8392 
 200      48BF9270 
 200      5053C41E 
 200      4C11
 201 0261 B94925EB 		.ascii	"\271I%\353T\241h\032\375\234.V\224&\022\317X\251\350"
 201      54A1681A 
 201      FD9C2E56 
 201      942612CF 
 201      58A9E8
 202 0274 0CAB39B6 		.ascii	"\014\2539\266$~\037\212\252\377Z\307\251\037\3206\004"
ARM GAS  /tmp/cccYNGlD.s 			page 16


 202      247E1F8A 
 202      AAFF5AC7 
 202      A91FD036 
 202      04
 203 0285 830FAEA9 		.ascii	"\203\017\256\251\371\303\272\325\340\232\237c\207\200"
 203      F9C3BAD5 
 203      E09A9F63 
 203      8780
 204 0293 56C84786 		.ascii	"V\310G\206I\354.\024>\2763\334\257\0202\300e\304\026"
 204      49EC2E14 
 204      3EBE33DC 
 204      AF1032C0 
 204      65C416
 205 02a6 040F96CB 		.ascii	"\004\017\226\313\324)8\350W\213\364x8\202\013\273\013"
 205      D42938E8 
 205      578BF478 
 205      38820BBB 
 205      0B
 206 02b7 6DCD3613 		.ascii	"m\3156\023\243 \246\302\327vV51D\377O\307\311Uv\003"
 206      A320A6C2 
 206      D7765635 
 206      3144FF4F 
 206      C7C95576 
 207 02cc 0205D8AB 		.ascii	"\002\005\330\253\260\222\354H\004m\224\016\234\273<"
 207      B092EC48 
 207      046D940E 
 207      9CBB3C
 208 02db 34D46E77 		.ascii	"4\324nw\324\353\305\0054\025\007\355`@\245P\012G\301"
 208      D4EBC505 
 208      341507ED 
 208      6040A550 
 208      0A47C1
 209 02ee 81C445CF 		.ascii	"\201\304E\317W\326\311&\265j\262?<u\263F\"v\011\364"
 209      57D6C926 
 209      B56AB23F 
 209      3C75B346 
 209      227609F4 
 210 0302 44388644 		.ascii	"D8\206D\003P|\255\375\255\020\010\021\273\036\004\237"
 210      03507CAD 
 210      FDAD1008 
 210      11BB1E04 
 210      9F
 211 0313 C6990806 		.ascii	"\306\231\010\006\307C\211_\215\355\213\361{P\320\267"
 211      C743895F 
 211      8DED8BF1 
 211      7B50D0B7 
 212 0323 AF6CEFA3 		.ascii	"\257l\357\243\324\261\336H\371\025\255\221\2155\314"
 212      D4B1DE48 
 212      F915AD91 
 212      8D35CC
 213 0332 62B3AF96 		.ascii	"b\263\257\226k*\245\220A\007(~\314\3348\247\0262\237"
 213      6B2AA590 
 213      4107287E 
 213      CCDC38A7 
 213      16329F
 214 0345 2027E8C4 		.ascii	" '\350\304\021\223\266\021h\351k+\014i\306V0\364J\\"
 214      1193B611 
ARM GAS  /tmp/cccYNGlD.s 			page 17


 214      68E96B2B 
 214      0C69C656 
 214      30F44A5C 
 215 0359 4F3C790C 		.ascii	"O<y\014\367\371\372m\022\335\004'a\206\210q\274oO\263"
 215      F7F9FA6D 
 215      12DD0427 
 215      61868871 
 215      BC6F4FB3 
 216 036d 8216F805 		.ascii	"\202\026\370\005\244\000\237\2123\247\360^\300\\W<\255"
 216      A4009F8A 
 216      33A7F05E 
 216      C05C573C 
 216      AD
 217 037e 6F3FFDDD 		.ascii	"o?\375\335\233\304\030\340\323\304\024\352\306+\203"
 217      9BC418E0 
 217      D3C414EA 
 217      C62B83
 218 038d DFC68BA0 		.ascii	"\337\306\213\240\012\027\200\240.\215\005\370t\234g"
 218      0A1780A0 
 218      2E8D05F8 
 218      749C67
 219 039c B8989A7E 		.ascii	"\270\230\232~\203\277\250z\213\366\241\330rS5\037\257"
 219      83BFA87A 
 219      8BF6A1D8 
 219      7253351F 
 219      AF
 220 03ad FA00994F 		.ascii	"\372\000\231O\013\325gL\325\265/U}\366E\325\347H\365"
 220      0BD5674C 
 220      D5B52F55 
 220      7DF645D5 
 220      E748F5
 221 03c0 149C393F 		.ascii	"\024\2349?\246\372\371FN\214\001\236*\246P\265\034Q"
 221      A6FAF946 
 221      4E8C019E 
 221      2AA650B5 
 221      1C51
 222 03d2 0D11D569 		.ascii	"\015\021\325i8oz\264m=/\221\276\000\267\242\231lC%u"
 222      386F7AB4 
 222      6D3D2F91 
 222      BE00B7A2 
 222      996C4325 
 223 03e7 DCB4D8D0 		.ascii	"\334\264\330\320H;\277ee\375\205E\246IC+Jx\272\277\366"
 223      483BBF65 
 223      65FD8545 
 223      A649432B 
 223      4A78BABF 
 224 03fc 906CDE5A 		.ascii	"\220l\336Z\225\243\243\243\011\320%\212\017k4\340\323"
 224      95A3A3A3 
 224      09D0258A 
 224      0F6B34E0 
 224      D3
 225 040d 0839BEF8 		.ascii	"\0109\276\370\254Q\305W\275\030\213:\001\331\340B\250"
 225      AC51C557 
 225      BD188B3A 
 225      01D9E042 
 225      A8
 226 041e FCB60D14 		.ascii	"\374\266\015\024\356T\261\374\314\312L\204\213\242\374"
ARM GAS  /tmp/cccYNGlD.s 			page 18


 226      EE54B1FC 
 226      CCCA4C84 
 226      8BA2FC
 227 042d C49D7B09 		.ascii	"\304\235{\011\034tO\336|v\326Fl\012 \306\012\335\341"
 227      1C744FDE 
 227      7C76D646 
 227      6C0A20C6 
 227      0ADDE1
 228 0440 80862FC9 		.ascii	"\200\206/\311\224f\247\356{}\335N+\241dh\350\245Cq9"
 228      9466A7EE 
 228      7B7DDD4E 
 228      2BA16468 
 228      E8A54371 
 229 0455 72280426 		.ascii	"r(\004&n\274.9\326\241\230\214Dpe\202C\361\253Pe!UW"
 229      6EBC2E39 
 229      D6A1988C 
 229      44706582 
 229      43F1AB50 
 230 046d C5A1C064 		.ascii	"\305\241\300d\005e\223:\036\331EJ;g\206\022\360j+\276"
 230      0565933A 
 230      1ED9454A 
 230      3B678612 
 230      F06A2BBE 
 231 0481 26B8C5DB 		.ascii	"&\270\305\333A\0178\220\317\244?t)\331\344OD\347\310"
 231      410F3890 
 231      CFA43F74 
 231      29D9E44F 
 231      44E7C8
 232 0494 FEA5E033 		.ascii	"\376\245\34033\217\320\225.x\261\356\2725\231\232Q\250"
 232      338FD095 
 232      2E78B1EE 
 232      BA35999A 
 232      51A8
 233 04a6 EEA4F1AF 		.ascii	"\356\244\361\257\037p]\324\\\257x\377`{\311\265\306"
 233      1F705DD4 
 233      5CAF78FF 
 233      607BC9B5 
 233      C6
 234 04b7 687CA2CD 		.ascii	"h|\242\3158\022\252\271$B\327\367\037\320\255\242\346"
 234      3812AAB9 
 234      2442D7F7 
 234      1FD0ADA2 
 234      E6
 235 04c8 7E0BD55C 		.ascii	"~\013\325\\OUs\271F5w\203j.\005g~\307\232\243\366ux"
 235      4F5573B9 
 235      46357783 
 235      6A2E0567 
 235      7EC79AA3 
 236 04df D3545360 		.ascii	"\323TS`\322\177\033\330k~\252<\350\023\015,\331l\015"
 236      D27F1BD8 
 236      6B7EAA3C 
 236      E8130D2C 
 236      D96C0D
 237 04f2 47610C1A 		.ascii	"Ga\014\032\331\006\025{C\177\2447\240:\216\253|V\022"
 237      D906157B 
 237      437FA437 
 237      A03A8EAB 
ARM GAS  /tmp/cccYNGlD.s 			page 19


 237      7C5612
 238 0505 B85C0DB1 		.ascii	"\270\\\015\261\022\271\354e\211\034\020\211\224(\221"
 238      12B9EC65 
 238      891C1089 
 238      942891
 239 0514 3745E984 		.ascii	"7E\351\204E\255B\357!\020\255\225rp\013\225QD5\034\361"
 239      45AD42EF 
 239      2110AD95 
 239      72700B95 
 239      5144351C 
 240 0529 E1FF8D78 		.ascii	"\341\377\215x{,\342\235\211\"b\024\270\033\212\210/"
 240      7B2CE29D 
 240      89226214 
 240      B81B8A88 
 240      2F
 241 053a 979CBE6D 		.ascii	"\227\234\276m\241\033`_\305\0047\000\275\205\336\013"
 241      A11B605F 
 241      C5043700 
 241      BD85DE0B 
 242 054a DD00E4A0 		.ascii	"\335\000\344\240E\216\262\205=\244wZ\372\224\3221\301"
 242      458EB285 
 242      3DA4775A 
 242      FA94D231 
 242      C1
 243 055b DFB33333 		.ascii	"\337\26333\035\221?\227\327\341t\345\346\272\2269\334"
 243      1D913F97 
 243      D7E174E5 
 243      E6BA9639 
 243      DC
 244 056c 2E4F9ED7 		.ascii	".O\236\327\361\301\202\254yY+\034\316%N\227'g\3417o"
 244      F1C182AC 
 244      79592B1C 
 244      CE254E97 
 244      2767E137 
 245 0581 E7663A99 		.ascii	"\347f:\231\342\314[\341\316|C\242\257\370<\227\373\343"
 245      E2CC5BE1 
 245      CE7C43A2 
 245      AFF83C97 
 245      FBE3
 246 0593 C59F785C 		.ascii	"\305\237x\\\316\354\274/\234_+\236\034\357\362\245y"
 246      CEECBC2F 
 246      9C5F2B9E 
 246      1CEFF2A5 
 246      79
 247 05a4 736353E6 		.ascii	"scS\346\254\310#B\307\274\254\354\371\331\216y\310\350"
 247      ACC82342 
 247      C7BCACEC 
 247      F9D98E79 
 247      C8E8
 248 05b6 98BFCCB9 		.ascii	"\230\277\314\271t\371\242\034\2073\327\373\225w\341"
 248      74F9A21C 
 248      8733D7FB 
 248      9577E1
 249 05c5 974E67E6 		.ascii	"\227Ng\346\022\226\360i\326\202\354\364\214\331\263"
 249      1296F069 
 249      D682ECF4 
 249      8CD9B3
ARM GAS  /tmp/cccYNGlD.s 			page 20


 250 05d4 D217BBBD 		.ascii	"\322\027\273\275N\017\343s=\314\0366\271\275n|\310^"
 250      4E0FE373 
 250      3DCC1E36 
 250      B9BD6E7C 
 250      C85E
 251 05e6 403F66A1 		.ascii	"@?f\241\205Y<\354_\337\354\202\365"
 251      85593CEC 
 251      5FDFEC82 
 251      F5
 252              		.text
 253              		.section	.gnu.lto_.symbol_nodes.a3d2e26e43807a50,"",%progbits
 254 0000 789C5DC8 		.ascii	"x\234]\310\273\015\302@\020\204\341\331Y\237\271\262"
 254      BB0DC240 
 254      1084E1D9 
 254      599FB9B2 
 255 0010 70657B88 		.ascii	"pe{\210\214\000\033\"^\022H\246\011\234\321\000\025"
 255      8C001B22 
 255      5E1248A6 
 255      099CD100 
 255      15
 256 0021 10500035 		.ascii	"\020P\0005X^\331r\340\233\344\037}\001\304\027>\326"
 256      585ED972 
 256      E09BE41F 
 256      7D01C417 
 256      3ED6
 257 0033 6240F301 		.ascii	"b@\363\001<\257\364N\245[#&\271\035\304\230\333QLs;"
 257      3CAFF44E 
 257      A55B2326 
 257      B91DC498 
 257      DB514C73 
 258 0048 D18AD9BA 		.ascii	"\321\212\331\272M\345r\246\205\205\310\225V\216\002"
 258      4DE572A6 
 258      8585C895 
 258      568E02
 259 0057 A4C7DAE1 		.ascii	"\244\307\332\341F[-\340B\2133$\007%\320\376\372JU\246"
 259      465B2DE0 
 259      428B3324 
 259      0725D0FE 
 259      FA4A55A6 
 260 006b 168AEDEE 		.ascii	"\026\212\355\356\177\217\0328A\210x\356GP\264\265\037"
 260      7F8F1A38 
 260      418878EE 
 260      4750B4B5 
 260      1F
 261 007c 0C85C93B 		.ascii	"\014\205\311;\313"
 261      CB
 262              		.text
 263              		.section	.gnu.lto_.refs.a3d2e26e43807a50,"",%progbits
 264 0000 789C6365 		.ascii	"x\234ce`b\340d```beb\223fb\227a\000\000\002A\000`"
 264      6062E064 
 264      60606062 
 264      65629366 
 264      62976100 
 265              		.text
 266              		.section	.gnu.lto_.decls.a3d2e26e43807a50,"",%progbits
 267 0000 789CBD58 		.ascii	"x\234\275X\013PT\311z\236>=\3140\303\313\24071)R\261"
 267      0B5054C9 
ARM GAS  /tmp/cccYNGlD.s 			page 21


 267      7A9E3E3D 
 267      CC30C3CB 
 267      A0373129 
 268 0016 76B76AC9 		.ascii	"v\267j\311\255\\\201u\357\256\267j\223\273,J\244*f)"
 268      AD5C8175 
 268      EFAEB76A 
 268      93BB2C4A 
 268      A42A6629 
 269 002a 50EB2655 		.ascii	"P\353&U\251).\316\256$ \356\314x\257\246*\225\203\240"
 269      A9292ECE 
 269      AE2420EE 
 269      CC78AFA6 
 269      2A9583A0 
 270 003e 202AA282 		.ascii	" *\242\202\212\242\274T@\036\242\210(\212 \310\303\021"
 270      8AA2BC54 
 270      401EA288 
 270      288A20C8 
 270      C311
 271 0050 D045798A 		.ascii	"\320Ey\212\200\210/D\344%\002>\310\337\335\347\3149"
 271      80882F44 
 271      E425023E 
 271      C8DFDDE7 
 271      CC39
 272 0062 7376D8BB 		.ascii	"sv\330\273[u+\247\346\237\231\377\364\327\337\377\377"
 272      5B752BA7 
 272      E69F99FF 
 272      F4D7DFFF 
 272      FF
 273 0073 DD7FF7F9 		.ascii	"\335\177\367\371\3738\2518\325\362%*\225\267Z\245Z\303"
 273      FB38A938 
 273      D5F2252A 
 273      95B75AA5 
 273      5AC3
 274 0085 A9547370 		.ascii	"\251TspiU*U\221J\272t \305 % \347@\316\203\\\000\271"
 274      69552A55 
 274      914ABA74 
 274      20C52025 
 274      20E740CE 
 275 009d 08520172 		.ascii	"\010R\001r\005\344\272\352\207\327\177 \225J\003\277"
 275      05E4BAEA 
 275      87D77F20 
 275      954A03BF 
 276 00ad EB403C41 		.ascii	"\353@<A\026\2014\203\264\201t\013\030N\340\356w\320"
 276      16813483 
 276      B481740B 
 276      184EE0EE 
 276      77D0
 277 00bf 3FEC27F6 		.ascii	"?\354'\366/\231\247\277\021\372c\241\377\003YL\234\020"
 277      2F99A7BF 
 277      11FA63A1 
 277      FF03594C 
 277      9C10
 278 00d1 47B1833E 		.ascii	"G\261\203>\021?\322\347\274`KyEA\0377\205\237\277\204"
 278      113FD2E7 
 278      BC604B79 
 278      45411F37 
 278      859FBF84 
ARM GAS  /tmp/cccYNGlD.s 			page 22


 279 00e5 7BFE201F 		.ascii	"{\376 \037\013>\377\026\376/\005Y\211\230\377\"7\250"
 279      0B3EFF16 
 279      FE2F0559 
 279      8998FF22 
 279      37A8
 280 00f7 AA2FE00B 		.ascii	"\252/\340\013\206\237\216i\020\374\377\027\304l\221"
 280      869F8E69 
 280      10FCFF17 
 280      C46C91
 281 0106 B6D5C8DE 		.ascii	"\266\325\310\336\326w\240\377Ba\353\250`\207\330[\013"
 281      D677A0FF 
 281      4261EBA8 
 281      6087D85B 
 281      0B
 282 0117 BFD704FB 		.ascii	"\277\327\004\373\3152;i2\373K@\036\011>\021_\322\341"
 282      CD323B69 
 282      32FB4B40 
 282      1E093E11 
 282      5FD2E1
 283 012a B7167E9D 		.ascii	"\267\026~\235@\266\301\177\017\220\317@\376\002\344"
 283      40B6C17F 
 283      0F90CF40 
 283      FE02E4
 284 0139 6F119BFF 		.ascii	"o\021\233\377\213\302\230e \311G2\347\342\374\023\177"
 284      8BC29865 
 284      20C94732 
 284      E7E2FC13 
 284      7F
 285 014a C9B865C2 		.ascii	"\311\270e\302\375,\220l\205\337\2070\352\177\320\266"
 285      FD2C906C 
 285      85DF8730 
 285      EA7FD0B6 
 286 015a 5DD38B7A 		.ascii	"]\323\213zH\013\"\027\213Pv\021uN\274H3\262\215\275"
 286      480B2217 
 286      8B507611 
 286      754EBC48 
 286      33B28DBD 
 287 016e 04458A4E 		.ascii	"\004E\212N*\001\010b\017\024[\345\214\022\011u\200:"
 287      2A010862 
 287      0F145BE5 
 287      8C120975 
 287      803A
 288 0180 21EF21A8 		.ascii	"!\357!\250\364\3031\005\331\332E\254\214P\210\0029p"
 288      F4C33105 
 288      D9DA45AC 
 288      8C508802 
 288      3970
 289 0192 8B5D588C 		.ascii	"\213]X\214~x\367D\206\272\017\335G\310E\225\371%\242"
 289      7E78F744 
 289      86BA0FDD 
 289      47C84595 
 289      F925A2
 290 01a5 F74EBD9E 		.ascii	"\367N\275\236\336\345\216\301\016\374\357\233\311\013"
 290      DEE58EC1 
 290      0EFCEF9B 
 290      C90B
 291 01b3 5C5AC8B3 		.ascii	"\\Z\310\263\313\331K\032\266\272\271\327\325\036I\030"
ARM GAS  /tmp/cccYNGlD.s 			page 23


 291      CBD94B1A 
 291      B6BAB9D7 
 291      D51E4918 
 292 01c3 79EA1107 		.ascii	"y\352\021\007j\353h\3231\027P\027\351\321\002P\247c"
 292      6AEB68D3 
 292      31175017 
 292      E9D10250 
 292      A763
 293 01d5 DAAEE917 		.ascii	"\332\256\351\027\037\244\275b\371\005\034Z\367\227\250"
 293      1FA4BD62 
 293      F9051C5A 
 293      F797A8
 294 01e4 1079A102 		.ascii	"\020y\241\002\004\024\250\010-\206\357\337\253\031S"
 294      0414A808 
 294      2D86EFDF 
 294      AB1953
 295 01f3 E5DBD7EF 		.ascii	"\345\333\327\357<>\310\344\253\253\371\352\2275\277"
 295      3C3EC8E4 
 295      ABABF9EA 
 295      9735BF
 296 0202 4CEB1CE4 		.ascii	"L\353\034\344\371D\350\207\324\004\210\362\021F\247"
 296      F944E887 
 296      D40488F2 
 296      1146A7
 297 0211 D1521224 		.ascii	"\321R\022$\374\205\357<\324\207P.\352\205\370\212\321"
 297      FC85EF3C 
 297      D487502E 
 297      EA85F88A 
 297      D1
 298 0222 07640633 		.ascii	"\007d\0063\236\034p\303\201\324\337\262\313\027\012"
 298      9E1C70C3 
 298      81D4DFB2 
 298      CB170A
 299 0231 DC04B2D6 		.ascii	"\334\004\262\326c8\215\257\336\306\363\231\034e:#1\235"
 299      63388DAF 
 299      DEC6F399 
 299      1C653A23 
 299      319D
 300 0243 51329550 		.ascii	"Q2\225P\246\332\251\366\"-\016\241L)\311\345#\316\002"
 300      A6DAA9F6 
 300      222D0EA1 
 300      4C29C9E5 
 300      23CE02
 301 0256 9335C39E 		.ascii	"\2235\303\236\351\254\304tV\311t\2162\335\030,\252q"
 301      E9ACC474 
 301      56C9748E 
 301      32DD182C 
 301      AA71
 302 0268 C746CA54 		.ascii	"\307F\312T\221\\|Z/0\015\344\3313\225JL\245J\246\363"
 302      915C7C5A 
 302      2F300DE4 
 302      D933954A 
 302      4CA54AA6 
 303 027d 9429AF6E 		.ascii	"\224)\257n\362$\306\377M\231\206\357\267\345\"`\312"
 303      F224C6FF 
 303      4D9986EF 
 303      B7E52260 
ARM GAS  /tmp/cccYNGlD.s 			page 24


 303      CA
 304 028e 04A6D779 		.ascii	"\004\246\327y\313\237\234\343\371\3550Rl\240\312$\252"
 304      CB9F9CE3 
 304      F9ED3052 
 304      6CA0CA24 
 304      AA
 305 029f 3225D505 		.ascii	"2%\325\005J\3257:\321\340\202\313\021\345\272\332\316"
 305      4AD5373A 
 305      D1E082CB 
 305      11E5BADA 
 305      CE
 306 02b0 5F15B95A 		.ascii	"_\025\271Z\377\2169\3053\247\312%\246r%\323E\312\364"
 306      FF8E39C5 
 306      33A7CA25 
 306      A67225D3 
 306      45CAF4
 307 02c3 A2F9DC39 		.ascii	"\242\371\3349\017leL\365\271]wt\300\324\317\303\004"
 307      0F6C654C 
 307      F5B95D77 
 307      74C0D4CF 
 307      C304
 308 02d5 667F1E9F 		.ascii	"f\177\036\237\263\243:\230N2\272$\021]B,\347P\005%x"
 308      B3A33A98 
 308      4E32BA24 
 308      115D422C 
 308      E7500525 
 309 02ea D07F72DC 		.ascii	"\320\177r\334\005\3673\202\003\307'\036a\201`\374\177"
 309      05F73382 
 309      03C7271E 
 309      618160FC 
 309      7F
 310 02fb D2F81AE6 		.ascii	"\322\370\032\346\306e\251\367e\261\367\025\332;\363"
 310      C665A9F7 
 310      65B1F715 
 310      DA3BF3
 311 030a F0D4330D 		.ascii	"\360\3243\015\236d\275\233\353\356\034\326\342$\232"
 311      9E64BD9B 
 311      EBEE1CD6 
 311      E2249A
 312 0319 AFEAA755 		.ascii	"\257\352\247U\343\034\344\031\371\350\274\217\360\316"
 312      E31CE419 
 312      F9E8BC8F 
 312      F0CE
 313 0327 E81AD2A9 		.ascii	"\350\032\322\251\216\360\011<\277\200\376\215\347\371"
 313      8EF0093C 
 313      BF80FE8D 
 313      E7F9
 314 0335 6DFCE8B6 		.ascii	"m\374\350\266\344\005\020\3122/\344\353\245B5\310\233"
 314      E40510CA 
 314      322FE4EB 
 314      A54235C8 
 314      9B
 315 0346 36A95015 		.ascii	"6\251P\025t\253\206\014=%\346\273\2124\240\253\202q"
 315      74AB860C 
 315      3D25E6BB 
 315      8A34A0AB 
 315      8271
ARM GAS  /tmp/cccYNGlD.s 			page 25


 316 0358 96AED7F3 		.ascii	"\226\256\327\363[\366\273\312S\233@\244\334\256\265"
 316      5BF6BBCA 
 316      539B40A4 
 316      DCAEB5
 317 0367 CBEDC3A3 		.ascii	"\313\355\303\243\267\357sBd\017\255_\314\236\343\343"
 317      B7EF7342 
 317      640FAD5F 
 317      CC9EE3E3 
 318 0377 9C080455 		.ascii	"\234\010\004UJ\261U\212\261]\247\261\335o\314/\300\260"
 318      4AB1558A 
 318      B15DA7B1 
 318      DD6FCC2F 
 318      C0B0
 319 0389 923ED623 		.ascii	"\222>\326#\262\230=\340\326\231\341K3n\354\026!m\335"
 319      B2983DE0 
 319      D699E14B 
 319      336EEC16 
 319      216DDD
 320 039c 3B7E428B 		.ascii	";~B\213/\262\005\372}\\I:f\353P\015\352X\363\221\207"
 320      2FB205FA 
 320      7D5C493A 
 320      66EB500D 
 320      EA58F391 
 321 03b1 EE6C1D2E 		.ascii	"\356l\035.9\204\2714kG\215\032y\353iD\325}\235\377\224"
 321      3984B934 
 321      6B478D1A 
 321      79EB6944 
 321      D57D9DFF 
 322 03c6 36CEF34B 		.ascii	"6\316\363K\320M\244G\015\222\007\037\353\341;\201\214"
 322      D04DA447 
 322      0D92071F 
 322      EBE13B81 
 322      8C
 323 03d7 4C722CAF 		.ascii	"Lr,\257[\245B7 \234F\010\007Yal\300*\301\241z\270Y\007"
 323      5BA54237 
 323      209C4608 
 323      0759616C 
 323      C02AC1A1 
 324 03ef 37C14AFE 		.ascii	"7\301J\376\211}\331\032\\\214\211\007\\\375\325{\235"
 324      897DD91A 
 324      5C8C8907 
 324      5CFDD57B 
 324      9D
 325 0400 6AA4F776 		.ascii	"j\244\367vH\320\342\200\200937\362A\375v\222q\315\340"
 325      48D0E280 
 325      80393337 
 325      F241FD76 
 325      9271CDE0 
 326 0414 4C93E40C 		.ascii	"L\223\344\014\370F~\340.\030J\274p\247W\255O \035(3"
 326      F8467EE0 
 326      2E184ABC 
 326      70A757AD 
 326      4F201D28 
 327 0429 0953E456 		.ascii	"\011S\344V\241[\004\212|\3504\002\270m\272r\326\025"
 327      A15B048A 
 327      7CE83402 
 327      B86DBA72 
ARM GAS  /tmp/cccYNGlD.s 			page 26


 327      D615
 328 043b 1F52D344 		.ascii	"\037R\323D\350\317\031\177\256A\336\220\007z\020\331"
 328      E8CF197F 
 328      AE41DE90 
 328      077A10D9 
 329 044b 8CDE0173 		.ascii	"\214\336\001s\267\245\031\245\2711\372\277\3446\033"
 329      B7A519A5 
 329      B931FABF 
 329      E4361B
 330 045a 82D16C1E 		.ascii	"\202\321l\036/\266%\307\367\340\377\035j\346.\230m\005"
 330      2FB625C7 
 330      F7E0FF1D 
 330      6AE62E98 
 330      6D05
 331 046c B324A9C8 		.ascii	"\263$\251\310\0350\270\373\305\367\207]=\223\251wdX"
 331      1D30B8FB 
 331      C5F7875D 
 331      3D93A977 
 331      6458
 332 047e 29B7940A 		.ascii	")\267\224\012m\310St\222*\320c\360MQ\205;\233-\015\250"
 332      6DC85374 
 332      922AD063 
 332      F04D5185 
 332      3B9B2D0D 
 333 0493 AFCF64B6 		.ascii	"\257\317d\266\270\315\033^\207\030^;\033\365\311\304"
 333      B8CD1B5E 
 333      87185E3B 
 333      1BF5C9C4 
 334 04a3 EDAF85A9 		.ascii	"\355\257\205\251\326\222\215\341qz\222+\233\352\345"
 334      D6928DE1 
 334      717A922B 
 334      9BEAE5
 335 04b2 A0DEBB5D 		.ascii	"\240\336\273]X\357\246t\246\013\310:)Y7u\246\2039\323"
 335      58EFA674 
 335      A60BC83A 
 335      29593775 
 335      A68339D3 
 336 04c6 4D9DE978 		.ascii	"M\235\351x\\\263\036\247\323\341B\247\213\216\227\270"
 336      5CB31EA7 
 336      D3E142A7 
 336      8B8E97B8 
 337 04d6 E3D34CD9 		.ascii	"\343\323L\331US\233\256Qs*x(b\226\30753}\013\340\006"
 337      55539BAE 
 337      51732A78 
 337      286296C7 
 337      35337D0B 
 338 04ec 9D1692DC 		.ascii	"\235\026\222\334d\035\224\024\274s\237w\213\357\243"
 338      641D9414 
 338      BC739F77 
 338      8BEFA3
 339 04fb CBA01709 		.ascii	"\313\240\027\011\353\340\371\325={\334\205-\260a/\356"
 339      EBE0F9D5 
 339      3D7BDC85 
 339      2DB0612F 
 339      EE
 340 050c 3C736F37 		.ascii	"<so7\237\031\303\177\331\310\021$\272'N?<\210\324D\263"
 340      9F19C37F 
ARM GAS  /tmp/cccYNGlD.s 			page 27


 340      D9C81124 
 340      BA274E3F 
 340      3C88D444 
 341 0521 DF73FAD9 		.ascii	"\337s\372\331\3565\335\321\353\352\232h\3132\272GH\243"
 341      EE35DDD1 
 341      EBEA9A68 
 341      CB32BA47 
 341      48A3
 342 0533 F500B9D2 		.ascii	"\365\000\271\322U\004\277\000\336v\271k\237\360x\352"
 342      5504BF00 
 342      DE76B96B 
 342      9FF078EA 
 343 0543 270E241F 		.ascii	"'\016$\037\331\221\345\212\247X|\031=c\260\315\317Q"
 343      D991E58A 
 343      A7587C19 
 343      3D63B0CD 
 343      CF51
 344 0555 85BBD696 		.ascii	"\205\273\326\226\225\357\206\\\275e\304\020\211-\201"
 344      95EF865C 
 344      BD65C410 
 344      892D81
 345 0564 1F4302AC 		.ascii	"\037C\002\254u\025\222\223enC>n~\030O\266\335G\310\025"
 345      75159293 
 345      656E433E 
 345      6E7E184F 
 345      B6DD47C8 
 346 0579 0D4AA9BB 		.ascii	"\015J\251\273\326\225E[\230\177}\326\003\2279Qc\345"
 346      D695455B 
 346      987F7DD6 
 346      03973951 
 346      63E5
 347 058b 0F52AB74 		.ascii	"\017R\253t\314\223N\242\037\253j:\352\214/\263\306\311"
 347      CC934EA2 
 347      1FAB6A3A 
 347      EA8C2FB3 
 347      C6C9
 348 059d BC6BCFDD 		.ascii	"\274k\317\335q\025S\356<\316\212se\310\333DOk\254\031"
 348      711553EE 
 348      3CCE8A73 
 348      65C8DB44 
 348      4F6BAC19 
 349 05b1 D6E15AD6 		.ascii	"\326\341Z\3268\366<\3519\207\033\230\262\253\256\254"
 349      38F63CE9 
 349      39871B98 
 349      B2ABAEAC 
 350 05c1 5EC88446 		.ascii	"^\310\204F\242\367\326\264\037S\343\233\2541\363z\374"
 350      A2F7D6B4 
 350      1F53E39B 
 350      AC31F37A 
 350      FC
 351 05d2 4B0F7C4B 		.ascii	"K\017|K\260>RP\356\306\220\325tC\272}\245\302\015\337"
 351      B03E5250 
 351      EEC690D5 
 351      7443BA7D 
 351      A5C20DDF 
 352 05e6 618DD70F 		.ascii	"a\215\327\017\314\306\351p;S\304t\362d\351\32452\364"
 352      CCC6E970 
ARM GAS  /tmp/cccYNGlD.s 			page 28


 352      3B53C474 
 352      F264E9D4 
 352      3532F4
 353 05f9 DE0377B1 		.ascii	"\336\003w\261\266#\361\303\303\030\3670\345r\371\225"
 353      B623F1C3 
 353      C318F730 
 353      E572F995 
 354 0609 7A2706F4 		.ascii	"z'\006\364\005\365aWo\277;\356cm\235\374t\267\036\017"
 354      05F56157 
 354      6FBF3BEE 
 354      636D9DFC 
 354      74B71E0F 
 355 061d 30E5E8C4 		.ascii	"0\345\350\304\375gB\344\336\240V\365\266N8\341G\254"
 355      FD6742E4 
 355      DEA056F5 
 355      B64E38E1 
 355      47AC
 356 062f EDC4C994 		.ascii	"\355\304\311\224n\015~*\304&lZ\236t\323B\227:r+\325"
 356      6E0D7E2A 
 356      C4266C5A 
 356      9E74D342 
 356      973A722B 
 357 0644 F8396B9B 		.ascii	"\3709k\233\332\323\375J\217G\2302\022\367\250\337\205"
 357      DAD3FD4A 
 357      8F479832 
 357      12F7A8DF 
 357      85
 358 0655 0117831A 		.ascii	"\001\027\203\032S\226\263\327\025\217\261\266\203\207"
 358      5396B3D7 
 358      158FB1B6 
 358      8387
 359 0663 4E77EAF0 		.ascii	"Nw\352\360\024S\304r\304\223\225#\317\323\273\273]\361"
 359      1453C472 
 359      C4939523 
 359      CFD3BBBB 
 359      5DF1
 360 0675 0C6B2B6D 		.ascii	"\014k+m\030k\320a^\303\"\273<i\025\202q&Q\337.\201\322"
 360      186BD061 
 360      5EC322BB 
 360      3C691582 
 360      712651DF 
 361 068c 278EB5ED 		.ascii	"'\216\265\355\310\251\235q\303\361L\311\033\352{\213"
 361      C8A99D71 
 361      C3F14CC9 
 361      1BEA7B8B 
 362 069c 712253DE 		.ascii	"q\"S\336\\\252\343\235\361\036\246\3446t5x\340d\246"
 362      5CAAE39D 
 362      F11EA6E4 
 362      36743578 
 362      E064A6
 363 06af F464A79C 		.ascii	"\364d\247\234T3\276\247D\237\230y\261\233c\213\264\032"
 363      5433BEA7 
 363      449F9879 
 363      B19B638B 
 363      B41A
 364 06c1 56BCD7CD 		.ascii	"V\274\327\315\312\314\023\256\350#\345\345\275\320\366"
 364      CACC13AE 
ARM GAS  /tmp/cccYNGlD.s 			page 29


 364      E823E5E5 
 364      BDD0F6
 365 06d0 379BE421 		.ascii	"7\233\344!)\204RO\356\340\223\303h\216\015A\216er\013"
 365      2984524F 
 365      EEE093C3 
 365      688E0D41 
 365      8E65720B 
 366 06e4 A5AC7C4A 		.ascii	"\245\254|JS\336\217\324c\014\337\372;x\202\307a\212"
 366      53DE8FD4 
 366      630CDFFA 
 366      3B7882C7 
 366      618A
 367 06f6 8EE11468 		.ascii	"\216\341\024h\236#\350\033H\202\327\310\340qJx\354\017"
 367      9E23E81B 
 367      4882D7C8 
 367      E0714A78 
 367      EC0F
 368 0708 E003FF2E 		.ascii	"\340\003\377.\301\237(}\031P\372b\225\241\207\225\350"
 368      C19F287D 
 368      1950FA62 
 368      95A18795 
 368      E8
 369 0719 E748493E 		.ascii	"\347HI>\364\265\004OP\372\262\203S\220\017\374\233\204"
 369      F4B5044F 
 369      50FAB283 
 369      53900FFC 
 369      9B84
 370 072b 9E50928F 		.ascii	"\236P\222\217)]\031\220\3059\247D\277S\242\273e\236"
 370      295D1990 
 370      C539A744 
 370      BF53A2BB 
 370      659E
 371 073d 242A3DF1 		.ascii	"$*=\361Q\216\270\314\221)%\365\244\222zH\206\036w\354"
 371      518EB8CC 
 371      912925F5 
 371      A4927A48 
 371      861E77EC 
 372 0751 B6DD98C8 		.ascii	"\266\335\230\310\206\360\241\343\001\267\233N\031\373"
 372      86F0A1E3 
 372      01B79B4E 
 372      19FB
 373 075f 8C12FE5A 		.ascii	"\214\022\376Z\351\313\270,\314x\307\003nG.\363\345\205"
 373      E9CBB82C 
 373      CC78C703 
 373      6E472EF3 
 373      E585
 374 0771 E3E9944F 		.ascii	"\343\351\224O\276l\304\2679ND\271+2\307G\225\334#\022"
 374      BE6CC4B7 
 374      394E44B9 
 374      2B32C747 
 374      95DC2312 
 375 0785 37DB78DB 		.ascii	"7\333x\333o-\210\201s\001A\251\204=\227\\\373\204g\336"
 375      6F2D8881 
 375      730141A9 
 375      843D975C 
 375      FB8467DE 
 376 0799 976A15DA 		.ascii	"\227j\025\332\303y\241\335`\005\355\022l\003\014ep\336"
ARM GAS  /tmp/cccYNGlD.s 			page 30


 376      C379A1DD 
 376      6005ED12 
 376      6C030C65 
 376      70DE
 377 07ab E820F711 		.ascii	"\350 \367\021\312\0039\000r\024$\027$\031\344\030\310"
 377      CA033900 
 377      72142417 
 377      2419E418 
 377      C8
 378 07bc 5E905490 		.ascii	"^\220T\220\034\220|\220\023 G@N\201\034\002\311\006"
 378      1C907C90 
 378      13204740 
 378      4E811C02 
 378      C906
 379 07ce 4901     		.ascii	"I\001"
 380 07d0 390C721C 		.ascii	"9\014r\034\344$H:\310~\220$\220,\220} i\334G\324!\026"
 380      E424483A 
 380      C87E9024 
 380      902C907D 
 380      2069DC47 
 381 07e7 5B6FB7E7 		.ascii	"[o\267\347\376X\276\321\227\006\367\314\361\012\226"
 381      FE58BED1 
 381      9706F7CC 
 381      F10A96
 382 07f6 8F73B76C 		.ascii	"\217s\267l,^9N(\273\024\221\015\364{\307\251-\207\317"
 382      2C5E394E 
 382      28BB1491 
 382      0DF47BC7 
 382      A92D87CF 
 383 080a CAE06F94 		.ascii	"\312\340o\224\360\331\037\302e\316\274t<1r\270U\006"
 383      F0D91FC2 
 383      65CEBC74 
 383      3C3172B8 
 383      5506
 384 081c 9F769C80 		.ascii	"\237v\234\200v\354\262\014\334\356x\373\221/b\031z\247"
 384      76ECB20C 
 384      DCEE78FB 
 384      912F6219 
 384      7AA7
 385 082e C36529E7 		.ascii	"\303e)\347\036\227\005\372\326q\240\224\233<\034\023"
 385      1E9705FA 
 385      D671A094 
 385      9B3C1C13 
 386 083e AB135CE4 		.ascii	"\253\023\\\344\025\205\034\013\031\306\261\212\002~"
 386      15851C0B 
 386      19C6B18A 
 386      027E
 387 084c C9D37847 		.ascii	"\311\323xGM\274\006\247\263m>\363\375\276l\027R\270"
 387      4DBC06A7 
 387      B36D3EF3 
 387      FDBE6C17 
 387      52B8
 388 085e C542CF84 		.ascii	"\305B\317\204?Y\361\222'\322XJ\261+\316f\335\023\012"
 388      3F59F192 
 388      27D2584A 
 388      B12BCE66 
 388      DD130A
ARM GAS  /tmp/cccYNGlD.s 			page 31


 389 0871 936AB1D8 		.ascii	"\223j\261\330\375O\027\314\344\300\265;\346\244\033"
 389      FD4F17CC 
 389      E4C0B53B 
 389      E6A41B
 390 0880 CE67DDDB 		.ascii	"\316g\335\333;\322wj\360\031\246<\270\377$\321\035\227"
 390      3BD2776A 
 390      F019A63C 
 390      B8FF24D1 
 390      1D97
 391 0892 31E5C7EB 		.ascii	"1\345\307\353\345s\234PP\372P\316\301[%\245\036B\305"
 391      E5739C50 
 391      50FA50CE 
 391      C15B25A5 
 391      1E42C5
 392 08a5 18CB2F51 		.ascii	"\030\313/Q\323\342NB\227r\236b\037\202.\271\022\367"
 392      D3E24E42 
 392      97729E62 
 392      1F822EB9 
 392      12F7
 393 08b7 42385954 		.ascii	"B8YT#\362`\276R\035\253\301U\324\256sM\305\236Z-}\254"
 393      23F260BE 
 393      521DABC1 
 393      55D4AE73 
 393      4DC59E5A 
 394 08ce 2DF4268F 		.ascii	"-\364&\217\260\270Xx\204u\342\246\256\274\0331\374\211"
 394      B0B85878 
 394      8475E2A6 
 394      AEBC1B31 
 394      FC89
 395 08e0 C5A898D3 		.ascii	"\305\250\230\323\243\"\230\272\212\371\267\232\024\350"
 395      A32298BA 
 395      8AF9B79A 
 395      14E8
 396 08ee 32D4E4C4 		.ascii	"2\324\344\304&\257\020\360\005J\274]b\020\013\335\""
 396      26AF10F0 
 396      054ABC5D 
 396      62100BDD 
 396      22
 397 08ff 9CD09F71 		.ascii	"\234\320\237qL\357'\261\217\313\331\313\034\2633o\344"
 397      4CEF27B1 
 397      8FCBD9CB 
 397      1CB3336F 
 397      E4
 398 0910 3BCA79D8 		.ascii	";\312y\330Q\330\276U!l'\227a;\251\204\345~\005\344\""
 398      51D8BE55 
 398      216C2797 
 398      613BA984 
 398      E57E05E4 
 399 0925 C8059072 		.ascii	"\310\005\220r\220K\302\362g\233\325\373\233`\015N\235"
 399      904BC2F2 
 399      679BD5FB 
 399      9B600D4E 
 399      9D
 400 0936 15F69B15 		.ascii	"\025\366\233\025\363\274\275\311\3514\034\336wj\250"
 400      F3BCBDC9 
 400      E9341CDE 
 400      776AA8
ARM GAS  /tmp/cccYNGlD.s 			page 32


 401 0945 EB254A5F 		.ascii	"\353%J_\354\223\032\310\254\242\3530)\350\254C\270\230"
 401      EC931AC8 
 401      ACA2EB30 
 401      29E8AC43 
 401      B898
 402 0957 D46D9317 		.ascii	"\324m\223\027\263\324x\233\226\026\267\327\213\312\317"
 402      B3D4789B 
 402      9616B7D7 
 402      8BCACF
 403 0966 23B4D0DB 		.ascii	"#\264\320\333Q@\250\032\342\370\231159\305\222\015\270"
 403      5140A81A 
 403      E2F89931 
 403      3539C592 
 403      0DB8
 404 0978 0A7A5DE5 		.ascii	"\012z]\345lu/\011\221\332\036\235I\330\345!_PUv\013"
 404      6C752F09 
 404      91DA1E9D 
 404      49D8E521 
 404      5F505576 
 405 098d EA9AB0A0 		.ascii	"\352\232\260\240\256\321\005U>vl\007\2367Wk\304\\-`"
 405      AED10555 
 405      3E766C07 
 405      9E37576B 
 405      C45C2D60 
 406 09a1 0BA066BC 		.ascii	"\013\240f\274$W(O\261\254\022\\\304*\301\344\351\242"
 406      2457284F 
 406      B1AC125C 
 406      C42AC1E4 
 406      E9A2
 407 09b3 1D1AE5E1 		.ascii	"\035\032\345\341\347:\004ZKg\256\216\2462\245\244\012"
 407      E73A045A 
 407      4B67AE8E 
 407      A632A5A4 
 407      0A
 408 09c4 59433DAD 		.ascii	"YC=\255\207ux\227v\236\003\317\305\334'\305n\362\323"
 408      87757897 
 408      769E03CF 
 408      C5DC27C5 
 408      6EF2D3
 409 09d7 4DB3DDD1 		.ascii	"M\263\335\321\256\221\223\237\362\263*3vj\245\323\315"
 409      AE91939F 
 409      F2B32A33 
 409      766AA5D3 
 409      CD
 410 09e8 706EAFED 		.ascii	"pn\257\355t\003@T/\216\024j\340\324D\263?\335\334\340"
 410      74034054 
 410      2F8E146A 
 410      E0D444B3 
 410      3FDDDCE0 
 411 09fc C8E966F8 		.ascii	"\310\351f\370T\307\002\234:\237;\027J\012G\304\327Z"
 411      54C7029C 
 411      3A9F3B17 
 411      4A0A47C4 
 411      D75A
 412 0a0e EDD6BF39 		.ascii	"\355\326\2779\030\313\347A\244'\020==Ym\3747\201\337"
 412      18CBE741 
 412      A427103D 
ARM GAS  /tmp/cccYNGlD.s 			page 33


 412      3D596DFC 
 412      3781DF
 413 0a21 AAE46FA2 		.ascii	"\252\344o\242\374\247\212\013c\365\037f\261\347h\025"
 413      FCA78A0B 
 413      63F51F66 
 413      B1E76815 
 414 0a31 C72738C3 		.ascii	"\307'8\3031\207\276\030b/\037\232\271\017\311\311\245"
 414      3187BE18 
 414      622F1F9A 
 414      B90FC9C9 
 414      A5
 415 0a42 B9A14738 		.ascii	"\271\241G8X$\220E>\367\254+G(\341Gi\245\376\366X\271"
 415      58249045 
 415      3EF7AC2B 
 415      4728E147 
 415      69A5FEF6 
 416 0a58 A02F02F5 		.ascii	"\240/\002\365]_r\262\226\315B&\201\277\335U\231\246"
 416      5D5F72B2 
 416      96CD4226 
 416      81BFDD55 
 416      99A6
 417 0a6a 99774A5B 		.ascii	"\231wJ[\305)mdS:\023W\336\217\244Ic\373\317\3670i\267"
 417      C5296D64 
 417      533A1357 
 417      DE8FA449 
 417      63FBCFF7 
 418 0a81 E9A4DDA1 		.ascii	"\351\244\335\241\223\326*\356?e\255\035S:\234\301Fh"
 418      93D62AEE 
 418      3F65AD1D 
 418      533A9CC1 
 418      4668
 419 0a93 675BCF39 		.ascii	"g[\3179\273\256dI\317\333\365\302\343\033\365z\346&"
 419      BBAE6449 
 419      CFDBF5C2 
 419      E31BF57A 
 419      E626
 420 0aa5 4FDCBC5C 		.ascii	"O\334\274\\\337z\003\341\023\214*!m\374\266\307\274"
 420      DF7A03E1 
 420      138C2A21 
 420      6DFCB6C7 
 420      BC
 421 0ab6 3E778A3E 		.ascii	">w\212>\223D\"\007\204\351\272n'\245\317\355`\230m\037"
 421      93442207 
 421      84E9BA6E 
 421      27A5CFED 
 421      60986D1F 
 422 0aca 5DD470A7 		.ascii	"]\324p\247h\270\2674\355\261V\351\346\274\350\307\357"
 422      68B8B734 
 422      EDB156E9 
 422      E6BCE8C7 
 422      EF
 423 0adb 4BAD5A9C 		.ascii	"K\255Z\234\317\334:\260\177\332\352\214\213\264v\247"
 423      CFDC3AB0 
 423      7FDAEA8C 
 423      8BB476A7 
 424 0aeb B845C229 		.ascii	"\270E\302)n\242`\364\244\006\237e\215\251\225\251e\356"
 424      6EA260F4 
ARM GAS  /tmp/cccYNGlD.s 			page 34


 424      A4069F65 
 424      8DA995A9 
 424      65EE
 425 0afd 4A97EE83 		.ascii	"J\227\356\203\021\266\001\366q\322[\010@\027\277\232"
 425      11B601F6 
 425      71D25B08 
 425      4017BF9A 
 426 0b0d A8D02B5D 		.ascii	"\250\320+]\232\027}x&k\310\015\2271C/F\336\236q\307"
 426      9A177D78 
 426      266BC80D 
 426      9731432F 
 426      46DE9E71 
 427 0b22 154C2928 		.ascii	"\025L)(\274\326\342\202\253\230\36269\243T\207\353\230"
 427      BCD6E282 
 427      AB98F236 
 427      39A35487 
 427      EB98
 428 0b34 5293737C 		.ascii	"R\223s|\277\016[\2312\227\234\220\246\305\267\230\222"
 428      BF0E5B99 
 428      32979C90 
 428      A6C5B798 
 428      92
 429 0b45 D29292E3 		.ascii	"\322\222\222\343\202\3572\345\315\323\224.\304RI~`_"
 429      82EF32E5 
 429      CDD3942E 
 429      C452497E 
 429      605F
 430 0b57 241CD88B 		.ascii	"$\034\330\213\247\222\016\271\340n\206\355\350\212\273"
 430      A7920EB9 
 430      E06E86ED 
 430      E88ABB
 431 0b66 24605DC8 		.ascii	"$`]\310j\277\331\367\273yglX\234\261\347l\306\316l\037"
 431      6ABFD9F7 
 431      BB79676C 
 431      589CB1E7 
 431      6CC6CE6C 
 432 0b7b CC7786BE 		.ascii	"\314w\206\276^z8\001\310^\246y\261\227i\347\253'\212"
 432      5E7A3801 
 432      C85EA679 
 432      B19769E7 
 432      AB278A
 433 0b8e D4B8976D 		.ascii	"\324\270\227m\227\027\316\017\036\321\313^\227-\335"
 433      9717CE0F 
 433      1ED1CB5E 
 433      972DDD
 434 0b9d 1E4FDE50 		.ascii	"\036O\336P\215\301\020\275\224\266;/\333\3532\373wE"
 434      8DC110BD 
 434      94B63B2F 
 434      DBEB32FB 
 434      7745
 435 0baf A3B0877A 		.ascii	"\243\260\207z\011\217\356\021\030\321\027\314\201\374"
 435      098FEE11 
 435      18D117CC 
 435      81FC
 436 0bbd 8CBCEB6E 		.ascii	"\214\274\353n\370)\263\220\226z\355\274\273\315\302"
 436      F829B390 
 436      967AEDBC 
ARM GAS  /tmp/cccYNGlD.s 			page 35


 436      BBCDC2
 437 0bcc DCC807A5 		.ascii	"\334\310\007\245\364\035\330$X\030\227,\214q\363\230"
 437      F41DD824 
 437      5818972C 
 437      8C71F398 
 438 0bdc 98706CC2 		.ascii	"\230pl\302\332\330\264G-\337\376\010\3373h\177J'\365"
 438      DAD8B447 
 438      2DDFFE08 
 438      DF33687F 
 438      4A27F5
 439 0bef 159DD461 		.ascii	"\025\235\324a1\3172\013\323\206\265\254\372\370I\354"
 439      31CF320B 
 439      D386B5AC 
 439      FAF849EC 
 440 0bff 3969B1B3 		.ascii	"9i\261\263Nr\366\251\037c\257l\355\371\022\217\262y"
 440      4E72F6A9 
 440      1F63AF6C 
 440      EDF9128F 
 440      B279
 441 0c11 7BD5D2F3 		.ascii	"{\325\322\363\000\341I\246\304\335\274\221\253\305\323"
 441      00E149A6 
 441      C4DDBC91 
 441      ABC5D3
 442 0c20 4C19CE6F 		.ascii	"L\031\316on\324\340\367L\031|<{\021\343Xg\252\234\032"
 442      6ED4E0F7 
 442      4C197C3C 
 442      7B11E358 
 442      67AA9C1A 
 443 0c34 CEDEA3C3 		.ascii	"\316\336\243\303\011L\211\033\034i\021\316\361\273\311"
 443      094C891B 
 443      1C6911CE 
 443      F1BBC9
 444 0c43 E4BD19BD 		.ascii	"\344\275\031\275pW\314\022r^\037z\365h\316\031'Q\360"
 444      7057CC12 
 444      725E1F7A 
 444      F568CE19 
 444      2751F0
 445 0c56 5F0D9FDF 		.ascii	"_\015\237\337wR:[/\224\235\256\351\261:.\206\326$\011"
 445      77523A5B 
 445      2F949DAE 
 445      E9B13A2E 
 445      86D62409 
 446 0c6a B7AC3CDF 		.ascii	"\267\254<\337_\215\320kx\224\016\301\230\357\304\013"
 446      5F8DD06B 
 446      78940EC1 
 446      98EFC40B 
 447 0c7a 6DD1D89F 		.ascii	"m\321\330\237Ph\215\021-\225\030o\005\264\343\347t\012"
 447      50688D11 
 447      2D95186F 
 447      05B4E3E7 
 447      740A
 448 0c8c F0776F8D 		.ascii	"\360wo\215\241\350n\340\356\020\320\342z\267?+\021n"
 448      A1E86EE0 
 448      EE10D0E2 
 448      7AB73F2B 
 448      116E
 449 0c9e EB1689FB 		.ascii	"\353\026\211\373\211\222\333\276\204'\360\001\031|P"
ARM GAS  /tmp/cccYNGlD.s 			page 36


 449      8992DBBE 
 449      8427F001 
 449      197C50
 450 0cad 09B73BE5 		.ascii	"\011\267;\345\221j\307\272U*vz\224\350\021\245+\255"
 450      916AC7BA 
 450      552A767A 
 450      94E811A5 
 450      2BAD
 451 0cbf 32EEC74A 		.ascii	"2\356\307J\364\254\022= \033\2247J\264\254\356\222\227"
 451      F4AC123D 
 451      201B9437 
 451      4AB4ACEE 
 451      9297
 452 0cd1 1D73300C 		.ascii	"\035s0\014\357i\023A\223\232#\005{\243D\374\021\332"
 452      EF691341 
 452      939A2305 
 452      7BA344FC 
 452      11DA
 453 0ce3 069200B2 		.ascii	"\006\222\000\262\017d7\310\001\220\030\2208\220x\220"
 453      0F6437C8 
 453      01901890 
 453      38907890 
 454 0cf3 6490ED20 		.ascii	"d\220\355 \373Av\201\034\002I\005\331\001r\020$\026"
 454      FB417681 
 454      1C024905 
 454      D9017210 
 454      2416
 455 0d05 2409642F 		.ascii	"$\011d/\310\036,\036\301\310\030\264FKc\360\316\341"
 455      C81E2C1E 
 455      C1C818B4 
 455      464B63F0 
 455      CEE1
 456 0d17 E4C9821A 		.ascii	"\344\311\202\032\227\015\301\200\022<\251\034\202q\331"
 456      970DC180 
 456      123CA91C 
 456      8271D9
 457 0d26 10CC28D1 		.ascii	"\020\314(\321?\250T\307\267Jh\036+\320-v\205*$\320\200"
 457      3FA854C7 
 457      B74A681E 
 457      2BD02D76 
 457      852A24D0 
 458 0d3b 90456D90 		.ascii	"\220Em\220Ew\005n\361\341\246x\335\002\233\310\220\200"
 458      4577056E 
 458      F1E1A678 
 458      DD029BC8 
 458      9080
 459 0d4d BE239486 		.ascii	"\276#\224\206v\350[\2342\213\272ea>r<\323r\370\220,"
 459      76E85B9C 
 459      328BBA65 
 459      613E723C 
 459      D372F890 
 460 0d62 CE59C753 		.ascii	"\316Y\307Sm\007\227\261?t\234\243r\370\254\214}\332"
 460      6D0797B1 
 460      3F749CA3 
 460      72F8AC8C 
 460      7DDA
 461 0d74 F1283238 		.ascii	"\361(28\333/\353_z\322\027\000\000\263\257\251\311\250"
ARM GAS  /tmp/cccYNGlD.s 			page 37


 461      DB2FEB5F 
 461      7AD21700 
 461      00B3AFA9 
 461      C9A8
 462 0d86 D5CF2CDA 		.ascii	"\325\317,\332\317\223\363v?\014D\257@&>\331\354_\015"
 462      CF93F376 
 462      3F0C44AF 
 462      40263ED9 
 462      EC5F0D
 463 0d99 D1DC90AD 		.ascii	"\321\334\220\255\217{\216\327\207\235\247\262\300\036"
 463      8F7B8ED7 
 463      879DA7B2 
 463      C01E
 464 0da7 38CE0E06 		.ascii	"8\316\016\006\207]\251\245/\265E\215S\350\256\304\225"
 464      875DA9A5 
 464      2FB5458D 
 464      53E8AEC4 
 464      95
 465 0db8 7794A6BA 		.ascii	"w\224\246\272+Jpq-\240#\260\004\376?\226\203P\276\317"
 465      2B4A7071 
 465      2DA023B0 
 465      04FE3F96 
 465      8350BECF 
 466 0dcc 6878DE19 		.ascii	"hx\336\031\245\201\301\303\330\366\260!\203I\335>\330"
 466      A581C1C3 
 466      D8F6B021 
 466      8349DD3E 
 466      D8
 467 0ddd D413AB95 		.ascii	"\324\023\253\225W\357iX^\275\037\305\254z\207_\000\367"
 467      57EF6958 
 467      5EBD1FC5 
 467      AC7A875F 
 467      00F7
 468 0def 4FEF9DB3 		.ascii	"O\357\235\263+\365k\355\336\306\247\013\340t\012\216"
 468      2BF56BED 
 468      DEC6A70B 
 468      E0740A8E 
 469 0dff 7BD57EDC 		.ascii	"{\325~\334\015\037s\236\247\272M\342\357%\251\245\372"
 469      0D1F739E 
 469      A7BA4DE2 
 469      EF25A9A5 
 469      FA
 470 0e10 39A17CF0 		.ascii	"9\241|\360f\014\277(\356\357i\365|L\364\024\035\307"
 470      660CBF28 
 470      EEEF69F5 
 470      7C4CF414 
 470      1DC7
 471 0e22 6AA2D957 		.ascii	"j\242\331W\267\031\230T\267g\013\356\325\251\205\352"
 471      B7199854 
 471      B7670BEE 
 471      D5A985EA 
 472 0e32 B6BE02C7 		.ascii	"\266\276\002\307\3601\210\226\267\027\305\3626\023\223"
 472      F0318896 
 472      B717C5F2 
 472      361393
 473 0e41 F2F6C8DD 		.ascii	"\362\366\310\335\304\034\255\000k\375\255X\003\333@"
 473      C41CAD00 
ARM GAS  /tmp/cccYNGlD.s 			page 38


 473      6BFDAD58 
 473      03DB40
 474 0e50 591434D5 		.ascii	"Y\0244\325}\257\335U\000M\344-/\344\223\027\330\303"
 474      7DAFDD55 
 474      004DE42D 
 474      2FE49317 
 474      D8C3
 475 0e62 B2F1872A 		.ascii	"\262\361\207*\335\246h\223\305\020\031\035\376_\316"
 475      DDA66893 
 475      C510191D 
 475      FE5FCE
 476 0e71 FFFCAF6B 		.ascii	"\377\374\257k\227\004\370\371\251|\227.\365\261}\242"
 476      9704F8F9 
 476      A97C972E 
 476      F5B17DA2 
 477 0e81 CD3EE1D1 		.ascii	"\315>\341\321QQ\321\033}\010\320\354\343\037\262:`\365"
 477      5151D11B 
 477      7D08D0EC 
 477      E31FB23A 
 477      60F5
 478 0e93 169FF00D 		.ascii	"\026\237\360\015\341\321&\243\341\017\237G-\335\240"
 478      E1D126A3 
 478      E10F9F47 
 478      2DDDA0
 479 0ea2 72A11C9B 		.ascii	"r\241\034\2337\022\026O\033\237\341\033St\224!\302l"
 479      3712164F 
 479      1B9FE11B 
 479      53749421 
 479      C26C
 480 0eb4 5A246BB6 		.ascii	"Z$k\266\335t\011]\027`X\025\266q}\244\321\3643\015\206"
 480      DD74095D 
 480      17605815 
 480      B6717DA4 
 480      D1F4330D 
 481 0ec9 AB3C0D94 		.ascii	"\253<\015\2242\302\364\235\301\270)\"2\372\333\315\306"
 481      32C2F49D 
 481      C1B82922 
 481      32FADBCD 
 481      C6
 482 0eda 5FB05BE6 		.ascii	"_\260[\346?FX\3027\330\254,dw\215[\",\266{\177\035\276"
 482      3F4658C2 
 482      37D8AC2C 
 482      64778D5B 
 482      222CB67B 
 483 0ef1 21347C43 		.ascii	"!4|C\2209\330d4Fm\262DDo\0141~\2679\302d\\\357d\370"
 483      9039D864 
 483      34466DB2 
 483      44446F0C 
 483      317EB739 
 484 0f0b 2A3A3AF2 		.ascii	"*::\362C\2057&\213O\304\306\360\310\315\353\215\340"
 484      43853726 
 484      8B4FC4C6 
 484      F0C8CDEB 
 484      8DE0
 485 0f1d 84397CC3 		.ascii	"\2049|\303z\210Xo0l\216\330hY\366\211\301\362\237>\321"
 485      7A88586F 
 485      306C8ED8 
ARM GAS  /tmp/cccYNGlD.s 			page 39


 485      6859F689 
 485      C1F29F3E 
 486 0f32 9B2C3EFE 		.ascii	"\233,>\376\226\350\310\310\210p\303\032\323fc\350\232"
 486      96E8C8C8 
 486      8870C31A 
 486      D36663E8 
 486      9A
 487 0f43 B52B82BE 		.ascii	"\265+\202\2766|\023m2\204\256Y\015\230-\313?3|\366\251"
 487      367C136D 
 487      3284AE59 
 487      0D982DCB 
 487      3F337CF6 
 488 0f58 E1374BFD 		.ascii	"\3417K\375\226\372\222x\326\200\025\263O\230)\352Wa"
 488      96FA9278 
 488      D68015B3 
 488      4F9829EA 
 488      5761
 489 0f6a ACDBAF8C 		.ascii	"\254\333\257\214a\277\217\260Y\211\012\013\337\020\261"
 489      61BF8FB0 
 489      59890A0B 
 489      DF10B1
 490 0f79 D1E86358 		.ascii	"\321\350cXo\374&ls\244\305`\331\272\311h\006\253\316"
 490      6FFC266C 
 490      73A4C560 
 490      D9BAC968 
 490      06ABCE
 491 0f8c A24DC39F 		.ascii	"\242M\303\237\335\246y\253\331\307`\266\254\007\003"
 491      DDA679AB 
 491      D9C760B6 
 491      AC0703
 492 0f9b 60481DBE 		.ascii	"`H\035\276!"
 492      21
 493 0fa0 CCE46630 		.ascii	"\314\344f0\230\215\026\303W\376\241+\203C\202\334\302"
 493      988D16C3 
 493      57FEA12B 
 493      834382DC 
 493      C2
 494 0fb1 22FF18B6 		.ascii	"\"\377\030\266\325l\210\330\030\011\276\375\243\343"
 494      D56C88D8 
 494      1809BEFD 
 494      A3E3
 495 0fbf 19336EB1 		.ascii	"\0313n\261\020[>\001\253C\203B}\002`\302|\202\304\241"
 495      105B3E01 
 495      AB438342 
 495      7D0260C2 
 495      7C82C4A1 
 496 0fd3 8B324798 		.ascii	"\2132G\230\015\337\206\207\2238LF\263\321\364\007\343"
 496      0DDF8687 
 496      93384C46 
 496      B3D1F407 
 496      E3
 497 0fe4 7AF8F32D 		.ascii	"z\370\363-\270d\260\374\303O\316\000\350\356\364\315"
 497      B864B0FC 
 497      C34FCE00 
 497      E8EEF4CD 
 498 0ff4 2673B809 		.ascii	"&s\270\011\233\375~\015\362)\3102"
 498      9BFD7E0D 
ARM GAS  /tmp/cccYNGlD.s 			page 40


 498      F229C832 
 499 1000 904F40FC 		.ascii	"\220O@\374@|9\363o8\363r\316\3749g\376\2143\377\232"
 499      407C39F3 
 499      6F38F372 
 499      CEFC3967 
 499      FE8C33FF 
 500 1015 337FCA99 		.ascii	"3\177\312\231\227q\346O8\263\037g\366Uo\331d6q\233\302"
 500      9771E64F 
 500      38B31F67 
 500      F6556FD9 
 500      6436719B 
 501 102a 35912683 		.ascii	"5\221&\203e\303zl\362\373\2043-\343L\360\355\307\231"
 501      65C37A6C 
 501      F2FB8433 
 501      2DE34CF0 
 501      EDC799
 502 103d 7C5D8474 		.ascii	"|]\204t\261\204[\2668\255^\027\030\342\253\011\014^"
 502      B1845BB6 
 502      38AD5E17 
 502      18E2AB09 
 502      0C5E
 503 104f 111A10E2 		.ascii	"\021\032\020\342\024\030\034\340O\277\003Bt!+CW\206"
 503      14181CE0 
 503      4FBF0342 
 503      74212B43 
 503      5786
 504 1061 AC5BB9C2 		.ascii	"\254[\271\302\227B\374\276\370\371\203AR9<\352S2\026"
 504      9742FCBE 
 504      F8F98341 
 504      52393CEA 
 504      533216
 505 1074 81C16B0D 		.ascii	"\201\301k\015k`\202u\006\303\2670\334\301\241\301:6"
 505      6B608275 
 505      06C3B730 
 505      DCC1A1C1 
 505      3A36
 506 1086 F0F04F1D 		.ascii	"\360\360O\035\024\352\037\242^\275:0\004\373\257\010"
 506      14EA1FA2 
 506      5EBD3A30 
 506      04FBAF08 
 507 1096 C12BE037 		.ascii	"\301+\340780D\355\037\030\032\242\376*\020\374\201&"
 507      383044ED 
 507      1F181AA2 
 507      FE2A10FC 
 507      8126
 508 10a8 00AC20FA 		.ascii	"\000\254 \372*\362\025\000_N\241\253\002BCp\350*BD2"
 508      2AF21500 
 508      5F4EA1AB 
 508      02424370 
 508      E82A4244 
 509 10bd 66B9C1A2 		.ascii	"f\271\301\242\025~1\270\217I8\376A!\001!\352uk\276\016"
 509      157E31B8 
 509      8F4938FE 
 509      41210121 
 509      EA756BBE 
 510 10d2 510701DA 		.ascii	"Q\007\001\332) xm\320\012\370\366\017\010q\016\015\370"
 510      2920786D 
ARM GAS  /tmp/cccYNGlD.s 			page 41


 510      D00AF8F6 
 510      0F08710E 
 510      0DF8
 511 10e4 8A7AE4C2 		.ascii	"\212z\344\302<\012\014\206\016\377\007\351\002\223\321"
 511      3C0A0C86 
 511      0EFF07E9 
 511      0293D1
 512              		.text
 513              		.section	.gnu.lto_.symtab.a3d2e26e43807a50,"",%progbits
 514 0000 5356435F 		.ascii	"SVC_Handler\000"
 514      48616E64 
 514      6C657200 
 515 000c 00       		.ascii	"\000"
 516 000d 00       		.ascii	"\000"
 517 000e 00       		.ascii	"\000"
 518 000f 00000000 		.ascii	"\000\000\000\000\000\000\000\000"
 518      00000000 
 519 0017 B6000000 		.ascii	"\266\000\000\000"
 520 001b 5F706F72 		.ascii	"_port_irq_epilogue\000"
 520      745F6972 
 520      715F6570 
 520      696C6F67 
 520      756500
 521 002e 00       		.ascii	"\000"
 522 002f 00       		.ascii	"\000"
 523 0030 00       		.ascii	"\000"
 524 0031 00000000 		.ascii	"\000\000\000\000\000\000\000\000"
 524      00000000 
 525 0039 B8000000 		.ascii	"\270\000\000\000"
 526 003d 5F706F72 		.ascii	"_port_switch_from_isr\000"
 526      745F7377 
 526      69746368 
 526      5F66726F 
 526      6D5F6973 
 527 0053 00       		.ascii	"\000"
 528 0054 02       		.ascii	"\002"
 529 0055 00       		.ascii	"\000"
 530 0056 00000000 		.ascii	"\000\000\000\000\000\000\000\000"
 530      00000000 
 531 005e BA000000 		.ascii	"\272\000\000\000"
 532 0062 5F706F72 		.ascii	"_port_exit_from_isr\000"
 532      745F6578 
 532      69745F66 
 532      726F6D5F 
 532      69737200 
 533 0076 00       		.ascii	"\000"
 534 0077 02       		.ascii	"\002"
 535 0078 00       		.ascii	"\000"
 536 0079 00000000 		.ascii	"\000\000\000\000\000\000\000\000"
 536      00000000 
 537 0081 BC000000 		.ascii	"\274\000\000\000"
 538 0085 63685363 		.ascii	"chSchIsPreemptionRequired\000"
 538      68497350 
 538      7265656D 
 538      7074696F 
 538      6E526571 
 539 009f 00       		.ascii	"\000"
ARM GAS  /tmp/cccYNGlD.s 			page 42


 540 00a0 02       		.ascii	"\002"
 541 00a1 00       		.ascii	"\000"
 542 00a2 00000000 		.ascii	"\000\000\000\000\000\000\000\000"
 542      00000000 
 543 00aa C4000000 		.ascii	"\304\000\000\000"
 544              		.text
 545              		.section	.gnu.lto_.opts,"",%progbits
 546 0000 272D666D 		.ascii	"'-fmath-errno' '-fsigned-zeros' '-ftrapping-math' '"
 546      6174682D 
 546      6572726E 
 546      6F272027 
 546      2D667369 
 547 0033 2D666E6F 		.ascii	"-fno-trapv' '-fno-strict-overflow' '-fno-openmp' '-"
 547      2D747261 
 547      70762720 
 547      272D666E 
 547      6F2D7374 
 548 0066 666E6F2D 		.ascii	"fno-openacc' '-mcpu=cortex-m4' '-mfloat-abi=hard' '"
 548      6F70656E 
 548      61636327 
 548      20272D6D 
 548      6370753D 
 549 0099 2D6D6670 		.ascii	"-mfpu=fpv4-sp-d16' '-mno-thumb-interwork' '-mthumb'"
 549      753D6670 
 549      76342D73 
 549      702D6431 
 549      36272027 
 550 00cc 20272D67 		.ascii	" '-ggdb' '-O0' '-ffunction-sections' '-fdata-sectio"
 550      67646227 
 550      20272D4F 
 550      30272027 
 550      2D666675 
 551 00ff 6E732720 		.ascii	"ns' '-fno-common' '-flto'\000"
 551      272D666E 
 551      6F2D636F 
 551      6D6D6F6E 
 551      2720272D 
 552              		.text
 553              		.comm	__gnu_lto_v1,1,1
 554              		.comm	__gnu_lto_slim,1,1
 555              		.ident	"GCC: (GNU Tools for ARM Embedded Processors (Build 17.03)) 6.3.1 20170215 (release) [ARM/e
ARM GAS  /tmp/cccYNGlD.s 			page 43


DEFINED SYMBOLS
                            *ABS*:0000000000000000 chcore_v7m.c
                            *COM*:0000000000000001 __gnu_lto_v1
                            *COM*:0000000000000001 __gnu_lto_slim

NO UNDEFINED SYMBOLS
