ARM GAS  /tmp/cc7g8zKI.s 			page 1


   1              		.cpu cortex-m4
   2              		.eabi_attribute 27, 1
   3              		.eabi_attribute 28, 1
   4              		.eabi_attribute 20, 1
   5              		.eabi_attribute 21, 1
   6              		.eabi_attribute 23, 3
   7              		.eabi_attribute 24, 1
   8              		.eabi_attribute 25, 1
   9              		.eabi_attribute 26, 1
  10              		.eabi_attribute 30, 6
  11              		.eabi_attribute 34, 1
  12              		.eabi_attribute 18, 4
  13              		.file	"chmemcore.c"
  14              		.text
  15              	.Ltext0:
  16              		.section	.gnu.lto_.inline.ee25b95d63f2633f,"",%progbits
  17 0000 789C6365 		.ascii	"x\234ce`b\330\304\200\000\034\014\014,\314\014\014L"
  17      6062D8C4 
  17      80001C0C 
  17      0C2CCC0C 
  17      0C4C
  18 0012 2C1FF418 		.ascii	",\037\364\030X\200r@\300\210!\302\304\300\302\003$\231"
  18      58807240 
  18      C08821C2 
  18      C4C0C203 
  18      2499
  19 0024 16C8C3D5 		.ascii	"\026\310\303\325p\001\011f\354\302,\014\254,@a\266\003"
  19      70010966 
  19      ECC22C0C 
  19      AC2C4061 
  19      B603
  20 0036 7630610E 		.ascii	"v0a\016\006Q\021\240\210\332\201\035L0!N\006.\025,z"
  20      065111A0 
  20      88DA811D 
  20      4C30214E 
  20      062E152C 
  21 004b 59F980C6 		.ascii	"Y\371\200\306N\360\003A0\237\213\201\215\025\250\214"
  21      4EF00341 
  21      309F8B81 
  21      8D15A88C 
  22 005b 63821F4C 		.ascii	"c\202\037L\031\003\000SD\014\255"
  22      19030053 
  22      440CAD
  23              		.text
  24              		.section	.gnu.lto_port_lock.ee25b95d63f2633f,"",%progbits
  25 0000 789C6D51 		.ascii	"x\234mQ\317KTQ\030\375\316\373\236ciF-\332\271x\263"
  25      CF4B5451 
  25      18FDCEFB 
  25      9E636946 
  25      2DDAB978 
  26 0015 18418879 		.ascii	"\030A\210y\003.Z\265\210Y\271\030\010\347\017\220z="
  26      032E5AB5 
  26      8859B918 
  26      08E70F90 
  26      7A3D
  27 0027 72A0E793 		.ascii	"r\240\347\223\367\246\320\225\227A\031\230\250\026\031"
  27      F7A6D095 
ARM GAS  /tmp/cc7g8zKI.s 			page 2


  27      97411998 
  27      A81619
  28 0036 A3A2BCC8 		.ascii	"\243\242\274\310\302\351\207\2163\265\251\250\246\332"
  28      C2E9878E 
  28      33B5A9A8 
  28      A6DA
  29 0044 485090D4 		.ascii	"HP\220\324\316\225\366\003\203\210\302E\020X\337}\206"
  29      CE95F603 
  29      8388C245 
  29      1058DF7D 
  29      86
  30 0055 B4E872EF 		.ascii	"\264\350r\357\342;\367;\347;\347\33662h\016DSDtD\016"
  30      E23BF73B 
  30      E73BE7DE 
  30      3632680E 
  30      44534474 
  31 006b 31C12039 		.ascii	"1\301 9\020\220@\343\006\306q\205\253\214\027\345O\017"
  31      109040E3 
  31      06C67185 
  31      AB8C17E5 
  31      4F0F
  32 007d 8DDE4525 		.ascii	"\215\336E%\253U}\327\363|RU2\021\023\3150\305\013\213"
  32      AB557DD7 
  32      F37C5255 
  32      321113CD 
  32      30C50B8B 
  33 0091 E825E9DB 		.ascii	"\350%\351\333h\354\\\353J\230\2738jH\210\020\004\177"
  33      68EC5CEB 
  33      4A98BB38 
  33      6A488810 
  33      047F
  34 00a3 3BB132C7 		.ascii	";\2612\307\2279b\300\224\362\373\353\331\315\203\272"
  34      973962C0 
  34      94F2FBEB 
  34      D9CD83BA 
  35 00b3 34604979 		.ascii	"4`Iy\353\325\332\263N\356\203V\330\236n\324\366\247"
  35      EBD5DAB3 
  35      4EEE8356 
  35      D89E6ED4 
  35      F6A7
  36 00c5 16942AA9 		.ascii	"\026\224*\251\326*V\225\0311\343.X\024q\007\335\270"
  36      D62A5695 
  36      1931E32E 
  36      58147107 
  36      DDB8
  37 00d7 8DEEDD89 		.ascii	"\215\356\335\211\367\220\252\257\241\245v~\227U\353"
  37      F790AAAF 
  37      A1A5767E 
  37      9755EB
  38 00e6 C34D543F 		.ascii	"\303MT?\3573\215\030&\252\304\266.\262\204\341-\224"
  38      EF338D18 
  38      26AAC4B6 
  38      2EB284E1 
  38      2D94
  39 00f8 8A34CF86 		.ascii	"\2124\317\206h\227\267\324\023S\217eXX\022\241/(m|["
  39      6897B7D4 
  39      13538F65 
ARM GAS  /tmp/cc7g8zKI.s 			page 3


  39      585812A1 
  39      2F286D7C 
  40 010d F8D5B5E7 		.ascii	"\370\325\265\347|\"Nxu\273\007\261\220N0\303\3707\031"
  40      7C224E78 
  40      75BB07B1 
  40      904E30C3 
  40      F83719
  41 0120 969190E9 		.ascii	"\226\221\220\351u\035\0154&77\242\346\317\216d\005\221"
  41      751D0D34 
  41      263737A2 
  41      E6CF8E64 
  41      0591
  42 0132 9AB62236 		.ascii	"\232\266\"6u\363\322\346c\245\335\020V\220$\215\254"
  42      75F3D2E6 
  42      63A5DD10 
  42      5690248D 
  42      AC
  43 0143 CF3E9AEA 		.ascii	"\317>\232\352\320\376\0320\347\265/4\343\227\250=}\371"
  43      D0FE1A30 
  43      E7B52F34 
  43      E397A83D 
  43      7DF9
  44 0155 F140F2D2 		.ascii	"\361@\362\322_r\233n\375\261\334|\337\031\223\357k2"
  44      5F729B6E 
  44      FDB1DC7C 
  44      DF1993EF 
  44      6B32
  45 0167 1EC0A4AF 		.ascii	"\036\300\244\257(]\257\2779\254\375\304\351+bJ>\217"
  45      285DAFBF 
  45      39ACFDC4 
  45      E92B624A 
  45      3E8F
  46 0179 32E9B4BD 		.ascii	"2\351\264\275\267\375\320v|\317\363\207\355\021?(\206"
  46      B7FDD076 
  46      7CCFF387 
  46      ED113F28 
  46      86
  47 018a F689815C 		.ascii	"\366\211\201\\67j;C\216\037\270\203\027\216y\351!j?"
  47      36376A3B 
  47      438E1FB8 
  47      83178E79 
  47      E9216A3F 
  48 019e 7D2A744F 		.ascii	"}*tO\006\205\343\377'\272\243EM\263\263\271|\177\336"
  48      0685E3FF 
  48      27BAA345 
  48      4DB3B3B9 
  48      7C7FDE
  49 01b1 CE0ACFEE 		.ascii	"\316\012\317\356\037v\316\235?\343\332\216\027\026\302"
  49      1F76CE9D 
  49      3FE3DA8E 
  49      1716C2
  50 01c0 C1B38E23 		.ascii	"\301\263\216#*\207r\371\001K+\215\004\205\243V*CF@\355"
  50      2A8772F9 
  50      014B2B8D 
  50      0485A356 
  50      2A434640 
  51 01d5 9EEBF9C1 		.ascii	"\236\353\371\301\030\375\0015\211\250\017"
ARM GAS  /tmp/cc7g8zKI.s 			page 4


  51      18FD0135 
  51      89A80F
  52              		.text
  53              		.section	.gnu.lto_port_unlock.ee25b95d63f2633f,"",%progbits
  54 0000 789C6D51 		.ascii	"x\234mQ\317KTQ\030\375\316\373\2363\245\031\266h\347"
  54      CF4B5451 
  54      18FDCEFB 
  54      9E33A519 
  54      B668E7
  55 0013 62663188 		.ascii	"bf1\210\020\363\006Z\264j\021\263r1\020\316\037 \365"
  55      10F3065A 
  55      B46A11B3 
  55      723110CE 
  55      1F20F5
  56 0026 7AE440CF 		.ascii	"z\344@\317'\357M\242+/\203\"\214X\213,\177\240\274\310"
  56      27EF4DA2 
  56      2B2F8322 
  56      8C588B2C 
  56      7FA0BCC8 
  57 003a 62A61FFE 		.ascii	"b\246\037\376\230\311M\0065\331F\202\220\224v\255\224"
  57      98C94D06 
  57      35D94682 
  57      909476AD 
  57      94
  58 004b 8A8288C2 		.ascii	"\212\202\210\302E\020\230\337}\206\264\350r\357\342"
  58      451098DF 
  58      7D86B4E8 
  58      72EFE2
  59 005a 3BF73BE7 		.ascii	";\367;\347;\347\336&2h\016D\223DtZ\0161\301 9\020\220"
  59      3BE7DE26 
  59      32680E44 
  59      9344745A 
  59      0E31C120 
  60 0071 40C30686 		.ascii	"@\303\006\206q\223\247\030\353c\237\236\031\235\025"
  60      7193A718 
  60      EB639F9E 
  60      199D15
  61 0080 25AB31B5 		.ascii	"%\2531\265\332\361jT\2253!\023\3150E\013\025t\222\364"
  61      DAF16A54 
  61      95332113 
  61      CD30450B 
  61      157492F4 
  62 0094 EDD4F66F 		.ascii	"\355\324\366o\267\306\314C\034U\304D\010\202\277\033"
  62      B7C6CC43 
  62      1C55C444 
  62      0882BF1B 
  63 00a4 5999E31B 		.ascii	"Y\231\343\033\0342`J\371\343\355\354\356I]\032HH\371"
  63      1C32604A 
  63      F9E3EDEC 
  63      EE495D1A 
  63      4848F9
  64 00b7 E0CDD6CB 		.ascii	"\340\315\326\313\026>\013\255\2607]\253\036O-(UR\215"
  64      163E0BAD 
  64      B0375DAB 
  64      1E4F2D28 
  64      55528D
  65 00ca 0D6C2833 		.ascii	"\015l(3d\306c\260(\342\021\332\361\020\355\207\023\237"
ARM GAS  /tmp/cc7g8zKI.s 			page 5


  65      64C663B0 
  65      28E211DA 
  65      F110ED87 
  65      139F
  66 00dc 20B5BC85 		.ascii	" \265\274\205\206\332\3773\246\032{\367\261\375\371"
  66      86DAFF33 
  66      A61A7BF7 
  66      B1FDF9
  67 00eb 98694430 		.ascii	"\230iD0Q9\2625\316\022\206\277\240T\244y6D\373\316\350"
  67      5139B235 
  67      CE1286BF 
  67      A054A479 
  67      3644FBCE 
  68 0100 FA665C8F 		.ascii	"\372f\\\217e\020\026E\350+J;\337\027~\267\0369\037\211"
  68      65101645 
  68      E82B4A3B 
  68      DF177EB7 
  68      1E391F89 
  69 0114 12DE5AEB 		.ascii	"\022\336Z\353@$\244\023\3140\376M\206%\304d\372\262"
  69      4024A413 
  69      CC30FE4D 
  69      8625C464 
  69      FAB2
  70 0126 8E061A92 		.ascii	"\216\006\032\222\233{a\375Ws\262\214PM'B6u\363\342\356"
  70      9B7B61FD 
  70      5773B28C 
  70      504D2742 
  70      3675F3E2 
  71 013b 73A5DD10 		.ascii	"s\245\335\020V\220$\215|\230]\233l\326\376j0\347\265"
  71      5690248D 
  71      7C985D9B 
  71      6CD6FE6A 
  71      30E7B5
  72 014e 2FD4A397 		.ascii	"/\324\243\227\250\276x\375\361Dr\342/\271I\267\376\\"
  72      A8BE78FD 
  72      F14472E2 
  72      2FB949B7 
  72      FE5C
  73 0160 AABF6F89 		.ascii	"\252\277o\211\310O5\031\2530\351\033Jw+\233\247\264"
  73      C84F3519 
  73      AB30E91B 
  73      4A772B9B 
  73      A7B4
  74 0172 9F287D59 		.ascii	"\237(}YL\311\347Q&\235\266\216\266\027X\266\347\272"
  74      4CC9E751 
  74      269DB68E 
  74      B61758B6 
  74      E7BA
  75 0184 5E9FD5EF 		.ascii	"^\237\325\357\371\305\300\272\320\235\313\346\006-\273"
  75      F9C5C0BA 
  75      D09DCBE6 
  75      062DBB
  76 0193 D7F67CA7 		.ascii	"\327\366|\247g\340\234\233\356\245\370\345K\201s\321"
  76      67E09C9B 
  76      EEA5F8E5 
  76      4B8173D1 
  77 01a3 2F9CFF3F 		.ascii	"/\234\377?\321\031,j\232\225\315\345\273\362VVxVW\237"
ARM GAS  /tmp/cc7g8zKI.s 			page 6


  77      D1192C6A 
  77      9A95CDE5 
  77      BBF25656 
  77      7856579F 
  78 01b7 7DEDFA15 		.ascii	"}\355\372\025\307\262\335\240\020\364\\\265mQi\313\345"
  78      C7B2DDA0 
  78      10F45CB5 
  78      6D5169CB 
  78      E5
  79 01c8 BB135AA9 		.ascii	"\273\023Z\251\337/\234I\2442d\370\024w\035\327\363\207"
  79      DF2F9C49 
  79      A43264F8 
  79      14771DD7 
  79      F387
  80 01da E800F4A0 		.ascii	"\350\000\364\240\247\336"
  80      A7DE
  81              		.text
  82              		.section	.gnu.lto_chSysLock.ee25b95d63f2633f,"",%progbits
  83 0000 789C3D4D 		.ascii	"x\234=M\315\012\001a\024\275g\256\277\215\245\354ec"
  83      CD0A0161 
  83      14BD67AE 
  83      BF8DA5EC 
  83      6563
  84 0012 33F3381E 		.ascii	"3\3638\036\000E\2112,\254\346\213\205b\241\224d\241"
  84      00458932 
  84      2CACE68B 
  84      8562A194 
  84      64A1
  85 0024 99854289 		.ascii	"\231\205B\211,'\233\311\023\310\326N\262\301#\370\271"
  85      2C279BC9 
  85      13C8D64E 
  85      B2C123F8 
  85      B9
  86 0035 DF28A77B 		.ascii	"\337(\247{\026\367\236\237\033%\203<\"\312\012SBb\202"
  86      16F79E9F 
  86      1B25833C 
  86      22CA0A53 
  86      426282
  87 0048 41424016 		.ascii	"AB@\026\220c\300\301\220'\214C\357\346\033\271\205\022"
  87      9063C0C1 
  87      90278C43 
  87      EFE61BB9 
  87      8512
  88 005a 0493517A 		.ascii	"\004\223Qz\255\216\212]&\2322\205\300\0029\022\337e"
  88      AD8E8A5D 
  88      269A3285 
  88      C0023912 
  88      DF65
  89 006c F71E2763 		.ascii	"\367\036'c\221\337\035K\304t\321\366\204@\275?=\025"
  89      91DF1D4B 
  89      C474D1F6 
  89      8440BD3F 
  89      3D15
  90 007e 5CE798E5 		.ascii	"\\\347\230\345E\352\207\261\001\3133\276\243\353m7\254"
  90      45EA87B1 
  90      01CB33BE 
  90      A3EB6D37 
ARM GAS  /tmp/cc7g8zKI.s 			page 7


  90      AC
  91 008f CDBAC1F7 		.ascii	"\315\272\301\367\037\347\270\363R\011\2271e\211c\005"
  91      1FE7B8F3 
  91      52099731 
  91      65896305 
  92 009f 875CB13E 		.ascii	"\207\\\261>\321\361\366\033\204F\215\276V\245!c\232"
  92      D1F1F61B 
  92      84468DBE 
  92      56A52163 
  92      9A
  93 00b0 D67FEAB6 		.ascii	"\326\177\352\266\325hZ\225Z\241\332*\226\254B\331n\333"
  93      D5685A95 
  93      5AA1DA2A 
  93      96AC42D9 
  93      6EDB
  94 00c2 6699BECA 		.ascii	"f\231\276\312):\275"
  94      293ABD
  95              		.text
  96              		.section	.gnu.lto_chSysUnlock.ee25b95d63f2633f,"",%progbits
  97 0000 789C9590 		.ascii	"x\234\225\220\277K\303p\020\305\357\345\322(\210n\342"
  97      BF4BC370 
  97      10C5EFE5 
  97      D228886E 
  97      E2
  98 0011 D2A1881D 		.ascii	"\322\241\210\035\2724\177\221S\025*\210\202\321\301"
  98      BA347F91 
  98      53152A88 
  98      82D1C1
  99 0020 295F6AA1 		.ascii	")_j\241PA')\021!\225\016\255Z\233vp\250St\352\242\250"
  99      50412729 
  99      1121950E 
  99      AD5A9B76 
  99      70A85374 
 100 0037 AB20A2E0 		.ascii	"\253 \242\340R\177P\020qi\365\222\242Cu\351\361\275"
 100      527F5010 
 100      7169F592 
 100      A24375E9 
 100      F1BD
 101 0049 2F1CEF73 		.ascii	"/\034\357s\357\340EH\243\032\210f\210(*M:A#i\260\374"
 101      EFE04548 
 101      A31A8866 
 101      88282A4D 
 101      3A412369 
 102 005f 0C910864 		.ascii	"\014\221\010dk\014\033\333\\`\234\347\236\232Z\242\254"
 102      6B0C1BDB 
 102      5C609CE7 
 102      9E9A5AA2 
 102      AC
 103 0070 A4FCC2E9 		.ascii	"\244\374\302\351TU])v\205u\230\302B\031\011\022\356"
 103      54555D29 
 103      76857598 
 103      C2421909 
 103      12EE
 104 0082 A1D1DB19 		.ascii	"\241\321\333\0317\364\322\217\204\012\01413D\272\316"
 104      37F4D28F 
 104      840A0C31 
 104      3344BACE 
ARM GAS  /tmp/cc7g8zKI.s 			page 8


 105 0092 D6F7784B 		.ascii	"\326\367xK\266\000]\306\316\305\356\343D0j\210\311X"
 105      B6005DC6 
 105      CEC5EEE3 
 105      44306A88 
 105      C958
 106 00a4 D83FF91C 		.ascii	"\330?\371\034\213\227\224\312(\377\343\316p*~6\3462"
 106      8B9794CA 
 106      28FFE3CE 
 106      702A7E36 
 106      E632
 107 00b6 072E3844 		.ascii	"\007.8D\024\007\210\366\017\035!>\200\267\316\264\226"
 107      140788F6 
 107      0F1D213E 
 107      80B7CEB4 
 107      96
 108 00c7 D2FF85AB 		.ascii	"\322\377\205\253!\3544\356;\221\001X\377\013\037\017"
 108      21EC34EE 
 108      3B910158 
 108      FF0B1F0F 
 109 00d7 E35C1BC6 		.ascii	"\343\\\033\306\331C\\\022\361n\340\253\336WN\371\257"
 109      D9435C12 
 109      F16EE0AB 
 109      DE574EF9 
 109      AF
 110 00e8 B397EFDD 		.ascii	"\263\227\357\335I\311'\037\306\227g\311\2367\345\014"
 110      49C9271F 
 110      C69767C9 
 110      9E37E50C 
 111 00f8 711B1BC5 		.ascii	"q\033\033\305\266\307AnA\236\315\346\363\355\210\335"
 111      B6C7416E 
 111      419ECDE6 
 111      F3ED88DD 
 112 0108 55A32E47 		.ascii	"U\243.G\034\226$Q\207M.\033\364\202L\361\315C\010\366"
 112      1C962451 
 112      874D2E1B 
 112      F4824CF1 
 112      CD4308F6 
 113 011c 4D44159F 		.ascii	"MD\025\237\351d\322\374}\313\226\271\262j.,\245\026"
 113      E964D2FC 
 113      7DCB96B9 
 113      B26A2E2C 
 113      A516
 114 012e D7E6E6CD 		.ascii	"\327\346\346\315T\332Z\267\222i\372\006\276G\216\233"
 114      54DA5AB7 
 114      9269FA06 
 114      BE478E9B 
 115              		.text
 116              		.section	.gnu.lto__core_init.ee25b95d63f2633f,"",%progbits
 117 0000 789C8591 		.ascii	"x\234\205\221QKTA\024\307\317\377\236\335U\302%\202"
 117      514B5441 
 117      14C7CFFF 
 117      9EDD55C2 
 117      2582
 118 0012 82901E7C 		.ascii	"\202\220\036|\331\007!\366~\201\276\200\037\".z\273"
 118      D90721F6 
 118      7E81BE80 
 118      1F222E7A 
ARM GAS  /tmp/cc7g8zKI.s 			page 9


 118      BB
 119 0023 60D0BAE1 		.ascii	"`\320\272\341\202\257;\012\272\265\322\012A\251A\334"
 119      82AF3B0A 
 119      BAB5D20A 
 119      41A941DC 
 120 0033 0BFB6059 		.ascii	"\013\373`Y\272n\255\272\267\027\227\245\307HX\220 !"
 120      BA6EADBA 
 120      B71797A5 
 120      C7485890 
 120      2021
 121 0045 42B605A5 		.ascii	"B\266\005\245\236\242\207\204\325\316\214\027+\003\033"
 121      9EA28784 
 121      D5CE8C17 
 121      2B031B
 122 0054 66E09C99 		.ascii	"f\340\234\231\363\377\317\357\314\304\311\242\233\026"
 122      F3FFCFEF 
 122      CCC4C9A2 
 122      9B16
 123 0062 D110115D 		.ascii	"\321\020\021]\221EL\220\024\026 \011(o!\2179\236g4\013"
 123      91454C90 
 123      14162009 
 123      286F218F 
 123      399E6734 
 124 0077 9DD01A5C 		.ascii	"\235\320\032\\R2\032\363\255\304\214\232\276\3523\321"
 124      52321AF3 
 124      ADC48C9A 
 124      BEEA33D1 
 125 0087 22931958 		.ascii	"\"\223\031X\302 I\331\217\342\367/I\266\241\343`\253"
 125      C22049D9 
 125      8FE2F72F 
 125      49B6A1E3 
 125      60AB
 126 0099 B97D3155 		.ascii	"\271}1UV\237E\322yr\371\241\012\026T\314g\340\0318\322"
 126      569F45D2 
 126      7972F9A1 
 126      0A1654CC 
 126      67E01938 
 127 00ae E99074ED 		.ascii	"\351\220t\355\207v\255\012\276at\237\302\325j\"\322"
 127      8776AD0A 
 127      BE61749F 
 127      C2D56A22 
 127      D2
 128 00bf 7DEC9F54 		.ascii	"}\354\237T\315\311\001\255Z\376\255Z\216T{\325\243G"
 128      CDC901AD 
 128      5AFEAD5A 
 128      8E547BD5 
 128      A347
 129 00d1 C9440C2F 		.ascii	"\311D\014/\220\302s\244Nh\360\022\011M_i\241\241\216"
 129      90C273A4 
 129      4E68F012 
 129      094D5F69 
 129      A1A18E
 130 00e4 8E0BAAF1 		.ascii	"\216\013\252\361\276\277Rk_\212\021\025\215~\226\245"
 130      BEBF526B 
 130      5F8A1115 
 130      8D7E96A5 
 131 00f4 45DEC7D4 		.ascii	"E\336\307\324a\241\273^\207\256\027\257\307\323\315"
ARM GAS  /tmp/cc7g8zKI.s 			page 10


 131      61A1BB5E 
 131      87AE17AF 
 131      C7D3CD
 132 0103 ED9E12FB 		.ascii	"\355\236\022\373l\031\2100\374\272\333\223\357\252^"
 132      6C198830 
 132      FCBADB93 
 132      EFAA5E
 133 0112 D9286B99 		.ascii	"\331(k\231\354\035\274\333y{\301\307S\370\314X\225\227"
 133      EC1DBCDB 
 133      797BC1C7 
 133      53F8CC58 
 133      9597
 134 0124 59C13573 		.ascii	"Y\3015sP\252\257\335\357\265W\364\343\004\023>\307P"
 134      50AAAFDD 
 134      EFB557F4 
 134      E304133E 
 134      C750
 135 0136 818F0573 		.ascii	"\201\217\005s\031\326`\377\351\036?\353\036/3\316\272"
 135      19D660FF 
 135      E91E3FEB 
 135      1E2F33CE 
 135      BA
 136 0147 03AFC4BD 		.ascii	"\003\257\304\275\032\271\007\207?w\372\244\370\236\270"
 136      1AB90787 
 136      3F77FAA4 
 136      F89EB8
 137 0156 EF415BBC 		.ascii	"\357A[\274\026{\261\256!O\246\215\007\233\247m\374\227"
 137      167BB1AE 
 137      214FA68D 
 137      079BA76D 
 137      FC97
 138 0168 7BFD3CEE 		.ascii	"{\375<\356\015\303m\376~\323p\377\015j\375\013Z?\027"
 138      0DC36DFE 
 138      7ED370FF 
 138      0D6AFD0B 
 138      5A3F17
 139 017b 343C017D 		.ascii	"4<\001}#\240\3370\025\224K\006\323|bQ_#\206\327\323"
 139      23A0DF30 
 139      15944B06 
 139      D37C6251 
 139      5F2386D7 
 140 0190 69FB7466 		.ascii	"i\373tfs\266\233\315d\262c\022\335\271=b\347\306]\333"
 140      73B69BCD 
 140      64B26312 
 140      DDB93D62 
 140      E7C65DDB 
 141 01a4 1DCD7819 		.ascii	"\035\315x\0317;\356\245]\352s\234Qo\370\256\343\215"
 141      373BEEA5 
 141      5DEA739C 
 141      516FF8AE 
 141      E38D
 142 01b6 DD729C64 		.ascii	"\335r\234d\224\214\014\347<\307\371\005\370\274\337"
 142      948C0CE7 
 142      3CC7F905 
 142      F8BCDF
 143 01c5 6D       		.ascii	"m"
 144              		.text
ARM GAS  /tmp/cc7g8zKI.s 			page 11


 145              		.section	.gnu.lto_chCoreAllocAlignedWithOffsetI.ee25b95d63f2633f,"",%progbits
 146 0000 789C9556 		.ascii	"x\234\225V[OSY\024\336\353\354s\251\255\024\254\030"
 146      5B4F5359 
 146      14DEEBEC 
 146      73A9AD14 
 146      AC18
 147 0012 30218607 		.ascii	"0!\206\007\01111\364\305'\337L\214\372\027|S\233:\222"
 147      093131F4 
 147      C527DF4C 
 147      8CFA177C 
 147      539B3A92 
 148 0026 089D8831 		.ascii	"\010\235\2101\306\027\316P.A2\250\030@\214\345\250h"
 148      C617CE50 
 148      2E4132A8 
 148      18408CE5 
 148      A868
 149 0038 D4510454 		.ascii	"\324Q\004T\034A\220*\302\240 \202Qc\3602d\206Dk\324"
 149      1C41902A 
 149      C2A02082 
 149      5163F032 
 149      6486446B 
 150 004d A8F12E17 		.ascii	"\250\361.\027\327\332\373T\204VCO\350bw\255\357[\267"
 150      D7DAFB54 
 150      8456434F 
 150      E86277AD 
 150      EF5BB7
 151 0060 BDD73ED5 		.ascii	"\275\327>\325\230\302\3469\030[\313\030[\215\037\346"
 151      98C2E639 
 151      185BCB18 
 151      5B8D1FE6 
 152 0070 60A030FC 		.ascii	"`\2400\374\000G\311\025\2151SQQ\250\252\\\353\264\326"
 152      0047C915 
 152      8D315351 
 152      51A8AA5C 
 152      EBB4D6
 153 0083 C040AB2E 		.ascii	"\300@\253.\244\001\2004`\205\012W5\335\200B\330\303"
 153      A4018034 
 153      60850A57 
 153      35DD8042 
 153      D8C3
 154 0095 6B390C17 		.ascii	"k9\014\0277\037\342\225\334\342\014T\374\372\346\326"
 154      371FE295 
 154      DCE20C54 
 154      FCFAE6D6 
 155 00a5 C1FFDDF4 		.ascii	"\301\377\335\364\025 \223\254\317\237\026\273\226\235"
 155      152093AC 
 155      CF9F16BB 
 155      969D
 156 00b3 30CD2233 		.ascii	"0\315\"3\\;d\324\006K\326Y\\au\210>\011\031p\0022\310"
 156      5C3B64D4 
 156      064BD659 
 156      5C617588 
 156      3E091970 
 157 00ca E7295886 		.ascii	"\347)X\206\330\243\177\334\353O\342^`\270.k\354\214"
 157      D8A37FDC 
 157      EB4FE25E 
 157      60B82E6B 
ARM GAS  /tmp/cc7g8zKI.s 			page 12


 157      EC8C
 158 00dc B8B38F0B 		.ascii	"\270\263\217\013\336X57\227Z\234\303_\300\177$\242\212"
 158      DE583537 
 158      975A9CC3 
 158      5FC07F24 
 158      A28A
 159 00ee C169C846 		.ascii	"\301i\310F\370\336\257\023\243\006_!\250\301##]\252"
 159      F8DEAF13 
 159      A3065F21 
 159      A8C12323 
 159      5DAA
 160 0100 4D1DACCF 		.ascii	"M\035\254\317\250\016\232\030R\2053\263\311*\203FA~"
 160      A80E9A18 
 160      528533B3 
 160      C92A8346 
 160      417E
 161 0112 B77FE45F 		.ascii	"\267\177\344_7_)\310\037/\266\366k6\371~}\272$s8\033"
 161      375F29C8 
 161      1F2FB6F6 
 161      6B36F97E 
 161      7DBA2473 
 162 0128 27721364 		.ascii	"'r\023d\023c\357\243\317\035.\276J\260\307\306\253K"
 162      1363EFA3 
 162      CF1D2EBE 
 162      4AB0C7C6 
 162      AB4B
 163 013a 1D590D82 		.ascii	"\035Y\015\202\375\244>\245*h\366\231\252\3055h\236\311"
 163      FDA43EA5 
 163      2A68F699 
 163      AAC53568 
 163      9EC9
 164 014c A707E103 		.ascii	"\247\007\341\003\341\362&'_#\250\223w\"\2575\233:\266"
 164      E1F22627 
 164      5F23A893 
 164      7722AF35 
 164      9B3AB6
 165 015f 8F9BC74C 		.ascii	"\217\233\307L\205\210\347\342\022\377k\231\254N\322"
 165      8588E7E2 
 165      12FF6B99 
 165      AC4ED2
 166 016e 55380F59 		.ascii	"U8\017Y\320\002Y\015\270\205\210\302F^\300\275b\314"
 166      D002590D 
 166      B88588C2 
 166      465EC0BD 
 166      62CC
 167 0180 8390BA96 		.ascii	"\203\220\272\226\3217Q\177\037\352\365\272\223\341\342"
 167      D137517F 
 167      1FEAF5BA 
 167      93E1E2
 168 018f 4CAA79B6 		.ascii	"L\252y\2667h\205\254Y\360\276\253\212H;\016\370b\014"
 168      376885AC 
 168      59F0BEAB 
 168      8A483B0E 
 168      F8620C
 169 01a2 B8D74ADD 		.ascii	"\270\327J\335\027,\371\031\376\357D\234_J\004\334&\300"
 169      172CF919 
 169      FEEF449C 
ARM GAS  /tmp/cc7g8zKI.s 			page 13


 169      5F4A04DC 
 169      26C0
 170 01b4 B5475A3F 		.ascii	"\265GZ?\271l\360\240\225Zeg\242\305\342\333c\360Q\347"
 170      B96CF0A0 
 170      955A6567 
 170      A2C5E2DB 
 170      63F051E7 
 171 01c8 71C09713 		.ascii	"q\300\227\023\311\244#\021pg\"\340+\211\200\273\022"
 171      C9A42311 
 171      706722E0 
 171      2B8980BB 
 171      12
 172 01d9 018763BA 		.ascii	"\001\207c\272\361\312\362\354\377y\367\256\306\340\307"
 172      F1CAF2EC 
 172      FF79F7AE 
 172      C6E0C7
 173 01e8 6B825024 		.ascii	"k\202P$\017i,\374\232\200\017uVv8\011^\205G\320J\217"
 173      0F692CFC 
 173      9A800F75 
 173      56763809 
 173      5E8547D0 
 174 01fe 1E93D9D3 		.ascii	"\036\223\331\323\217\370n<\307\323g\271\351\016\204"
 174      8FF86E3C 
 174      C7D367B9 
 174      E90E84
 175 020d CDC9A932 		.ascii	"\315\311\2512\234\300%/.\364z\026\003\016\234\202\027"
 175      9CC0252F 
 175      2EF47A16 
 175      030E9C82 
 175      17
 176 021e 0A8EAB0A 		.ascii	"\012\216\253\0124\361\032\215\257N\302 \341\020\327"
 176      34F11A8D 
 176      AF4EC220 
 176      E110D7
 177 022d 8013979A 		.ascii	"\200\023\227\232\013h.\347\3232\211Ln\022\311$RH, \341"
 177      0B682EE7 
 177      D332894C 
 177      6E12C924 
 177      52482C20 
 178 0242 61146C21 		.ascii	"a\024l!\243p\251\204\\D\"\215\202\244\223`l7\015\023"
 178      A370A984 
 178      5C44228D 
 178      82A49360 
 178      6C370D13 
 179 0256 4A5CF20A 		.ascii	"J\\\362\012\234u\306#\020\254)\375\263k\013MX\210k!"
 179      9C75C623 
 179      10AC29FD 
 179      B36B0B4D 
 179      58886B21 
 180 026a CE43D857 		.ascii	"\316C\330W\241\005\251#5\026\375\270\357\324iq\035\252"
 180      A105A923 
 180      3516FDB8 
 180      EFD46971 
 180      1DAA
 181 027c 30854F32 		.ascii	"0\205O2\\\307\"#P\364 \2123\220K\304\361\322r.5\016"
 181      5CC72223 
 181      50F4208A 
ARM GAS  /tmp/cc7g8zKI.s 			page 14


 181      33904BC4 
 181      F1D2722E 
 182 0292 413608D5 		.ascii	"A6\010\325\036\371\334\355\224Z':\253)\271v\333 g\272"
 182      1EF9DCED 
 182      945A273A 
 182      AB29B976 
 182      DB2067BA 
 183 02a6 B823DADA 		.ascii	"\270#\332\332^<4\012'L\007*\0328\210\253\340\371\300"
 183      5E3C340A 
 183      274C072A 
 183      1A3888AB 
 183      E0F9C0
 184 02b9 BDEB4E0B 		.ascii	"\275\353N\013B`q\003z\361R\356\241\246\242\241\362R"
 184      42607103 
 184      7AF152EE 
 184      A1A6A2A1 
 184      F252
 185 02cb 73B9C3DB 		.ascii	"s\271\303\333h\342\223I7\311?`\301\001Q\027\364\201"
 185      68E29349 
 185      37C93F60 
 185      C1015117 
 185      F481
 186 02dd 97323814 		.ascii	"\22728\024Mi>F\013q\027%\360\266\314\326%\241zF}n\241"
 186      4D693E46 
 186      0B711725 
 186      F0B6CCD6 
 186      25A17A46 
 187 02f4 E33374C9 		.ascii	"\3433t\311\250\216)0\345{\201\266b\201\000\246H\367"
 187      A88E2930 
 187      E57B81B6 
 187      628100A6 
 187      48F7
 188 0306 EBA5CE83 		.ascii	"\353\245\316\203j\231Cc\327\006\251Z(\264\016\331\206"
 188      6A994363 
 188      D706A95A 
 188      28B40ED9 
 188      86
 189 0317 8906B7D4 		.ascii	"\211\006\267\324\246\316\245\356\033\277\250\373\246"
 189      A6CEA5EE 
 189      1BBFA8FB 
 189      A6
 190 0324 A85BBCBA 		.ascii	"\250[\274\272\372\261\3561(\036\354^a\373\306\240\342"
 190      FAB1EE31 
 190      281EEC5E 
 190      61FBC6A0 
 190      E2
 191 0335 0056E05E 		.ascii	"\000V\340^\322\036\027\265\337\010H\323\242\271\204"
 191      D21E17B5 
 191      DF0848D3 
 191      A2B984
 192 0344 1DF845D8 		.ascii	"\035\370E\330[\323\355\036\224a\037t\337Um\347\323q"
 192      5BD3ED1E 
 192      94611F74 
 192      DF556DE7 
 192      D371
 193 0356 3519F7DD 		.ascii	"5\031\367\335\263\311\240!\215\351\220\223!L\2724\325"
 193      B3C9A021 
ARM GAS  /tmp/cc7g8zKI.s 			page 15


 193      8DE99093 
 193      214CBA34 
 193      D5
 194 0367 44CA7B5C 		.ascii	"D\312{\\d\232KF\267\343gtx\007\24544\235\3220x)\007"
 194      649A4B46 
 194      B7E36774 
 194      7807A534 
 194      349DD230 
 195 037e E1BEA247 		.ascii	"\341\276\242G\227\221\323p\003Dd|\333\363\247\370\266"
 195      9791D370 
 195      0344647C 
 195      DBF3A7F8 
 195      B6
 196 038f 3F8803F0 		.ascii	"?\210\003\360\022\177%\204D\373\336\003`v\332\310\324"
 196      127F2584 
 196      44FBDE03 
 196      6076DAC8 
 196      D4
 197 03a0 28FE4FD3 		.ascii	"(\376O\323\277\034\035\006\034\021\264\340\224,\317"
 197      BF1C1D06 
 197      1C11B4E0 
 197      942CCF
 198 03af C9F17EFF 		.ascii	"\311\361~\377\013\024x}\201\274\274@>\256\266\346n\362"
 198      0B14787D 
 198      81BCBC40 
 198      3EAEB6E6 
 198      6EF2
 199 03c1 166CF379 		.ascii	"\026l\363y}[\362\374y\276\3006\177\216\217\251\005\271"
 199      7D5BF2FC 
 199      79BEC036 
 199      7F8E8FA9 
 199      05B9
 200 03d3 BBFCDAC6 		.ascii	"\273\374\332\306\255\271\277\345\353\201\315\233\013"
 200      ADB9BFE5 
 200      EB81CD9B 
 200      0B
 201 03e0 FCDBD57C 		.ascii	"\374\333\325|\377\316\355\360\3737\323\347\201\024"
 201      FFCEEDF0 
 201      FB37D3E7 
 201      8114
 202              		.text
 203              		.section	.gnu.lto_chCoreAllocAlignedWithOffset.ee25b95d63f2633f,"",%progbits
 204 0000 789C7552 		.ascii	"x\234uR\317k\023Q\020\236og7i#\315\241\210\007\351\241"
 204      CF6B1351 
 204      109E6F67 
 204      376923CD 
 204      A18807E9 
 205 0015 0743A848 		.ascii	"\007C\250Hr\361\344MO\376\033\032R\0154\2154\236\274"
 205      72F1E44D 
 205      4FFE1B1A 
 205      520D348D 
 205      349EBC
 206 0028 64CDB6B6 		.ascii	"d\315\266\266V\250V\211!\305\260U\221jjM\253m\245`0"
 206      56A85689 
 206      21C5B055 
 206      916A6A4D 
 206      AB6DA560 
ARM GAS  /tmp/cc7g8zKI.s 			page 16


 207 003d 1741A882 		.ascii	"\027A\250\202\012\202\324BE\017!F-\202\350A\032\235"
 207      0A82D442 
 207      450F2146 
 207      2D82E841 
 207      1A9D
 208 004f D904B145 		.ascii	"\331\004\261E\227\335e\336{\337\257\231]\213\014\032"
 208      97DD65DE 
 208      7BDFAF99 
 208      5D8B0C1A 
 209 005f 33888E10 		.ascii	"3\210\216\020Q\217<d\022d\011\003,o\006d\013\2241\030"
 209      518F3C64 
 209      12640903 
 209      2C6F0664 
 209      0B943118 
 210 0073 195CE43C 		.ascii	"\031\\\344<\343\345\360\3745\236`\227\011\246,\277>"
 210      E3E5F0FC 
 210      359E6097 
 210      09A62CBF 
 210      3E
 211 0084 9FFA10D4 		.ascii	"\237\372\020\324%\320\253\247\037k\303\273\372fl;kW"
 211      25D0ABA7 
 211      1F6BC3BB 
 211      FA666C3B 
 211      6B57
 212 0096 F36F0279 		.ascii	"\363o\002yg\344\250\313\006\025\004}\033=\230\201z\340"
 212      67E4A8CB 
 212      0615047D 
 212      1B3D9881 
 212      7AE0
 213 00a8 0EFA047B 		.ascii	"\016\372\004{\343\354\353\325.\216\202\244\036\235\253"
 213      E3ECEBD5 
 213      2E8E82A4 
 213      1E9DAB
 214 00b7 D483E15B 		.ascii	"\324\203\341[\036o=\307\366>\227\031%\360\337D\331\""
 214      1E6F3DC7 
 214      F63E9719 
 214      25F0DF44 
 214      D922
 215 00c9 CC222CF0 		.ascii	"\314\",\360K?\267\336\371\371\240Gu\256\257=6\333\324"
 215      4B3FB7DE 
 215      F9F9A047 
 215      75AEAF3D 
 215      36DBD4
 216 00dc 2FA5BD39 		.ascii	"/\245\2759\307\026K\023ww\222\245\2619\217\374\355\312"
 216      C7164B13 
 216      777792A5 
 216      B1398FFC 
 216      EDCA
 217 00ee DA46900F 		.ascii	"\332F\220\017y\344\037\313K\253V\233\374\275\264\247"
 217      79E41FCB 
 217      4BAB569B 
 217      FCBDB4A7 
 218 00fe 4566DCFB 		.ascii	"Ef\334\373\207s\031ae<\253\236/\007\370\260\307^\037"
 218      87731961 
 218      653CAB9E 
 218      2F07F8B0 
 218      C75E1F
ARM GAS  /tmp/cc7g8zKI.s 			page 17


 219 0111 6B3E3443 		.ascii	"k>4C7=v\263\324=\351\330OmS\372\305\374v\276^\002\177"
 219      373D76B3 
 219      D43DE9D8 
 219      4F6D53FA 
 219      C5FC76BE 
 220 0128 BFD0CC75 		.ascii	"\277\320\314u\371L, \244\023\221A\334\207O\006l\310"
 220      F94C2C20 
 220      A4139141 
 220      DC874F06 
 220      6CC8
 221 013a D98BCAC4 		.ascii	"\331\213\312\304\243\200J]\226.fwO:#-)\332\251\203\007"
 221      A3804A5D 
 221      962E6677 
 221      4F3A232D 
 221      29DAA983 
 222 014f 08A942F9 		.ascii	"\010\251B\371\025\252v\363\327\250\344\336\337X\334"
 222      15AA76F3 
 222      D7A8E4DE 
 222      DF58DC
 223 015e E80EC817 		.ascii	"\350\016\310\027\220\341\230\320.-h\\?)\260\223T\206"
 223      90E198D0 
 223      2E2D685C 
 223      3F29B093 
 223      5486
 224 0170 C6D5902E 		.ascii	"\306\325\220.h\311\0158\323\265\034\253\275\346ZY\371"
 224      68C90D38 
 224      D3B51CAB 
 224      BDE65A59 
 224      F9
 225 0181 F4D69FD9 		.ascii	"\364\326\237\331\262;\\\266\012,\201\260\210\214\260"
 225      B23B5CB6 
 225      0A2C81B0 
 225      888CB0
 226 0190 7CD4C0B9 		.ascii	"|\324\300\271\351F\316R`\221\375\333\241\376\202jaI"
 226      E946CE52 
 226      6091FDDB 
 226      A1FE826A 
 226      6149
 227 01a2 A045E622 		.ascii	"\240E\346\"\233E\266\\\356 \025\337\374\237\270\376"
 227      9B45B65C 
 227      EE2015DF 
 227      FC9FB8FE 
 228 01b2 54CB6DF1 		.ascii	"T\313m\361:\262W\353\225'\276\226z\247\030x\001\005"
 228      3AB257EB 
 228      9527BE96 
 228      7AA71878 
 228      0105
 229 01c4 C235F9EF 		.ascii	"\3025\371\357\246\244\370\214lo\373X\323\217k81=\020"
 229      A6A4F88C 
 229      6C6FFB58 
 229      D38F6B38 
 229      313D10
 230 01d7 8944FFDC 		.ascii	"\211D\377\334\251t4\226J&S\203R\015$\216G\323C\261h"
 230      A9743496 
 230      4A265383 
 230      520D248E 
 230      47D343B1 
ARM GAS  /tmp/cc7g8zKI.s 			page 18


 231 01ec EC64329E 		.ascii	"\354d2\236\214\245\206\342\221\030\231\351\304\231\270"
 231      8CA586E2 
 231      911899E9 
 231      C499B8
 232 01fb 756C2071 		.ascii	"ul qb\320\227\352\357O\307O\343\324o}\355\330v"
 232      62D097EA 
 232      EF4FC74F 
 232      E3D46F7D 
 232      EDD876
 233              		.text
 234              		.section	.gnu.lto_chCoreGetStatusX.ee25b95d63f2633f,"",%progbits
 235 0000 789C9592 		.ascii	"x\234\225\222\317KTQ\024\307\317\367\236\367cLL\210"
 235      CF4B5451 
 235      14C7CFF7 
 235      9EF7634C 
 235      4C88
 236 0012 962E6633 		.ascii	"\226.f3\013A\346\375O=\204\204\246\001\375\003\3462"
 236      0B41E6FD 
 236      4F3D8484 
 236      A601FD03 
 236      E632
 237 0024 93895646 		.ascii	"\223\211VF\277\234\311\032\037aaV\2233\246\225n\032"
 237      BF9CC91A 
 237      1F616156 
 237      9333A695 
 237      6E1A
 238 0036 A3858151 		.ascii	"\243\205\201Q\011\005\325\256\026ahP\024\264q\352\234"
 238      0905D5AE 
 238      16616850 
 238      14B471EA 
 238      9C
 239 0047 F7AA452F 		.ascii	"\367\252E/\244\340\275\3139\337\373\275\347s\357\271"
 239      A4E0BDCB 
 239      39DFFBBD 
 239      E773EFB9 
 240 0057 D725435F 		.ascii	"\327%C_\015Q\236\210\372\344'\207 )\014XF\006D\002\225"
 240      0D519E88 
 240      FAE42787 
 240      20290C58 
 240      46064402 
 241 006c 0CA384D3 		.ascii	"\014\243\204\323\\e<?\326\274\314\223\0341\301\221\364"
 241      5C653C3F 
 241      D6BCCC93 
 241      1C31C191 
 241      F4
 242 007d D393E977 		.ascii	"\323\223\351w\3735\005\262\222^\262\233\343~\377\234"
 242      FB3505B2 
 242      925EB29B 
 242      E37EFF9C 
 243 008d B565DBAE 		.ascii	"\265e\333\256\316t\327\026\237\331\256\210\015]\024"
 243      CE74D716 
 243      9FD9AE88 
 243      0D5D14
 244 009c FB75F461 		.ascii	"\373u\364a\016\012\301<\372I\334o[\235\013=\236\243"
 244      0E0AC13C 
 244      FA49DC6F 
 244      5B9D0B3D 
ARM GAS  /tmp/cc7g8zKI.s 			page 19


 244      9EA3
 245 00ae B322DE80 		.ascii	"\263\"\336\200'4O\364\223\247v\277\364\346f\255=k\333"
 245      27344FF4 
 245      93A776BF 
 245      F4E666AD 
 245      3D6BDB
 246 00c1 2F1B07CF 		.ascii	"/\033\007\317TF\327\255\223.#kn\"'\376\352\225\345o"
 246      5446D7AD 
 246      932E236B 
 246      6E2227FE 
 246      EA95E56F 
 247 00d5 DDEA17EA 		.ascii	"\335\352\027\352\366\271\012\312W\255\211\230\323\366"
 247      F6B90ACA 
 247      57AD8998 
 247      D3F6
 248 00e3 5BB17DA7 		.ascii	"[\261}\247\265V\357Q\273\025\373\371_v'mo\244\252oL"
 248      B556EF51 
 248      BB15FBF9 
 248      5F76276D 
 248      6FA4AA6F 
 249 00f8 ED51FDF6 		.ascii	"\355Q\375\366\377U_H\331\327\327L|\320\277\230\233\310"
 249      FF555F48 
 249      D9D7D74C 
 249      7CD0BF98 
 249      9BC8
 250 010a 2D6CA26D 		.ascii	"-l\242m;\337\307l\2733\360`\351\343\201\214!\331\006"
 250      3BDFC76C 
 250      BB33F060 
 250      E9E3818C 
 250      21D906
 251 011d CBE0381A 		.ascii	"\313\3408\032\271\032y:\370\244\315\242\011m+\235\320"
 251      B91A793A 
 251      F8A4CDA2 
 251      096D2B9D 
 251      D0
 252 012e 90B7505E 		.ascii	"\220\267P^\335z}\255W\273\\g#\340\251\321\207O}\275"
 252      DD7A7DAD 
 252      57BB5C67 
 252      23E0A9D1 
 252      874F7DBD 
 253 0142 39177A17 		.ascii	"9\027z\027++\333o\374\322\256\315\2100\253\013E\373"
 253      2B2BDB6F 
 253      FCD2AECD 
 253      8830AB0B 
 253      45FB
 254 0154 B0F1E2D1 		.ascii	"\260\361\342\321\276\010uD\354aQ^@K\267#\023\223\367"
 254      BE087544 
 254      EC61515E 
 254      404BB723 
 254      1393F7
 255 0167 9BE399A0 		.ascii	"\233\343\231\240\241\233\316\012\031w\020\241\026\323"
 255      A19BCE0A 
 255      197710A1 
 255      16D3
 256 0175 B0848004 		.ascii	"\260\204\200\004\366y\354UW\302b\301\251\262\372x(\021"
 256      F679EC55 
 256      57C262C1 
ARM GAS  /tmp/cc7g8zKI.s 			page 20


 256      A9B2FA78 
 256      2811
 257 0187 9C7FA12D 		.ascii	"\234\177\241-\357A\273\033\323\342\227y\357O\232+\365"
 257      EF41BB1B 
 257      D3E29779 
 257      EF4F9A2B 
 257      F5
 258 0198 45A9D48E 		.ascii	"E\251\324\216#\021\222\035\270\211k\236\023\321\027"
 258      2311921D 
 258      B8896B9E 
 258      13D117
 259 01a7 3D6E8DA0 		.ascii	"=n\215\240\371\275<\362i)\267\203r\366\347\264\236d"
 259      F9BD3CF2 
 259      6929B783 
 259      72F6E7B4 
 259      9E64
 260 01b9 4209D2BA 		.ascii	"B\011\322\272\201|>\370\375\025G\202\260X(\024\217J"
 260      817C3EF8 
 260      FD154782 
 260      B0582814 
 260      8F4A
 261 01cb 7464E850 		.ascii	"td\350P02\034\006\341\341\302`!,\016\017\346C\372\001"
 261      30321C06 
 261      E1E1C260 
 261      212C0E0F 
 261      E643FA01 
 262 01df 4A8CF04D 		.ascii	"J\214\360M"
 263              		.text
 264              		.section	.gnu.lto_.symbol_nodes.ee25b95d63f2633f,"",%progbits
 265 0000 789C5DCD 		.ascii	"x\234]\3151\016\202P\020\204\341\331Y\037\350-\2147"
 265      310E8250 
 265      1084E1D9 
 265      591FE82D 
 265      8C37
 266 0012 E1648B05 		.ascii	"\341d\213\005\265\224\240b\343!\024:b\357\005lL\274"
 266      B594A062 
 266      E321143A 
 266      62EF056C 
 266      4CBC
 267 0024 8771412D 		.ascii	"\207qA-\336\333\346K\376L\262\001\304\003~\334\211\001"
 267      DEDBE64B 
 267      FE4CB201 
 267      C4037EDC 
 267      8901
 268 0036 F51D70FA 		.ascii	"\365\035p\372r,3o\265\230\244\355\"\306\264]\3054m-"
 268      722C336F 
 268      B598A4ED 
 268      22C6B45D 
 268      C5346D2D 
 269 004a 6DF16FC3 		.ascii	"m\361o\303\266\000BCT\033\177\025:\312z\362DNrO\013"
 269      B6004243 
 269      541B7F15 
 269      3ACA7AF2 
 269      444E724F 
 270 005f D194075A 		.ascii	"\321\224\007Z\026\227#-\217\212\0228?\337\205\252|]"
 270      1697232D 
 270      8F8A1238 
ARM GAS  /tmp/cc7g8zKI.s 			page 21


 270      3FDF85AA 
 270      7C5D
 271 0071 F1E712B7 		.ascii	"\361\347\022\267Y\305\313\305\007V\350:\034"
 271      59C5CBC5 
 271      0756E83A 
 271      1C
 272              		.text
 273              		.section	.gnu.lto_.refs.ee25b95d63f2633f,"",%progbits
 274 0000 789C05C1 		.ascii	"x\234\005\301\301\015\2000\020\304@\357r\006\304#\212"
 274      C10D8030 
 274      10C440EF 
 274      7206C423 
 274      8A
 275 0011 440DF4DF 		.ascii	"D\015\364\337\"3R>`&\246gb{un\024\027\356\370\366\301"
 275      2233523E 
 275      6026A667 
 275      627B756E 
 275      1417EEF8 
 276 0027 E0C10F12 		.ascii	"\340\301\017\022\"\000\311"
 276      2200C9
 277              		.text
 278              		.section	.gnu.lto_.decls.ee25b95d63f2633f,"",%progbits
 279 0000 789CB55A 		.ascii	"x\234\265Z{PTW\232\357\323\247\351\206\246\001\027\255"
 279      7B505457 
 279      9AEFD3A7 
 279      E986A601 
 279      17AD
 280 0012 94B5E34C 		.ascii	"\224\265\343L\245\022\2632\331\215H\2341Z\273;\225\254"
 280      A512B332 
 280      D98D489C 
 280      315ABB3B 
 280      95AC
 281 0024 BB93B16A 		.ascii	"\273\223\261j\262\231\2121;\265\273\331.\202\255\220"
 281      B2998A31 
 281      3BB5BBD9 
 281      2E82AD90 
 282 0034 F0DAEE36 		.ascii	"\360\332\3566\232\375'\227\207\200 QQ\024\020\005D\005"
 282      9AFD2797 
 282      87802051 
 282      51141005 
 282      4405
 283 0046 04E42182 		.ascii	"\004\344!\202\010\"\202\"\276\020EA\001y\011\250\210"
 283      08228222 
 283      BE104541 
 283      017909A8 
 283      88
 284 0057 3C551E2A 		.ascii	"<U\036*\354w\036\335\367\366\245\333\270[\273]~\364"
 284      EC771EDD 
 284      F7F6A5DB 
 284      B85BBB5D 
 284      7EF4
 285 0069 FDEEFD9D 		.ascii	"\375\356\375\235\357u\276\363\235\357\236\326I\241T"
 285      EF75BEF3 
 285      9DEF9ED6 
 285      49A154
 286 0078 ECFEB542 		.ascii	"\354\376\265B\021\255V(R\225\012\305,|\\\024\012E\276"
 286      11AD5628 
ARM GAS  /tmp/cc7g8zKI.s 			page 22


 286      52950AC5 
 286      2C7C5C14 
 286      0A45BE
 287 008b 42FC3803 		.ascii	"B\3748\003\035\007*\004*\006*\001*\005\252\005\272\000"
 287      1D072A04 
 287      2A062A01 
 287      2A05AA05 
 287      BA00
 288 009d 540F8481 		.ascii	"T\017\204\201:\200\272\201\356+l?_#\205\002\304+\276"
 288      3A80BA81 
 288      EE2B6C3F 
 288      5F238502 
 288      C42BBE
 289 00b0 02F2045A 		.ascii	"\002\362\004Z\0004\0004\0064\3011J\256\343\225b\356"
 289      00340034 
 289      0634C131 
 289      4AAEE395 
 289      62EE
 290 00c2 C7F70DC7 		.ascii	"\307\367\015\307\027:\030o@\314>2~F\342\233\222\373"
 290      173A186F 
 290      40CC3E32 
 290      7E46E29B 
 290      92FB
 291 00d4 73DCCE98 		.ascii	"s\334\316\230\000\030\243\221\351\314\203{K\354\310"
 291      0018A391 
 291      E9CC837B 
 291      4BECC8
 292 00e3 28E1BA11 		.ascii	"(\341\272\021\361\035\331\312\011\222\330\336\005\324"
 292      F11DD9CA 
 292      0992D8DE 
 292      05D4
 293 00f1 0BFC3DF8 		.ascii	"\013\374=\370\276\015\324\207\330\370\273@-|<\211\353"
 293      BE0DD487 
 293      D8F8BB40 
 293      2D7C3C89 
 293      EB
 294 0102 EB62198D 		.ascii	"\353b\031\215\330|XlZ\007T\005\3649\227i\221/\227[\313"
 294      D87C586C 
 294      5A075405 
 294      F4399769 
 294      912F975B 
 295 0117 E53E414C 		.ascii	"\345>AL\366\220\314\3168\340]\034\310\265\370;\014\230"
 295      F690CCCE 
 295      38E05D1C 
 295      C8B5F83B 
 295      0C98
 296 0129 1A8E5729 		.ascii	"\032\216W)\330\334\027s\331%\\\317\210L\356.\036G\213"
 296      D8DC1773 
 296      D9255CCF 
 296      884CEE2E 
 296      1E478B
 297 013c DC2A6EE7 		.ascii	"\334*n\347\237d\266\266p{\311\360z~\217\3309*\223\267"
 297      9F64B6B6 
 297      707BC9F0 
 297      7A7E8FD8 
 297      392A93B7 
 298 0150 0FA3AEEE 		.ascii	"\017\243\256\356\333[\325\035\250\235<A\344\303FI>\204"
ARM GAS  /tmp/cc7g8zKI.s 			page 23


 298      DB5BD51D 
 298      A89D3C41 
 298      E4C34649 
 298      3E84
 299 0162 9DB57CC8 		.ascii	"\235\265|\310c\366\\iy\306@\262A\012\016\004\262\005"
 299      63F65C69 
 299      79C640B2 
 299      410A0E04 
 299      B205
 300 0174 5A9E4A25 		.ascii	"Z\236J%\212B\250\001\324\010\351\010\316\322\177J\306"
 300      8A42A801 
 300      D408E908 
 300      CED27F4A 
 300      C6
 301 0185 20EB730B 		.ascii	" \353s\013V\"\220{\201\354\230\305>\330\342\375\340"
 301      5622907B 
 301      81EC98C5 
 301      3ED8E2FD 
 301      E0
 302 0196 F6F13455 		.ascii	"\366\3614U'\272\207\220\253\"\375cD\357\035\235\230"
 302      27BA8790 
 302      AB22FD63 
 302      44EF1D9D 
 302      98
 303 01a7 8C73C7A0 		.ascii	"\214s\307\240\007\256;\247\262\177\2774O`\037\347Eb"
 303      07AE3BA7 
 303      B27FBF34 
 303      4F601FE7 
 303      4562
 304 01b9 D82ECC4E 		.ascii	"\330.\314NT{\374\204\221\247\026)\201\2759r\365\200"
 304      547BFC84 
 304      91A71629 
 304      81BD3972 
 304      F580
 305 01cb 2BB00BB4 		.ascii	"+\260\013\264h\036\260\223a\267\317i\027\356\245\243"
 305      681EB093 
 305      61B7CF69 
 305      17EEA5A3 
 306 01db 2284794A 		.ascii	"\"\204yJ\364\325[(\017-B\271\010D\240|\264\020\376~"
 306      F4D55B28 
 306      0F2D42B9 
 306      0844A07C 
 306      B410FE7E 
 307 01ef A36292CE 		.ascii	"\243b\222\316\274\234x\345\361N\272P]-T\017\327\274"
 307      BC9C78E5 
 307      F14EBA50 
 307      5D2D540F 
 307      D7BC
 308 0201 9F7CA757 		.ascii	"\237|\247W\020ba\034R\021 \312A\030\035CK\211\223p\011"
 308      1062611C 
 308      521120CA 
 308      41181D43 
 308      4B899370 
 309 0216 7FB35127 		.ascii	"\177\263Q'BY\250\003\374;\216\336!3\230\366`\267\033"
 309      4259A803 
 309      FC3B8EDE 
 309      213398F6 
ARM GAS  /tmp/cc7g8zKI.s 			page 24


 309      60B71B
 310 0229 FE3DB5F7 		.ascii	"\376=\265\367dEi\256\033\027v\363\000N\026\252\303\005"
 310      644569AE 
 310      1B1776F3 
 310      004E16AA 
 310      C305
 311 023b 215D4925 		.ascii	"!]I%\025\210\222\012\344\222\012\251\244\355[\217\205"
 311      1588920A 
 311      E4920AA9 
 311      A4ED5B8F 
 311      85
 312 024c 69F01754 		.ascii	"i\360\027TR]nF\214\222K\272\277\177q{\261 l\025\204"
 312      525D6E46 
 312      8C924BBA 
 312      BF7F717B 
 312      B1206C15 
 313 0261 6A665491 		.ascii	"jfT\221(\252H.\252\230\212j\034\252\330\356\212\177"
 313      28AA482E 
 313      AA988A6A 
 313      1CAAD8EE 
 313      8A7F
 314 0273 A4A25EDD 		.ascii	"\244\242^\335O\271\250\341\242\006\276\266\261\351\204"
 314      4FB9A8E1 
 314      A206BEB6 
 314      B1E984
 315 0282 28E8845C 		.ascii	"(\350\204\\P\011\0254P\324\236\341\216\343\020\2254"
 315      50091534 
 315      50D49EE1 
 315      8EE31095 
 315      34
 316 0293 D896BA9F 		.ascii	"\330\226\272\237\270\227\016\222&\216-N\311\213\022"
 316      B8970E92 
 316      268E2D4E 
 316      C98B12
 317 02a2 1A21541F 		.ascii	"\032!T\037\323\230\242\223\242\260\223ra\245T\330\326"
 317      D398A293 
 317      A2B09372 
 317      61A554D8 
 317      D6
 318 02b3 CB77CCB8 		.ascii	"\313w\314\270\226\311\272W\237\223\213a\312>\327\"\222"
 318      96C9BA57 
 318      9F938B61 
 318      CA3ED722 
 318      92
 319 02c4 351E70AB 		.ascii	"5\036p\253`\260|\312\215\335\"\210\303S\303e:\334\315"
 319      60B07CCA 
 319      8DDD2288 
 319      C353C365 
 319      3ADCCD
 320 02d7 E037220B 		.ascii	"\3407\"\013S1\233p\025\260\243\327R\356\273\263\011"
 320      53319B70 
 320      15B0A3D7 
 320      52EEBBB3 
 320      09
 321 02e8 7F7B1F56 		.ascii	"\177{\037V\3368\363\244\333\031yi\217\222\031\257\276"
 321      DE38F3A4 
 321      DB197969 
ARM GAS  /tmp/cc7g8zKI.s 			page 25


 321      8F9219AF 
 321      BE
 322 02f9 78E69D8A 		.ascii	"x\346\235\212\016Ax\033U!-:-Z\365\271\026\376\306\010"
 322      0E41781B 
 322      55212D3A 
 322      2D5AF5B9 
 322      16FEC608 
 323 030d 42B8B033 		.ascii	"B\270\2603Bp\371\203\002UBNT@N\2403\310\213h%8T\016"
 323      4270F983 
 323      0255424E 
 323      54404EA0 
 323      33C88B68 
 324 0325 374FC14D 		.ascii	"7O\301M\320r\260f8L\247\202\005D%A\306\300\275\275M"
 324      D072B066 
 324      384CA782 
 324      05442541 
 324      C6C0BDBD 
 325 033a 613198DE 		.ascii	"a1\230\336\203\001g\021\275\327\225\336\323\255\264"
 325      83016711 
 325      BDD795DE 
 325      D3ADB4
 326 0349 E2AAD9CD 		.ascii	"\342\252\331\315\362\304g\355\356\322$\\\247\223$a\015"
 326      F2C467ED 
 326      EED2245C 
 326      A7932461 
 326      0D
 327 035a 4DC27388 		.ascii	"M\302s\210ga\377\201\322[.\020\331.\032\331\267\017"
 327      6761FF81 
 327      D25B2E10 
 327      D92E1AD9 
 327      B70F
 328 036c 1EB74616 		.ascii	"\036\267F\026\200\250L\364\241L\036\331Z\032\331\346"
 328      80A84CF4 
 328      A14C1ED9 
 328      5A1AD9E6 
 329 037c C7655908 		.ascii	"\307eY\010\337`\253\246\274\261=^\305\205\365\274\317"
 329      DF60ABA6 
 329      BCB13D5E 
 329      C585F5BC 
 329      CF
 330 038d 265C5052 		.ascii	"&\\PRI\347EI\347\345\222.PI\005\243\205\3735x\210IJ"
 330      49E74549 
 330      E7E5922E 
 330      504905A3 
 330      85FB3578 
 331 03a4 3C5710A6 		.ascii	"<W\020\246\221\372@\374\023\235\270h\263\222b\3576\356"
 331      91FA40FC 
 331      139DB868 
 331      B39262EF 
 331      36EE
 332 03b6 54F3EC98 		.ascii	"T\363\354\230\311\233\267+B\310\026\310,\000\012\325"
 332      C99BB72B 
 332      42C816C8 
 332      2C000AD5 
 333 03c6 897AEBE4 		.ascii	"\211z\353\344z\353\251\336\244\207}\325Z<\313\364\246"
 333      7AEBA9DE 
 333      A4877DD5 
ARM GAS  /tmp/cc7g8zKI.s 			page 26


 333      5A3CCBF4 
 333      A6
 334 03d7 543CBDEC 		.ascii	"T<\275\354\304f\333\031\330\262\241\334276\333\325\344"
 334      C466DB19 
 334      D8B2A1DC 
 334      323736DB 
 334      D5E4
 335 03e9 F140DCB3 		.ascii	"\361@\334\263\023J\034\213)\266`ko\2163<\\\004\211\204"
 335      134A1C8B 
 335      29B6606B 
 335      6F8E333C 
 335      5C048984 
 336 03fd 2459B488 		.ascii	"$Y\264\210eQI\365x\276\012'P\254\262\264\2447Ek\315"
 336      655149F5 
 336      78BE0A27 
 336      50ACB2B4 
 336      A437456B 
 337 0412 93078F97 		.ascii	"\223\007\217\227n\215&\221\271\001^]\027-\\d\315\223"
 337      6E8D2691 
 337      B9015E5D 
 337      172D5C64 
 337      CD93
 338 0424 9143025E 		.ascii	"\221C\002^\250@\313\027\241e\220%\215\220%\213x\226"
 338      A840CB17 
 338      A1659025 
 338      8D90258B 
 338      7896
 339 0436 344010AE 		.ascii	"4@\020\256\261,\311I\313>\357\206\243UTCr\342\271\022"
 339      B12CC949 
 339      CB3EEF86 
 339      A3555443 
 339      72E2B912 
 340 044a 77AB86D9 		.ascii	"w\253\206\331m\357\236j&1\270\005\032n\212\032@\241"
 340      6DEF9E6A 
 340      2631B805 
 340      1A6E8A1A 
 340      40A1
 341 045c 7D154DF6 		.ascii	"}\025M\366U4\275H\030U\352b\255\251K\345Y\262W\201n"
 341      5534BD48 
 341      1855EA62 
 341      ADA94BE5 
 341      59B25781 
 342 0471 231DAF8B 		.ascii	"#\035\257\213\243\211wwc<LmQeG\026Ei\320\342\371\213"
 342      A3897777 
 342      633C4C6D 
 342      51654716 
 342      4569D0E2 
 343 0487 BD0E9191 		.ascii	"\275\016\221\221\325\023\007\361\231\210\213\333\205"
 343      D51307F1 
 343      99888BDB 
 343      85
 344 0494 F41A4486 		.ascii	"\364\032D\206\240f0\350\016\232/.\003o\"\254\222\210"
 344      A06630E8 
 344      0E9A2F2E 
 344      036F22AC 
 344      9288
 345 04a6 54EC22F6 		.ascii	"T\354\"\366\357\204\014T)\320\025x~\231*\"h\260\015"
ARM GAS  /tmp/cc7g8zKI.s 			page 27


 345      EF840C54 
 345      29D01578 
 345      7E992A22 
 345      68B00D
 346 04b9 B5829977 		.ascii	"\265\202\231w\321b\324\202\026\323\212\314\344_\376"
 346      D162D482 
 346      16D38ACC 
 346      E45FFE
 347 04c8 05E45A24 		.ascii	"\005\344Z$\246\262\257\332\225\355CD\263\320\014\245"
 347      A6B2AFDA 
 347      95ED4344 
 347      B3D00CA5 
 348 04d8 78864195 		.ascii	"x\206A\225% \005\017\013\367\241\261\2665\006\343,'"
 348      2520050F 
 348      0BF7A1B1 
 348      B63506E3 
 348      2C27
 349 04ea 1ACFA2AA 		.ascii	"\032\317\242\252}wT\310k>\033\364|\277\032\366\001\330"
 349      7D7754C8 
 349      6B3E1BF4 
 349      7CBF1AF6 
 349      01D8
 350 04fc 2FE6A336 		.ascii	"/\346\24361\232D\204}\213a_\365rh4\250\212\031i\233"
 350      319A4484 
 350      7D8B615F 
 350      F5726834 
 350      A88A1969 
 351 0511 52BE97C9 		.ascii	"R\276\227\311\013\232WY&H@T\374%&^\342\373%\232\267"
 351      0B9A5759 
 351      26484054 
 351      FC25265E 
 351      E2FB259A 
 352 0526 1DE83D18 		.ascii	"\035\350=\030\327\322[\002\205\267\210\232\210\322."
 352      D7D25B02 
 352      85B7889A 
 352      88D22E
 353 0535 DCDEEAE2 		.ascii	"\334\336\352\342\271\223\253\177\033\221\311\241;c\027"
 353      B993AB7F 
 353      1B91C9A1 
 353      3B6317
 354 0544 F2B43AD5 		.ascii	"\362\264:\325\326|\350\256+h\352\002/:R\026$\010\351"
 354      D67CE8AE 
 354      2B68EA02 
 354      2F3A5216 
 354      2408E9
 355 0557 0BC97358 		.ascii	"\013\311sX\005l3d\027\250\233\212\177\026;\336\347\206"
 355      056C3364 
 355      17A89B8A 
 355      7F163BDE 
 355      E786
 356 0569 CF32F1E3 		.ascii	"\3172\361\343Q\205g\234\370\310\236\277\014\023`\362"
 356      5185679C 
 356      F8C89EBF 
 356      0C1360F2 
 357 0579 C8C01ECB 		.ascii	"\310\300\036\313@z\201\356\323\201\226\242\272dnQ]\302"
 357      407A81EE 
 357      D38196A2 
ARM GAS  /tmp/cc7g8zKI.s 			page 28


 357      BA646E51 
 357      5DC2
 358 058b 96C3CD1D 		.ascii	"\226\303\315\035c\2075\370*\013n\362\345\226\032\225"
 358      638735F8 
 358      2A0B6EF2 
 358      E5961A95 
 359 059b 6439FC2E 		.ascii	"d9\374.y\2148\360\020\222\253_\014\357\022\207e\363"
 359      798C38F0 
 359      1092AB5F 
 359      0CEF1287 
 359      65F3
 360 05ad 01447409 		.ascii	"\001Dt\011\317\326>\270\331\313\027\304\341]\207\324"
 360      CFD63EB8 
 360      D9CB17C4 
 360      E15D87D4 
 361 05bd B885E9A8 		.ascii	"\270\205\351\250\253j\203\011\324z\331\025\360\330\216"
 361      AB6A8309 
 361      D47AD915 
 361      F0D88E
 362 05cc 00EBCA79 		.ascii	"\000\353\312yx\207\0303\000\306<\022\215yHcK\356\222"
 362      78871833 
 362      00C63C12 
 362      8D794863 
 362      4BEE92
 363 05df 8A53DAD4 		.ascii	"\212S\332\324\241\322\306\320\310\323e\341)]\025\203"
 363      A1D2C6D0 
 363      C8D365E1 
 363      295D1583 
 364 05ef 040A7947 		.ascii	"\004\012yG\026\026\200oO\236\231\326\341.j\225\252+"
 364      1616806F 
 364      4F9E99D6 
 364      E12E6A95 
 364      AA2B
 365 0601 73ECB11A 		.ascii	"s\354\261\032y-BH\013t\324\322a(\320\010\250{\302C\013"
 365      792D4248 
 365      0B74D4D2 
 365      6128D008 
 365      A87BC243 
 366 0616 9F1401A4 		.ascii	"\237\024\001\244\217\374Hn\333[\256C`\377\010U3\012"
 366      8FFC486E 
 366      DB5BAE43 
 366      60FF0855 
 366      330A
 367 0628 6A87416D 		.ascii	"j\207Am\012\244'\271C\266\363'7\222t\322\274\030\261"
 367      0AA427B9 
 367      43B6F327 
 367      379274D2 
 367      BC18B1
 368 063b 299E6324 		.ascii	")\236c$;\230\221\224\201\021\275/\362O\273\263\262\247"
 368      3B989194 
 368      8111BD2F 
 368      F24FBBB3 
 368      B2A7
 369 064d 0676A220 		.ascii	"\006v\242 \275\301\315\241{O-\356\215\263\250?\215\335"
 369      BDC1CDA1 
 369      7B4F2DEE 
 369      8DB3A83F 
ARM GAS  /tmp/cc7g8zKI.s 			page 29


 369      8DDD
 370 065f 3AC17748 		.ascii	":\301wH\015\260\331\375\251?\351X\315\\I\362\2571\257"
 370      0DB0D9FD 
 370      A93FE958 
 370      CD5C49F2 
 370      AF31AF
 371 0672 CE4D6ECC 		.ascii	"\316Mn\314s\020\366\214\012\233\240\306<e\306LPcZ\372"
 371      7310F68C 
 371      0A9BA0C6 
 371      3C65C64C 
 371      50635AFA 
 372 0686 6BD6E33E 		.ascii	"k\326\343>\226\203\307\362\017\026\272\343q\306\304"
 372      9683C7F2 
 372      0F16BAE3 
 372      71C6C4
 373 0695 D5D4A6AA 		.ascii	"\325\324\246\252a\267CS4Np\247f\252s\036\335\376\006"
 373      61B74353 
 373      344E70A7 
 373      66AA731E 
 373      DDFE06
 374 06a8 ACDBE4F9 		.ascii	"\254\333\344\371\302\334W\356\016[\260\227t\343xa\331"
 374      C2DC57EE 
 374      0E5BB097 
 374      74E37861 
 374      D9
 375 06b9 FD1E57C5 		.ascii	"\375\036W\305\307\273\363\016\345z=\276S\320\006E*L"
 375      C7BBF30E 
 375      E57A3DBE 
 375      53D00645 
 375      2A4C
 376 06cb F8B85E49 		.ascii	"\370\270^I\220h\3222\375h\032\272\262I\371\376\361\212"
 376      9068D232 
 376      FD681ABA 
 376      B249F9FE 
 376      F18A
 377 06dd EE1F9D93 		.ascii	"\356\037\235\223-\035:i\211$-\211\030\255\031V\"\311"
 377      2D1D3A69 
 377      89242D89 
 377      18AD1956 
 377      22C9
 378 06ef B76443F1 		.ascii	"\267dC\361\344\033\212%X\236,X\267\032;\216`|VM\335"
 378      E41B8A25 
 378      589E2C58 
 378      B71A3B8E 
 378      607C564D 
 379 0704 15F6BC48 		.ascii	"\025\366\274Hs\303\365\224Q\012}\027\372\224\216\262"
 379      73C3F594 
 379      510A7D17 
 379      FA948EB2 
 380 0714 3952E928 		.ascii	"9R\351(\233/\266\342\230\314\035\202\240B\021J-\012"
 380      9B2FB6E2 
 380      98CC1D82 
 380      A042114A 
 380      2D0A
 381 0726 575AD379 		.ascii	"WZ\323y\200F\034\264\264\237\210\257u\306\3335T\345"
 381      80461CB4 
 381      B49F88AF 
ARM GAS  /tmp/cc7g8zKI.s 			page 30


 381      75C6DB35 
 381      54E5
 382 0738 CEF6A94A 		.ascii	"\316\366\251JW\274\2071\271\023\221'=p2c\246w\227\237"
 382      57BC8731 
 382      B9139127 
 382      3D703263 
 382      A677979F 
 383 074c 74C5698C 		.ascii	"t\305i\2149\177\277\251\336\011\037aLzM\367\007\270"
 383      397FBFA9 
 383      DE091F61 
 383      4C7A4DF7 
 383      07B8
 384 075e 945D9F4E 		.ascii	"\224]\237N\254|\342\214+\030s\356\325\335T-\276\302"
 384      AC7CE28C 
 384      2B1873EE 
 384      D5DD542D 
 384      BEC2
 385 0770 184BA3EC 		.ascii	"\030K\243\354\311\032\345\322\376KuZ\226$\002\331;_"
 385      C91AE5D2 
 385      FE4B755A 
 385      962402D9 
 385      3B5F
 386 0782 1EB97EC7 		.ascii	"\036\271~\307\03171lEYe\035\337\204\227\001\033\321"
 386      1937316C 
 386      4559651D 
 386      DF849701 
 386      1BD1
 387 0794 7BA0DB1D 		.ascii	"{\240\333\035\267\263gu;\"\267kq\037e\224\271\3611\203"
 387      B7B36775 
 387      3B22B76B 
 387      711F6594 
 387      B9F13183 
 388 07a8 0E97F81E 		.ascii	"\016\227\370\036\207Ai]Hj\371n\010H\202\235\200\354"
 388      8741695D 
 388      486AF96E 
 388      0848829D 
 388      80EC
 389 07ba 1FBFF7C8 		.ascii	"\037\277\367\310\205i\367\"5\345\364\370\0215\036e\332"
 389      8569F722 
 389      35E5F4F8 
 389      11351E65 
 389      DA
 390 07cb 7B6667BE 		.ascii	"{fg\276\305"
 390      C5
 391 07d0 D3EC7A5B 		.ascii	"\323\354z[\336\266:w\034\356L\231Cg+\00658\2011\226"
 391      DEB63A77 
 391      1CEE4C99 
 391      43672B06 
 391      35388131 
 392 07e5 1ED193F6 		.ascii	"\036\321\223\366\210({\240\363%\306\031\354Yw\373EH"
 392      88287BA0 
 392      F325C619 
 392      EC5977FB 
 392      4548
 393 07f7 E84CC654 		.ascii	"\350L\306TL\354\257\360\300\307\030s\355\376\354\230"
 393      4CECAFF0 
 393      C0C71873 
ARM GAS  /tmp/cc7g8zKI.s 			page 31


 393      EDFEEC98 
 394 0807 161731A6 		.ascii	"\026\0271\246,e\246Z\205O1fk|\376>\022,5+\256d\221\365"
 394      2C65A65A 
 394      854F3166 
 394      6B7CFE3E 
 394      122C352B 
 395 081f 8E4C97AA 		.ascii	"\216L\227\252\330-\342\322\026\270u \271\275\310\035"
 395      D82DE2D2 
 395      16B87520 
 395      B9BDC81D 
 396 082f 57D221CA 		.ascii	"W\322!\312\301\356m\261\316\222\002\273\"y\204,\276"
 396      C1EE6DB1 
 396      CE9202BB 
 396      2279842C 
 396      BE
 397 0840 C3E0F321 		.ascii	"\303\340\363!\321g5/\260\302\234\340eB\360\324<x\031"
 397      D167352F 
 397      B0C29CE0 
 397      6542F0D4 
 397      3C7819
 398 0853 CA45285D 		.ascii	"\312E(]I\227\372\330\324H\211\012\3271\035\261\335c"
 398      4997FAD8 
 398      D448890A 
 398      D7311DB1 
 398      DD63
 399 0865 AF3C58F4 		.ascii	"\257<X\364\347\012\310\262#\300Z`\333ikr\024\2149\""
 399      E70AC8B2 
 399      23C05A60 
 399      DB696B72 
 399      148C3922 
 400 0879 1A03B6B1 		.ascii	"\032\003\266\261\011\350\026^$\353p\003SR\221\237\031"
 400      09E8165E 
 400      24EB7003 
 400      5352919F 
 400      19
 401 088a 23364E90 		.ascii	"#6N\220\316\361,\235\217\301\340lq\360Q\245CWr\354\273"
 401      CEF12C9D 
 401      8FC1E06C 
 401      71F051A5 
 401      435772EC 
 402 089f 1297F8E4 		.ascii	"\022\227\370\344\250;\276\305\"\374\342\341\236\273"
 402      A83BBEC5 
 402      22FCE2E1 
 402      9EBB
 403 08ad 88CD1859 		.ascii	"\210\315\030Y\245\341\025wwy\260\354\354\242\311;\035"
 403      A5E11577 
 403      7779B0EC 
 403      ECA2C93B 
 403      1D
 404 08be 33A3C2DD 		.ascii	"3\243\302\335\014\333\262\275\251M\215\0371\363\246"
 404      0CDBB2BD 
 404      A94D8D1F 
 404      31F3A6
 405 08cd 06EAF35D 		.ascii	"\006\352\363]\255\346]\246\211U\004\246\025\274\221"
 405      ADE65DA6 
 405      895504A6 
 405      15BC91
ARM GAS  /tmp/cc7g8zKI.s 			page 32


 406 08dc 6985F64D 		.ascii	"i\205\366M\253\273\236>\356\214\207\231\272\362]\011"
 406      ABBB9E3E 
 406      EE8C8799 
 406      BAF25D09 
 407 08ec B0A49E31 		.ascii	"\260\244\2361\246#)\256\302\025\307\270P\246j\307\330"
 407      A62329AE 
 407      C215C7B8 
 407      50A66AC7 
 407      D8
 408 08fd 2917BC83 		.ascii	")\027\274\2031\321\223=\205\0368\2111\003\021\325\335"
 408      31D1933D 
 408      851E3889 
 408      310311D5 
 408      DD
 409 090e 2A9CC698 		.ascii	"*\234\306\230\360\335My.\3700e\224\335\325\265\320\221"
 409      F0DD4D79 
 409      2EF83065 
 409      94DDD5B5 
 409      D091
 410 0920 5AEC1DD3 		.ascii	"Z\354\035\323|\214N\203\265\247Dko9j\020\313\225v\033"
 410      7C8C4E83 
 410      B5A7446B 
 410      6F396A10 
 410      CB95761B 
 411 0934 C4C494FE 		.ascii	"\304\304\224\376\2058\217i\212\333>S\200q1\323t\240"
 411      85388F69 
 411      8ADB3E53 
 411      807131D3 
 411      74A0
 412 0946 6A7A87D8 		.ascii	"jz\207\330\217\366\200\246*\320T\371\006\232\316\330"
 412      8FF680A6 
 412      2AD054F9 
 412      069ACED8 
 413 0956 D774EFC0 		.ascii	"\327t\357\300\360\270\012\237f\252\016\327\026\334\320"
 413      F0B80A9F 
 413      66AA0ED7 
 413      16DCD0
 414 0965 E06AA6EA 		.ascii	"\340j\246\352\376\243\342I7\253\252\001PU\003\252\252"
 414      FEA3E249 
 414      37ABAA01 
 414      505503AA 
 414      AA
 415 0976 DF40D539 		.ascii	"\337@\3259\373\252\206\"\373\272x\261ZHj\337\236\244"
 415      FBAA8622 
 415      FBBA78B1 
 415      5A486ADF 
 415      9EA4
 416 0988 E5F81253 		.ascii	"\345\370\022S\374\344HC1\251\016^Z\364\243\244\311\361"
 416      FCE44843 
 416      31A90E5E 
 416      5AF4A3A4 
 416      C9F1
 417 099a 624D4EEA 		.ascii	"bMN\352\256\236}.\270\221\231up\360N\204\233d\015\376"
 417      AE9E7D2E 
 417      B8919975 
 417      70F04E84 
 417      9B640DFE 
ARM GAS  /tmp/cc7g8zKI.s 			page 33


 418 09ae D501DAE4 		.ascii	"\325\001\332\344\\\002\333.\212\266yYMK\217\020\376"
 418      5C02DB2E 
 418      8AB67959 
 418      4D4B8F10 
 418      FE
 419 09bf 22CC47D2 		.ascii	"\"\314G\322C\326\203u^\334\272:H\217\013,=\242#\263"
 419      43D68375 
 419      5EDCBA3A 
 419      488F0B2C 
 419      3DA223B3 
 420 09d3 77B8E236 		.ascii	"w\270\3426\246\344B[\324\367\322\256\377%\355]\256\202"
 420      A6E4425B 
 420      D4F7D2AE 
 420      FF25ED5D 
 420      AE82
 421 09e5 8ECBA28E 		.ascii	"\216\313\242\216KJ\307J\256\330W\322Q\320v^\205{\231"
 421      4B4AC74A 
 421      AED857D2 
 421      51D0765E 
 421      857B99
 422 09f8 929BFBA2 		.ascii	"\222\233\373\242\206\235D-g\234\356\325\306\222Ex\035"
 422      869D442D 
 422      679CEED5 
 422      C6924578 
 422      1D
 423 0a09 D45C13D5 		.ascii	"\324\\\023\325\\}\215\232\006\373j\262\207\037]r\227"
 423      5C7D8D9A 
 423      06FB6AB2 
 423      871F5D72 
 423      97
 424 0a1a 6E9E44A4 		.ascii	"n\236D\244\270y6*-\357\027\341=\245\360\326\220\312"
 424      B879362A 
 424      2DEF17E1 
 424      3DA5F0D6 
 424      90CA
 425 0a2c C2BCF35A 		.ascii	"\302\274\363Z\306~\027-\237\317\230\327\266E\200\036"
 425      C67E172D 
 425      9FCF98D7 
 425      B645801E 
 426 0a3c 196FBF65 		.ascii	"\031o\277e\363\016s\323FG\223U\307\271k\0219\2568\203"
 426      F30E73D3 
 426      46479355 
 426      C7B96B11 
 426      39AE3883 
 427 0a50 E9E87995 		.ascii	"\351\350y\225\321\253\301Y\214\231L\272t\330\015\347"
 427      D1ABC159 
 427      8C994CBA 
 427      74D80DE7 
 428 0a60 332621AF 		.ascii	"3&!\257\261E\215\213\030c)\025\236\274Tt\034\237\251"
 428      B1458D8B 
 428      18632915 
 428      9EBC5474 
 428      1C9FA9
 429 0a73 54E312F6 		.ascii	"T\343\022\3660\255}4_\203\313(\243<w;#\307\015\351\274"
 429      30AD7D34 
 429      5F83CB28 
 429      A33C773B 
ARM GAS  /tmp/cc7g8zKI.s 			page 34


 429      23C70DE9 
 430 0a88 2486406B 		.ascii	"$\206@kb\255\005\355\020 xQg\241\344o*\251\277\242o"
 430      62AD05ED 
 430      10207851 
 430      67A1E46F 
 430      2AA9BFA2 
 431 0a9d 2A6D4A1D 		.ascii	"*mJ\035j\025\303\274N\307\314-\353N<\3137\252;\3640"
 431      6A15C3BC 
 431      4EC7CC2D 
 431      EB4E3CCB 
 431      37AA3BF4 
 432 0ab2 20BCAEC9 		.ascii	" \274\256\311\031W3\325\243C\267^\272\341\363\214i\352"
 432      195733D5 
 432      A343B75E 
 432      BAE1F38C 
 432      69EA
 433 0ac4 CF88E45D 		.ascii	"\317\210\344]F#\355,\246\252Z\325\270\236=lK\234\354"
 433      4623ED2C 
 433      A6AA5AD5 
 433      B89E3D6C 
 433      4B9CEC
 434 0ad7 72C15718 		.ascii	"r\301W\030\023w\341d\035\357\345\352\011_\177;\356\254"
 434      1377E164 
 434      1DEFE5EA 
 434      095F7F3B 
 434      EEAC
 435 0ae9 0A37B087 		.ascii	"\0127\260\207YW\272\004'|\2031\225\261W^:\343[\214I"
 435      5957BA04 
 435      277C8331 
 435      95B1575E 
 435      3AE35B8C 
 436 0afe 391D1DAE 		.ascii	"9\035\035\256\305-\214i\276\334\032\353\212[\031Ss\373"
 436      C52D8C69 
 436      BEDC1AEB 
 436      8A5B1953 
 436      73FB
 437 0b10 D07527DC 		.ascii	"\320u'\334\301\230\335\343\223y\010\3670\246\257\270"
 437      C198DDE3 
 437      937908F7 
 437      30A6AFB8 
 438 0b20 ED9A06F7 		.ascii	"\355\232\006\3673&\275\274\363\222\032\0170f\354b\352"
 438      3326BDBC 
 438      F3921A0F 
 438      3066EC62 
 438      EA
 439 0b31 663CC4AE 		.ascii	"f<\304\256cJZ\023\264x\2141\231\247\007\317a\374\234"
 439      634A5A13 
 439      B4788C31 
 439      99A707CF 
 439      61FC9C
 440 0b44 31D3D145 		.ascii	"1\323\321E\333]\3604c\036\\\216_\216g\370\"|4k\306\341"
 440      DB5DF034 
 440      631E5C8E 
 440      5F8E67F8 
 440      227C346B 
 441 0b5a AEF43AEF 		.ascii	"\256\364:\357~E\225\006G1&\251\243(R\205c\031\323rp"
 441      7E459506 
ARM GAS  /tmp/cc7g8zKI.s 			page 35


 441      473126A9 
 441      A3285285 
 441      6319D372 
 442 0b6f 7ADA15FF 		.ascii	"z\332\025\377\304\230\316\370\216\177\305\011\354\372"
 442      C498CEF8 
 442      8E7FC509 
 442      ECFA
 443 0b7d 6C73EC4B 		.ascii	"ls\354K\035\336\313\230\334\331\361\035:\234\302\230"
 443      1DDECB98 
 443      DCD9F11D 
 443      3A9CC298 
 444 0b8d CB99CF6B 		.ascii	"\313\231\317kx_\322K\370\251\242\321\247\316l\233H\207"
 444      785FD24B 
 444      F8A9A2D1 
 444      A7CE6C9B 
 444      4887
 445 0b9f B6F9170F 		.ascii	"\266\371\027\017\367>\313\201\327^\372\231\277X\372"
 445      F73ECB81 
 445      D75EFA99 
 445      BF58FA
 446 0bae F1625FEC 		.ascii	"\361b_\354mu8\374\243\304#Q\302N_:\261\017`b\303\260"
 446      6D7538FC 
 446      A3C42351 
 446      C24E5F3A 
 446      B10F6062 
 447 0bc4 E47D7516 		.ascii	"\344}u\026Y_X\031~\340\337\331\333-A?\221\243\023\225"
 447      595F5819 
 447      7EE0DFD9 
 447      DB2D413F 
 447      91A31395 
 448 0bd8 32F49804 		.ascii	"2\364\230\004=h\037\315^\264\371\253\363\177\210\360"
 448      3D681FCD 
 448      5EB4F9AB 
 448      F37F88F0 
 449 0be8 6E39BC6B 		.ascii	"n9\274k\016\274F\002\357\261\017\227\332\362\265\210"
 449      0EBC4602 
 449      EFB10F97 
 449      DAF2B588 
 450 0bf8 EE93A3EF 		.ascii	"\356\223\243\357\213h\351\033\3644\024\207)x\204&\371"
 450      8B68E91B 
 450      F4341487 
 450      29788426 
 450      F9
 451 0c09 00F232BC 		.ascii	"\000\3622\274\003{\241h\274\030E\000\355\004\212\001"
 451      037BA168 
 451      BC184500 
 451      ED048A01 
 452 0c19 DA0DB407 		.ascii	"\332\015\264\007(\034(\036(\021h\027\320K\345b\364\012"
 452      281C281E 
 452      28116817 
 452      D04BE562 
 452      F40A
 453 0c2b 2816AE7F 		.ascii	"(\026\256\177\002\332\016\024\005\364\002\356m\203o"
 453      02DA0E14 
 453      05F402EE 
 453      6D836F
 454 0c3a 01280168 		.ascii	"\001(\001h\026\370\031\240H\270\336\012\024\207m\216"
ARM GAS  /tmp/cc7g8zKI.s 			page 36


 454      16F819A0 
 454      48B8DE0A 
 454      14876D8E 
 455 0c4a 1424611C 		.ascii	"\024$a\034\225\233^+w\264\347\337D\364s9\332[\036\304"
 455      959B5E2B 
 455      77B4E7DF 
 455      44F47339 
 455      DA5B1EC4 
 456 0c5e 9B922076 		.ascii	"\233\222 v\312\321\367\344\262[%\350\016\373h\033\341"
 456      CAD1F7E4 
 456      B25B25E8 
 456      0EFB681B 
 456      E1
 457 0c6f 92983F94 		.ascii	"\222\230?\224\303\2059\360V\211\345\023v-\227\316\247"
 457      C38539F0 
 457      5689E513 
 457      762D97CE 
 457      A7
 458 0c80 04FC540E 		.ascii	"\004\374T\016f\207\025R\331\003\022S\372\355\247\271"
 458      66871552 
 458      D9031253 
 458      FAEDA7B9 
 459 0c90 143E2D09 		.ascii	"\024>-\011\371c9|\347\234\220K\302rW\216\276#G_\226"
 459      F963397C 
 459      E79C904B 
 459      C272578E 
 459      BE23475F 
 460 0ca5 98F2C87E 		.ascii	"\230\362\310~T$\350\233\022KF\354O\276\315\242\220\010"
 460      5424E89B 
 460      124B46EC 
 460      4FBECDA2 
 460      9008
 461 0cb7 1FB06F38 		.ascii	"\037\260o8\203\263\262\336\3206\217\226u\200I\017\240"
 461      83B3B2DE 
 461      D0368F96 
 461      7580490F 
 461      A0
 462 0cc8 98ACA136 		.ascii	"\230\254\2416\317\204\010\241~\031\025\366\314~\214"
 462      CF8408A1 
 462      7E1915F6 
 462      CC7E8C
 463 0cd7 A5519058 		.ascii	"\245Q\220X:$G\247\314\261tZbi\257\375\005i\003\227\314"
 463      3A2447A7 
 463      CCB1745A 
 463      6269AFFD 
 463      05690397 
 464 0cec F7B81C1E 		.ascii	"\367\270\034\036/\217Z\215\304\2261\373h\233\314\223"
 464      2F8F5A8D 
 464      C49631FB 
 464      689BCC93 
 465 0cfc C087ED9B 		.ascii	"\300\207\355\233N\205\2237\300\332g-6]\202\024\253@"
 465      4E859337 
 465      C0DA672D 
 465      365D8214 
 465      AB40
 466 0d0e 7BB16507 		.ascii	"{\261e\007\357\250<4\341\206\217\322r\215\237\025m\235"
 466      EFA83C34 
ARM GAS  /tmp/cc7g8zKI.s 			page 37


 466      E1868FD2 
 466      728D9F15 
 466      6D9D
 467 0d20 74468BE7 		.ascii	"tF\213\347\363CHh[R\372\256\260CH\030\201Z@g\262\375"
 467      F3434868 
 467      5B52FAAE 
 467      B0434818 
 467      815A4067 
 468 0d36 6CDFC59B 		.ascii	"l\337\305\233uR\217\254\217A\"\305\223z\224\002\365"
 468      75528FAC 
 468      8F4122C5 
 468      937A9402 
 468      F5
 469 0d47 2889D70B 		.ascii	"(\211\327\013>\2519lR\223\261\374T17\374\301\023\214"
 469      3EA9396C 
 469      5293B1FC 
 469      543137FC 
 469      C1138C
 470 0d5a 4FB02DE4 		.ascii	"O\260-\344q\177n\263\022\237bLjgM\007\337\300\317\023"
 470      717F6EB3 
 470      129F624C 
 470      6A674D07 
 470      DFC0CF13 
 471 0d6e BEB473CF 		.ascii	"\276\264s\3176~r\222N~kx\360\374y\263\032\3270\360\211"
 471      367E7292 
 471      4E7E6B78 
 471      F0FC79B3 
 471      1AD730F0 
 472 0d83 D99C288C 		.ascii	"\331\234(\214\353)\363w\347\036'\037\321\"\272\311\350"
 472      EB29F377 
 472      E71E271F 
 472      D122BAC9 
 472      E8
 473 0d94 E6F37FC0 		.ascii	"\346\363\177\300\315_\354\345E\276\340\357\002\366\210"
 473      CD5FECE5 
 473      45BEE0EF 
 473      02F688
 474 0da3 EC3C3A9D 		.ascii	"\354<:\235\227\270\005\221+/\370\307br}\332\351\352"
 474      97B80591 
 474      2B2FF8C7 
 474      62727DDA 
 474      E9EA
 475 0db5 85061613 		.ascii	"\205\006\026\023\350\265\320y\210\311!G\311.\255\322"
 475      E8B5D079 
 475      88C92147 
 475      C92EADD2 
 476 0dc5 07F12274 		.ascii	"\007\361\"t\000\003 \025\263\021$*w *-PI\233\201n\003"
 476      00032015 
 476      B311242A 
 476      77202A2D 
 476      50499B81 
 477 0ddb DD026A02 		.ascii	"\335\002j\002\272\011\224\001t\003\250\021\350:P%P)"
 477      BA099401 
 477      7403A811 
 477      E83A5025 
 477      5029
 478 0ded 5001D071 		.ascii	"P\001\320q\240#@\207\2012m\252\360\330\037Y\216@c\224"
ARM GAS  /tmp/cc7g8zKI.s 			page 38


 478      A0234087 
 478      81326DAA 
 478      F0D81F59 
 478      8E406394 
 479 0e01 8665A6CD 		.ascii	"\206e\246\315\331'g\256x\356\246K\207\034u\204\311="
 479      D92767AE 
 479      78EEA64B 
 479      871C7584 
 479      C93D
 480 0e13 995BFA3A 		.ascii	"\231[\372:\256,`\370\243\220\015[\355\343\251xI\342"
 480      AE2C60F8 
 480      A3900D5B 
 480      EDE3A978 
 480      49E2
 481 0e25 65D924DE 		.ascii	"e\331$\336Q\226x\322\300\374\004\333\027\311u\264\003"
 481      519678D2 
 481      C0FC04DB 
 481      17C975B4 
 481      03
 482 0e36 0466F1C0 		.ascii	"\004f\361\300\264A`Z\301\271\\\240l\033\007\037\317"
 482      B441605A 
 482      C1B95CA0 
 482      6C1B071F 
 482      CF
 483 0e47 38CD140B 		.ascii	"8\315\024\013\30265\312\001#\242\370\030\2735Ub\305"
 483      C23635CA 
 483      0123A2F8 
 483      18BB3555 
 483      62C5
 484 0e59 311B2B72 		.ascii	"1\033+r^cE;h\376y+z\366a\341\360B\224\007&D\3337A\036"
 484      5E63453B 
 484      68FE792B 
 484      7AF661E1 
 484      F0429407 
 485 0e73 877C1B0B 		.ascii	"\207|\033\013\310@\226\363vs\344.(\376\377\313\021\310"
 485      C84096F3 
 485      7673E42E 
 485      28FEFFCB 
 485      11C8
 486 0e85 E1BC1C9E 		.ascii	"\341\274\034\236\303\344Lg\227|&w\332\316<y\357]\023"
 486      C3E44C67 
 486      977C2677 
 486      DACE3C79 
 486      EF5D13
 487 0e98 46D3AA10 		.ascii	"F\323\252\020`{9\334\372\246\222\350 \345\255\200\223"
 487      607B39DC 
 487      FAA692E8 
 487      20E5AD80 
 487      93
 488 0ea9 E0423177 		.ascii	"\340B1w\247\004\256O\200IE6&\015e\363\314\"\201\211"
 488      A704AE4F 
 488      80494536 
 488      260D65F3 
 488      CC228189 
 489 0ebd 0505C50E 		.ascii	"\005\005\305\016\372\001\273\362\267\361\001\216\345"
 489      FA01BBF2 
 489      B7F1018E 
ARM GAS  /tmp/cc7g8zKI.s 			page 39


 489      E5
 490 0eca F778B165 		.ascii	"\367x\261e\221\307sf\256x\311\357\035\035\331\2542\025"
 490      91C77366 
 490      AE78C9EF 
 490      1D1DD9AC 
 490      3215
 491 0edc DB56267E 		.ascii	"\333V&~\240\022\247\211\317L \357r$\026q\342K\006A["
 491      A012A789 
 491      CF4C20EF 
 491      72241671 
 491      E24B0641 
 492 0ef1 C205114E 		.ascii	"\302\005\021N\262D\270\014`\373\344\021N\224\267r\262"
 492      B244B80C 
 492      60FBE411 
 492      4E94B772 
 492      B2
 493 0f02 D259015E 		.ascii	"\322Y\001^\224s\217N\303\365)\333h\245I\242E\334)\377"
 493      94738F4E 
 493      C3F529DB 
 493      68A549A2 
 493      45DC29FF 
 494 0f16 1F54E524 		.ascii	"\037T\345$\216\227\213f\356\365\2471\337\313\035\370"
 494      8E978B66 
 494      EEF5A731 
 494      DFCB1DF8 
 495 0f26 3EB3330C 		.ascii	">\2633\014\336\226\211O\311\242\353\345\266\256\307"
 495      DE96894F 
 495      C9A2EBE5 
 495      B6AEC7
 496 0f35 595C3F83 		.ascii	"Y\\?\203\027\240\375r\327\245{l\202\035\003\025t\030"
 496      17A0FD72 
 496      D7A57B6C 
 496      821D0315 
 496      7418
 497 0f47 B1AE01AC 		.ascii	"\261\256\001\254\273\006Sy\025\350\012\320E\240:\240"
 497      BB065379 
 497      15E80AD0 
 497      45A03AA0 
 498 0f57 6AA0B340 		.ascii	"j\240\263@U\266\375\347\037\330\024\223\214N\005\245"
 498      55B6FDE7 
 498      1FD81493 
 498      8C4E05A5 
 499 0f67 448AC3BE 		.ascii	"D\212\303\276\254\341\254\244\222\035\3709t\315\357"
 499      ACE1ACA4 
 499      921DF839 
 499      74CDEF
 500 0f76 98E87300 		.ascii	"\230\350s\000>\350\030,Y\35556\253\375\334\334z\223"
 500      3EE8182C 
 500      59ED3536 
 500      ABFDDCDC 
 500      7A93
 501 0f88 0FF5268F 		.ascii	"\017\365&\217\324\233\\\220W\303\247\343\0028|\036\034"
 501      D49B5C90 
 501      57C3A7E3 
 501      02387C1E 
 501      1C
 502 0f99 AB151D23 		.ascii	"\253\025\035#QO\322"
ARM GAS  /tmp/cc7g8zKI.s 			page 40


 502      514FD2
 503 0fa0 0C8FF50A 		.ascii	"\014\217\365\012B\202\216\236\341\245\361\001\016Z\034"
 503      42828E9E 
 503      E1A5F101 
 503      0E5A1C
 504 0faf 729EF316 		.ascii	"r\236\363\026\251M$=c8\326\272R\344\251\336\037\345"
 504      A94D243D 
 504      6338D6BA 
 504      52E4A9DE 
 504      1FE5
 505 0fc1 440EE06A 		.ascii	"D\016\340j\3464Vl&\257g\361\231$'t\307\177.L\315\225"
 505      E634566C 
 505      26AF67F1 
 505      99242774 
 505      C77F2E4C 
 506 0fd7 3CA8F510 		.ascii	"<\250\365\020\247\3427\212\323%@\212q\252gqrP5\321e"
 506      A7E2378A 
 506      D325408A 
 506      71AA6771 
 506      725035D1 
 507 0fec 088F5838 		.ascii	"\010\217X8\255)9E\017p\210\244\023bJ\346QQ\326z"
 507      AD293945 
 507      0F7088A4 
 507      13624AE6 
 507      5151D67A 
 508 1000 5771913B 		.ascii	"Wq\221;\002\373b\311k\375 A9\315\267E\342\365\311\237"
 508      02FB62C9 
 508      6BFD2041 
 508      39CDB745 
 508      E2F5C99F 
 509 1014 430FAC62 		.ascii	"C\017\254b\311A\300\245\216\301\374W\321S\364WQ\300"
 509      C941C0A5 
 509      8EC1FC57 
 509      D153F457 
 509      51C0
 510 1026 CC6D649B 		.ascii	"\314md\233\217{\216\207\013I\313\350\001c\031_6\374"
 510      8F7B8E87 
 510      0B49CBE8 
 510      0163195F 
 510      36FC
 511 1038 98862D9A 		.ascii	"\230\206-\232<\351\253\302\007\373\204\3520L\317\010"
 511      3CE9ABC2 
 511      07FB84EA 
 511      304CCF08 
 512 1048 2BEC8197 		.ascii	"+\354\201\227Kzy\216%\207|g\355a%\223\330\221\313'\261"
 512      4B7A798E 
 512      25877C67 
 512      ED612593 
 512      D891CB27 
 513 105d 09BA9B1B 		.ascii	"\011\272\233\033\366\273\033i;\375\276XXo\311\321vZ"
 513      F6BB1B69 
 513      3BFDBE58 
 513      586FC9D1 
 513      765A
 514 106f 5809FCB6 		.ascii	"X\011\374\266}\270$\264\015\307\370D\220.\262Y\016\237"
 514      7DB824B4 
 514      0DC7F844 
ARM GAS  /tmp/cc7g8zKI.s 			page 41


 514      902EB259 
 514      0E9F
 515 1081 FBFA54C3 		.ascii	"\373\372T\303\245\223vf\277\274\373\231\263L\246\177"
 515      A5937666 
 515      BFBCFB99 
 515      B34CA67F 
 516 1091 2DEE6931 		.ascii	"-\356i1\362=m\316\304\361n\365\220\203\2728\370\224"
 516      F23D6DCE 
 516      C4F16EF5 
 516      9083BA38 
 516      F894
 517 10a3 242149D7 		.ascii	"$!I\327tlM\302C\222\2728<\3434=\026IW\261Ea\326\353"
 517      746C4DC2 
 517      4392BA38 
 517      3CE3343D 
 517      164957B1 
 518 10bb 14364463 		.ascii	"\0246Dc\222)Y\366\364\365\357\325\220g\244\251\331."
 518      922959F6 
 518      F4F5EFD5 
 518      9067A4A9 
 518      D92E
 519 10cd A67C16D5 		.ascii	"\246|\026\325FBK~p\352:\374\334\003\337\327\321N8\343"
 519      46424B7E 
 519      70EA3AFC 
 519      DC03DFD7 
 519      D14E38E3 
 520 10e1 DAF85E2D 		.ascii	"\332\370^-\036eL\313\335\310r~r\357JN\006\257t\376\331"
 520      1E654CCB 
 520      DDC8727E 
 520      72EF4A4E 
 520      06AF74FE 
 521 10f6 E10F975D 		.ascii	"\341\017\227]\230\377p\331\211\351\301`\330x\346\343"
 521      98FF70D9 
 521      89E9C160 
 521      D878E6E3 
 522 1106 393F4D5A 		.ascii	"9?MZJ\231\002ucO\313 \252)\375\301y\233_U\3111\242C"
 522      4A990275 
 522      634FCB20 
 522      AA29FDC1 
 522      799B5F55 
 523 111e 74F3B5DD 		.ascii	"t\363\265\335\015n\357e\012\215\325B\365\203\375+;\216"
 523      0D6EEF65 
 523      0A8DD542 
 523      F583FD2B 
 523      3B8E
 524 1130 0A3185E0 		.ascii	"\0121\205\340d\017\366D\035\020\322\022\364\216d\354"
 524      640FF644 
 524      1D10D212 
 524      F48E64EC 
 525 1140 3DB8F3A5 		.ascii	"=\270\363\245\022\336\3000\371-\275\347\354\350}\027"
 525      12DEC030 
 525      F92DBDE7 
 525      ECE87D17 
 526 1150 E9DBCE3D 		.ascii	"\351\333\316=$-\277\275\254\254\220or$v\263O@R0\371"
 526      242DBFBD 
 526      ACAC906F 
 526      722476B3 
ARM GAS  /tmp/cc7g8zKI.s 			page 42


 526      4F405230 
 527 1165 895E04F7 		.ascii	"\211^\004\367qp\037\005O\367\336|\240\301\323,r\247"
 527      71701F05 
 527      4FF7DE7C 
 527      A0C1D32C 
 527      72A7
 528 1177 23720BF9 		.ascii	"#r\013\371O\221\277\0026jWO&\377\217M#\344\027\271C"
 528      4F91BF02 
 528      366A574F 
 528      26FF8F4D 
 528      23E417B9 
 529 118c 0FAF5DE2 		.ascii	"\017\257]\342\207]\277$g_aQ\325N\016#;`\211\354#\026"
 529      875DBF24 
 529      675F6151 
 529      D54E0E23 
 529      3B6089EC 
 530 11a2 D9BCCA6D 		.ascii	"\331\274\312mMjyd\037B?\370\000\023\370c\032\253\001"
 530      4D6A7964 
 530      1F423FF8 
 530      0013F863 
 530      1AAB01
 531 11b5 4BACAEED 		.ascii	"K\254\256\355\351\351T\311#\353\020\335\372S\364\240"
 531      E9E954C9 
 531      23EB10DD 
 531      FA53F4A0 
 532 11c5 078FECF8 		.ascii	"\007\217\354\370\261\225\007\303\253\205\210\217\321"
 532      B19507C3 
 532      AB85888F 
 532      D1
 533 11d2 200F6C2D 		.ascii	" \017l-\004V\034\332\317\003\373\204\006\266\352\306"
 533      04561CDA 
 533      CF03FB84 
 533      06B6EAC6 
 534 11e2 DE932EEF 		.ascii	"\336\223.\357f\260\244\313V\0121\316\350\253\267\350"
 534      66B0A4CB 
 534      560A31CE 
 534      E8ABB7E8 
 535 11f2 7F64A2D9 		.ascii	"\177d\242\331\210\206\360\273\344H\272/2\325M\032\321"
 535      8886F0BB 
 535      E448BA2F 
 535      32D54D1A 
 535      D1
 536 1203 1A9BDF73 		.ascii	"\032\233\337s\207\255%\233\\\222t|\225wG\305\245\216"
 536      87AD259B 
 536      5C92747C 
 536      957747C5 
 536      A58E
 537 1215 FDB545E8 		.ascii	"\375\265E\350\005\213\320\021*\364x\270\320\246\343"
 537      058BD011 
 537      2AF478B8 
 537      D0A6E3
 538 1224 A09E0F2C 		.ascii	"\240\236\017,\240z\013h\024\277\253p\011\0151\232\365"
 538      A07A0B68 
 538      14BFAB70 
 538      090D319A 
 538      F5
 539 1235 81217EDF 		.ascii	"\201!~\3379\177\372\317\353\336^\355\343\243X\266t\251"
ARM GAS  /tmp/cc7g8zKI.s 			page 43


 539      397FFACF 
 539      EBDE5EED 
 539      E3A358B6 
 539      74A9
 540 1247 B7F55F88 		.ascii	"\267\365_\210\311\333/$(($\330\233\000M\336\237|\361"
 540      C9DB2F24 
 540      282824D8 
 540      9B004DDE 
 540      9F7CF1
 541 125a D9EACFB6 		.ascii	"\331\352\317\266x\373\371\373\205\030\015\372\357?\012"
 541      78FBF9FB 
 541      85180DFA 
 541      EF3F0A
 542 1269 5AEAAF70 		.ascii	"Z\352\257p\24526\005\023).~\376k\1770\375\021\256\336"
 542      A5323605 
 542      13292E7E 
 542      FE6B7F30 
 542      FD11AEDE 
 543 127d 9189319A 		.ascii	"\221\2111\232\275\003\202\375\0027\2557\300h\323\017"
 543      BD0382FD 
 543      0237AD37 
 543      C068D30F 
 544 128d 26329082 		.ascii	"&2\220\202\327\321\201Z=\225\030\020\034`\376\033\373"
 544      D7D1815A 
 544      3D951810 
 544      1C60FE1B 
 544      FB
 545 129e 06849802 		.ascii	"\006\204\230\002\003\276\3616\031\375`|\220!\210\300"
 545      03BEF136 
 545      19FD607C 
 545      902188C0 
 546 12ae 97FA297E 		.ascii	"\227\372)~\351\347\277\032\256>\011\004!\237\004\006"
 546      E9E7BF1A 
 546      AE3E0904 
 546      219F0406 
 547 12be 6C0C36AC 		.ascii	"l\0146\254\377\227\000\263\377\347\0336\230\014\346"
 547      FF9700B3 
 547      FFE71B36 
 547      980CE6
 548 12cd 356A53C0 		.ascii	"5jS\300\177\031\364f\177\357\220P\263\367'\346\220\300"
 548      7F19F466 
 548      7FEF9050 
 548      B3F727E6 
 548      90C0
 549 12df C0003FFD 		.ascii	"\300\000?\375\227\306M\206\265_\256\373\3075\237\353"
 549      97C64D86 
 549      B55FAEFB 
 549      C7359FEB 
 550 12ef 378418F5 		.ascii	"7\204\030\365k\277\374l\371\207\372-+W\350W\374F\277"
 550      6BBFFC6C 
 550      F987FA2D 
 550      2B57E857 
 550      FC46BF
 551 1302 6AA9CFD2 		.ascii	"j\251\317\322e\304\313/CB\002M\336D\343F??o_c\320\007"
 551      65C4CB2F 
 551      4342024D 
 551      DE44E346 
ARM GAS  /tmp/cc7g8zKI.s 			page 44


 551      3F3F6F5F 
 552 1319 BE6CF807 		.ascii	"\276l\370\007\006\337o\002\274W,]\276\324\307\352\220"
 552      06DF6F02 
 552      BC572C5D 
 552      BED4C7EA 
 552      90
 553 132a C9BC7EBD 		.ascii	"\311\274~\275a\003x\264\350u\326\314c\017?5\230\327"
 553      610378B4 
 553      E875D6CC 
 553      630F3F35 
 553      98D7
 554 133c 9A7DCD9B 		.ascii	"\232}\315\233L\177\326\372\371\353\271'\232`\303\026"
 554      4C7FD6FA 
 554      F9EBB927 
 554      9A60C316 
 555 134c 335CBBE8 		.ascii	"3\\\273\350\365\233\002\202\315+\365\346o\377\2676\317"
 555      F59B0282 
 555      CD2BF5E6 
 555      6FFFB736 
 555      CF
 556 135d B1D56265 		.ascii	"\261\325be\220\257\237\177@\260\301[\017\266\372n\012"
 556      90AF9F7F 
 556      40B0C15B 
 556      0FB6FA6E 
 556      0A
 557 136e 34EBCD3F 		.ascii	"4\353\315?\204\032\310<h\270J\375\377\271J\230go=D\007"
 557      841AC83C 
 557      68B84AFD 
 557      FFB94A98 
 557      676F3D44 
 558 1383 E4831EB5 		.ascii	"\344\203\036\265!x=\370\350 \301\330\374\2129b\231c"
 558      21783DF8 
 558      E820C1D8 
 558      FC8A3962 
 558      9963
 559 1395 7F850BBF 		.ascii	"\177\205\013\277\324\233\335\364z\177\203o\250\376\033"
 559      D49BDDF4 
 559      7A7F836F 
 559      A8FE1B
 560 13a4 5F9341AF 		.ascii	"_\223A\257\327q\016\304\352\365Z\0269\260\321\354l\271"
 560      D7710EC4 
 560      EAF55A16 
 560      39B0D1EC 
 560      6CB9
 561 13b6 50F9F9FB 		.ascii	"P\371\371\373\032a\014\004_\377\017\237\254\375\247"
 561      1A610C04 
 561      5FFF0F9F 
 561      ACFDA7
 562 13c5 3F7DB1C6 		.ascii	"?}\261\306\3157p\263\357\017&H\264@\210\305\337\333"
 562      CD3770B3 
 562      EF0F2648 
 562      B44088C5 
 562      DFDB
 563 13d7 3705E682 		.ascii	"7\005\346\2028\347\275\372\263\265k\326z\223I\363^c"
 563      38E7BDFA 
 563      B3B56BD6 
 563      7A9349F3 
ARM GAS  /tmp/cc7g8zKI.s 			page 45


 563      5E63
 564 13e9 B12BC814 		.ascii	"\261+\310\024`\322CN\200]\316F\203o`\2501 Dc&\177\365"
 564      60D2434E 
 564      805DCE46 
 564      836F60A8 
 564      31204463 
 565 1400 E6BF7D93 		.ascii	"\346\277}\223\245\023\022\024\032\020h0\232\274?]\275"
 565      A5131214 
 565      1A106830 
 565      9ABC3F5D 
 565      BD
 566 1411 1ADCB44E 		.ascii	"\032\334\264NB\220yK`\200\311\254\"\231\340\024\262"
 566      4290794B 
 566      6080C9AC 
 566      2299E014 
 566      B2
 567 1422 39D86074 		.ascii	"9\330`t\372\317M\206M\006H\033\310`P\265\336\244\247"
 567      FACF4D86 
 567      4D06481B 
 567      C86050B5 
 567      DEA4A7
 568 1435 3754A146 		.ascii	"7T\241F\303\367\0366\267\364fM\320&\263a\013\370Nr\212"
 568      C3F71E36 
 568      B7F4664D 
 568      D026B361 
 568      0BF84E72 
 569 144a 5C3A1B42 		.ascii	"\\:\033B!.\001\301\033]\015\337\033\202\315A\276\246"
 569      212E01C1 
 569      1B5D0DDF 
 569      1B82CD41 
 569      BEA6
 570 145c EFE06990 		.ascii	"\357\340i\220i#\035\240\331\354\033`\206\207\036\022"
 570      69231DA0 
 570      D9EC1B60 
 570      86871E12 
 571 146c E144BBBB 		.ascii	"\341D\273\273\224\321\233\321&\265a3\031\252\336l\006"
 571      94D19BD1 
 571      26B56133 
 571      19AADE6C 
 571      06
 572 147d FB42E1CB 		.ascii	"\373B\341\313d\010\012\305~\301f\310T\036e\015\377v"
 572      64080AC5 
 572      7EC166C8 
 572      541E650D 
 572      FF76
 573 148f 82BB7AB3 		.ascii	"\202\273z\263\016$\002\3067\324\237\244\265\211\250"
 573      0E2402C6 
 573      37D49FA4 
 573      B589A8
 574 149e 366D7402 		.ascii	"6mt\002\002\300f\263\331\030\352\311T\350\215\206\015"
 574      02C066B3 
 574      D918EAC9 
 574      54E88D86 
 574      0D
 575 14af 06A321D8 		.ascii	"\006\243!\330\017\214\007\261!\337|\033\352l\330\022"
 575      0F8C07B1 
 575      21DF7C1B 
ARM GAS  /tmp/cc7g8zKI.s 			page 46


 575      EA6CD812 
 576 14bf 60F60B59 		.ascii	"`\366\013YoP\033\327\377\000#T\0001i\314\344/\014\336"
 576      6F501BD7 
 576      FF002354 
 576      003169CC 
 576      E42F0CDE 
 577 14d3 10E8BB11 		.ascii	"\020\350\273\021\270 x\016\234\011\226\220\301\331L"
 577      B820780E 
 577      9C099690 
 577      C1D94C
 578 14e2 BF88005F 		.ascii	"\277\210\000_\222\022<\007 AY\016\220\013\255\311\374"
 578      92123C07 
 578      2041590E 
 578      900BADC9 
 578      FC
 579 14f3 9D2F598A 		.ascii	"\235/Y\212zG\205\305Ne\203\371P\005\373\006\031\234"
 579      7A4785C5 
 579      4E6583F9 
 579      5005FB06 
 579      199C
 580 1505 4202D7C3 		.ascii	"B\002\327\303<\004\0336\033\214\330\317\274Ei\012U\006"
 580      3C041B36 
 580      1B8CD8CF 
 580      BC45690A 
 580      5506
 581 1517 1A61DE37 		.ascii	"\032a\3367B\312\353\315\330\350\343\003\264Li\\\245"
 581      42CAEBCD 
 581      D8E8E303 
 581      B44C695C 
 581      A5
 582 1528 34AE541A 		.ascii	"4\256T\032?R\032W(\215\277U\032\177\203M\313}\200\226"
 582      3F521A57 
 582      288DBF55 
 582      1A7F834D 
 582      CB7D8096 
 583 153c 61D387AB 		.ascii	"a\323\207\253\200V\002}\004\264\002\350\267@\360\374"
 583      8056027D 
 583      04B402E8 
 583      B740F0FC 
 584 154c C3E5401F 		.ascii	"\303\345@\037\002\001\356C\300\371\000\316\007p>\200"
 584      0201EE43 
 584      C0F900CE 
 584      07703E80 
 585 155c F359C16A 		.ascii	"\363Y\301j*\270\000Ju\364\332/$\030f\325\254\"\231\346"
 585      2AB8004A 
 585      75F4DA2F 
 585      241866D5 
 585      AC2299E6 
 586 1570 629D35A7 		.ascii	"b\2355\247\240PX\201\316<\244\346w_[t\375\374\327\203"
 586      A0505881 
 586      CE3CA4E6 
 586      775F5B74 
 586      FDFCD783 
 587 1584 63AF2DCC 		.ascii	"c\257-\3140\311\000Y\3623\265\333\222\263\257\257\361"
 587      30C90059 
 587      F233B5DB 
 587      92B3AFAF 
ARM GAS  /tmp/cc7g8zKI.s 			page 47


 587      F1
 588 1595 06B239C0 		.ascii	"\006\2629\300\352\333\260)\330O\257_\272b\325\312U\316"
 588      EADBB029 
 588      D84FAF5F 
 588      BA62D5CA 
 588      55CE
 589 15a7 164EBCFD 		.ascii	"\026N\274\375\321\312\225\313\377\033\336\304$d"
 589      D1CA95CB 
 589      FF1BDEC4 
 589      2464
 590              		.text
 591              		.section	.gnu.lto_.symtab.ee25b95d63f2633f,"",%progbits
 592 0000 5F636F72 		.ascii	"_core_init\000"
 592      655F696E 
 592      697400
 593 000b 00       		.ascii	"\000"
 594 000c 00       		.ascii	"\000"
 595 000d 00       		.ascii	"\000"
 596 000e 00000000 		.ascii	"\000\000\000\000\000\000\000\000"
 596      00000000 
 597 0016 B6000000 		.ascii	"\266\000\000\000"
 598 001a 63685F6D 		.ascii	"ch_memcore\000"
 598      656D636F 
 598      726500
 599 0025 00       		.ascii	"\000"
 600 0026 00       		.ascii	"\000"
 601 0027 00       		.ascii	"\000"
 602 0028 00000000 		.ascii	"\000\000\000\000\000\000\000\000"
 602      00000000 
 603 0030 DE000000 		.ascii	"\336\000\000\000"
 604 0034 6368436F 		.ascii	"chCoreAllocAlignedWithOffsetI\000"
 604      7265416C 
 604      6C6F6341 
 604      6C69676E 
 604      65645769 
 605 0052 00       		.ascii	"\000"
 606 0053 00       		.ascii	"\000"
 607 0054 00       		.ascii	"\000"
 608 0055 00000000 		.ascii	"\000\000\000\000\000\000\000\000"
 608      00000000 
 609 005d C3000000 		.ascii	"\303\000\000\000"
 610 0061 6368436F 		.ascii	"chCoreAllocAlignedWithOffset\000"
 610      7265416C 
 610      6C6F6341 
 610      6C69676E 
 610      65645769 
 611 007e 00       		.ascii	"\000"
 612 007f 00       		.ascii	"\000"
 613 0080 00       		.ascii	"\000"
 614 0081 00000000 		.ascii	"\000\000\000\000\000\000\000\000"
 614      00000000 
 615 0089 C5000000 		.ascii	"\305\000\000\000"
 616 008d 6368436F 		.ascii	"chCoreGetStatusX\000"
 616      72654765 
 616      74537461 
 616      74757358 
 616      00
ARM GAS  /tmp/cc7g8zKI.s 			page 48


 617 009e 00       		.ascii	"\000"
 618 009f 00       		.ascii	"\000"
 619 00a0 00       		.ascii	"\000"
 620 00a1 00000000 		.ascii	"\000\000\000\000\000\000\000\000"
 620      00000000 
 621 00a9 C8000000 		.ascii	"\310\000\000\000"
 622 00ad 5F5F6865 		.ascii	"__heap_base__\000"
 622      61705F62 
 622      6173655F 
 622      5F00
 623 00bb 00       		.ascii	"\000"
 624 00bc 02       		.ascii	"\002"
 625 00bd 00       		.ascii	"\000"
 626 00be 00000000 		.ascii	"\000\000\000\000\000\000\000\000"
 626      00000000 
 627 00c6 E1000000 		.ascii	"\341\000\000\000"
 628 00ca 5F5F6865 		.ascii	"__heap_end__\000"
 628      61705F65 
 628      6E645F5F 
 628      00
 629 00d7 00       		.ascii	"\000"
 630 00d8 02       		.ascii	"\002"
 631 00d9 00       		.ascii	"\000"
 632 00da 00000000 		.ascii	"\000\000\000\000\000\000\000\000"
 632      00000000 
 633 00e2 E3000000 		.ascii	"\343\000\000\000"
 634              		.text
 635              		.section	.gnu.lto_.opts,"",%progbits
 636 0000 272D666D 		.ascii	"'-fmath-errno' '-fsigned-zeros' '-ftrapping-math' '"
 636      6174682D 
 636      6572726E 
 636      6F272027 
 636      2D667369 
 637 0033 2D666E6F 		.ascii	"-fno-trapv' '-fno-strict-overflow' '-fno-openmp' '-"
 637      2D747261 
 637      70762720 
 637      272D666E 
 637      6F2D7374 
 638 0066 666E6F2D 		.ascii	"fno-openacc' '-mcpu=cortex-m4' '-mfloat-abi=hard' '"
 638      6F70656E 
 638      61636327 
 638      20272D6D 
 638      6370753D 
 639 0099 2D6D6670 		.ascii	"-mfpu=fpv4-sp-d16' '-mno-thumb-interwork' '-mthumb'"
 639      753D6670 
 639      76342D73 
 639      702D6431 
 639      36272027 
 640 00cc 20272D67 		.ascii	" '-ggdb' '-O0' '-ffunction-sections' '-fdata-sectio"
 640      67646227 
 640      20272D4F 
 640      30272027 
 640      2D666675 
 641 00ff 6E732720 		.ascii	"ns' '-fno-common' '-flto'\000"
 641      272D666E 
 641      6F2D636F 
 641      6D6D6F6E 
ARM GAS  /tmp/cc7g8zKI.s 			page 49


 641      2720272D 
 642              		.text
 643              		.comm	__gnu_lto_v1,1,1
 644              		.comm	__gnu_lto_slim,1,1
 645              		.ident	"GCC: (GNU Tools for ARM Embedded Processors (Build 17.03)) 6.3.1 20170215 (release) [ARM/e
ARM GAS  /tmp/cc7g8zKI.s 			page 50


DEFINED SYMBOLS
                            *ABS*:0000000000000000 chmemcore.c
                            *COM*:0000000000000001 __gnu_lto_v1
                            *COM*:0000000000000001 __gnu_lto_slim

NO UNDEFINED SYMBOLS
