ARM GAS  /tmp/cct4k8K7.s 			page 1


   1              		.cpu cortex-m4
   2              		.eabi_attribute 27, 1
   3              		.eabi_attribute 28, 1
   4              		.eabi_attribute 20, 1
   5              		.eabi_attribute 21, 1
   6              		.eabi_attribute 23, 3
   7              		.eabi_attribute 24, 1
   8              		.eabi_attribute 25, 1
   9              		.eabi_attribute 26, 1
  10              		.eabi_attribute 30, 6
  11              		.eabi_attribute 34, 1
  12              		.eabi_attribute 18, 4
  13              		.file	"crt1.c"
  14              		.text
  15              	.Ltext0:
  16              		.section	.gnu.lto_.inline.139d0463ff334316,"",%progbits
  17 0000 789C6365 		.ascii	"x\234ce`b\210a@\000V\006\006f&\006\006&\246\005\362"
  17      60628861 
  17      40005606 
  17      06662606 
  17      0626A605 
  18 0015 0C2C4039 		.ascii	"\014,@9 `\304\020a\302\020a\006S \014\025`a\020\021"
  18      2060C410 
  18      61C21061 
  18      0653200C 
  18      15606110 
  19 002a 060AA87C 		.ascii	"\006\012\250|X\301\004\023b\000\000\341$\004\324"
  19      58C10413 
  19      620000E1 
  19      2404D4
  20              		.text
  21              		.section	.gnu.lto___core_init.139d0463ff334316,"",%progbits
  22 0000 789C6365 		.ascii	"x\234ce`b(f``\260\001bQ f`f`db\000bFF \207\221\241\236"
  22      60622866 
  22      6060B001 
  22      62512066 
  22      60666064 
  23 001e 89B19EB1 		.ascii	"\211\261\236\261\237y:3\343\241\366g;\2314\2277\000"
  23      9F793A33 
  23      E3A1F667 
  23      3B993497 
  23      3700
  24 0030 C181E99B 		.ascii	"\301\201\351\233\270\332\032Z%\346330\314df\000\003"
  24      B8DA1A5A 
  24      25E63333 
  24      30CC6466 
  24      0003
  25 0042 C6E58C9A 		.ascii	"\306\345\214\232\014@e\2176\376\233\312\313\306\002"
  25      0C40658F 
  25      36FE9BCA 
  25      CBC602
  26 0051 11675CC1 		.ascii	"\021g\\\301\310\0062g\375%\306\003\015\377\376\2677"
  26      C8063267 
  26      FD25C603 
  26      0DFFFEB7 
  26      37
  27 0062 1C38B298 		.ascii	"\0348\262\230q\277\027\320\202.\260\266nf \223\371-"
ARM GAS  /tmp/cct4k8K7.s 			page 2


  27      71BF17D0 
  27      822EB0B6 
  27      6E662093 
  27      F92D
  28 0074 63930248 		.ascii	"c\223\002H%\330\234.f\240\006\240\250\225\236\236>\034"
  28      25D89C2E 
  28      66A006A0 
  28      A8959E9E 
  28      3E1C
  29 0086 E517EB27 		.ascii	"\345\027\353'\347\347\346\346\347\351\027\227$\026\225"
  29      E7E7E6E6 
  29      E7E91797 
  29      241695
  30 0095 9416E83B 		.ascii	"\224\026\350;\006\371:\373V\200D\0132sR\213\212\365"
  30      06F93AFB 
  30      5680440B 
  30      3273528B 
  30      8AF5
  31 00a7 DD9D9DF5 		.ascii	"\335\235\235\365\223\213J\014\365\222\031\000\312-3"
  31      938B4A0C 
  31      F5921900 
  31      CA2D33
  32 00b6 21       		.ascii	"!"
  33              		.text
  34              		.section	.gnu.lto___early_init.139d0463ff334316,"",%progbits
  35 0000 789C6365 		.ascii	"x\234ce`b(d``\260\001bQ f`f`db\000bFF \207\221\241\236"
  35      60622864 
  35      6060B001 
  35      62512066 
  35      60666064 
  36 001e 89B19EB1 		.ascii	"\211\261\236\261\237y:3\343\241\366g;\2314\2277\000"
  36      9F793A33 
  36      E3A1F667 
  36      3B993497 
  36      3700
  37 0030 C181E93F 		.ascii	"\301\201\351?\270\332\032Z%\346330\314df\000\003\306"
  37      B8DA1A5A 
  37      25E63333 
  37      30CC6466 
  37      0003C6
  38 0043 E58C9A0C 		.ascii	"\345\214\232\014@e\2176\376\233\312\313\306\002\021"
  38      40658F36 
  38      FE9BCACB 
  38      C60211
  39 0052 675CC1C8 		.ascii	"g\\\301\310\0062g\375%\306\003\015\377\376\2677\034"
  39      063267FD 
  39      25C6030D 
  39      FFFEB737 
  39      1C
  40 0063 38A3CC0C 		.ascii	"8\243\314\0144\276\013\254\251\033\304d~\313\330\244"
  40      34BE0BAC 
  40      A91BC464 
  40      7ECBD8A4 
  41 0073 00520736 		.ascii	"\000R\0076\245\213\031\250\034(j\245\247\247\017G\371"
  41      A58B19A8 
  41      1C286AA5 
  41      A7A70F47 
ARM GAS  /tmp/cct4k8K7.s 			page 3


  41      F9
  42 0084 C5FAC9F9 		.ascii	"\305\372\311\371\271\271\371y\372\305%\211E%\245\005"
  42      B9B9F979 
  42      FAC52589 
  42      4525A505 
  43 0094 FA8E41BE 		.ascii	"\372\216A\276\316\276\025 \321\202\314\234\324\242b"
  43      CEBE1520 
  43      D182CC9C 
  43      D4A262
  44 00a3 7D776767 		.ascii	"}wgg\375\344\242\022C\275d\006\000*\3601\346"
  44      FDE4A212 
  44      43BD6406 
  44      002AF031 
  44      E6
  45              		.text
  46              		.section	.gnu.lto___late_init.139d0463ff334316,"",%progbits
  47 0000 789C6365 		.ascii	"x\234ce`b(d``\260\001bQ f`f`db\000bFF \207\221\241\236"
  47      60622864 
  47      6060B001 
  47      62512066 
  47      60666064 
  48 001e 89B19EB1 		.ascii	"\211\261\236\261\237y:3\343\241\366g;\2314\2277\000"
  48      9F793A33 
  48      E3A1F667 
  48      3B993497 
  48      3700
  49 0030 C181E95B 		.ascii	"\301\201\351[\270\333\032Z%\346330\314df\000\003\306"
  49      B8DB1A5A 
  49      25E63333 
  49      30CC6466 
  49      0003C6
  50 0043 E58C9A0C 		.ascii	"\345\214\232\014@e\2176\376\233\312\313\306\002\021"
  50      40658F36 
  50      FE9BCACB 
  50      C60211
  51 0052 675CC1C8 		.ascii	"g\\\301\310\0062g\375%\306\003\015\377\376\2677\034"
  51      063267FD 
  51      25C6030D 
  51      FFFEB737 
  51      1C
  52 0063 38A2CC0C 		.ascii	"8\242\314\0144\276\013\254\251\033\304d~\313\330\244"
  52      34BE0BAC 
  52      A91BC464 
  52      7ECBD8A4 
  53 0073 00520736 		.ascii	"\000R\0076\245\213\031\250\034(j\245\247\247\017G\371"
  53      A58B19A8 
  53      1C286AA5 
  53      A7A70F47 
  53      F9
  54 0084 C5FAC9F9 		.ascii	"\305\372\311\371\271\271\371y\372\305%\211E%\245\005"
  54      B9B9F979 
  54      FAC52589 
  54      4525A505 
  55 0094 FA8E41BE 		.ascii	"\372\216A\276\316\276\025 \321\202\314\234\324\242b"
  55      CEBE1520 
  55      D182CC9C 
  55      D4A262
ARM GAS  /tmp/cct4k8K7.s 			page 4


  56 00a3 7D776767 		.ascii	"}wgg\375\344\242\022C\275d\006\000\377?1\233"
  56      FDE4A212 
  56      43BD6406 
  56      00FF3F31 
  56      9B
  57              		.text
  58              		.section	.gnu.lto___default_exit.139d0463ff334316,"",%progbits
  59 0000 789C6365 		.ascii	"x\234ce`bHc``\260\001bY f`f`db\000b0\311\310P\317\304"
  59      60624863 
  59      6060B001 
  59      62592066 
  59      60666064 
  60 001d 58CFC4C4 		.ascii	"X\317\304\304\000\001\375\314\323\231\031\017\265?\333"
  60      0001FDCC 
  60      D399190F 
  60      B53FDB
  61 002c C9A4B9BC 		.ascii	"\311\244\271\274\001\010\016L\277\307\335\326\320*1"
  61      01080E4C 
  61      BFC7DDD6 
  61      D02A31
  62 003b 9F998161 		.ascii	"\237\231\201a&3D\015\343rFM\006\240\262G\033\377M\345"
  62      2633440D 
  62      E372464D 
  62      06A0B247 
  62      1BFF4DE5 
  63 004f 65638188 		.ascii	"ec\201\2103\256`dc\004\322\353/1\036h\370\367\277\275"
  63      33AE6064 
  63      6304D2EB 
  63      2F311E68 
  63      F8F7BFBD 
  64 0063 E1C09DC5 		.ascii	"\341\300\235\305\214?\275\201B]`m]\314@+\230\273\230"
  64      8C3FBD81 
  64      425D606D 
  64      5DCC402B 
  64      98BB98
  65 0076 19C14658 		.ascii	"\031\301FX\351\351\351\303Q~\261~r~nn~\236~qIbQIi\201"
  65      E9E9E9C3 
  65      517EB17E 
  65      727E6E6E 
  65      7E9E7E71 
  66 0090 BE6390AF 		.ascii	"\276c\220\257\263o\005H\264 3'\265\250X\337\335\331"
  66      B36F0548 
  66      B4203327 
  66      B5A858DF 
  66      DDD9
  67 00a2 593FB9A8 		.ascii	"Y?\271\250\304P/\231\001\000\331\2511]"
  67      C4502F99 
  67      0100D9A9 
  67      315D
  68              		.text
  69              		.section	.gnu.lto___init_ram_areas.139d0463ff334316,"",%progbits
  70 0000 789C9555 		.ascii	"x\234\225U]lSu\024\377\237{\356Wo\367\321e\325\020C"
  70      5D6C5375 
  70      14FF9F7B 
  70      EE576FF7 
  70      D165D510 
  71 0015 082F7DE0 		.ascii	"\010/}\340e\315\336\010\211\017d\032\237x\361\3157\311"
ARM GAS  /tmp/cct4k8K7.s 			page 5


  71      65CDDE08 
  71      890F641A 
  71      9F78F1CD 
  71      37C9
  72 0027 F4C128AE 		.ascii	"\364\301(\256\331F\364\255\177\366\301`K\300ad[\331"
  72      D946F4AD 
  72      7FF6C160 
  72      4BC06164 
  72      5BD9
  73 0039 B5531E18 		.ascii	"\265S\036\030L(C\321\255X(\033:V\007\272%\022B\220\030"
  73      4C2843D1 
  73      AD58281B 
  73      3A5607BA 
  73      25124290 
  74 004e 50CB464C 		.ascii	"P\313FLX\272\01140<\377soM\263\342W\323\376\333{\356"
  74      58BA0934 
  74      303CFF73 
  74      6F4DB3E2 
  74      57D3FEDB 
  75 0064 EFFCCEF9 		.ascii	"\357\374\316\371\235\217[Ch\3425S\210\227\205\020\357"
  75      9D8F5B43 
  75      68E23553 
  75      88978510 
  75      EF
  76 0075 D1470405 		.ascii	"\321G\004\005h\202>\200t\"\030t\352|\032\232.\204\324"
  76      68823E80 
  76      74221874 
  76      EA7C1A9A 
  76      2E84D4
  77 0088 082B7513 		.ascii	"\010+u\023l\262X|\332\232\245\354\001e\017h\250~;\352"
  77      6CB2587C 
  77      DA9AA5EC 
  77      01650F68 
  77      A87E3BEA 
  78 009c B7034074 		.ascii	"\267\003@t \342\032\352\206i\331\001\007\342:\012\357"
  78      20E21AEA 
  78      8669D901 
  78      07E23A0A 
  78      EF
  79 00ad 65F8DFB6 		.ascii	"e\370\337\266\377}\020\007\020\246z~\233\324\266\034"
  79      FF7D1007 
  79      10A67A7E 
  79      9BD4B61C 
  80 00bd 93F4CA0E 		.ascii	"\223\364\312\016\034\252\331+\2737$\311a\310w\202c\260"
  80      1CAAD92B 
  80      BB3724C9 
  80      61C87782 
  80      63B0
  81 00cf 45106CBE 		.ascii	"E\020l\276\353\3640\036\300$\002\350t\271|%q\247F]j"
  81      EBF4301E 
  81      C02402E8 
  81      74B97C25 
  81      71A7465D 
  82 00e4 B0992EBB 		.ascii	"\260\231.\273\222\243)\035_\004\205<\361h\276\027#G"
  82      92A3291D 
  82      5F04853C 
  82      F168BE17 
ARM GAS  /tmp/cct4k8K7.s 			page 6


  82      2347
  83 00f6 A5EC90D9 		.ascii	"\245\354\220\331[\023\341\017;\345e\251'\221n\000\022"
  83      5B13E10F 
  83      3BE565A9 
  83      27916E00 
  83      12
  84 0107 2B1C878D 		.ascii	"+\034\207\2150\012\033\231\235\340\267\307\327>\252"
  84      300A1B99 
  84      9DE0B7C7 
  84      D73EAA
  85 0116 36751883 		.ascii	"6u\030\203\210\027\024>\003\223D\230toh\374\347e\243"
  85      8817143E 
  85      03934498 
  85      746F68FC 
  85      E765A3
  86 0129 4435B9A1 		.ascii	"D5\271\241\277\263\233\251t\261\236\007NB\204\360\003"
  86      BFB39BA9 
  86      74B19E07 
  86      4E4284F0 
  86      03
  87 013a 9F9C7D18 		.ascii	"\237\234}\030\364\361\327&\237?\344\343\215J\374\251"
  87      F4F1D726 
  87      9F3FE4E3 
  87      8D4AFCA9 
  88 014a 0A7C6EDB 		.ascii	"\012|n\333\320h\266k\3633\321)\210\250\374\310\343\322"
  88      D068B66B 
  88      F333D129 
  88      88A8FCC8 
  88      E3D2
  89 015c AF8F1782 		.ascii	"\257\217\027\202\270\235\205\356\031;2\\\345{\3771\261"
  89      B89D85EE 
  89      193B325C 
  89      E57BFF31 
  89      B1
  90 016d A9DF176A 		.ascii	"\251\337\027j\300\351J\2410\316\356s\331\375)\007_b"
  90      C0E94AA1 
  90      30CEEE73 
  90      D9FD2907 
  90      5F62
  91 017f F7B585C5 		.ascii	"\367\265\205\305\373%q\305\255C\322\013\016g\236\341"
  91      FB2571C5 
  91      AD43D20B 
  91      0E679EE1 
  92 018f FC394452 		.ascii	"\3749DR\013\220\225kO{d\366\352\326\314\312\315\372"
  92      0B90956B 
  92      4F7B64F6 
  92      EAD6CCCA 
  92      CDFA
  93 01a1 E740A894 		.ascii	"\347@\250\2244fF\206\350|\332lw\330\036dK\225 \336j"
  93      34664686 
  93      E87CDA6C 
  93      77D81E64 
  93      4B9520DE 
  94 01b6 3AF45ABE 		.ascii	":\364Z\276\016\361\275:e\255gC\230]\204\350\345\236"
  94      0EF1BD3A 
  94      65AD6743 
  94      985D84E8 
ARM GAS  /tmp/cct4k8K7.s 			page 7


  94      E59E
  95 01c8 F7218D22 		.ascii	"\367!\215\".BG\261'\263|\027T;\\\264)\341\303\335S\337"
  95      2E4247B1 
  95      27B37C17 
  95      543B5CB4 
  95      29E1C3DD 
  96 01de 5BAAE726 		.ascii	"[\252\347&\347\337Y\274P\250\211?\2214.\346Q\364\232"
  96      E7DF59BC 
  96      50A8893F 
  96      91342EE6 
  96      51F49A
  97 01f1 399B187B 		.ascii	"9\233\030{;\011\356\236P\022-8\013q\370BI\240\033O\227"
  97      3B09EE9E 
  97      50122D38 
  97      0B71F842 
  97      49A01B4F 
  98 0206 CE9C0A10 		.ascii	"\316\234\012\020xP\312\221O5E\361%$\251\313\360\025"
  98      7850CA91 
  98      4F3545F1 
  98      2524A9CB 
  98      F015
  99 0218 C439267A 		.ascii	"\3049&z1\323\213\007\362V\331TP\242*C\036\012BO\250"
  99      31D38B07 
  99      F256D954 
  99      50A22A43 
  99      1E0A424F 
 100 022d 5C9CF25C 		.ascii	"\\\234\362\\\220sy0\223\333W\245\002\323\024\217\234"
 100      90737930 
 100      93DB57A5 
 100      02D3148F 
 100      9C
 101 023e 079266BB 		.ascii	"\007\222f\2734\251\223~\364\217\007'\0125\321\223\362"
 101      34A9937E 
 101      F48F0727 
 101      0A35D193 
 101      F2
 102 024f 0329A9C6 		.ascii	"\003)\251\306\001HS\354A\026\013\347 *8\356\301\274"
 102      014853EC 
 102      41160BE7 
 102      202A38EE 
 102      C1BC
 103 0261 E5D107D7 		.ascii	"\345\321\007\327\363\245\377\225\357k\346\343\315\313"
 103      F3A5FF95 
 103      EF6BE6E3 
 103      CDCB
 104 026f 109F5805 		.ascii	"\020\237X\005\240\222i\305\333\363\350b8\220\276w\021"
 104      A09269C5 
 104      DBF3E862 
 104      3890BE77 
 104      11
 105 0280 48A2EE97 		.ascii	"H\242\356\227\2657S\210y\241\252\313\225\030\025J\210"
 105      B5375388 
 105      79A1AACB 
 105      9518154A 
 105      88
 106 0291 DB7169C3 		.ascii	"\333qi\303\316\253\260pA\025\214\374\017\317\276\240"
 106      CEABB070 
ARM GAS  /tmp/cct4k8K7.s 			page 8


 106      41158CFC 
 106      0FCFBEA0 
 107 02a1 BCD767B9 		.ascii	"\274\327g\271\211\301\350\203\263\004&~\302w\016\357"
 107      89C1E883 
 107      B304267E 
 107      C2770EEF 
 108 02b1 BD5278DD 		.ascii	"\275Rx\335\213W\253\000j\252\330\374S\341\015\317\034"
 108      8B57AB00 
 108      6AAAD8FC 
 108      53E10DCF 
 108      1C
 109 02c2 5241BC61 		.ascii	"RA\274a\353\243\361\367\033\221\310;\336\355\252\312"
 109      EBA3F1F7 
 109      1B91C83B 
 109      DEEDAACA 
 110 02d2 B4FEB11A 		.ascii	"\264\376\261\032\027\271\032\232\252\306\024U\343\027"
 110      17B91A9A 
 110      AAC61455 
 110      E317
 111 02e0 E8BA3E7D 		.ascii	"\350\272>}\023|.\027\271\356\253\240Q#\361\306\235G"
 111      137C2E17 
 111      B9EEABA0 
 111      5123F1C6 
 111      9D47
 112 02f2 9466484F 		.ascii	"\224fHO\347ga\025\250XA,\262\251VO\344\251h\275H]\307"
 112      E7676115 
 112      A858412C 
 112      B2A9564F 
 112      E4A968BD 
 113 0309 3EB4BCA4 		.ascii	">\264\274\244V\356\236\2301\377^\274\356\213\237\246"
 113      56EE9E98 
 113      31FF5EBC 
 113      EE8B9FA6 
 114 0319 04CA2BEB 		.ascii	"\004\312+\353\320\256\\*\251\316\254\372\305\250W\016"
 114      D0AE5C2A 
 114      A9CEACFA 
 114      C5A8570E 
 115 0329 25D57649 		.ascii	"%\325vI\365\361\222\352\272\377\251\372\033V\315\017"
 115      F5F192EA 
 115      BAFFA9FA 
 115      1B56CD0F 
 116 0339 B06FD7AB 		.ascii	"\260o\327\253\256sU\363\225j\235\364\233\202\202[\305"
 116      AE7355F3 
 116      956A9DF4 
 116      9B82825B 
 116      C5
 117 034a 251E8A00 		.ascii	"%\036\212\000\007\246\274~\334\355a\303\024\204\350"
 117      07A6BC7E 
 117      DCED61C3 
 117      1484E8
 118 0359 17EECFB9 		.ascii	"\027\356\317\271A\357y\033\202\031\212I\204W\247\327"
 118      41EF791B 
 118      82198A49 
 118      8457A7D7 
 119 0369 D2A6B78F 		.ascii	"\322\246\267\217a\202$\316\255\344\014\005\011\202\375"
 119      618224CE 
 119      ADE40C05 
ARM GAS  /tmp/cct4k8K7.s 			page 9


 119      0982FD
 120 0378 5FF671B6 		.ascii	"_\366q\266l\037\373sG\226\214\306\224\312~d\011H\032"
 120      6C1FFB73 
 120      47968CC6 
 120      94CA7E64 
 120      09481A
 121 038b E4287FB8 		.ascii	"\344(\177\270\354=q\010\320wo\361\207\332\322\302\202"
 121      EC3D7108 
 121      D0776FF1 
 121      87DAD2C2 
 121      82
 122 039c DAB3EFA0 		.ascii	"\332\263\357\240\221\264\315\361\276\252\222\321\377"
 122      91B4CDF1 
 122      BEAA92D1 
 122      FF
 123 03a9 0DFE0E1D 		.ascii	"\015\376\016\035#y\027\274\355\024\352\011BK@\235\337"
 123      237917BC 
 123      ED14EA09 
 123      424B409D 
 123      DF
 124 03ba D6D010FD 		.ascii	"\326\320\020\375\353\335\322\026mn\331\265\253\345\335"
 124      EBDDD216 
 124      6D6ED9B5 
 124      ABE5DD
 125 03c9 685BFBCE 		.ascii	"h[\373\316\326\366\335\261\350\366Ww4\355x_Yco\275\363"
 125      D6F6DDB1 
 125      E8F65777 
 125      34ED785F 
 125      59636FBD 
 126 03de 666B5BF4 		.ascii	"fk[\364\225\246\246hsk{cC\263\300\326\2351\255=\006"
 126      95A6A668 
 126      736B7B63 
 126      43B3C0D6 
 126      9D31AD3D 
 127 03f3 B13F0179 		.ascii	"\261?\001y\237\017\\"
 127      9F0F5C
 128              		.text
 129              		.section	.gnu.lto_ram_areas.139d0463ff334316,"",%progbits
 130 0000 789C75D1 		.ascii	"x\234u\321\313K\033Q\024\006\360{\346\032\243\326G\265"
 130      CB4B1B51 
 130      1406F07B 
 130      E61AA3D6 
 130      47B5
 131 0012 6AABA6F6 		.ascii	"j\253\246\366?\310`WA\\X\262\020\027n\374\017$\270("
 131      3FC86057 
 131      415C58B2 
 131      10176EFC 
 131      0F24B828 
 132 0026 D4469208 		.ascii	"\324F\222\010\322MfaA\024\335*\264\020A\301\267\306"
 132      D24D6661 
 132      4114DD2A 
 132      B41041C1 
 132      B7C6
 133 0038 B789AD5A 		.ascii	"\267\211\255Zk|\266\276\332\256\272q!\012\342\252U\004"
 133      6B7CB6BE 
 133      DAAEBA71 
 133      210AE2AA 
ARM GAS  /tmp/cct4k8K7.s 			page 10


 133      5504
 134 004a 1FE84DBE 		.ascii	"\037\350M\276Ad\302\031\206\371\340\234\313\307\217"
 134      4164C219 
 134      86F9E09C 
 134      CBC78F
 135 0059 3B36A189 		.ascii	";6\241\211j\233\020\025\002O\227\244H\344\354\257=x"
 135      6A9B1015 
 135      024F97A4 
 135      48E4ECAF 
 135      3D78
 136 006b 6BB41AC6 		.ascii	"k\264\032\306a\373\251\374\020\222\242W&\255z\216\265"
 136      61FBA9FC 
 136      1092A257 
 136      26AD7A8E 
 136      B5
 137 007c C4829217 		.ascii	"\304\202\222\027\224XhI\213\274\304\\&\346\027\307G"
 137      94586849 
 137      8BBCC45C 
 137      26E617C7 
 137      47
 138 008d 4B69AE59 		.ascii	"Ki\256Y\243\265\307\250\014I\352\226\202\206(\330-\211"
 138      A3B5C7A8 
 138      0C49EA96 
 138      828628D8 
 138      2D89
 139 009f 06E3A1D1 		.ascii	"\006\343\241\321@<$\365S0~\374\274\355\343\245\354\224"
 139      403C24F5 
 139      53307EFC 
 139      BCEDE3A5 
 139      EC94
 140 00b1 21B5B05B 		.ascii	"!\265\260[Z\357:!L\341\2046N\230\312\010\355\2340\014"
 140      5AEF3A21 
 140      4CE18436 
 140      4E98CA08 
 140      ED9C300C 
 141 00c5 E1388463 		.ascii	"\3418\204c\020\216Bxt=\032\315\2060\325\322\372\337"
 141      108E4278 
 141      743D1ACD 
 141      8630D5D2 
 141      FADF
 142 00d7 14A671C2 		.ascii	"\024\246q\302tN\230\301\010\237p\302Y\010g \234\206"
 142      744E98C1 
 142      089F70C2 
 142      59086720 
 142      9C86
 143 00e9 700AC2CD 		.ascii	"p\012\302\315\276\350M&\2046K\353\211)\314\344\204Y"
 143      BEE84D26 
 143      84364BEB 
 143      8929CCE4 
 143      8459
 144 00fb 9C309B11 		.ascii	"\2340\233\021\346p\302/\020.@\030\2050\002\341~K\370"
 144      E670C22F 
 144      102E4018 
 144      853002E1 
 144      7E4BF8
 145 010e B3F99753 		.ascii	"\263\371\227S,\255\013\246\360)'\314\345\204y\214\360"
 145      2CAD0BA6 
ARM GAS  /tmp/cct4k8K7.s 			page 11


 145      F02927CC 
 145      E584798C 
 145      F0
 146 011f 19275C81 		.ascii	"\031'\\\201\360\033\204\313\020.A\270\362/\334o\336"
 146      F01B84CB 
 146      102E41B8 
 146      F22FDC6F 
 146      DE
 147 0130 A1B4B48E 		.ascii	"\241\264\264\216\233\302|NX\300\011\013\031\341sN\270"
 147      9BC27C4E 
 147      58C0090B 
 147      19E1734E 
 147      B8
 148 0141 01E13A84 		.ascii	"\001\341:\204k\020\306 \214\335].\347@\250YZ{M\341\013"
 148      6B10C620 
 148      8CDD5D2E 
 148      E740A859 
 148      5A7B4DE1 
 149 0156 4E58C409 		.ascii	"NX\304\011\213\031a\011'\334\201\360'\204? \334\206"
 149      8B196109 
 149      27DC81F0 
 149      27843F20 
 149      DC86
 150 0168 F071CD75 		.ascii	"\360q\315u\007H\016\216\364\222#\2252\244W\034\351\027"
 150      07480E8E 
 150      F4922395 
 150      32A4571C 
 150      E917
 151 017a 480720ED 		.ascii	"H\007 \355\203\264\007R\313\247\330\225\035\307\015"
 151      83B40752 
 151      CBA7D895 
 151      1DC70D
 152 0189 757592CA 		.ascii	"uu\222\312\034\364\233\\\364\332A\273*\266\310A\233"
 152      1CF49B5C 
 152      F4DA41BB 
 152      2AB6C841 
 152      9B
 153 019a 2A57557E 		.ascii	"*WU~W\271\250\362\253\312y\225s*'UN\250\034Q9L.A\177"
 153      57B9A8F2 
 153      ABCA7995 
 153      732A2755 
 153      4EA81C51 
 154 01b3 D4A7DCE9 		.ascii	"\324\247\334\351\324\037^\257_\367x\033\032\274\357"
 154      D41F5EAF 
 154      5FF7781B 
 154      1ABCEF
 155 01c2 757FA0CE 		.ascii	"u\177\240\316\027hj\324\337\324\326\270k\232\343\323"
 155      17686AD4 
 155      DFD4D6B8 
 155      6B9AE3D3 
 156 01d2 C6B7EFEA 		.ascii	"\306\267\357\352}~\275\312\355\326=\276@\231\323#\356"
 156      7D7EBDCA 
 156      EDD63DBE 
 156      4099D323 
 156      EE
 157 01e3 01A5A70C 		.ascii	"\001\245\247\014\237"
 157      9F
ARM GAS  /tmp/cct4k8K7.s 			page 12


 158              		.text
 159              		.section	.gnu.lto_.symbol_nodes.139d0463ff334316,"",%progbits
 160 0000 789C55CD 		.ascii	"x\234U\315IR\002A\030\005\341?\253\273D\304\001\024"
 160      49520241 
 160      1805E13F 
 160      ABBB44C4 
 160      0114
 161 0012 0447086F 		.ascii	"\004G\010o\302a8G\205\332\002\316 \212\"\212\242\202"
 161      C2613847 
 161      85DA02CE 
 161      208A228A 
 161      A282
 162 0024 77E0109E 		.ascii	"w\340\020\236\311\346\355z\365E\344&\2759kaf\356\234"
 162      C9E6ED7A 
 162      F545E426 
 162      BD396B61 
 162      66EE9C
 163 0037 60D6FB33 		.ascii	"`\326\3733KY\2346\323\222\020\310\226\013\202\313\226"
 163      4B599C36 
 163      D39210C8 
 163      960B82CB 
 163      96
 164 0048 3621CA96 		.ascii	"6!\312\226\016!\316\024\177\206%'f\221\357B#]\371K\234"
 164      0E21CE14 
 164      7F862527 
 164      6691EF42 
 164      235DF94B 
 165 005d BC2292D7 		.ascii	"\274\"\222\327\304\362\006/oY\221w\344\344=\253\262"
 165      C4F2062F 
 165      6F599177 
 165      E4E43DAB 
 165      B2
 166 006e 475EF659 		.ascii	"G^\366Y\223\017\024\344\200u\371\310\206|bS\016\331"
 166      930F14E4 
 166      8075F9C8 
 166      867C6253 
 166      0ED9
 167 0080 92CF14E5 		.ascii	"\222\317\024\345\013%9b[\276\262#\307\224\345\033\025"
 167      0B253962 
 167      5BBEB223 
 167      C794E51B 
 167      15
 168 0091 F9CEAE9C 		.ascii	"\371\316\256\234P\225\037\324\344'{r\312\276\374\342"
 168      50951FD4 
 168      E4277B72 
 168      CABEFCE2 
 169 00a1 407E7328 		.ascii	"@~s(\1778\2223\216\345\234\272\374\245\261\324\376\001"
 169      7F389233 
 169      8EE59CBA 
 169      FCA5B1D4 
 169      FE01
 170 00b3 118D3149 		.ascii	"\021\2151I"
 171              		.text
 172              		.section	.gnu.lto_.refs.139d0463ff334316,"",%progbits
 173 0000 789C05C1 		.ascii	"x\234\005\301\207\025\202@\024\000\260o\236\207\015"
 173      87158240 
 173      1400B06F 
ARM GAS  /tmp/cct4k8K7.s 			page 13


 173      9E870D
 174 000f 6C281DA5 		.ascii	"l(\035\245\3504\356\277\217I\012\361\213\010[i#\225"
 174      E834EEBF 
 174      8F490AF1 
 174      8B085B69 
 174      2395
 175 0021 5392D9D9 		.ascii	"S\222\331\331;8:\311\025\316.\256n\356J\017O\225Z\243"
 175      3B383AC9 
 175      15CE2EAE 
 175      6EEE4A0F 
 175      4F955AA3 
 176 0035 D5E90D46 		.ascii	"\325\351\015F/o\223\331b\365\361\215?z3\003\220"
 176      2F6F93D9 
 176      62F5F18D 
 176      3F7A3303 
 176      90
 177              		.text
 178              		.section	.gnu.lto_.decls.139d0463ff334316,"",%progbits
 179 0000 789CAD96 		.ascii	"x\234\255\226iPT\331\025\307\337\355\333\320\3204`\300"
 179      695054D9 
 179      15C7DFED 
 179      DBD0D034 
 179      60C0
 180 0012 C998526B 		.ascii	"\311\230Rk\034\303D\252\246\244\007\027\234\344Cj\246"
 180      1CC344AA 
 180      A6A40717 
 180      9CE4436A 
 180      A6
 181 0023 4CC5C907 		.ascii	"L\305\311\007gR\031g\362\361U\017\366dH\020,hk\264\222"
 181      67521967 
 181      F2F1550F 
 181      F6644810 
 181      2C686BB4 
 182 0038 AA3CD904 		.ascii	"\252<\331\004\004DE6q\005\031qgP\024\021DQT\\X\024\\"
 182      04444536 
 182      71051971 
 182      67501411 
 182      4451545C 
 183 004f 50401637 		.ascii	"P@\0267@\024\220\305\215\234{\356\353\365\266\311\227"
 183      401490C5 
 183      8D9C7BEE 
 183      EBF5B6C9 
 183      97
 184 0060 DCE24FBF 		.ascii	"\334\342O\277\373\3369\277s\356\271\347\276z\036\222"
 184      FBDE39BF 
 184      73EEB9E7 
 184      BE7A1E92 
 185 0070 46FAD714 		.ascii	"F\372\327\024I:K%)A#I\2230t\222$\035\224\354\303\003"
 185      493A4B25 
 185      29412349 
 185      93307492 
 185      241D94EC 
 186 0086 74045406 		.ascii	"t\004T\006*\007U\202\252@\037\202\356\203\272A\275\240"
 186      2A075582 
 186      AA401F82 
 186      EE83BA41 
 186      BDA0
ARM GAS  /tmp/cct4k8K7.s 			page 14


 187 0098 87A0C7A0 		.ascii	"\207\240\307\240>\320\000h\020\364\0344\014z\001\032"
 187      3ED00068 
 187      10F41C34 
 187      0C7A011A 
 188 00a8 034D805E 		.ascii	"\003M\200^\201\336\200&A\204H\022\005y\200t o\220\017"
 188      81DE8026 
 188      41844812 
 188      05798074 
 188      206F900F 
 189 00bc C817E40F 		.ascii	"\310\027\344\017\372\005(\020\364\036\350}\320\257@"
 189      FA052810 
 189      F41EE87D 
 189      D0AF40
 190 00cb D3413341 		.ascii	"\323A3A\037\200>$\222\3230\301\234\335\372V\235\023"
 190      1F803E24 
 190      92D330C1 
 190      9CDDFA56 
 190      9D13
 191 00dd 3577D7F1 		.ascii	"5w\327\36177ven\354V\270\261+wc\367\243\033\273J7v\377"
 191      37377665 
 191      6EEC56B8 
 191      B12B7763 
 191      F7A31BBB 
 192 00f5 840706D5 		.ascii	"\204\007\006\325.\0004\0254\033\356\315\201\337\006"
 192      2E003415 
 192      341BEECD 
 192      81DF06
 193 0104 D0AFE1BA 		.ascii	"\320\257\341\272\023~;@Ap}\025~\377\014\322\202n\203"
 193      137E3B40 
 193      41707D15 
 193      7EFF0CD2 
 193      826E83
 194 0117 5A40ADA0 		.ascii	"Z@\255\240\233j\214*\365\367\276K\234Z\302}\032T\026"
 194      9B6A8C2A 
 194      F5F7BE4B 
 194      9C5AC27D 
 194      1A5416
 195 012a 8BD3F90E 		.ascii	"\213\323\371\016\016\033\263$^\313\017\324\332NWk\375"
 195      0E1BB324 
 195      5ECB0FD4 
 195      DA4E576B 
 195      FD
 196 013b BE5AFB40 		.ascii	"\276Z\373@u/\374\325\275\361Q\367J\247\356\035\333C"
 196      752FFCD5 
 196      BDF151F7 
 196      4AA7EE1D 
 196      DB43
 197 014d B6976C4F 		.ascii	"\266\227lO\331\336\262=f{\315\366\234\355=\353\001\326"
 197      D9DEB23D 
 197      667BCDF6 
 197      9CED3DEB 
 197      01D6
 198 015f 0BAC2758 		.ascii	"\013\254'Xo\260\036a\275\302z\206\365N\267K\3769\224"
 198      6FB01E61 
 198      BDC27A86 
 198      F54EB74B 
 198      FE3994
ARM GAS  /tmp/cct4k8K7.s 			page 15


 199 0172 74DE6F49 		.ascii	"t\336oI\364l'w\331\362\010\033|\245\016\203M'\255CM"
 199      F46C2777 
 199      D9F2081B 
 199      7CA50E83 
 199      4D27AD43 
 200 0187 0086C6FA 		.ascii	"\000\206\306\372\214\033\2718I\252!\310\331\320\372"
 200      8C1BB938 
 200      49AA21C8 
 200      D9D0FA
 201 0196 D4916887 		.ascii	"\324\221h\207`\002\230\204\243\207:\305?\015\237\020"
 201      60029884 
 201      A3873AC5 
 201      3F0D9F10 
 202 01a6 DB73ABAD 		.ascii	"\333s\253\255\003P]\005q\223\026\037\324\272\372\376"
 202      03505D05 
 202      7193161F 
 202      D4BAFAFE 
 203 01b6 B4E11DDA 		.ascii	"\264\341\035\332\016r\217\020\037i\347g\004\357\035"
 203      0E728F10 
 203      1F69E767 
 203      04EF1D
 204 01c5 BFB3E182 		.ascii	"\277\263\341\202'\2058p}\365\356\300\001\017\352\207"
 204      27853870 
 204      7DF5EEC0 
 204      010FEA87 
 205 01d5 D7470A5E 		.ascii	"\327G\012^7yi5\022\331G(\367\356\230\330\373\307\220"
 205      37796935 
 205      12D94728 
 205      F7EE98D8 
 205      FBC790
 206 01e8 030A1F5E 		.ascii	"\003\012\037^\037\333\213z~r\254\306?\203\222\000=\321"
 206      1FDB8B7A 
 206      7E72ACC6 
 206      3F839200 
 206      3DD1
 207 01fa C0B4F9D9 		.ascii	"\300\264\371\331\225m>0\235\252'S`:\276\266\345\214"
 207      956D3E30 
 207      9DAA2753 
 207      603ABEB6 
 207      E58C
 208 020c 7E5A367A 		.ascii	"~Z6z\305+S4\344\333_\222Cd\0069Hf@\306\207\3114\370"
 208      C52B5334 
 208      E4DB5F92 
 208      43640639 
 208      486640C6 
 209 0224 FF9D9693 		.ascii	"\377\235\226\223R\343\223\233}f\357Tv\326(5\017\013"
 209      52E3939B 
 209      7D66EF54 
 209      76D62835 
 209      0F0B
 210 0236 7FD3F5B3 		.ascii	"\177\323\365\263\242$\306)\212\226\231\221\022B\311"
 210      A224C629 
 210      8A969991 
 210      1242C9
 211 0245 011202E6 		.ascii	"\001\022\002\346\373\211\226\315\340j/\351 \344'\322"
 211      FB8996CD 
 211      E06A2FE9 
ARM GAS  /tmp/cct4k8K7.s 			page 16


 211      20E427D2 
 212 0255 0ECB3F42 		.ascii	"\016\313?Bf\003\341\371\300\206k\376\364\257\357X\302"
 212      6603E1F9 
 212      C0866BFE 
 212      F4AFEF58 
 212      C2
 213 0266 9E17D796 		.ascii	"\236\027\327\226\250\370\256\217\363\224\232\270\265"
 213      A8F8AE8F 
 213      F3949AB8 
 213      B5
 214 0273 8AA24178 		.ascii	"\212\242Ax\251\015\3763\300K]\341e\010\037\274\361\254"
 214      A90DFE33 
 214      C04B5DE1 
 214      65081FBC 
 214      F1AC
 215 0285 9DD2E5EF 		.ascii	"\235\322\345\357\200\247T\247^\360U\351\315s\235\350"
 215      80A754A7 
 215      5EF055E9 
 215      CD739DE8 
 216 0295 476DF463 		.ascii	"Gm\364c@?\352J/Gz\311\355\027g}\350J\244\357\270\324"
 216      403FEA4A 
 216      2F477AC9 
 216      ED17677D 
 216      E84AA4EF 
 217 02ab B5CB40FF 		.ascii	"\265\313@\377\215\327\217\037\335h\363g\221NX#u\247"
 217      8DD78F1F 
 217      DD68F367 
 217      914E5823 
 217      75A7
 218 02bd 349DF2B6 		.ascii	"4\235\362\266\306&\025D\213\265\033kI\322\262\360g\224"
 218      C6261544 
 218      8BB51B6B 
 218      49D2B2F0 
 218      6794
 219 02cf 9A97214E 		.ascii	"\232\227!N\341\217\333\302\237\204\360\307]\303Wb\370"
 219      E18FDBC2 
 219      9F84F0C7 
 219      5DC35762 
 219      F8
 220 02e0 C6DCF549 		.ascii	"\306\334\365I\204&\023\2149\324R\231\254S\327R\377)"
 220      8426138C 
 220      39D45299 
 220      AC53D752 
 220      FF29
 221 02f2 832956D8 		.ascii	"\203)V\330)+Lb\227\316\244*$U\\\333\\\353G\3638\251"
 221      292B4C62 
 221      97CEA42A 
 221      24555CDB 
 221      5CEB47F3 
 222 0308 FCC1A53A 		.ascii	"\374\301\245:=o\016\205\300\374Mk\3379\302\273C\361"
 222      3D6F0E85 
 222      C0FC4D6B 
 222      DF39C2BB 
 222      43F1
 223 031a 82F9486A 		.ascii	"\202\371Hj\342\030\345\317u0mJ8R\240N\265l;\257\346"
 223      E218E5CF 
 223      75306D4A 
ARM GAS  /tmp/cct4k8K7.s 			page 17


 223      3852A04E 
 223      B56C3BAF 
 224 032f 77FB71EB 		.ascii	"w\373q\353Y0\275\271\253w\\\257Of\255\224\031\257x\177"
 224      5930BDB9 
 224      AB775CAF 
 224      4F66AD94 
 224      19AF787F 
 225 0343 C1CC6AA1 		.ascii	"\301\314j\241\227\316b/\235#z\370o\234A\316\300\024"
 225      97CE622F 
 225      9D237AF8 
 225      6F9C41CE 
 225      C014
 226 0355 ACF32B47 		.ascii	"\254\363+G\352=8\213EZ7|.NK\013yZ\367.\226\354gq\346"
 226      EA3D388B 
 226      455A377C 
 226      2E4E4B0B 
 226      795AF72E 
 227 036e E8093B45 		.ascii	"\350\011;E\376p\353p\177\305\204/\277\305,\2327\014"
 227      FE70EB70 
 227      7FC5842F 
 227      BFC52C9A 
 227      370C
 228 0380 15E9E821 		.ascii	"\025\351\350!4\327\344\325\337<\253%\301\372b\026\272"
 228      34D7E4D5 
 228      DF3CAB25 
 228      C1FA6216 
 228      BA
 229 0391 A6E1F0EF 		.ascii	"\246\341\360\357\363\206\024e\026\271L\364\344\222\275"
 229      F3861465 
 229      16B94CF4 
 229      E492BD
 230 03a0 1E7320BE 		.ascii	"\036s \276\004\331\305\361\354$[n\244\236\0043.\263"
 230      04D9C5F1 
 230      EC245B6E 
 230      A49E0433 
 230      2EB3
 231 03b2 2317E1E6 		.ascii	"#\027\341\346\005\236aI\321\306\335\236\264\010O\237"
 231      059E6149 
 231      D1C6DD9E 
 231      B4084F9F 
 232 03c2 A6AEBAED 		.ascii	"\246\256\272\355\226\226\350\203\335\002\256\271\001"
 232      9696E883 
 232      DD02AEB9 
 232      01
 233 03cf F06406AF 		.ascii	"\360d\006\257\316\256Kd\233s\025\222\271bO\3462\253"
 233      CEAE4B64 
 233      9B731592 
 233      B9624FE6 
 233      32AB
 234 03e1 060BB2EE 		.ascii	"\006\013\262\356n\357\011\017C\252\215\212\206\366\252"
 234      6EEF090F 
 234      43AA8D8A 
 234      86F6AA
 235 03f0 3510837A 		.ascii	"5\020\203z\216/_I\257\326\321t\212\313\317|ZP\345Cs"
 235      8E2F5F49 
 235      AFD6D174 
 235      8ACBCF7C 
ARM GAS  /tmp/cct4k8K7.s 			page 18


 235      5A50E543 
 236 0405 F8C47AA4 		.ascii	"\370\304z\244\003\370\221\266\356\351TuO\033\372\307"
 236      03F891B6 
 236      EEE95475 
 236      4F1BFAC7 
 237 0415 4EE86931 		.ascii	"N\350i1\332z\266\034\352\035\245$(((8(p7\013Z\363\260"
 237      DA7AB61C 
 237      EA1DA524 
 237      28282838 
 237      2870370B 
 238 042c 7BFA4938 		.ascii	"{\372I8\311)\236,\026i\204\024\357\220@\373\322\214"
 238      C9299E2C 
 238      16698414 
 238      EF9040FB 
 238      D28C
 239 043e 2C8B5A96 		.ascii	",\213Z\226\213\304\355\317\346P\245h\032\032\327\271"
 239      8BC4EDCF 
 239      E650A568 
 239      1A1AD7B9 
 240 044e 1A9FC79C 		.ascii	"\032\237\307\234C\355\306\365v\343\033\356\2159\232"
 240      43EDC6F5 
 240      76E31BEE 
 240      8D399A
 241 045d 17EB6936 		.ascii	"\027\353i6\205w\027\263\222\324:I6\322h\261\016\032"
 241      857717B3 
 241      92D43A49 
 241      36D268B1 
 241      0E1A
 242 046f 3D8122AB 		.ascii	"=\201\"\253\311m\226\030w#\266\237\242|\246\225\310"
 242      C96D9618 
 242      7723B69F 
 242      A27CA695 
 242      C8
 243 0480 7578DC8C 		.ascii	"ux\334\214Q\2301\020\311-\330\250\333$\210\264\200Z"
 243      51983110 
 243      C92DD8A8 
 243      DB2488B4 
 243      805A
 244 0492 41374990 		.ascii	"A7I\220\365=\331z\253\251\316\233\226a\2314\315\215"
 244      F53DD97A 
 244      ABA9CE9B 
 244      96619934 
 244      CD8D
 245 04a4 F5373D49 		.ascii	"\3657=I`\260;\032\274\241\203\377'\220/\250u\021[\317"
 245      60B03B1A 
 245      BCA183FF 
 245      27902FA8 
 245      75115BCF 
 246 04b8 5DB06DB3 		.ascii	"]\260m\263o=[\036F\334=Z\261\3213 S\0151K\213\2065\020"
 246      6F3D5B1E 
 246      46DC3D5A 
 246      B1D13320 
 246      530D314B 
 247 04d0 E534E6DC 		.ascii	"\3454\346\334N\002\254\307\206Y?\252\272\261\305/PM"
 247      4E02ACC7 
 247      86593FAA 
 247      BAB1C52F 
ARM GAS  /tmp/cct4k8K7.s 			page 19


 247      504D
 248 04e2 28F95D09 		.ascii	"(\371]\011I\357Z\336\321\274\363M\036\216\301:\376["
 248      49EF5ADE 
 248      D1BCF34D 
 248      1E8EC13A 
 248      FE5B
 249 04f4 B0F6A47B 		.ascii	"\260\366\244{I\206\217\012\225Fx\303<\335:c\263\242"
 249      49868F0A 
 249      954678C3 
 249      3CDD3A63 
 249      B3A2
 250 0506 7C413A49 		.ascii	"|A:I\000\251\346\313ppdw\226\301\313\356>\371\210\275"
 250      00A9E6CB 
 250      70706477 
 250      96C1CBEE 
 250      3EF988BD 
 251 051a 9946D28F 		.ascii	"\231F\322\217\372\323Z\336\227\203\257\336~\005\214"
 251      FAD35ADE 
 251      9783AFDE 
 251      7E058C
 252 0529 4ED8BD6B 		.ascii	"N\330\275k\271\001\233\342w\362\346\356R\031\366&\357"
 252      B9019BE2 
 252      77F2E6EE 
 252      5219F626 
 252      EF
 253 053a C2375537 		.ascii	"\3027U7\022\236\244\267L\372\323VN\250\271\220\245x"
 253      129EA4B7 
 253      4CFAD356 
 253      4EA8B990 
 253      A578
 254 054c A988FE2C 		.ascii	"\251\210\376,\232\031\204\200\036\001\320\203\200^\004"
 254      9A198480 
 254      1E01D083 
 254      805E04
 255 055b 14BFBD51 		.ascii	"\024\277\275Q\356I{8\240i\260\255\316C\005\364d[\001"
 255      EE497B38 
 255      A069B0AD 
 255      CE4305F4 
 255      645B01
 256 056e 0F04C003 		.ascii	"\017\004\300\003\004<D@\336\276\201<=\035\346\200\264"
 256      043C4440 
 256      DEBE813C 
 256      3D1DE680 
 256      B4
 257 057f C76FB2FD 		.ascii	"\307o\262\375\255\200iy\012\274g\030\341\221@x\204\204"
 257      AD806979 
 257      0ABC6718 
 257      E1914078 
 257      8484
 258 0591 C748E8AD 		.ascii	"\307H\350\255\275x\337\213\306k\221P\272\273\247\313"
 258      BD78DF8B 
 258      C66B9150 
 258      BABBA7CB 
 259 05a1 A0121E38 		.ascii	"\240\022\0368\224\341\211\200x\202\210>D\304=\313)\365"
 259      94E18980 
 259      7882883E 
 259      44C43DCB 
ARM GAS  /tmp/cct4k8K7.s 			page 20


 259      29F5
 260 05b3 A1D91C71 		.ascii	"\241\331\034qkce\206\267P\206~\001\320\217\200\001\004"
 260      6B636586 
 260      B750867E 
 260      01D08F80 
 260      0104
 261 05c5 34D51CDB 		.ascii	"4\325\034\333\247\243E\034pOY\337\250\027\312\360T\000"
 261      A7A3451C 
 261      704F59DF 
 261      A817CAF0 
 261      5400
 262 05d7 3C45C020 		.ascii	"<E\300 \002\036t\247\225z\3222\016\030i\032L\245b\031"
 262      021E74A7 
 262      957AD232 
 262      0E18691A 
 262      4CA56219 
 263 05eb 9E098467 		.ascii	"\236\011\204gHx\216\204\273;~\2320\320ZN\330\276\256"
 263      48788E84 
 263      BB3B7E9A 
 263      30D05A4E 
 263      D8BEAE
 264 05fe F43D15F0 		.ascii	"\364=\025\360\326\241\012C\002a\010\011\303H\3109y\345"
 264      D6A10A43 
 264      02610809 
 264      C348C839 
 264      79E5
 265 0610 B88EB672 		.ascii	"\270\216\266r\302\370\276\362-\276B\025F\004\300\010"
 265      C2F8BEF2 
 265      2DBE4215 
 265      4604C008 
 266 0620 025E2060 		.ascii	"\002^ `\362\332\216\253\032\332\303\0015\005\217\272"
 266      F2DA8EAB 
 266      1ADAC301 
 266      35058FBA 
 267 0630 FD842A8C 		.ascii	"\375\204*\214\012\200Q\004\214!\240\376\324\246Jh\006"
 267      0A805104 
 267      8C21A0FE 
 267      D4A64A68 
 267      06
 268 0641 0E48CA68 		.ascii	"\016H\312h\3544\210U\030\027\010\343H\230@BnZ\312L\032"
 268      EC348855 
 268      181708E3 
 268      48984042 
 268      6E5ACA4C 
 269 0656 EF8180BE 		.ascii	"\357\201\200\276\207\273\012\255\033\331\232g\257\302"
 269      87BB0AAD 
 269      1BD99A67 
 269      AFC2
 270 0664 4B81F012 		.ascii	"K\201\360\022\011\257\370\2218Tq\314\233fsD\305\355"
 270      09AFF891 
 270      385471CC 
 270      9B667344 
 270      C5ED
 271 0676 D1833E42 		.ascii	"\321\203>B\025^\013\200\327\010x\203\200W\273&\366i"
 271      155E0B80 
 271      D7087883 
 271      8057BB26 
ARM GAS  /tmp/cct4k8K7.s 			page 21


 271      F669
 272 0688 69110734 		.ascii	"i\021\0074$V\337\020\217\304[\001\360\026\001\223\010"
 272      2456DF10 
 272      8FC45B01 
 272      F0160193 
 272      08
 273 0699 D85AB0BD 		.ascii	"\330Z\260\275\322@\3138 \256\371t\211V\254\202\242q"
 273      D240CB38 
 273      20AEF974 
 273      8956AC82 
 273      A271
 274 06ab 25C01DF8 		.ascii	"%\300\035\370\277V\303\010\207\252\357\235\364\246\265"
 274      BF56C308 
 274      87AAEF9D 
 274      F4A6B5
 275 06ba 9CB0B72A 		.ascii	"\234\260\267*u\2675\205\247\016e\210\023\020q\210\210"
 275      75B73585 
 275      A70E6588 
 275      13107188 
 275      88
 276 06cb 4744E278 		.ascii	"GD\342x\322V/\332\312\021k\253\207\366\212o\206\004"
 276      D2562FDA 
 276      CA116BAB 
 276      87F68A6F 
 276      8604
 277 06dd 01908080 		.ascii	"\001\220\200\200D\004\324\345\244\037\365\241=\034\320"
 277      4404D4E5 
 277      A41FF5A1 
 277      3D1CD0
 278 06ec 9BDBB75F 		.ascii	"\233\333\267_,C\222\000HB\300:\004\354\031\311\274\244"
 278      2C439200 
 278      4842C03A 
 278      04EC19C9 
 278      BCA4
 279 06fe A5C31CF0 		.ascii	"\245\303\034\360\352rs\260X\205d\001\220\214\200\024"
 279      EA7273B0 
 279      58856401 
 279      908C8014 
 280 070e 04A49C29 		.ascii	"\004\244\234).\321\323xO\004\254K9\375\304S%\324\345"
 280      2ED1D378 
 280      4F04AC4B 
 280      39FDC453 
 280      25D4E5
 281 0721 DBAB902A 		.ascii	"\333\253\220* R\021\261\036\021'\367\036\036\202\027"
 281      205211B1 
 281      1E1127F7 
 281      1E1E8217 
 282 0731 0347E457 		.ascii	"\003G\344W\274\034\024_\014i\002 \015\001\351\01081"
 282      BC1C145F 
 282      0C690220 
 282      0D01E908 
 282      3831
 283 0743 70671CBE 		.ascii	"pg\034\276j8\240\355^\233\"\036\211\014\001\220\201"
 283      6A38A0ED 
 283      5E9B221E 
 283      890C0190 
 283      81
ARM GAS  /tmp/cct4k8K7.s 			page 22


 284 0754 800D0818 		.ascii	"\200\015\010\030\276\234\011G\242\214\003^\304\367\265"
 284      BE9C0947 
 284      A28C035E 
 284      C4F7B5
 285 0763 788965C8 		.ascii	"x\211e\310\024\010\231H\330\210\204\312S\257f\322Z\016"
 285      14089948 
 285      D88884CA 
 285      53AF66D2 
 285      5A0E
 286 0775 B89255BB 		.ascii	"\270\222U\273\315\332\317\355\016U\330$\0206!a3\022"
 286      CDDACFED 
 286      0E55D824 
 286      10362161 
 286      3312
 287 0787 320FEF7A 		.ascii	"2\017\357z\015\275\300\021\005U\025q\006\241\012Y\002"
 287      0DBDC011 
 287      05551571 
 287      06A10A59 
 287      02
 288 0798 200B015B 		.ascii	" \013\001[\370\"\256\037\270\351K{8\340\316\201\311"
 288      F822AE1F 
 288      B8E94B7B 
 288      38E0CE81 
 288      C9
 289 07a9 24B117B2 		.ascii	"$\261\027\262\005@6\002r\020\320y\254\374\260\037\035"
 289      05403602 
 289      7210D079 
 289      ACFCB01F 
 289      1D
 290 07ba 56CB98B1 		.ascii	"V\313\230\261/]'V!W \344\"!\017\011\0073\273st4"
 290      2F5D2756 
 290      215720E4 
 290      22210F09 
 290      0733BB73 
 291 07d0 5EC7BB69 		.ascii	"^\307\273i\313\221\333\326:\216:\224!_@\344#b+\"\362"
 291      CB91DBD6 
 291      3A8E3A94 
 291      215F40E4 
 291      23622B22 
 292 07e5 AF675512 		.ascii	"\257gU\022\232\315\021\305\011%\271b\031\012\004@\001"
 292      9ACD11C5 
 292      0925B962 
 292      190A0440 
 292      01
 293 07f6 02B621A0 		.ascii	"\002\266!\240\177]G;4\003\007\224\367\257-\024\233a"
 293      7F5D473B 
 293      34030794 
 293      F7AF2D14 
 293      9B61
 294 0808 BB00D88E 		.ascii	"\273\000\330\216\200\035\010\310\031~\031\017\315\300"
 294      801D08C8 
 294      197E190F 
 294      CDC0
 295 0816 016FF31F 		.ascii	"\001o\363\037\017\273i\206\235\002a'\022v\361\024\016"
 295      0FBB6986 
 295      9D026127 
 295      1276F114 
ARM GAS  /tmp/cct4k8K7.s 			page 23


 295      0E
 296 0827 EE193438 		.ascii	"\356\03148~\000w8|\330Id\267\006?\200\331/\030O\354"
 296      7E007738 
 296      7CD84964 
 296      B7063F80 
 296      D92F184F 
 297 083c 291FF072 		.ascii	")\037\360r4f\037%v\343B\325\270\020\215\233\257\357"
 297      34661F25 
 297      76E342D5 
 297      B8108D9B 
 297      AFEF
 298 084e 3DA6B51A 		.ascii	"=\246\265\032'\277\353\323\232\024\201\223\217,\207"
 298      27BFEBD3 
 298      9A148193 
 298      8F2C87
 299 085d 47C798E5 		.ascii	"G\307\230\345\210\250\010\213\366G\263\351\037^K\276"
 299      88A8088B 
 299      F647B3E9 
 299      1F5E4BBE 
 300 086d FC66D6E2 		.ascii	"\374f\326\342\320P\351w!!F\333_t\2541<z\305\212\350"
 300      D050E977 
 300      212146DB 
 300      5F74AC31 
 300      3C7AC58A 
 301 0882 2863ACC5 		.ascii	"(c\254\305\024cY\265\322\370\371_\226.^\272\232\335"
 301      146359B5 
 301      D2F8F95F 
 301      962E5EBA 
 301      9ADD
 302 0894 5D191169 		.ascii	"]\031\021i\216\2115.Y\274\330\030\036c\011\015\011\227"
 302      8E89352E 
 302      59BCD818 
 302      1E63090D 
 302      0997
 303 08a6 0CB26C36 		.ascii	"\014\262l6\305D\256A*D\2104Yx\004?Y^n\376\336\264*\322"
 303      C544AE41 
 303      2A448834 
 303      5978043F 
 303      595E6EFE 
 304 08be 229B5747 		.ascii	"\"\233WGX\274\242 \264eUL\324\024\031\037\3131\246\025"
 304      58BCA220 
 304      B465554C 
 304      D414191F 
 304      CB31A615 
 305 08d2 B229C66C 		.ascii	"\262)\306l\212\365\266]\351\303#\201\205\327zY^\025"
 305      8AF5B65D 
 305      E9C32381 
 305      85D77A59 
 305      5E15
 306 08e4 1165993F 		.ascii	"\021e\231?O\266\374\335\030\275\322b\374\334\022\035"
 306      4FB6FCDD 
 306      18BDD262 
 306      FCDC121D 
 307 08f4 1919112E 		.ascii	"\031\031\021./\213Ye\376z\3317\177\370\323W\362\367"
 307      2F8B5965 
 307      FE7AD937 
 307      7FF8D357 
ARM GAS  /tmp/cct4k8K7.s 			page 24


 307      F2F7
 308 0906 D131F2D7 		.ascii	"\3211\362\327\313\226\202\315\352O\303\344\260\005\362"
 308      CB9682CD 
 308      EA4FC3E4 
 308      B005F2
 309 0915 6F434243 		.ascii	"oCBC>a\331.\213\216\216\2145\232bV\3145q\267\271f\323"
 309      3E61D92E 
 309      8B8E8E8C 
 309      359A6256 
 309      CC3571B7 
 310 092c 7711C688 		.ascii	"w\021\306\210\250\360\310U\313\315\306\025\246\360\037"
 310      A8F0C855 
 310      CBCDC615 
 310      A6F01F
 311 093b 22A2CC46 		.ascii	"\"\242\314F[\202\2265+\315\261!?H^\326\230\362\377="
 311      5B829635 
 311      2BCDB121 
 311      3F485ED6 
 311      98F2FF3D 
 312 094f 66EC9A58 		.ascii	"f\354\232X\243\034kY\016\001 \2207\226\200-\324\017"
 312      A31C6B59 
 312      0E012090 
 312      3796802D 
 312      D40F
 313 0961 AF2CE6D5 		.ascii	"\257,\346\325|j\210\212\226m\317\374Yel3\331\022 \263"
 313      7C6A888A 
 313      966DCFFC 
 313      59656C33 
 313      D91220B3 
 314 0975 AA7D22DB 		.ascii	"\252}\"\333]d_\307[\262\237:\343u\224\375\325iT4\177"
 314      5D645FC7 
 314      5BB29F3A 
 314      E37594FD 
 314      D5695434 
 315 098a CCFD4345 		.ascii	"\314\375CE\377P'\377Pg\377P\027\377y\242\377<'\377y"
 315      FF5027FF 
 315      5067FF50 
 315      17FF79A2 
 315      FF3C27FF 
 316 099f CEFEF35C 		.ascii	"\316\376\363\\\374\347\213\376\363\235\374\347;\373"
 316      FCE78BFE 
 316      F39DFCE7 
 316      3BFB
 317 09ad CF77F15F 		.ascii	"\317w\361_ \372/p\362_\340\354\277\300\305\177\241\350"
 317      20FA2F70 
 317      F25FE0EC 
 317      BFC0C57F 
 317      A1E8
 318 09bf BFD0C97F 		.ascii	"\277\320\311\177\241\263\377B\027\3770\321?\314\311"
 318      A1B3FF42 
 318      17FF30D1 
 318      3FCCC9
 319 09ce 3FCCD93F 		.ascii	"?\314\331?\314\305\177\221\350\277\310\311\177\221\263"
 319      CCC57F91 
 319      E8BFC8C9 
 319      7F91B3
 320 09dd FF229BFF 		.ascii	"\377\"\233\377\177\000\250rf\325"
ARM GAS  /tmp/cct4k8K7.s 			page 25


 320      7F00A872 
 320      66D5
 321              		.text
 322              		.section	.gnu.lto_.symtab.139d0463ff334316,"",%progbits
 323 0000 5F5F636F 		.ascii	"__core_init\000"
 323      72655F69 
 323      6E697400 
 324 000c 00       		.ascii	"\000"
 325 000d 01       		.ascii	"\001"
 326 000e 00       		.ascii	"\000"
 327 000f 00000000 		.ascii	"\000\000\000\000\000\000\000\000"
 327      00000000 
 328 0017 B0000000 		.ascii	"\260\000\000\000"
 329 001b 5F5F6561 		.ascii	"__early_init\000"
 329      726C795F 
 329      696E6974 
 329      00
 330 0028 00       		.ascii	"\000"
 331 0029 01       		.ascii	"\001"
 332 002a 00       		.ascii	"\000"
 333 002b 00000000 		.ascii	"\000\000\000\000\000\000\000\000"
 333      00000000 
 334 0033 B3000000 		.ascii	"\263\000\000\000"
 335 0037 5F5F6C61 		.ascii	"__late_init\000"
 335      74655F69 
 335      6E697400 
 336 0043 00       		.ascii	"\000"
 337 0044 01       		.ascii	"\001"
 338 0045 00       		.ascii	"\000"
 339 0046 00000000 		.ascii	"\000\000\000\000\000\000\000\000"
 339      00000000 
 340 004e B6000000 		.ascii	"\266\000\000\000"
 341 0052 5F5F6465 		.ascii	"__default_exit\000"
 341      6661756C 
 341      745F6578 
 341      697400
 342 0061 00       		.ascii	"\000"
 343 0062 01       		.ascii	"\001"
 344 0063 00       		.ascii	"\000"
 345 0064 00000000 		.ascii	"\000\000\000\000\000\000\000\000"
 345      00000000 
 346 006c BB000000 		.ascii	"\273\000\000\000"
 347 0070 5F5F696E 		.ascii	"__init_ram_areas\000"
 347      69745F72 
 347      616D5F61 
 347      72656173 
 347      00
 348 0081 00       		.ascii	"\000"
 349 0082 00       		.ascii	"\000"
 350 0083 00       		.ascii	"\000"
 351 0084 00000000 		.ascii	"\000\000\000\000\000\000\000\000"
 351      00000000 
 352 008c BD000000 		.ascii	"\275\000\000\000"
 353 0090 5F5F7261 		.ascii	"__ram0_init_text__\000"
 353      6D305F69 
 353      6E69745F 
 353      74657874 
ARM GAS  /tmp/cct4k8K7.s 			page 26


 353      5F5F00
 354 00a3 00       		.ascii	"\000"
 355 00a4 02       		.ascii	"\002"
 356 00a5 00       		.ascii	"\000"
 357 00a6 00000000 		.ascii	"\000\000\000\000\000\000\000\000"
 357      00000000 
 358 00ae E3000000 		.ascii	"\343\000\000\000"
 359 00b2 5F5F7261 		.ascii	"__ram0_init__\000"
 359      6D305F69 
 359      6E69745F 
 359      5F00
 360 00c0 00       		.ascii	"\000"
 361 00c1 02       		.ascii	"\002"
 362 00c2 00       		.ascii	"\000"
 363 00c3 00000000 		.ascii	"\000\000\000\000\000\000\000\000"
 363      00000000 
 364 00cb E5000000 		.ascii	"\345\000\000\000"
 365 00cf 5F5F7261 		.ascii	"__ram0_clear__\000"
 365      6D305F63 
 365      6C656172 
 365      5F5F00
 366 00de 00       		.ascii	"\000"
 367 00df 02       		.ascii	"\002"
 368 00e0 00       		.ascii	"\000"
 369 00e1 00000000 		.ascii	"\000\000\000\000\000\000\000\000"
 369      00000000 
 370 00e9 E7000000 		.ascii	"\347\000\000\000"
 371 00ed 5F5F7261 		.ascii	"__ram0_noinit__\000"
 371      6D305F6E 
 371      6F696E69 
 371      745F5F00 
 372 00fd 00       		.ascii	"\000"
 373 00fe 02       		.ascii	"\002"
 374 00ff 00       		.ascii	"\000"
 375 0100 00000000 		.ascii	"\000\000\000\000\000\000\000\000"
 375      00000000 
 376 0108 E9000000 		.ascii	"\351\000\000\000"
 377 010c 5F5F7261 		.ascii	"__ram1_init_text__\000"
 377      6D315F69 
 377      6E69745F 
 377      74657874 
 377      5F5F00
 378 011f 00       		.ascii	"\000"
 379 0120 02       		.ascii	"\002"
 380 0121 00       		.ascii	"\000"
 381 0122 00000000 		.ascii	"\000\000\000\000\000\000\000\000"
 381      00000000 
 382 012a EB000000 		.ascii	"\353\000\000\000"
 383 012e 5F5F7261 		.ascii	"__ram1_init__\000"
 383      6D315F69 
 383      6E69745F 
 383      5F00
 384 013c 00       		.ascii	"\000"
 385 013d 02       		.ascii	"\002"
 386 013e 00       		.ascii	"\000"
 387 013f 00000000 		.ascii	"\000\000\000\000\000\000\000\000"
 387      00000000 
ARM GAS  /tmp/cct4k8K7.s 			page 27


 388 0147 ED000000 		.ascii	"\355\000\000\000"
 389 014b 5F5F7261 		.ascii	"__ram1_clear__\000"
 389      6D315F63 
 389      6C656172 
 389      5F5F00
 390 015a 00       		.ascii	"\000"
 391 015b 02       		.ascii	"\002"
 392 015c 00       		.ascii	"\000"
 393 015d 00000000 		.ascii	"\000\000\000\000\000\000\000\000"
 393      00000000 
 394 0165 EF000000 		.ascii	"\357\000\000\000"
 395 0169 5F5F7261 		.ascii	"__ram1_noinit__\000"
 395      6D315F6E 
 395      6F696E69 
 395      745F5F00 
 396 0179 00       		.ascii	"\000"
 397 017a 02       		.ascii	"\002"
 398 017b 00       		.ascii	"\000"
 399 017c 00000000 		.ascii	"\000\000\000\000\000\000\000\000"
 399      00000000 
 400 0184 F1000000 		.ascii	"\361\000\000\000"
 401 0188 5F5F7261 		.ascii	"__ram2_init_text__\000"
 401      6D325F69 
 401      6E69745F 
 401      74657874 
 401      5F5F00
 402 019b 00       		.ascii	"\000"
 403 019c 02       		.ascii	"\002"
 404 019d 00       		.ascii	"\000"
 405 019e 00000000 		.ascii	"\000\000\000\000\000\000\000\000"
 405      00000000 
 406 01a6 F3000000 		.ascii	"\363\000\000\000"
 407 01aa 5F5F7261 		.ascii	"__ram2_init__\000"
 407      6D325F69 
 407      6E69745F 
 407      5F00
 408 01b8 00       		.ascii	"\000"
 409 01b9 02       		.ascii	"\002"
 410 01ba 00       		.ascii	"\000"
 411 01bb 00000000 		.ascii	"\000\000\000\000\000\000\000\000"
 411      00000000 
 412 01c3 F5000000 		.ascii	"\365\000\000\000"
 413 01c7 5F5F7261 		.ascii	"__ram2_clear__\000"
 413      6D325F63 
 413      6C656172 
 413      5F5F00
 414 01d6 00       		.ascii	"\000"
 415 01d7 02       		.ascii	"\002"
 416 01d8 00       		.ascii	"\000"
 417 01d9 00000000 		.ascii	"\000\000\000\000\000\000\000\000"
 417      00000000 
 418 01e1 F7000000 		.ascii	"\367\000\000\000"
 419 01e5 5F5F7261 		.ascii	"__ram2_noinit__\000"
 419      6D325F6E 
 419      6F696E69 
 419      745F5F00 
 420 01f5 00       		.ascii	"\000"
ARM GAS  /tmp/cct4k8K7.s 			page 28


 421 01f6 02       		.ascii	"\002"
 422 01f7 00       		.ascii	"\000"
 423 01f8 00000000 		.ascii	"\000\000\000\000\000\000\000\000"
 423      00000000 
 424 0200 F9000000 		.ascii	"\371\000\000\000"
 425 0204 5F5F7261 		.ascii	"__ram3_init_text__\000"
 425      6D335F69 
 425      6E69745F 
 425      74657874 
 425      5F5F00
 426 0217 00       		.ascii	"\000"
 427 0218 02       		.ascii	"\002"
 428 0219 00       		.ascii	"\000"
 429 021a 00000000 		.ascii	"\000\000\000\000\000\000\000\000"
 429      00000000 
 430 0222 FB000000 		.ascii	"\373\000\000\000"
 431 0226 5F5F7261 		.ascii	"__ram3_init__\000"
 431      6D335F69 
 431      6E69745F 
 431      5F00
 432 0234 00       		.ascii	"\000"
 433 0235 02       		.ascii	"\002"
 434 0236 00       		.ascii	"\000"
 435 0237 00000000 		.ascii	"\000\000\000\000\000\000\000\000"
 435      00000000 
 436 023f FD000000 		.ascii	"\375\000\000\000"
 437 0243 5F5F7261 		.ascii	"__ram3_clear__\000"
 437      6D335F63 
 437      6C656172 
 437      5F5F00
 438 0252 00       		.ascii	"\000"
 439 0253 02       		.ascii	"\002"
 440 0254 00       		.ascii	"\000"
 441 0255 00000000 		.ascii	"\000\000\000\000\000\000\000\000"
 441      00000000 
 442 025d FF000000 		.ascii	"\377\000\000\000"
 443 0261 5F5F7261 		.ascii	"__ram3_noinit__\000"
 443      6D335F6E 
 443      6F696E69 
 443      745F5F00 
 444 0271 00       		.ascii	"\000"
 445 0272 02       		.ascii	"\002"
 446 0273 00       		.ascii	"\000"
 447 0274 00000000 		.ascii	"\000\000\000\000\000\000\000\000"
 447      00000000 
 448 027c 01010000 		.ascii	"\001\001\000\000"
 449 0280 5F5F7261 		.ascii	"__ram4_init_text__\000"
 449      6D345F69 
 449      6E69745F 
 449      74657874 
 449      5F5F00
 450 0293 00       		.ascii	"\000"
 451 0294 02       		.ascii	"\002"
 452 0295 00       		.ascii	"\000"
 453 0296 00000000 		.ascii	"\000\000\000\000\000\000\000\000"
 453      00000000 
 454 029e 03010000 		.ascii	"\003\001\000\000"
ARM GAS  /tmp/cct4k8K7.s 			page 29


 455 02a2 5F5F7261 		.ascii	"__ram4_init__\000"
 455      6D345F69 
 455      6E69745F 
 455      5F00
 456 02b0 00       		.ascii	"\000"
 457 02b1 02       		.ascii	"\002"
 458 02b2 00       		.ascii	"\000"
 459 02b3 00000000 		.ascii	"\000\000\000\000\000\000\000\000"
 459      00000000 
 460 02bb 05010000 		.ascii	"\005\001\000\000"
 461 02bf 5F5F7261 		.ascii	"__ram4_clear__\000"
 461      6D345F63 
 461      6C656172 
 461      5F5F00
 462 02ce 00       		.ascii	"\000"
 463 02cf 02       		.ascii	"\002"
 464 02d0 00       		.ascii	"\000"
 465 02d1 00000000 		.ascii	"\000\000\000\000\000\000\000\000"
 465      00000000 
 466 02d9 07010000 		.ascii	"\007\001\000\000"
 467 02dd 5F5F7261 		.ascii	"__ram4_noinit__\000"
 467      6D345F6E 
 467      6F696E69 
 467      745F5F00 
 468 02ed 00       		.ascii	"\000"
 469 02ee 02       		.ascii	"\002"
 470 02ef 00       		.ascii	"\000"
 471 02f0 00000000 		.ascii	"\000\000\000\000\000\000\000\000"
 471      00000000 
 472 02f8 09010000 		.ascii	"\011\001\000\000"
 473 02fc 5F5F7261 		.ascii	"__ram5_init_text__\000"
 473      6D355F69 
 473      6E69745F 
 473      74657874 
 473      5F5F00
 474 030f 00       		.ascii	"\000"
 475 0310 02       		.ascii	"\002"
 476 0311 00       		.ascii	"\000"
 477 0312 00000000 		.ascii	"\000\000\000\000\000\000\000\000"
 477      00000000 
 478 031a 0B010000 		.ascii	"\013\001\000\000"
 479 031e 5F5F7261 		.ascii	"__ram5_init__\000"
 479      6D355F69 
 479      6E69745F 
 479      5F00
 480 032c 00       		.ascii	"\000"
 481 032d 02       		.ascii	"\002"
 482 032e 00       		.ascii	"\000"
 483 032f 00000000 		.ascii	"\000\000\000\000\000\000\000\000"
 483      00000000 
 484 0337 0D010000 		.ascii	"\015\001\000\000"
 485 033b 5F5F7261 		.ascii	"__ram5_clear__\000"
 485      6D355F63 
 485      6C656172 
 485      5F5F00
 486 034a 00       		.ascii	"\000"
 487 034b 02       		.ascii	"\002"
ARM GAS  /tmp/cct4k8K7.s 			page 30


 488 034c 00       		.ascii	"\000"
 489 034d 00000000 		.ascii	"\000\000\000\000\000\000\000\000"
 489      00000000 
 490 0355 0F010000 		.ascii	"\017\001\000\000"
 491 0359 5F5F7261 		.ascii	"__ram5_noinit__\000"
 491      6D355F6E 
 491      6F696E69 
 491      745F5F00 
 492 0369 00       		.ascii	"\000"
 493 036a 02       		.ascii	"\002"
 494 036b 00       		.ascii	"\000"
 495 036c 00000000 		.ascii	"\000\000\000\000\000\000\000\000"
 495      00000000 
 496 0374 11010000 		.ascii	"\021\001\000\000"
 497 0378 5F5F7261 		.ascii	"__ram6_init_text__\000"
 497      6D365F69 
 497      6E69745F 
 497      74657874 
 497      5F5F00
 498 038b 00       		.ascii	"\000"
 499 038c 02       		.ascii	"\002"
 500 038d 00       		.ascii	"\000"
 501 038e 00000000 		.ascii	"\000\000\000\000\000\000\000\000"
 501      00000000 
 502 0396 13010000 		.ascii	"\023\001\000\000"
 503 039a 5F5F7261 		.ascii	"__ram6_init__\000"
 503      6D365F69 
 503      6E69745F 
 503      5F00
 504 03a8 00       		.ascii	"\000"
 505 03a9 02       		.ascii	"\002"
 506 03aa 00       		.ascii	"\000"
 507 03ab 00000000 		.ascii	"\000\000\000\000\000\000\000\000"
 507      00000000 
 508 03b3 15010000 		.ascii	"\025\001\000\000"
 509 03b7 5F5F7261 		.ascii	"__ram6_clear__\000"
 509      6D365F63 
 509      6C656172 
 509      5F5F00
 510 03c6 00       		.ascii	"\000"
 511 03c7 02       		.ascii	"\002"
 512 03c8 00       		.ascii	"\000"
 513 03c9 00000000 		.ascii	"\000\000\000\000\000\000\000\000"
 513      00000000 
 514 03d1 17010000 		.ascii	"\027\001\000\000"
 515 03d5 5F5F7261 		.ascii	"__ram6_noinit__\000"
 515      6D365F6E 
 515      6F696E69 
 515      745F5F00 
 516 03e5 00       		.ascii	"\000"
 517 03e6 02       		.ascii	"\002"
 518 03e7 00       		.ascii	"\000"
 519 03e8 00000000 		.ascii	"\000\000\000\000\000\000\000\000"
 519      00000000 
 520 03f0 19010000 		.ascii	"\031\001\000\000"
 521 03f4 5F5F7261 		.ascii	"__ram7_init_text__\000"
 521      6D375F69 
ARM GAS  /tmp/cct4k8K7.s 			page 31


 521      6E69745F 
 521      74657874 
 521      5F5F00
 522 0407 00       		.ascii	"\000"
 523 0408 02       		.ascii	"\002"
 524 0409 00       		.ascii	"\000"
 525 040a 00000000 		.ascii	"\000\000\000\000\000\000\000\000"
 525      00000000 
 526 0412 1B010000 		.ascii	"\033\001\000\000"
 527 0416 5F5F7261 		.ascii	"__ram7_init__\000"
 527      6D375F69 
 527      6E69745F 
 527      5F00
 528 0424 00       		.ascii	"\000"
 529 0425 02       		.ascii	"\002"
 530 0426 00       		.ascii	"\000"
 531 0427 00000000 		.ascii	"\000\000\000\000\000\000\000\000"
 531      00000000 
 532 042f 1D010000 		.ascii	"\035\001\000\000"
 533 0433 5F5F7261 		.ascii	"__ram7_clear__\000"
 533      6D375F63 
 533      6C656172 
 533      5F5F00
 534 0442 00       		.ascii	"\000"
 535 0443 02       		.ascii	"\002"
 536 0444 00       		.ascii	"\000"
 537 0445 00000000 		.ascii	"\000\000\000\000\000\000\000\000"
 537      00000000 
 538 044d 1F010000 		.ascii	"\037\001\000\000"
 539 0451 5F5F7261 		.ascii	"__ram7_noinit__\000"
 539      6D375F6E 
 539      6F696E69 
 539      745F5F00 
 540 0461 00       		.ascii	"\000"
 541 0462 02       		.ascii	"\002"
 542 0463 00       		.ascii	"\000"
 543 0464 00000000 		.ascii	"\000\000\000\000\000\000\000\000"
 543      00000000 
 544 046c 21010000 		.ascii	"!\001\000\000"
 545              		.text
 546              		.section	.gnu.lto_.opts,"",%progbits
 547 0000 272D666D 		.ascii	"'-fmath-errno' '-fsigned-zeros' '-ftrapping-math' '"
 547      6174682D 
 547      6572726E 
 547      6F272027 
 547      2D667369 
 548 0033 2D666E6F 		.ascii	"-fno-trapv' '-fno-strict-overflow' '-fno-openmp' '-"
 548      2D747261 
 548      70762720 
 548      272D666E 
 548      6F2D7374 
 549 0066 666E6F2D 		.ascii	"fno-openacc' '-mcpu=cortex-m4' '-mfloat-abi=hard' '"
 549      6F70656E 
 549      61636327 
 549      20272D6D 
 549      6370753D 
 550 0099 2D6D6670 		.ascii	"-mfpu=fpv4-sp-d16' '-mno-thumb-interwork' '-mthumb'"
ARM GAS  /tmp/cct4k8K7.s 			page 32


 550      753D6670 
 550      76342D73 
 550      702D6431 
 550      36272027 
 551 00cc 20272D67 		.ascii	" '-ggdb' '-O0' '-ffunction-sections' '-fdata-sectio"
 551      67646227 
 551      20272D4F 
 551      30272027 
 551      2D666675 
 552 00ff 6E732720 		.ascii	"ns' '-fno-common' '-flto'\000"
 552      272D666E 
 552      6F2D636F 
 552      6D6D6F6E 
 552      2720272D 
 553              		.text
 554              		.comm	__gnu_lto_v1,1,1
 555              		.comm	__gnu_lto_slim,1,1
 556              		.ident	"GCC: (GNU Tools for ARM Embedded Processors (Build 17.03)) 6.3.1 20170215 (release) [ARM/e
ARM GAS  /tmp/cct4k8K7.s 			page 33


DEFINED SYMBOLS
                            *ABS*:0000000000000000 crt1.c
                            *COM*:0000000000000001 __gnu_lto_v1
                            *COM*:0000000000000001 __gnu_lto_slim

NO UNDEFINED SYMBOLS
