ARM GAS  /tmp/cckDZrj5.s 			page 1


   1              		.cpu cortex-m4
   2              		.eabi_attribute 27, 1
   3              		.eabi_attribute 28, 1
   4              		.eabi_attribute 20, 1
   5              		.eabi_attribute 21, 1
   6              		.eabi_attribute 23, 3
   7              		.eabi_attribute 24, 1
   8              		.eabi_attribute 25, 1
   9              		.eabi_attribute 26, 1
  10              		.eabi_attribute 30, 6
  11              		.eabi_attribute 34, 1
  12              		.eabi_attribute 18, 4
  13              		.file	"hal.c"
  14              		.text
  15              	.Ltext0:
  16              		.section	.gnu.lto_.inline.aae15c4565fd55b0,"",%progbits
  17 0000 789C6365 		.ascii	"x\234ce`b\210d@\000&\006\006f fbZ \317\300\002\3421"
  17      60628864 
  17      40002606 
  17      06662066 
  17      625A20CF 
  18 0018 303032F0 		.ascii	"002\360>c@\023\342\"\225`\000\000\342\335\003\\"
  18      3E634013 
  18      E2229560 
  18      0000E2DD 
  18      035C
  19              		.text
  20              		.section	.gnu.lto_osalInit.aae15c4565fd55b0,"",%progbits
  21 0000 789C6365 		.ascii	"x\234ce`b(a``P\001bQ f`f`db\000bFF \207\221\241\236"
  21      60622861 
  21      60605001 
  21      62512066 
  21      60666064 
  22 001e 89B19EB1 		.ascii	"\211\261\236\261\237y:3\343\241\366g;\2314\2277\000"
  22      9F793A33 
  22      E3A1F667 
  22      3B993497 
  22      3700
  23 0030 C181E9D7 		.ascii	"\301\201\351\327\344\3264\\h`\236\317\314\3000\223\231"
  23      E4D6345C 
  23      68609ECF 
  23      CCC03093 
  23      99
  24 0041 010C1897 		.ascii	"\001\014\030\2273j2\000\325=\332\370o*/\033\013D\234"
  24      336A3200 
  24      D53DDAF8 
  24      6F2A2F1B 
  24      0B449C
  25 0054 7105231B 		.ascii	"q\005#\033\310\240\365\227\030\0174\374\373\337\336"
  25      C8A0F597 
  25      180F34FC 
  25      FBDFDE
  26 0063 70E0CE12 		.ascii	"p\340\316\022\306\333q@\033\272\300\332\272\231\201"
  26      C6DB7140 
  26      1BBAC0DA 
  26      BA9981
  27 0072 4CE6B78C 		.ascii	"L\346\267\214M\012 \225`s\272\230\201\032\200\242Jz"
ARM GAS  /tmp/cckDZrj5.s 			page 2


  27      4D0A2095 
  27      6073BA98 
  27      811A80A2 
  27      4A7A
  28 0084 7AFA7094 		.ascii	"z\372p\224_\254\237\221\230\003\244\200DQ\011\230\326"
  28      5FAC9F91 
  28      9803A480 
  28      44510998 
  28      D6
  29 0095 CB600000 		.ascii	"\313`\000\000\347\224+\326"
  29      E7942BD6 
  30              		.text
  31              		.section	.gnu.lto_halInit.aae15c4565fd55b0,"",%progbits
  32 0000 789C75D1 		.ascii	"x\234u\321\275N\002A\020\007\360\371\357\300\201\006"
  32      BD4E0241 
  32      1007F0F9 
  32      EFC08106 
  33 0010 B5818218 		.ascii	"\265\201\202\030bMs\367\036\276\205\241\26101\221\007"
  33      624D73F7 
  33      1EBE85A1 
  33      B1303191 
  33      07
  34 0021 B88D1624 		.ascii	"\270\215\026$XX\021Bu\304\006\360\0131\261\270\356\342"
  34      58581142 
  34      75C406F0 
  34      0B31B1B8 
  34      EEE2
  35 0033 23D85AA9 		.ascii	"#\330Z\251\304F\215RR\200\316\236\304l\2617\331\315"
  35      C4468D52 
  35      5280CE9E 
  35      C46CB137 
  35      D9CD
  36 0045 6637BF99 		.ascii	"f7\277\231\375\312\223\"O\021\355\020QE:1A\246P\200"
  36      FDCA9322 
  36      4F11ED10 
  36      51453A31 
  36      41A65080 
  37 0059 4C40A142 		.ascii	"L@\241B\2103\3562\036Zo\261\252\017\264D\322\375\256"
  37      8833EE32 
  37      1E5A6FB1 
  37      AA0FB444 
  37      D2FDAE
  38 006c EA618288 		.ascii	"\352a\202\210\211zLi`\200:\011{\231,;\033^\356o\035"
  38      897A4C69 
  38      60803A09 
  38      7B992C3B 
  38      1B5EEE6F 
  39 0081 4378A6CE 		.ascii	"Cx\246\316\370\021\211^\376\264t2=\307l\267D\324N\323"
  39      F811895E 
  39      FEB47432 
  39      3DC76CB7 
  39      44D44ED3 
  40 0095 4E59F6E2 		.ascii	"NY\366\342w\234\364\277\266\2155\005\342\370\343\251"
  40      779CF4BF 
  40      B68D3505 
  40      E2F8E3A9 
  41 00a5 102E7431 		.ascii	"\020.t1b\364X\2621BH\221H\343\346\354v\346\314\027\226"
ARM GAS  /tmp/cckDZrj5.s 			page 3


  41      62F458B2 
  41      31424891 
  41      48E3E6EC 
  41      76E6CC17 
  42 00ba 1B95DC4E 		.ascii	"\033\225\334N\266\305\245\345f\233n\227\023we\327\333"
  42      B6C5A5E5 
  42      669B6E97 
  42      137765D7 
  42      DB
  43 00cb 72BBBCB8 		.ascii	"r\273\274\270k\313\335g8O\334\215\345\2363\\A\334\330"
  43      6BCBDD67 
  43      384FDC8D 
  43      E59E335C 
  43      41DCD8
  44 00de BE6F862B 		.ascii	"\276o\206+\212\273\265\334\242\354vk\342&\226\213+n"
  44      8ABBB5DC 
  44      A2EC766B 
  44      E226968B 
  44      2B6E
  45 00f0 B72EEE6E 		.ascii	"\267.\356n\345>q\334\177\355 \205&\332\346\027\344\201"
  45      E53E71DC 
  45      7FED2085 
  45      26DAE617 
  45      E481
  46 0102 6BBE1FFC 		.ascii	"k\276\037\374\267\303f\260\277w\0204\217\032f\364\033"
  46      B7C366B0 
  46      BF771034 
  46      8F1A66F4 
  46      1B
  47 0113 F40B6417 		.ascii	"\364\013d\027\251\016"
  47      A90E
  48              		.text
  49              		.section	.gnu.lto_.symbol_nodes.aae15c4565fd55b0,"",%progbits
  50 0000 789C55CF 		.ascii	"x\234U\317;\016\3020\024D\321\3618v>5\013\"+{F\212\250"
  50      3B0EC230 
  50      1444D1F1 
  50      38763E35 
  50      0B222B7B 
  51 0017 29E928C8 		.ascii	")\351(\310&\022\276A\251Y\003H)Y\003\3021B\342Uwt\272"
  51      2612BE41 
  51      A9590348 
  51      295903C2 
  51      3142E255 
  52 002e 71201606 		.ascii	"q \026\006\000\267\024`s\007b\2720\004\037\255\243\230"
  52      00B71460 
  52      730762BA 
  52      30041FAD 
  52      A398
  53 0040 9FF5AB1A 		.ascii	"\237\365\253\03207\012\223\000!,#\014\024\253\340J\311"
  53      30370A93 
  53      00212C23 
  53      0C14ABE0 
  53      4AC9
  54 0052 145C284E 		.ascii	"\024\\(N\301\231\342\025\234(\271\202#\245Pp\240\224"
  54      C199E215 
  54      9C28B982 
  54      23A55070 
ARM GAS  /tmp/cckDZrj5.s 			page 4


  54      A094
  55 0064 0A7A4AF5 		.ascii	"\012zJ\365\0176~\330?\336\2655\025\306\324\022Sj\201"
  55      0F367ED8 
  55      3FDEB535 
  55      15C6D412 
  55      536A81
  56 0077 E6393747 		.ascii	"\34697G\233\3521\246:L\251\031\232\365kWXc\321~\007"
  56      9BEA31A6 
  56      3A4CA919 
  56      9AF56B57 
  56      5863D17E 
  57 008c 31CE031F 		.ascii	"1\316\003\037 \305I\274"
  57      20C549BC 
  58              		.text
  59              		.section	.gnu.lto_.refs.aae15c4565fd55b0,"",%progbits
  60 0000 789C6365 		.ascii	"x\234ce`b`d\000\002\000\000I\000\011"
  60      60626064 
  60      00020000 
  60      490009
  61              		.text
  62              		.section	.gnu.lto_.decls.aae15c4565fd55b0,"",%progbits
  63 0000 789C8D93 		.ascii	"x\234\215\223mLSW\030\200\317\333\323Bi\2533\2131&\272"
  63      6D4C5357 
  63      1880CFDB 
  63      D34269AB 
  63      338B3126 
  64 0015 A521DB62 		.ascii	"\245!\333b\026\322\212\232h\214?\226\340P\0227\315p"
  64      16D28A9A 
  64      688C3F96 
  64      E0501237 
  64      CD70
  65 0027 24FB619A 		.ascii	"$\373a\232\002&m\322\010\351-\213\211\177\256C\021\311"
  65      02266DD2 
  65      08E92D8B 
  65      897FAE43 
  65      11C9
  66 0039 E2C7A26C 		.ascii	"\342\307\242l\002\333\330\010\031vXK\013\212\010RP4"
  66      02DBD808 
  66      1976584B 
  66      0B8A0852 
  66      5034
  67 004b 5304D490 		.ascii	"S\004\324\220\305(\240\314\217F\215\323\370C\033\311"
  67      C528A0CC 
  67      8F468DD3 
  67      F8431BC9 
  68 005b BAF79E8F 		.ascii	"\272\367\236\217\336\212M\360\344\276=\367\364\274\317"
  68      DE8A4DF0 
  68      E4BE3DF7 
  68      F4BCCF
  69 006a 73DE73DA 		.ascii	"s\336s\332c\"\006\322`$\244\320@\310\030!$\211\215b"
  69      632206D2 
  69      6024A4D0 
  69      40C81821 
  69      24898D62 
  70 007e 7F82E8CD 		.ascii	"\177\202\350\315\212\021\302\010cD0:1Natc\364`\364b"
  70      8A11C208 
  70      6344303A 
ARM GAS  /tmp/cckDZrj5.s 			page 5


  70      314E6174 
  70      63F460F4 
  71 0093 9CC38861 		.ascii	"\234\303\210a\014\222\267\3336 \004\037R\"\306 |\263"
  71      0C92B7DB 
  71      3620041F 
  71      5222C620 
  71      7CB3
  72 00a5 9B1B27A8 		.ascii	"\233\033'\250\310\033J\253\301*\326\016\011\177L\254"
  72      C81B4AAB 
  72      C12AD60E 
  72      097F4CAC 
  73 00b5 D72BD6EF 		.ascii	"\327+\326\357\026\365t\212\372f\267\037)\334\271;\276"
  73      16F5748A 
  73      FA66B71F 
  73      29DCB93B 
  73      BE
  74 00c6 376B126E 		.ascii	"7k\022nkK\203\326x\025i\015\304\346Y\323\246\371\274"
  74      6B4B83D6 
  74      7815690D 
  74      C4E659D3 
  74      A6F9BC
  75 00d9 41CEF1A4 		.ascii	"A\316\361\244Y\020\021\211\030o&\312\331t\243.a\005"
  75      59101189 
  75      186F26CA 
  75      D974A32E 
  75      6105
  76 00eb B022D209 		.ascii	"\260\"\322\0111d\217\201\017 5/s\323\204b\027\220\241"
  76      31648F81 
  76      0F20352F 
  76      73D38462 
  76      1790A1
  77 00fe 2CDEA8DC 		.ascii	",\336\250\334\375\223\357_\374j\234\202\011\000+i\376"
  77      FD93EF5F 
  77      FC6A9C82 
  77      09002B69 
  77      FE
  78 010f 0CD8773F 		.ascii	"\014\330w?\005\0177[)\256\203\357S\211\266BG\273\312"
  78      050F375B 
  78      29AE83EF 
  78      5389B642 
  78      47BBCA
  79 0122 9B79897E 		.ascii	"\233y\211~lC\311\227\261\367\016Px\337\002\006\034^"
  79      6C43C997 
  79      B1F70E50 
  79      78DF0206 
  79      1C5E
  80 0134 7F36FCB3 		.ascii	"\1776\374\263\025\207\013-\260\000\207\257v\217\017"
  80      15870B2D 
  80      B00087AF 
  80      768F0F
  81 0143 5816D733 		.ascii	"X\026\3273\252Z]`\200\222E\320\016K\341OX\2125\235\200"
  81      AA5A5D60 
  81      809245D0 
  81      0E4BE14F 
  81      588A359D 
  82 0158 C5F8596A 		.ascii	"\305\370Yj\344\246\311\343-\377e\3476\253\261\230\032"
  82      E4A6C9E3 
ARM GAS  /tmp/cckDZrj5.s 			page 6


  82      2DFF65E7 
  82      36ABB198 
  82      1A
  83 0169 7B38FDE9 		.ascii	"{8\375\351\245\326\032u\014\261\215,\017\216\003\205"
  83      A5D61A75 
  83      0CB18D2C 
  83      0F8E0385 
  84 0179 2038B43D 		.ascii	" 8\264=\342+~\266\301\024\300\0370\211\333\013A.\362"
  84      E22B7EB6 
  84      C114C01F 
  84      3089DB0B 
  84      412EF2
  85 018c CFA2EAB4 		.ascii	"\317\242\352\264\205\256f\345\266&~\273hBW3\272\222"
  85      85AE66E5 
  85      B6267EBB 
  85      68425733 
  85      BA92
  86 019e FB3EACAF 		.ascii	"\373>\254\257V\333Peg\246\223\272\351\344lS\230\231"
  86      56DB5065 
  86      67A693BA 
  86      E9E46C53 
  86      9899
  87 01b0 F6459E4E 		.ascii	"\366E\236N\231\3506f:\034\031\233\246h\272\243bUMk\032"
  87      99E83666 
  87      3A1C199B 
  87      A668BAA3 
  87      62554D6B 
  88 01c5 C2F7D45A 		.ascii	"\302\367\324Z\013/\251C\027u\000?I\2100\301\360\203"
  88      0B2FA943 
  88      1775003F 
  88      498830C1 
  88      F083
  89 01d7 895D743F 		.ascii	"\211]t?0A\350\350\350\277\331Bp+\270\356fkMl\013\347"
  89      3041E8E8 
  89      E8BFD942 
  89      702BB8EE 
  89      666B4D6C 
  90 01ed A33A1F95 		.ascii	"\243:\037\225|'\343\233^6v\031\350\010\027\364\277\276"
  90      7C27E39B 
  90      5E367619 
  90      E80817F4 
  90      BFBE
  91 01ff 3A385F08 		.ascii	":8_\010^\364\330C\021u\217\211\361]:\337%\371S\214\217"
  91      5EF4D843 
  91      11758F89 
  91      F15D3ADF 
  91      25F9538C 
  92 0214 266A1B81 		.ascii	"&j\033\201V\363\237\356\376H4i\224\005\374\265\252\261"
  92      56F39FEE 
  92      FE483469 
  92      9405FCB5 
  92      AAB1
  93 0226 2555C069 		.ascii	"%U\300i]pZ\012\272\231\240\356\320\345\270\231vpA<\376"
  93      5D705A0A 
  93      BA99A0EE 
  93      D0E5B899 
  93      7670413C 
ARM GAS  /tmp/cckDZrj5.s 			page 7


  94 023b 7BC22604 		.ascii	"{\302&\0047F\363n\247\0128\243\363g$\337\303\370\013"
  94      3746F36E 
  94      A70A38A3 
  94      F36724DF 
  94      C3F80B
  95 024e E38F6A4D 		.ascii	"\343\217jM\364.\347\325`\337\021y\204W&\362\342)\376"
  95      F42EE7D5 
  95      60DF1179 
  95      845726F2 
  95      E229FE
  96 0261 ACCE9F95 		.ascii	"\254\316\237\225|/\343G/\267\314\314\243\007)\343\353"
  96      7C2FE347 
  96      2FB7CCCC 
  96      A30729E3 
  96      EB
  97 0272 7B07AEE4 		.ascii	"{\007\256\344\310\003x\264l8\305\367\351|\237\344\317"
  97      C80378B4 
  97      6C38C5F7 
  97      E97C9FE4 
  97      CF
  98 0283 313ED87E 		.ascii	"1>\330~\354~\016\355\347\374\320\203\370\001\311?N\330"
  98      EC7E0EED 
  98      E7FCD083 
  98      F801C93F 
  98      4ED8
  99 0295 67527CBF 		.ascii	"gR|\277\316\367K>\306\370c\277\034\014SZcd\374\017\015"
  99      CEF74B3E 
  99      C6F863BF 
  99      1C0C535A 
  99      6364FC0F 
 100 02aa 33230679 		.ascii	"3#\006y\200u4\230\324\377\002\003\272a@\032\006\231"
 100      80753498 
 100      D4FF0203 
 100      BA61401A 
 100      0699
 101 02bc E1DA9E70 		.ascii	"\341\332\236p\023\345\367\302\210\303\347W\033\376\231"
 101      13E5F7C2 
 101      88C3E757 
 101      1BFE99
 102 02cb CFEF855D 		.ascii	"\317\357\205]\273N\257\376\236\264\331\352T\365;\365"
 102      BB4EAFFE 
 102      9EB4D9EA 
 102      54F53BF5 
 103 02db 50B59AB3 		.ascii	"P\265\232\263\221\311.\340\3058\317.\306\020\330\230"
 103      91C92EE0 
 103      C538CF2E 
 103      C610D898 
 104 02eb 4AEBCD15 		.ascii	"J\353\315\025\212\333W\264\303\0330o\370\362k{A~>\311"
 104      8ADB57B4 
 104      C31B306F 
 104      F8F26B7B 
 104      417E3EC9 
 105 02ff 75389CA9 		.ascii	"u8\234\251\247Bqz\334>\247\226\344\364\007X\357\360"
 105      A742717A 
 105      DC3EA796 
 105      E4F40758 
 105      EFF0
ARM GAS  /tmp/cckDZrj5.s 			page 8


 106 0311 906C0F67 		.ascii	"\220l\017g>\310\220\252\370\313\264\336QF\262\224\200"
 106      3EC890AA 
 106      F8CBB4DE 
 106      5146B294 
 106      80
 107 0322 96F45186 		.ascii	"\226\364Q\206$\357\2162_U\371v\355\335\245\004\320\230"
 107      24EF8E32 
 107      5F55F976 
 107      EDDDA504 
 107      D098
 108 0334 535AE1F6 		.ascii	"SZ\341\366\227k\351k3\244\263I\305Y\274\325U\274\365"
 108      976BE96B 
 108      33A4B349 
 108      C559BCD5 
 108      55BCF5
 109 0347 8B952B0A 		.ascii	"\213\225+\012W-\317/p\255/*.\330\\\362\371W\337\360"
 109      572DCF2F 
 109      70AD2F2A 
 109      2ED85CF2 
 109      F957DFF0 
 110 035b 69AD2CA5 		.ascii	"i\255,\245\274JS\344\315\265\342v\277\027\273*\245T"
 110      BC4A53E4 
 110      CDB5E276 
 110      BF17BB2A 
 110      A554
 111 036d 83B0D3A0 		.ascii	"\203\260\323\240\217\347\200x\266\271\312\355g\273\372"
 111      8FE78078 
 111      B6B9CAED 
 111      67BBFA
 112 037c 64AE74CC 		.ascii	"d\256t\314c%Uz\337\305\216i\230\235\245\260#X\366N\365"
 112      6325557A 
 112      DFC58E69 
 112      989DA5B0 
 112      2358F64E 
 113 0391 63FE3C57 		.ascii	"c\376<W%\016}\276r\227\027\2615\031\260\312\012\177"
 113      250E7DBE 
 113      729717B1 
 113      3519B0CA 
 113      0A7F
 114 03a3 403B383C 		.ascii	"@;8<5\347\246M\353\235\033\266\024m\376v\005\263\010"
 114      35E7A64D 
 114      EB9D1BB6 
 114      146DFE76 
 114      05B308
 115 03b6 1435364F 		.ascii	"\02456O\232e\345\034\026\361\013\354\334\351\364\244"
 115      9A65E51C 
 115      16F10BEC 
 115      DCE9F4A4 
 116 03c6 04FF0390 		.ascii	"\004\377\003\220 \014o"
 116      200C6F
 117              		.text
 118              		.section	.gnu.lto_.symtab.aae15c4565fd55b0,"",%progbits
 119 0000 68616C49 		.ascii	"halInit\000"
 119      6E697400 
 120 0008 00       		.ascii	"\000"
 121 0009 00       		.ascii	"\000"
 122 000a 00       		.ascii	"\000"
ARM GAS  /tmp/cckDZrj5.s 			page 9


 123 000b 00000000 		.ascii	"\000\000\000\000\000\000\000\000"
 123      00000000 
 124 0013 B0000000 		.ascii	"\260\000\000\000"
 125 0017 7374496E 		.ascii	"stInit\000"
 125      697400
 126 001e 00       		.ascii	"\000"
 127 001f 02       		.ascii	"\002"
 128 0020 00       		.ascii	"\000"
 129 0021 00000000 		.ascii	"\000\000\000\000\000\000\000\000"
 129      00000000 
 130 0029 B2000000 		.ascii	"\262\000\000\000"
 131 002d 626F6172 		.ascii	"boardInit\000"
 131      64496E69 
 131      7400
 132 0037 00       		.ascii	"\000"
 133 0038 02       		.ascii	"\002"
 134 0039 00       		.ascii	"\000"
 135 003a 00000000 		.ascii	"\000\000\000\000\000\000\000\000"
 135      00000000 
 136 0042 B4000000 		.ascii	"\264\000\000\000"
 137 0046 73647549 		.ascii	"sduInit\000"
 137      6E697400 
 138 004e 00       		.ascii	"\000"
 139 004f 02       		.ascii	"\002"
 140 0050 00       		.ascii	"\000"
 141 0051 00000000 		.ascii	"\000\000\000\000\000\000\000\000"
 141      00000000 
 142 0059 B6000000 		.ascii	"\266\000\000\000"
 143 005d 75736249 		.ascii	"usbInit\000"
 143      6E697400 
 144 0065 00       		.ascii	"\000"
 145 0066 02       		.ascii	"\002"
 146 0067 00       		.ascii	"\000"
 147 0068 00000000 		.ascii	"\000\000\000\000\000\000\000\000"
 147      00000000 
 148 0070 B8000000 		.ascii	"\270\000\000\000"
 149 0074 75617274 		.ascii	"uartInit\000"
 149      496E6974 
 149      00
 150 007d 00       		.ascii	"\000"
 151 007e 02       		.ascii	"\002"
 152 007f 00       		.ascii	"\000"
 153 0080 00000000 		.ascii	"\000\000\000\000\000\000\000\000"
 153      00000000 
 154 0088 BA000000 		.ascii	"\272\000\000\000"
 155 008c 73706949 		.ascii	"spiInit\000"
 155      6E697400 
 156 0094 00       		.ascii	"\000"
 157 0095 02       		.ascii	"\002"
 158 0096 00       		.ascii	"\000"
 159 0097 00000000 		.ascii	"\000\000\000\000\000\000\000\000"
 159      00000000 
 160 009f BC000000 		.ascii	"\274\000\000\000"
 161 00a3 7364496E 		.ascii	"sdInit\000"
 161      697400
 162 00aa 00       		.ascii	"\000"
 163 00ab 02       		.ascii	"\002"
ARM GAS  /tmp/cckDZrj5.s 			page 10


 164 00ac 00       		.ascii	"\000"
 165 00ad 00000000 		.ascii	"\000\000\000\000\000\000\000\000"
 165      00000000 
 166 00b5 BE000000 		.ascii	"\276\000\000\000"
 167 00b9 5F70616C 		.ascii	"_pal_lld_init\000"
 167      5F6C6C64 
 167      5F696E69 
 167      7400
 168 00c7 00       		.ascii	"\000"
 169 00c8 02       		.ascii	"\002"
 170 00c9 00       		.ascii	"\000"
 171 00ca 00000000 		.ascii	"\000\000\000\000\000\000\000\000"
 171      00000000 
 172 00d2 C0000000 		.ascii	"\300\000\000\000"
 173 00d6 68616C5F 		.ascii	"hal_lld_init\000"
 173      6C6C645F 
 173      696E6974 
 173      00
 174 00e3 00       		.ascii	"\000"
 175 00e4 02       		.ascii	"\002"
 176 00e5 00       		.ascii	"\000"
 177 00e6 00000000 		.ascii	"\000\000\000\000\000\000\000\000"
 177      00000000 
 178 00ee C2000000 		.ascii	"\302\000\000\000"
 179              		.text
 180              		.section	.gnu.lto_.opts,"",%progbits
 181 0000 272D666D 		.ascii	"'-fmath-errno' '-fsigned-zeros' '-ftrapping-math' '"
 181      6174682D 
 181      6572726E 
 181      6F272027 
 181      2D667369 
 182 0033 2D666E6F 		.ascii	"-fno-trapv' '-fno-strict-overflow' '-fno-openmp' '-"
 182      2D747261 
 182      70762720 
 182      272D666E 
 182      6F2D7374 
 183 0066 666E6F2D 		.ascii	"fno-openacc' '-mcpu=cortex-m4' '-mfloat-abi=hard' '"
 183      6F70656E 
 183      61636327 
 183      20272D6D 
 183      6370753D 
 184 0099 2D6D6670 		.ascii	"-mfpu=fpv4-sp-d16' '-mno-thumb-interwork' '-mthumb'"
 184      753D6670 
 184      76342D73 
 184      702D6431 
 184      36272027 
 185 00cc 20272D67 		.ascii	" '-ggdb' '-O0' '-ffunction-sections' '-fdata-sectio"
 185      67646227 
 185      20272D4F 
 185      30272027 
 185      2D666675 
 186 00ff 6E732720 		.ascii	"ns' '-fno-common' '-flto'\000"
 186      272D666E 
 186      6F2D636F 
 186      6D6D6F6E 
 186      2720272D 
 187              		.text
ARM GAS  /tmp/cckDZrj5.s 			page 11


 188              		.comm	__gnu_lto_v1,1,1
 189              		.comm	__gnu_lto_slim,1,1
 190              		.ident	"GCC: (GNU Tools for ARM Embedded Processors (Build 17.03)) 6.3.1 20170215 (release) [ARM/e
ARM GAS  /tmp/cckDZrj5.s 			page 12


DEFINED SYMBOLS
                            *ABS*:0000000000000000 hal.c
                            *COM*:0000000000000001 __gnu_lto_v1
                            *COM*:0000000000000001 __gnu_lto_slim

NO UNDEFINED SYMBOLS
