ARM GAS  /tmp/ccPhDLgi.s 			page 1


   1              		.cpu cortex-m4
   2              		.eabi_attribute 27, 1
   3              		.eabi_attribute 28, 1
   4              		.eabi_attribute 20, 1
   5              		.eabi_attribute 21, 1
   6              		.eabi_attribute 23, 3
   7              		.eabi_attribute 24, 1
   8              		.eabi_attribute 25, 1
   9              		.eabi_attribute 26, 1
  10              		.eabi_attribute 30, 6
  11              		.eabi_attribute 34, 1
  12              		.eabi_attribute 18, 4
  13              		.file	"hal_pal.c"
  14              		.text
  15              	.Ltext0:
  16              		.section	.gnu.lto_.inline.61ee46d8ed824ae3,"",%progbits
  17 0000 789C6365 		.ascii	"x\234ce`bpa@\000f\006\006N\016\006\006&\276\206Z\006"
  17      60627061 
  17      40006606 
  17      064E0E06 
  17      0626BE86 
  18 0016 16A01C10 		.ascii	"\026\240\034\02002\010\360\003Ed6\274b\204\01111p\013"
  18      303208F0 
  18      03456436 
  18      BC628409 
  18      3131700B 
  19 002a 0349AE07 		.ascii	"\003I\256\007\2610\021\026^\240\336\011~ \310\000\000"
  19      B1301116 
  19      5EA0DE09 
  19      7E20C800 
  19      00
  20 003b D518076F 		.ascii	"\325\030\007o"
  21              		.text
  22              		.section	.gnu.lto_palReadBus.61ee46d8ed824ae3,"",%progbits
  23 0000 789C9593 		.ascii	"x\234\225\223\313O\023Q\024\306\3577g^\225\2021q\341"
  23      CB4F1351 
  23      14C6EF37 
  23      675E9582 
  23      3171E1
  24 0013 82458D34 		.ascii	"\202E\2154\015\233\316\237d\220\015\013\022\215\215"
  24      0D9BCE9F 
  24      64900D0B 
  24      128D8D
  25 0022 6B2EA5C5 		.ascii	"k.\245\305\007\342\203\250m\22121\304\000*B\021\024"
  25      07E283A8 
  25      6D913231 
  25      C4002A42 
  25      1114
  26 0034 AB26232C 		.ascii	"\253&#,JL|\300\306\205Q\211.L\027\232PId\241\350\271"
  26      4A4C7CC0 
  26      C6855189 
  26      2E4C179A 
  26      504964A1 
  27 004a B7AD692C 		.ascii	"\267\255i,.\232\314\234\271w\316w\177\367\233{\316X"
  27      2E9ACC9C 
  27      B977CE77 
  27      7FF79B7B 
ARM GAS  /tmp/ccPhDLgi.s 			page 2


  27      CE58
  28 005c C2102512 		.ascii	"\302\020%\022\"&\2048\306\267\260\004\014\3017\370%"
  28      22268438 
  28      C6B7B004 
  28      0CC137F8 
  28      25
  29 006d 08264713 		.ascii	"\010&G\023\340\004\304\200A&\006p\2312\204\215\324\302"
  29      E004C480 
  29      41260670 
  29      9932848D 
  29      D4C2
  30 007f 045D229F 		.ascii	"\004]\"\2378\315\323\355\227\343\237;\324\024\210\360"
  30      38CDD3ED 
  30      97E39F3B 
  30      D41488F0 
  31 008f F4A6DC3C 		.ascii	"\364\246\334<\357tOK\231\224Af\314\236\\|#C>\031\"\307"
  31      EF744F4B 
  31      99944166 
  31      CC9E5C7C 
  31      23433E19 
  32 00a5 F2197462 		.ascii	"\362\031tb\032\235\2128\213n\026\24772\303D]\020<~\377"
  32      1A9D8A38 
  32      8B6E16A7 
  32      3732C344 
  32      5D103C7E 
  33 00ba 716BD68D 		.ascii	"qk\326\215\335\326\013w\256\221\354\362\211p\007\324"
  33      DDD60B77 
  33      AE91ECF2 
  33      897007D4 
  34 00ca B8905F09 		.ascii	"\270\220_\011\334EL\351?\025\366\256\267\333\346\024"
  34      DC454CE9 
  34      3F15F6AE 
  34      B7DBE614 
  35 00da 9B650923 		.ascii	"\233e\011#\357\301f\263.\247r\205\255m+:\245Q\037\262"
  35      EFC166B3 
  35      2EA77285 
  35      AD6D2B3A 
  35      A5511FB2 
  36 00ee 766E2648 		.ascii	"vn&HE|2\377\361\300K\346\020e\371\305\321_;\007\225"
  36      457C32FF 
  36      F1C04BE6 
  36      1065F9C5 
  36      D15F3B07 
  37 0103 7C4C06DF 		.ascii	"|L\006\337\262\207\257\016\245\327\245\331\354\231\365"
  37      B287AF0E 
  37      A5D7A5D9 
  37      EC99F5
  38 0112 F7B53E73 		.ascii	"\367\265>sky\267\255\206_\177nh\261\325,\236\327\342"
  38      6B79B7AD 
  38      865F7F6E 
  38      68B1D52C 
  38      9ED7E2
  39 0125 462F75B1 		.ascii	"F/u\261\335,^\370\257x\037\333\205V\310\213\255\210"
  39      DD2C5EF8 
  39      AF781FDB 
  39      8556C88B 
  39      AD88
ARM GAS  /tmp/ccPhDLgi.s 			page 3


  40 0137 1F20CA07 		.ascii	"\037 \312\007:\277\211@\356\375>+\203WG\336-\225\016"
  40      3ABF8940 
  40      EEFD3E2B 
  40      835747DE 
  40      2D950E
  41 014a 850CA853 		.ascii	"\205\014\250S'>\177\313\344`[\034L[\215\034\025\\\241"
  41      273E7FCB 
  41      E4605B1C 
  41      4C5B8D1C 
  41      155CA1
  42 015d 4E4B5C50 		.ascii	"NK\\Pe\340\310C\032\341J\011*#Y,\217\256\331\2526yR"
  42      65E0C843 
  42      1AE14A09 
  42      2A23592C 
  42      8FAED9AA 
  43 0174 CD7323BD 		.ascii	"\315s#\275\372\332Q\335B\272\350?J/\316\205}\344\007"
  43      FADA51DD 
  43      42BAE83F 
  43      4A2FCE85 
  43      7DE407
  44 0187 A5945C22 		.ascii	"\245\224\\\"'O\006\226\224\031\316MfW\276wxs\362\212"
  44      274F0696 
  44      9419CE4D 
  44      6657BE77 
  44      7873F28A 
  45 019b 4EB95886 		.ascii	"N\271X\206\217\254\336\002\017\341\2112V\213\241*\330"
  45      8FACDE02 
  45      0FE18932 
  45      568BA12A 
  45      D8
  46 01ac 6C0487F6 		.ascii	"l\004\207\366\003\037\340\335\361\250\006~[\251\254"
  46      031FE0DD 
  46      F1A8067E 
  46      5BA9AC
  47 01bb 85199C1A 		.ascii	"\205\031\234\032T\2516\254h\260n\364\307\032\234\254"
  47      54A936AC 
  47      68B06EF4 
  47      C71A9CAC 
  48 01cb 83AD962C 		.ascii	"\203\255\226,\206Q\324$C\221\236h\322Pe\030U\224\262"
  48      8651D424 
  48      43919E68 
  48      D2506518 
  48      5594B2
  49 01de C9C046BA 		.ascii	"\311\300F\272\323\022\275\035O5]\367\372\263*\375g\235"
  49      D312BD1D 
  49      4F355DF7 
  49      FAB32AFD 
  49      679D
  50 01f0 EEEA0D1C 		.ascii	"\356\352\015\034N\215p\303\010\372\302\377\3558\177"
  50      4E8D70C3 
  50      08FAC2FF 
  50      ED387F
  51 01ff D2572423 		.ascii	"\322W$#5E\2656\374\225l\357h<\356\375\275N&\274\276"
  51      3545B536 
  51      FC956CEF 
  51      683CEEFD 
  51      BD4E26BC 
ARM GAS  /tmp/ccPhDLgi.s 			page 4


  52 0214 9E7E2F71 		.ascii	"\236~/q\272W=\217\237\352\351\217\367\012:q&\361\007"
  52      BA573D8F 
  52      9FEAE98F 
  52      F70A3A71 
  52      26F107
  53 0227 621629C0 		.ascii	"b\026)\300"
  54              		.text
  55              		.section	.gnu.lto_palWriteBus.61ee46d8ed824ae3,"",%progbits
  56 0000 789C9554 		.ascii	"x\234\225T[O\023A\024\236\263\263\273\275o\345\315\204"
  56      5B4F1341 
  56      149EB3B3 
  56      BBBD6FE5 
  56      CD84
  57 0012 3E604253 		.ascii	">`BSI\014\373\007\374/\006\372\242\011\211\306\3523"
  57      490CFB07 
  57      FC2F06FA 
  57      A20989C6 
  57      EA33
  58 0024 4B6D8B81 		.ascii	"Km\213\201xI\214\275(\353\252\304@U\204\252(E\305R\324"
  58      78498CBD 
  58      28EBAAC4 
  58      405584AA 
  58      2845C552 
  59 0039 56C41878 		.ascii	"V\304\030x\300'\003Q$\341\301\010\225D\036H\361\314"
  59      C0270351 
  59      24E1C108 
  59      95441E48 
  59      F1CC
  60 004b F44253F0 		.ascii	"\364BS\360a6\335\323\231s\276\371\316\371&\347\254B"
  60      6136DDD3 
  60      9973BEF9 
  60      CEF926E7 
  60      AC42
  61 005d 24725225 		.ascii	"$rR%\344\004!\304\207/\221\011H\004_\240h)\000\272\200"
  61      E40421C4 
  61      872F9109 
  61      48045FA0 
  61      682900BA 
  62 0072 F44A147A 		.ascii	"\364J\024z\341\032MP\310\367\257g\245\216\021\003\237"
  62      E11A4D50 
  62      C8F7AF67 
  62      A58E1103 
  62      9F
  63 0083 5C625B8D 		.ascii	"\\b[\215\031\321\243\026BS\224\360\007F\240\003Q\213"
  63      19D1A316 
  63      425394F0 
  63      0746A003 
  63      518B
  64 0095 9189217A 		.ascii	"\221\211!z\225ZH \343v\353\363\255\037\032\333J\320"
  64      955A4820 
  64      E376EBF3 
  64      AD1F1ADB 
  64      4AD0
  65 00a7 86DBE862 		.ascii	"\206\333\350b\"Fi;\020\\\177[YM\333\003\017\014#l\344"
  65      2246693B 
  65      105C7F5B 
  65      594DDB03 
ARM GAS  /tmp/ccPhDLgi.s 			page 5


  65      0F0C236C 
  66 00bc 766F50A3 		.ascii	"voP\243\335\242\024\036\002EBH\203\017F\301G\320E\340"
  66      DDA2141E 
  66      02454248 
  66      830F46C1 
  66      47D045E0 
  67 00d0 1104106E 		.ascii	"\021\004\020n\226\357\027\\\3648?\232\265\206\322j\365"
  67      96EF175C 
  67      F4383F9A 
  67      B586D26A 
  67      F5
  68 00e1 E8429C1F 		.ascii	"\350B\234\037\225\341q\363Q\0244\006\001\206\377\236"
  68      95E171F3 
  68      51143406 
  68      0186FF9E 
  69 00f1 29DFF4A8 		.ascii	")\337\364\250\362p\255\\x\002*\352\3230\224\312\254"
  69      F270AD5C 
  69      78022AEA 
  69      D33094CA 
  69      AC
  70 0102 6E29FE61 		.ascii	"n)\376aN\265~[M\215\346\"m\026UH#\025\2277\016~\204"
  70      4EB57E5B 
  70      4D8DE622 
  70      6D165548 
  70      23159737 
  71 0119 27EE4DEE 		.ascii	"'\356M\356\270\252\360Rk\025\255\036DOpt#yqV*\032\262"
  71      B8AAF052 
  71      6B15AD1E 
  71      444F7074 
  71      23797156 
  72 0130 456D07C1 		.ascii	"Em\007\301\031\021\360S\021\360\263\377\202\017Q\370"
  72      1911F053 
  72      11F0B3FF 
  72      820F51F8 
  73 0140 5C043C29 		.ascii	"\\\004<)R\306\013\021\360K\021\360\224H\315Y\021\346"
  73      52C60B11 
  73      F04B11F0 
  73      9448CD59 
  73      11E6
  74 0152 6911F02B 		.ascii	"i\021\360+\360cs\215/A\316(\357\365\033\271\345\326"
  74      F063738D 
  74      2F41CE28 
  74      EFF51BB9 
  74      E5D6
  75 0164 DFDB2B2D 		.ascii	"\337\333+--\022\260\346\245\330\213\252\014\254\031"
  75      2D12B0E6 
  75      A5D88BAA 
  75      0CAC19
  76 0173 155CDA54 		.ascii	"\025\\\332Tfl\314\330\321(\016f\234l\353b\306\315\214"
  76      666CCCD8 
  76      D1280E66 
  76      9C6CEB62 
  76      C6CD8C
  77 0186 87F934B6 		.ascii	"\207\3714\266\3622C\310\000\237\262\001\212\023J\007"
  77      F23243C8 
  77      009FB201 
  77      8A134A07 
ARM GAS  /tmp/ccPhDLgi.s 			page 6


  78 0196 712808DD 		.ascii	"q(\010\335\200\360\364\306L\220\265\262I\331|\306\243"
  78      80F0F4C6 
  78      4C90B5B2 
  78      49D97CC6 
  78      A3
  79 01a7 F92F3636 		.ascii	"\371/66j\224\317\310\337\302\374e\267\005f\037\316+"
  79      6A94CFC8 
  79      DFC2FC65 
  79      B705661F 
  79      CE2B
  80 01b9 F6A8DDC4 		.ascii	"\366\250\335\304\021|\315\352\305\330\235\344\324\037"
  80      117CCDEA 
  80      C5D89DE4 
  80      D41F
  81 01c7 4D1F33AE 		.ascii	"M\0373\256\363\220\003\336\200\005I\236\001f@'H]\216"
  81      F39003DE 
  81      8005499E 
  81      01664027 
  81      485D8E
  82 01da 41855931 		.ascii	"A\205Y1q\216X.Ge\257\012Q;\341-\247\346\037\223\034"
  82      718E582E 
  82      4765AF0A 
  82      513BE12D 
  82      A7E61F93 
  83 01ef A7BEB45B 		.ascii	"\247\276\264[\243\266qv\265\221\335.\304\356\202Y\316"
  83      A3B67176 
  83      B591DD2E 
  83      C4EE8259 
  83      CE
  84 0200 2E31F67C 		.ascii	".1\366|\205=^cwT\330\2266\027L\027\273\025\005\216\300"
  84      853D5E63 
  84      7754D896 
  84      36174C17 
  84      BB15058E 
  85 0215 1CD22066 		.ascii	"\034\322 f\263\206q\362\"\034\215\025\270\004\365\275"
  85      B38671F2 
  85      221C8D15 
  85      B804F5BD 
  86 0225 DBD7F7BE 		.ascii	"\333\327\367\276I\237\033\331\232n\317#\250\357\303"
  86      499F1BD9 
  86      9A6ECF23 
  86      A8EFC3
  87 0234 BEBE4285 		.ascii	"\276\276B\205\275^\273\306\023x\230o\247\346\363rI\032"
  87      BD5EBBC6 
  87      1378986F 
  87      A7E6F372 
  87      491A
  88 0246 FAF2719E 		.ascii	"\372\362q\236\261\261-\334\207\265\205\007{\007\212"
  88      B1B12DDC 
  88      87B58507 
  88      7B078A
  89 0255 D5EC5F4B 		.ascii	"\325\354_K\24597f\217\364\261\220\006\037yv\326\027"
  89      A5393766 
  89      8FF4B190 
  89      061F7976 
  89      D617
  90 0267 181C5CFB 		.ascii	"\030\034\\\373\271\254\324\203^\230\007=\211\342\260"
ARM GAS  /tmp/ccPhDLgi.s 			page 7


  90      B9ACD483 
  90      5E98073D 
  90      89E2B0
  91 0276 B24FA063 		.ascii	"\262O\240cj\362\013\302w\367\256\360JH\245Y\361V\260"
  91      6AF20BC2 
  91      77F7AEF0 
  91      4A48A559 
  91      F156B0
  92 0289 F4639D9D 		.ascii	"\364c\235\235z\375w6\244\237\356\352\321C\347\203\354"
  92      7AFD7736 
  92      A49FEEEA 
  92      D143E783 
  92      EC
  93 029a FFD4B9AE 		.ascii	"\377\324\271\256\236\316 \241\335\027Cr\367\231\013"
  93      9ECE20A1 
  93      DD174372 
  93      F7990B
  94 02a9 A17F0DE0 		.ascii	"\241\177\015\340\351\267"
  94      E9B7
  95              		.text
  96              		.section	.gnu.lto_palSetBusMode.61ee46d8ed824ae3,"",%progbits
  97 0000 789C9592 		.ascii	"x\234\225\222\317OSA\020\307\347\373\346\375h-\220x"
  97      CF4F5341 
  97      10C7E7FB 
  97      E6FD682D 
  97      9078
  98 0012 F3D0909A 		.ascii	"\363\320\220\232\320T\022\323\376#\376\001\336\014T"
  98      D05412D3 
  98      FE23FE01 
  98      DE0C54
  99 0021 130F188C 		.ascii	"\023\017\030\214\215\347\256\225\026\203\011\230(\224"
  99      8DE7AE95 
  99      16830998 
  99      2894
 100 002f 1ACAD310 		.ascii	"\032\312\323\020\002\250\010\025P\0121\251\\$\376\014"
 100      02A80815 
 100      500A31A9 
 100      5C24FE0C 
 101 003f 5C8D4A34 		.ascii	"\\\215J41Am\"\341\200\007Eg\267\325\240\350\241\233"
 101      31416D22 
 101      E1800745 
 101      67B7D5A0 
 101      E8A19B
 102 0052 B7FB7667 		.ascii	"\267\373vg\277\363\331\331\231u\310\242cLt\224\210\302"
 102      BFF3D9D9 
 102      9975C8A2 
 102      634C7494 
 102      88C2
 103 0064 D2C92658 		.ascii	"\322\311&X$\035b\004\003b\002\245-F\032\003\234g\254"
 103      241D6204 
 103      036202A5 
 103      2D461A03 
 103      9C67AC
 104 0077 F47E285B 		.ascii	"\364~([\355\023JZ%\277\356\345T\366\220/\322\002\223"
 104      ED134A5A 
 104      25BFEEE5 
 104      54F6902F 
ARM GAS  /tmp/ccPhDLgi.s 			page 8


 104      D20293
 105 008a 699840BB 		.ascii	"i\230@\273\250\326zfG\270\237}\001\330\262\334z~\375"
 105      A8D67A66 
 105      47B89F7D 
 105      01D8B2DC 
 105      7A7EFD
 106 009d 7D8B5E5A 		.ascii	"}\213^Z\210\3102\273\226\3171\267\201d\376\372\355\306"
 106      88C832BB 
 106      96CF31B7 
 106      8164FEFA 
 106      EDC6
 107 00af 542036AE 		.ascii	"T 6\256TFU\236]c\325\3463\343\026X\200\230B\030\223"
 107      5446559E 
 107      5D63D5E6 
 107      33E31658 
 107      80984218 
 108 00c4 08939808 		.ascii	"\010\223\230\010\267\021\023\371\366\334\370\325\020"
 108      B71113F9 
 108      F6DCF8D5 
 108      10
 109 00d1 1F31AE4F 		.ascii	"\0371\256O\373\037\036\257{~\0334\2366\356\374\355)"
 109      FB1F1EAF 
 109      7B7E1B34 
 109      9E36EEFC 
 109      ED29
 110 00e3 F799464C 		.ascii	"\367\231FL\313\337\225v\007\233]{\354W\264\270\013W"
 110      CBDF9576 
 110      079B5D7B 
 110      EC57B4B8 
 110      0B57
 111 00f5 AEE7CA56 		.ascii	"\256\347\312V\241\264\261\345D\307\014\352\315\250["
 111      A1B4B1E5 
 111      44C70CEA 
 111      CDA85B
 112 0104 98ACF444 		.ascii	"\230\254\364D|vh/\312\334n\006Q\221\347o.|\015\325\345"
 112      7C76682F 
 112      CADC6E06 
 112      5191E76F 
 112      2E7C0DD5 
 113 0119 1F5BEB6A 		.ascii	"\037[\353jw\277z\326\250\367\302W\037Y\253\312\366\331"
 113      77BF7AD6 
 113      A8F7C257 
 113      1F59ABCA 
 113      F6D9
 114 012b DB2F2EFD 		.ascii	"\333/.\375W\374\2178\3565B\236CT.=\263\216\212\332\375"
 114      57FC8F38 
 114      EE35429E 
 114      43542E3D 
 114      B38E8ADA 
 115 0140 D1AB2A2F 		.ascii	"\321\253*/Z\253\363;\007\203\026tNYr\344\3322x\216\014"
 115      5AABF33B 
 115      07831674 
 115      4E5972E4 
 115      DA32788E 
 116 0155 8EAB671E 		.ascii	"\216\253g\036L\316\250\317\024\265\217\345A\360e\251"
 116      4CCEA8CF 
 116      14B58FE5 
ARM GAS  /tmp/ccPhDLgi.s 			page 9


 116      41F065A9 
 117 0165 01F12632 		.ascii	"\001\361&2K\233\325\244N]\221\365s\030\312\256\274\364"
 117      4B9BD5A4 
 117      4E5D91F5 
 117      7318CAAE 
 117      BCF4
 118 0177 7465D994 		.ascii	"te\331\224d\347\361\223KM>\212\027\344yHN\002E\251\370"
 118      64E7F193 
 118      4B4D3E8A 
 118      17E47948 
 118      4E0245A9 
 119 018c BC8E43F6 		.ascii	"\274\216C\366F\207\027\267[\022\323\352\212\331\012"
 119      468717B7 
 119      5B12D3EA 
 119      8AD90A
 120 019b 62013E86 		.ascii	"b\001>\206\315\011\270\217\004it\260\006\266\033\"\035"
 120      CD09B88F 
 120      046974B0 
 120      06B61B22 
 120      1D
 121 01ac C0034332 		.ascii	"\300\003C2Ou\361O\222\323\020)\204\262!Y\232\264dH\027"
 121      4F75F14F 
 121      92D31029 
 121      84B22159 
 121      9AB46448 
 122 01c1 BFE45043 		.ascii	"\277\344PC\351\270\004H\237\220\213h\213v/\227?\277"
 122      E9B80448 
 122      9F908B68 
 122      8B762F97 
 122      3FBF
 123 01d3 F2D2DF55 		.ascii	"\362\322\337U\300\347\246\202\016\000\313H\223d\306"
 123      C0E7A682 
 123      0E00CB48 
 123      9364C6
 124 01e2 C83D9F9B 		.ascii	"\310=\237\233\251\212\314\215\345\001\303\240Z6E&\007"
 124      A98ACC8D 
 124      E501C3A0 
 124      5A364526 
 124      07
 125 01f3 1C8EC713 		.ascii	"\034\216\307\023\277\277\356T\342tGW\"u.\251\377'\316"
 125      BFBFEE54 
 125      E2744757 
 125      22752EA9 
 125      FF27CE
 126 0206 7674C593 		.ascii	"vt\305\223\304\235\347S\366\231\356\223\247~\002\015"
 126      C49DE753 
 126      F699EE93 
 126      A77E020D 
 127 0216 CC0847   		.ascii	"\314\010G"
 128              		.text
 129              		.section	.gnu.lto_.symbol_nodes.61ee46d8ed824ae3,"",%progbits
 130 0000 789C6365 		.ascii	"x\234ce`b\010d\000\002\246\235L\365\014\014\023\316"
 130      60620864 
 130      0002A69D 
 130      4CF50C0C 
 130      13CE
 131 0012 313000A9 		.ascii	"10\000\251]\215\216@\221]L\365\214\250\"\273\231\352"
ARM GAS  /tmp/ccPhDLgi.s 			page 10


 131      5D8D8E40 
 131      915D4CF5 
 131      8CA822BB 
 131      99EA
 132 0024 99504418 		.ascii	"\231PD\030\3671\3253\203E\030\030\032\032\034\030\030"
 132      F731D533 
 132      83451818 
 132      1A1A1C18 
 132      18
 133 0035 98999819 		.ascii	"\230\231\230\031\226<\374\347\310\000\000Y\263\024\313"
 133      963CFCE7 
 133      C8000059 
 133      B314CB
 134              		.text
 135              		.section	.gnu.lto_.refs.61ee46d8ed824ae3,"",%progbits
 136 0000 789C6365 		.ascii	"x\234ce`b`d\000\002\000\000I\000\011"
 136      60626064 
 136      00020000 
 136      490009
 137              		.text
 138              		.section	.gnu.lto_.decls.61ee46d8ed824ae3,"",%progbits
 139 0000 789CAD58 		.ascii	"x\234\255X}P\024G\026\237\236\336\335,\303.z\340Y\326"
 139      7D501447 
 139      169F9EDE 
 139      DD2CC32E 
 139      7AE059D6 
 140 0014 85182F41 		.ascii	"\205\030/A\245\352*\254\232\234&UWW&\301D\353\364\326"
 140      A5EA2AAC 
 140      9A9C2655 
 140      575726C1 
 140      44EBF4D6 
 141 0028 424DEEEE 		.ascii	"BM\356\356\237)\002\030\271C\327b\227\253\313_7|\030"
 141      9F290218 
 141      B943D762 
 141      97ABCB5F 
 141      377C18
 142 003b 5151C04F 		.ascii	"QQ\300O\004\023\371P\021A$\012*\202\272\021\024\024"
 142      0413F950 
 142      1141240A 
 142      2A82BA11 
 142      1414
 143 004d 51242A22 		.ascii	"Q$*\"\362\345\007\306H\014\202\037\210|\334\353\356"
 143      F2E507C6 
 143      480C821F 
 143      887CDCEB 
 143      EE
 144 005e 999D61DD 		.ascii	"\231\235a\3355\251\253L\361v\246\273\177\357\275\337"
 144      35A9AB4C 
 144      F176A6BB 
 144      7FEFBDDF 
 145 006e 7BFDBA7B 		.ascii	"{\375\272{\006=\307s\337\007p\334D\314q\233\021\307"
 145      063DC773 
 145      DF0770DC 
 145      44CC719B 
 145      11C7
 146 0080 8DC0A5E3 		.ascii	"\215\300\245\3438n?\247^\244\355\003c~ \343A\002\021"
 146      386E3FA7 
ARM GAS  /tmp/ccPhDLgi.s 			page 11


 146      5EA4ED03 
 146      637E20E3 
 146      410211
 147 0093 F7C215C0 		.ascii	"\367\302\025\300\3038\334\375A\306\201\224\203\030\000"
 147      C338DCFD 
 147      41C68194 
 147      831800
 148 00a2 6785FB43 		.ascii	"g\205\373C\220\251 zh\277\0062\021\244\007\332\307A"
 148      90A9207A 
 148      68BF0632 
 148      11A407DA 
 148      C741
 149 00b4 5E87E749 		.ascii	"^\207\347I\210\371\030\006\351\002\031\002\031\001A"
 149      88F91806 
 149      E9021902 
 149      190141
 150 00c3 B25F30CD 		.ascii	"\262_0\315Y\340>\315\315\357k00\026\356\237h\374\022"
 150      59E03ECD 
 150      CDEF6B30 
 150      3016EE9F 
 150      68FC12
 151 00d6 9FC4B727 		.ascii	"\237\304\267'\277\304\317\353\032\377M2\007\275\354"
 151      BFC4CFEB 
 151      1AFF4D32 
 151      07BDEC
 152 00e5 7B44F67D 		.ascii	"{D\366}\017\344\252\354\237\304L\356\177t\363\375\226"
 152      0FE4AAEC 
 152      9FC44CEE 
 152      7F74F3FD 
 152      96
 153 00f6 1CAFBBEF 		.ascii	"\034\257\273\357\337x\211Y\361=\023\344U\020\354\346"
 153      DF788959 
 153      F13D13E4 
 153      5510ECE6 
 154 0106 93C4A8E4 		.ascii	"\223\304\250\344\226\270\372\263\233\277m\030ut^Yeh"
 154      96B8FAB3 
 154      9BBF6D18 
 154      75745E59 
 154      6568
 155 0118 4337C808 		.ascii	"C7\310\010\"\027Cj.\322\034Q.2\314\306ye\214\201\334"
 155      2217436A 
 155      2ED21C51 
 155      2E32CCC6 
 155      79658C81 
 156 012d 674F0682 		.ascii	"gO\006\202\214\006*\243Z\213\252\021J\200\222\320j\310"
 156      8C062AA3 
 156      5A8BAA11 
 156      4A8092D0 
 156      6AC8
 157 013f 4DFAC7B3 		.ascii	"M\372\307\263\006r\215+X\215A9\012\344\201\026\273\260"
 157      06728D2B 
 157      588D4139 
 157      0AE48116 
 157      BBB0
 158 0151 127D774A 		.ascii	"\022}wJ\337N];jE\310\227\313\236\215h_gc\345\220\021"
 158      DF4E5D3B 
 158      6A45C897 
ARM GAS  /tmp/ccPhDLgi.s 			page 12


 158      CB9E8D68 
 158      5F6763E5 
 159 0167 831F786E 		.ascii	"\203\037xn\177\266\367\243\220\"\211]\306\327\324\264"
 159      7FB6F7A3 
 159      9022895D 
 159      C6D7D4B4 
 160 0177 5D4A2AD9 		.ascii	"]J*\331\2017`\344/ \0354\037\326g\336\362\203\3468\001"
 160      813760E4 
 160      2F201D34 
 160      1FD667DE 
 160      F283E638 
 161 018c 4D826666 		.ascii	"M\202ff\305\243sz6j\204\346\310\236\2225F<\236Zl\255"
 161      C5A3737A 
 161      366A84E6 
 161      C89E9235 
 161      463C9E5A 
 162 01a2 2D28248A 		.ascii	"-($\212S\005D\310\216\201\256\003\335\345\317\314\254"
 162      530544C8 
 162      8E81AE03 
 162      DDE5CFCC 
 162      AC
 163 01b3 8B201A53 		.ascii	"\213 \032S{w\275\202_%\317\374\366sM\247t(X\330C\374"
 163      7B77BD82 
 163      5F25CFFC 
 163      F6734DA7 
 163      742858D8 
 164 01c9 3B9F3E9A 		.ascii	";\237>\232\232\276Z\222xt\010\011\350\033\204\321>\024"
 164      9ABE5A92 
 164      78740809 
 164      E81B84D1 
 164      3E14
 165 01db 42A29F2A 		.ascii	"B\242\237*\300o\262$%Hi\211\222\317\\\016\025\241@T"
 165      C06FB224 
 165      25486989 
 165      92CF5C0E 
 165      15A14054 
 166 01ef 88023974 		.ascii	"\210\0029t\020\005\023\263\004\207J\240\363\000t\202"
 166      100513B3 
 166      04874AA0 
 166      F3007482 
 167 01ff 8B825DE9 		.ascii	"\213\202]\351\271\006\234\216\250\2173'Z\256\351\220"
 167      B9069C8E 
 167      A88F3327 
 167      5AAEE990 
 168 020f 10ECD1C0 		.ascii	"\020\354\321\300a\017\006\030\231\246\3027\316\254\""
 168      610F0618 
 168      99A6C237 
 168      CEAC22
 169 021e 64CA804C 		.ascii	"d\312\200L\251J\006\270\261\024%U?I7\343\001\346d\303"
 169      A94A06B8 
 169      B1142555 
 169      3F4937E3 
 169      01E664C3 
 170 0232 E99A677A 		.ascii	"\351\232gzW #\265\301G/K\322$T\016\272GT\3352\3445\222"
 170      572023B5 
 170      C1472F4B 
 170      D224540E 
ARM GAS  /tmp/ccPhDLgi.s 			page 13


 170      BA4754DD 
 171 024a A39E23B9 		.ascii	"\243\236#\271\362\260w\253\037v\262\331Rf\301\237\315"
 171      F2B077AB 
 171      1F76B2D9 
 171      5266C19F 
 171      CD
 172 025b 42C9C8E6 		.ascii	"B\311\310\346\0163\256ac\311E\033\252\260\000\246\023"
 172      0E33AE61 
 172      63C9451B 
 172      AAB000A6 
 172      13
 173 026c 7F518CA0 		.ascii	"\177Q\214\240\361 \351N\207/\2636\001\2327\023Jk\315"
 173      F120E94E 
 173      872FB336 
 173      019A3713 
 173      4A6BCD
 174 027f F83CB3B6 		.ascii	"\370<\263\266~\363\251S:\334\310\032y\333\323W\353q"
 174      7EF3A953 
 174      3ADCC81A 
 174      79DBD357 
 174      EB71
 175 0291 136B146C 		.ascii	"\023k\024lL+\021p3k4\366\234\377\312\227\225\305Xh\236"
 175      4C2B1170 
 175      336B34F6 
 175      9CFFCA97 
 175      95C55868 
 176 02a6 1E79EA1C 		.ascii	"\036y\352\034\303,\362\320\314\330\3274\340\203[\030"
 176      C32CF2D0 
 176      CCD8D734 
 176      E0835B18 
 177 02b6 74F7C0F3 		.ascii	"t\367\300\363\036R\027SH]`MULaUq\262\356\354\036\023"
 177      1E521753 
 177      485D604D 
 177      554C6155 
 177      71B2EEEC 
 178 02cc EEA4603E 		.ascii	"\356\244`>-\247p\235\2172e\020\221>\230CU\300\274\232"
 178      2DA7709D 
 178      8F326510 
 178      913E9843 
 178      55C0BC9A 
 179 02e0 84730EC2 		.ascii	"\204s\016\302\231\"\207S\003\235g\\S\366\264tb\271$"
 179      99228753 
 179      039D675C 
 179      53F6B474 
 179      62B924
 180 02f3 8D456721 		.ascii	"\215Eg!\353\265j\326\247\310\023v\"\275\245K\300\335"
 180      EBB56AD6 
 180      A7C81376 
 180      22BDA54B 
 180      C0DD
 181 0305 CCC560E2 		.ascii	"\314\305`\342\326\237\324\312k*\234QM'\273\036T\353"
 181      D69FD4CA 
 181      6B2A9C51 
 181      4D27BB1E 
 181      54EB
 182 0317 54D5B3EA 		.ascii	"T\325\263\352\204\271\3238\357\201\0068I\350\317\255"
 182      84B9D338 
ARM GAS  /tmp/ccPhDLgi.s 			page 14


 182      EF810638 
 182      49E8CFAD 
 183 0327 34E2C7D4 		.ascii	"4\342\307\324\211\256\357I\312u\001\005\004\005\005"
 183      89AEEF49 
 183      CA750105 
 183      040505
 184 0336 A7133769 		.ascii	"\247\0237i\2224\233W'\206C\027Q\0001\200\032\301\326"
 184      92349B57 
 184      27864317 
 184      51003180 
 184      1AC1D6
 185 0349 2514841A 		.ascii	"%\024\204\032P\020]\200\271\304\241\363b\373;Y\275\035"
 185      50105D80 
 185      B9C4A1F3 
 185      62FB3B59 
 185      BD1D
 186 035b 92B4D644 		.ascii	"\222\264\326Di\235\006ZD\301\305\300BLT\021C\262\302"
 186      699D065A 
 186      44C1C5C0 
 186      424C5411 
 186      43B2C2
 187 036e CD573324 		.ascii	"\315W3$g\002\246\350\013\036\321\323\011\230\205\334"
 187      6702A6E8 
 187      0B1ED1D3 
 187      099885DC 
 188 037e 9625C092 		.ascii	"\226%\300\222'\030N\216\226-}\335\345\266\007\033\021"
 188      27184E8E 
 188      962D7DDD 
 188      E5B6071B 
 188      11
 189 038f 0A1A171C 		.ascii	"\012\032\027\034\224K\201O\262\374\342\251Yb\356\024"
 189      944B814F 
 189      B2FCE2A9 
 189      5962EE14 
 190 039f 98BD8CC6 		.ascii	"\230\275\214\306\251\305\245\232\335HCL\224f\353\264"
 190      A9C5A59A 
 190      DD48434C 
 190      9466EBB4 
 191 03af 21123009 		.ascii	"!\0220\011\361\012\204x\025B\374N\016\221\221\270\220"
 191      F10A8478 
 191      1542FC4E 
 191      0E9191B8 
 191      90
 192 03c0 35215E92 		.ascii	"5!^\222\020AiY\260p\256f\371oJ\224j\247\321\025\370"
 192      10416959 
 192      B070AE66 
 192      F96F4A94 
 192      6AA7D115 
 193 03d5 AD77C790 		.ascii	"\255w\307\220\365\336\312\272\363\3748`\020\357\225"
 193      F5DECABA 
 193      F3FC3860 
 193      10EF95
 194 03e4 0137CABD 		.ascii	"\0017\312\275\246x\375Y\361&U])3\341o0\255\306;u\007"
 194      A678FD59 
 194      F126555D 
 194      2933E16F 
 194      30ADC63B 
ARM GAS  /tmp/ccPhDLgi.s 			page 15


 195 03fa 128CB88C 		.ascii	"\022\214\270\2145\276\256/\256\323\343r\326\250(,n\344"
 195      35BEAE2F 
 195      AED3E372 
 195      D6A8282C 
 195      6EE4
 196 040c F149D628 		.ascii	"\361I\326(*\357Y\207p\015k<\\}\300\201/\260\347\254"
 196      2AEF5987 
 196      700D6B3C 
 196      5C7DC081 
 196      2FB0E7AC 
 197 0420 BED67B3E 		.ascii	"\276\326{>\314v04S\033v\266\030\331:q\222\225\321\237"
 197      CC763034 
 197      531B76B6 
 197      18D93A71 
 197      9295D19F 
 198 0434 737B238F 		.ascii	"s{#\217/S\254i\270\250.\010\005)W\000I{R\"L\346\357"
 198      2F53AC69 
 198      B8A82E08 
 198      05295700 
 198      497B5222 
 199 044b B64BCE24 		.ascii	"\266K\316$\214\216C\360\255\020\374}\310\376\350\340"
 199      8C8E43F0 
 199      AD10FC7D 
 199      C8FEE8E0 
 200 045b 8BE4A927 		.ascii	"\213\344\251'\350s\201*\272\322\035]\201\\\271b\350"
 200      E873812A 
 200      BAD21D5D 
 200      815CB962 
 200      E8
 201 046c 460DBAD3 		.ascii	"F\015\272\3233Zk\374\007\015\225\033\356\360\375\356"
 201      335A6BFC 
 201      070D951B 
 201      EEF0FDEE 
 202 047c C60734E8 		.ascii	"\306\0074\350\353\356\350k\356\350\353\032t\233\307"
 202      EBEEE86B 
 202      EEE8EB1A 
 202      749BC7
 203 048b 3035E05E 		.ascii	"05\340^\015\270\3053\021\027o\250\331\341,\201\341\233"
 203      0DB8C533 
 203      11176FA8 
 203      D9E12C81 
 203      E19B
 204 049d A0049CEE 		.ascii	"\240\004\234\356\370\023\356T\316(\365F\3147{f\316\314"
 204      F813EE54 
 204      CE28F546 
 204      CC377B66 
 204      CECC
 205 04af BB563314 		.ascii	"\273V3\024Z\007\000\332\351\330}y5wC\251\337\205Z\273"
 205      5A0700DA 
 205      E9D87D79 
 205      357743A9 
 205      DF855ABB 
 206 04c3 097207E4 		.ascii	"\011r\007\344{\220.\220\037@\356\201\374\010r\013\344"
 206      7B902E90 
 206      1F40EE81 
 206      FC08720B 
 206      E4
ARM GAS  /tmp/ccPhDLgi.s 			page 16


 207 04d4 F6E8A590 		.ascii	"\366\350\245\220\351O\227\302\375\321\013R\246\266C"
 207      E94F97C2 
 207      FDD10B52 
 207      A6B643
 208 04e3 43EDA4E7 		.ascii	"C\355\244\347H\0305\250.g}\177\251\0367\323\352\342"
 208      481835A8 
 208      2E677D7F 
 208      A91E37D3 
 208      EAE2
 209 04f5 076A4B6B 		.ascii	"\007jKk\341`\012\220\027\375\016\003Y\364=\240\375@"
 209      E1600A90 
 209      17FD0E03 
 209      59F43DA0 
 209      FD40
 210 0507 DDE5884B 		.ascii	"\335\345\210K\317A\241\237 \226\3777.\240\362\350R{"
 210      CF41A19F 
 210      2096FF37 
 210      2EA0F2E8 
 210      527B
 211 0519 81AF69AD 		.ascii	"\201\257i\255\353\300\243\236\325\245\371\020\231d\016"
 211      EBC0A39E 
 211      D5A5F910 
 211      99640E
 212 0528 803DB226 		.ascii	"\200=\262&\343\256\031w1\332=\371\005\207}\221)\330"
 212      E3AE1977 
 212      31DA3DF9 
 212      05877D91 
 212      29D8
 213 053a 8B2A7A04 		.ascii	"\213*z\004\\Tm\345\324\015\252\350!\247n\037\014\364"
 213      5C546DE5 
 213      D40DAAE8 
 213      21A76E1F 
 213      0CF4
 214 054c AAE1018E 		.ascii	"\252\341\001\216yx\376\375\346f\304V\245\211l\325\025"
 214      7978FEFD 
 214      E666C456 
 214      A5896CD5 
 214      15
 215 055d CDE963D8 		.ascii	"\315\351c\330\252\354\240d7]o\367\303\017\361\250\367"
 215      AAECA064 
 215      375D6FF7 
 215      C30FF1A8 
 215      F7
 216 056e 18EB8BEF 		.ascii	"\030\353\213\3571Vvbu7\\\374\016\341~\306\267\372\353"
 216      31567662 
 216      75375CFC 
 216      0EE17EC6 
 216      B7FAEB
 217 0581 5B070DDE 		.ascii	"[\007\015\336^2\006\201\254U>*\236Ag\277\353\304\372"
 217      5E320681 
 217      AC553E2A 
 217      9E4167BF 
 217      EBC4FA
 218 0594 29F9CDEE 		.ascii	")\371\315\356aB\3719\314\353\200J\331\312\216,\375\271"
 218      6142F939 
 218      CCEB804A 
 218      D9CA8E2C 
ARM GAS  /tmp/ccPhDLgi.s 			page 17


 218      FDB9
 219 05a6 B6C17C1F 		.ascii	"\266\301|\037D\267\005\266'\326\354\300\353\362/\244"
 219      44B705B6 
 219      27D6ECC0 
 219      EBF22FA4 
 220 05b6 48D9A710 		.ascii	"H\331\247\020\325y\012:\022\357m9\022\215s\026\266\006"
 220      D5790A3A 
 220      12EF6D39 
 220      128D7316 
 220      B606
 221 05c8 48528EB9 		.ascii	"HR\216\271\243-n\340\001\031L\336[\212=\202_\\\000O"
 221      A32D6EE0 
 221      01194CDE 
 221      5B8A3D82 
 221      5F5C004F 
 222 05dc 60FC31F5 		.ascii	"`\3741\365J\320\244P\342\371`4\014\2050\00224\252\310"
 222      4AD0A450 
 222      E2F96034 
 222      0C853002 
 222      3234AAC8 
 223 05f0 1F14B322 		.ascii	"\037\024\263\"\007\344\350S\007=+\350{\204\361\227z"
 223      07E4E853 
 223      073D2BE8 
 223      7B84F197 
 223      7A
 224 0601 9ACDE1EB 		.ascii	"\232\315\341\353\251\325&\024\020\354\311\015J\002\353"
 224      A9D52614 
 224      10ECC90D 
 224      4A02EB
 225 0610 3FEFA9EB 		.ascii	"?\357\251\353(\255\364D\000&\360\256\274\022\277\324"
 225      28ADF444 
 225      0026F0AE 
 225      BC12BFD4 
 226 0620 5DC2FACE 		.ascii	"]\302\372\316d]\200l?\331\233}\356\005\343\240Z\\}\347"
 226      645D806C 
 226      3FD99B7D 
 226      EE05E3A0 
 226      5A5C7DE7 
 227 0634 B4415BD3 		.ascii	"\264A[\323\253xmM\177\311\233d`\372\276\302>\235\216"
 227      AB786D4D 
 227      7FC99B64 
 227      60FABEC2 
 227      3E9D8E
 228 0647 677DE833 		.ascii	"g}\3503\035=$jv\0362O\330J\337\267\023\245\261<\315"
 228      1D3D246A 
 228      761E324F 
 228      D84ADFB7 
 228      13A5B13C 
 229 065c B4724673 		.ascii	"\264rFs(\231\237\000\277\253y\035\263p7\345\350e\335"
 229      28999F00 
 229      BFAB791D 
 229      B37037E5 
 229      E865DD
 230 066f 1BD952B6 		.ascii	"\033\331R\266Sr\336-\300k\252j`\346\321l\002C\005j\265"
 230      5372DE2D 
 230      C06BAA6A 
 230      60E6D16C 
ARM GAS  /tmp/ccPhDLgi.s 			page 18


 230      0243056A 
 231 0684 C023FCEE 		.ascii	"\300#\374\356\205\025\213\362a\023\345\320\032\376\015"
 231      85158BF2 
 231      6113E5D0 
 231      1AFE0D
 232 0693 D0CECF48 		.ascii	"\320\316\317H\254\363\305\3054\245(\263\365\306m\201"
 232      ACF3C5C5 
 232      34A528B3 
 232      F5C66D81 
 233 06a3 92211E19 		.ascii	"\222!\036\031\231\226\326\256\333f\027\301u<\355,\313"
 233      9996D6AE 
 233      DB6617C1 
 233      753CED2C 
 233      CB
 234 06b4 4DBE62D0 		.ascii	"M\276b\3202\374d\274\206\340zJ0E!\270&es\241Q&x5\313"
 234      32FC64BC 
 234      86E07A4A 
 234      304521B8 
 234      266573A1 
 235 06cd 04C5032F 		.ascii	"\004\305\003/J\360\032\0050\264VM;<\216&\270\201\022"
 235      4AF01A05 
 235      30B4564D 
 235      3B3C8E26 
 235      B88112
 236 06e0 1C6ABBD5 		.ascii	"\034j\273\325\313\343c\214\340\276\372\202A\035\256"
 236      CBE3638C 
 236      E0BEFA82 
 236      411DAE
 237 06ef 6505B0FE 		.ascii	"e\005\260\376\324\216n\223\267\345\264\221\367\366\316"
 237      D48E6E93 
 237      B7E5B491 
 237      F7F6CE
 238 06fe 3E52FB27 		.ascii	">R\373'\366\336\235\316\013(\215w{\357\006'\307Rw\367"
 238      F6DE9DCE 
 238      0B288D77 
 238      7BEF0627 
 238      C75277F7 
 239 0712 631A3141 		.ascii	"c\0321A\260,\234\254\031\3147\270\262\260\211ea\355"
 239      B02C9CAC 
 239      19CC37B8 
 239      B2B08965 
 239      61ED
 240 0724 8FCF527C 		.ascii	"\217\317R|\275fa\013\315\302f%\013\337nh\2567\251\323"
 240      BD66610B 
 240      CDC26625 
 240      0BDF6E68 
 240      AE37A9D3 
 241 0738 74AFEA8E 		.ascii	"t\257\352\216$\011:\202B\251*\211T\367$l\245I\370qw"
 241      24093A82 
 241      42A92A89 
 241      54F7246C 
 241      A549F871 
 242 074d E2A631F8 		.ascii	"\342\2461\370\022K\202'~\217W\337\271\200\\3\227\301"
 242      124B8227 
 242      7E8F57DF 
 242      B9805C33 
 242      97C1
ARM GAS  /tmp/ccPhDLgi.s 			page 19


 243 075f F8353CDF 		.ascii	"\3705<\337S\243\247\235d]og\2357;\233+\261W\322Y\224"
 243      53A3A79D 
 243      645D6F67 
 243      9D373B9B 
 243      2BB157D2 
 244 0775 74A642FA 		.ascii	"t\246B\372Jf^\225\017\220\356`;\347`\311m)Y\240(\264"
 244      4A665E95 
 244      0F90EE60 
 244      3BE760C9 
 244      6D2959A0 
 245 078b 4D25BD8D 		.ascii	"M%\275\215g\337\222h\007%;\350,\313v\355\347\311/\331"
 245      67DF9268 
 245      07253BE8 
 245      2CCB76ED 
 245      E7C92FD9 
 246 079f CFD1573C 		.ascii	"\317\321W<\331b\257nj+F\336\360n\2338\372\232\252T\355"
 246      D962AF6E 
 246      6A2B46DE 
 246      F06E9B38 
 246      FA9AAA54 
 247 07b4 AE3DFC8A 		.ascii	"\256=\374\212\220\354R\371\231}\024\355\344\005\320"
 247      90EC52F9 
 247      997D14ED 
 247      E405D0
 248 07c3 3A5E7C36 		.ascii	":^|6\307\317\263\226\247/+\224M"
 248      C7CFB396 
 248      A72F2B94 
 248      4D
 249 07d0 B51AF2F6 		.ascii	"\265\032\362\366=\031\203\357\262\33475'\225\313\247"
 249      3D1983EF 
 249      B2DC3735 
 249      2795CBA7 
 250 07e0 832F398E 		.ascii	"\203/9\216:\267\234\364a\247\30352\234S\337\267U\300"
 250      3AB79CF4 
 250      61A7C335 
 250      329C53DF 
 250      B755C0
 251 07f3 8F1976A8 		.ascii	"\217\031v\250\247a\310\304\260\304\316\261\204\222v"
 251      A761C8C4 
 251      B0C4CEB1 
 251      849276
 252 0802 3DF12EC9 		.ascii	"=\361.\311[\002\364\253Y\331\303C\365\301\356\211v\363"
 252      5B02F4AB 
 252      59D9C343 
 252      F5C1EE89 
 252      76F3
 253 0814 EC9BAEFF 		.ascii	"\354\233\256\377\370\200\011\017SK\272\216\274\336\373"
 253      F880090F 
 253      534BBA8E 
 253      BCDEFB
 254 0823 06141C88 		.ascii	"\006\024\034\210\220\000\262G\371\024\207\335\021\012"
 254      9000B247 
 254      F91487DD 
 254      110A
 255 0831 205FCE3E 		.ascii	" _\316>\\\231\022\230\357\371/\351f\337#=\271\022\236"
 255      5C991298 
 255      EFF92FE9 
ARM GAS  /tmp/ccPhDLgi.s 			page 20


 255      66DF233D 
 255      B9129E
 256 0844 C0A1B703 		.ascii	"\300\241\267\003\3214\210g/\254\211}\324O!\037\210\012"
 256      D1348867 
 256      2FAC897D 
 256      D44F211F 
 256      880A
 257 0856 C05126EC 		.ascii	"\300Q&\354~\244\007\0346oxrC\347\237&o\246\223\020\265"
 257      7EA4071C 
 257      366F7872 
 257      43E79F26 
 257      6FA69310 
 258 086b 9D07B85C 		.ascii	"\235\007\270\\\236n\351\274\277\302\222\240\323\352"
 258      9E6EE9BC 
 258      BFC292A0 
 258      D3EA
 259 0879 73B27C04 		.ascii	"s\262|\004\331G\362K}\220\351j~Ti\326\332\336\3772\333"
 259      D947F24B 
 259      7D90E96A 
 259      7E5469D6 
 259      DADEFF32 
 260 088e 9B8E141F 		.ascii	"\233\216\024\0375M\316\223\032\330JYw+I\212\377\022"
 260      354DCE93 
 260      1AD84A59 
 260      772B498A 
 260      FF12
 261 08a0 CE8362DE 		.ascii	"\316\203b\336\037\355\202\252\203\215K\243\234\003="
 261      1FED82AA 
 261      838D4BA3 
 261      9C033D
 262 08af 8BE183E9 		.ascii	"\213\341\203\351\000?\231\274S?(\335\306\277\231\303"
 262      003F99BC 
 262      533F28DD 
 262      C6BF99C3 
 263 08bf BE493278 		.ascii	"\276I2x)\331\010\365M\367:V\241%\374\233\200\252\\\263"
 263      29D908F5 
 263      4DF73A56 
 263      A125FC9B 
 263      80AA5CB3 
 264 08d3 6B950127 		.ascii	"k\225\001'\032\3504\245\325\265\377\315\353\264\034"
 264      1AE834A5 
 264      D5B5FFCD 
 264      EBB41C
 265 08e2 54A62597 		.ascii	"T\246%\227E\022\337\227w\337\354\236%\365p;D#9\250D"
 265      4512DF97 
 265      77DFEC9E 
 265      25F5703B 
 265      442339A8 
 266 08f7 D2947DB7 		.ascii	"\322\224}\267\332\344\036\267W\364\356\376\316V_9\356"
 266      DAE41EB7 
 266      57F4EEFE 
 266      CE565F39 
 266      EE
 267 0908 AE2C437C 		.ascii	"\256,C|\2663~\022*\225\203\206\315P\243\371\215\034"
 267      B6337E12 
 267      2A958386 
 267      CD50A3F9 
ARM GAS  /tmp/ccPhDLgi.s 			page 21


 267      8D1C
 268 091a 74190DBA 		.ascii	"t\031\015\272\350\366\205?h\317\032\262<\325\020\016"
 268      E8F6853F 
 268      68CF1AB2 
 268      3CD5100E 
 269 092a B3B386DC 		.ascii	"\263\263\206\334\001{(\257\352\276\017Ng\241\017\335"
 269      017B28AF 
 269      EABE0F4E 
 269      67A10FDD 
 270 093a 881FE659 		.ascii	"\210\037\346Y\205\372\221\177\321\334k\316\223\253\271"
 270      85FA917F 
 270      D1DC6BCE 
 270      93ABB9
 271 0949 877ED3FF 		.ascii	"\207~\323\377P^%\377\007\307\014\315\341\352\236&\263"
 271      505E25FF 
 271      07C70CCD 
 271      E1EA9E26 
 271      B3
 272 095a D74C5528 		.ascii	"\327LU(\231:\3062\225\332\324\232\340\343\236\251r\230"
 272      993AC632 
 272      95DAD49A 
 272      E0E39EA9 
 272      7298
 273 096c B6A374DA 		.ascii	"\266\243t\332*i\354\025J\354\325\227\223Z\260{\246\274"
 273      2A69EC15 
 273      4AECD597 
 273      935AB07B 
 273      A6BC
 274 097e A2F71E4B 		.ascii	"\242\367\036K\334\242T\310\365\211,Q\307\345D\301\206"
 274      DCA254C8 
 274      F5892C51 
 274      C7E544C1 
 274      86
 275 098f A9513C22 		.ascii	"\251Q<\"'\352\004?\231\023V\206\307\204E\205G~\020g"
 275      27EA043F 
 275      99135686 
 275      C7844585 
 275      477E1067 
 276 09a3 377EFCD7 		.ascii	"7~\374\327%\223>\234>\235\323-\017\267\377K\020\305"
 276      25933E9C 
 276      3E9DD32D 
 276      0FB7FF4B 
 276      10C5
 277 09b5 B8E8158E 		.ascii	"\270\350\025\216\267g\210\216\177Zl+\035\226\367\035"
 277      B767888E 
 277      7F5A6C2B 
 277      1D96F71D 
 278 09c5 B69898E8 		.ascii	"\266\230\230\350\010qql\\\324\242\305KB\347Y\305\245"
 278      0871716C 
 278      5CD4A2C5 
 278      4B42E759 
 278      C5A5
 279 09d7 B65871D1 		.ascii	"\266Xq\321\342\005\200\371\317\2733\305\231\357\210"
 279      E20580F9 
 279      CFBB33C5 
 279      99EF88
 280 09e6 EF854C0F 		.ascii	"\357\205L\017\231fy?l\301b\233-\306n\011\217]\376V8"
ARM GAS  /tmp/ccPhDLgi.s 			page 22


 280      9966793F 
 280      6CC1629B 
 280      2DC66E09 
 280      8F5DFE56 
 281 09fb 537B2B2A 		.ascii	"S{+*\374\263hK\364\212\210\230\270\310(\313\362\360"
 281      FCB3684B 
 281      F48A8898 
 281      B8C828CB 
 281      F2F0
 282 0a0d 8865D12B 		.ascii	"\210e\321+\242,bd\324\322\360\270\030\207\350\370be"
 282      A22C6264 
 282      D4D2F0B8 
 282      1887E8F8 
 282      6265
 283 0a1f 943D6419 		.ascii	"\224=d\031gT|\212\277\272O\373\027v\213hwD\202\003p"
 283      67547C8A 
 283      BFBA4FFB 
 283      17768B68 
 283      77448203 
 284 0a34 648AB6AD 		.ascii	"d\212\266\255\264\305:H\244\242\343\335\220\020\213"
 284      B4C53A48 
 284      A4A2E3DD 
 284      90108B
 285 0a43 EBCF66B7 		.ascii	"\353\317f\267,\013\217\261\220Q\273\205z\262\314\237"
 285      2C0B8FB1 
 285      9051BB85 
 285      7AB2CC9F 
 286 0a53 1F6AF978 		.ascii	"\037j\371x\341<\353\277g\220!\021R&\306\304D\202\025"
 286      E13CEBBF 
 286      67902111 
 286      5226C6C4 
 286      448215
 287 0a66 03414547 		.ascii	"\003AEG\352\336\377(l\276~\276\365\303\277\204\351>"
 287      EADEFF28 
 287      6CBE7EBE 
 287      F5C3BF84 
 287      E93E
 288 0a78 58141686 		.ascii	"X\024\026\206>Es\365\0211Q\341\261r\026\247\317\024"
 288      3E4573F5 
 288      113151E1 
 288      B17216A7 
 288      CF14
 289 0a8a 1D46E501 		.ascii	"\035F\345\001\333\243\034\263~\271G\273c9\004\373\371"
 289      DBA31CB3 
 289      7EB947BB 
 289      633904FB 
 289      F9
 290 0a9b CA681B38 		.ascii	"\312h\0338\304\326\3200</4L\277p\311\302\320\260W\254"
 290      C4D6D030 
 290      3C2F344C 
 290      BF70C9C2 
 290      D0B057AC 
 291 0aaf 8B16CE99 		.ascii	"\213\026\316\231\023\032f\260.\376\373\3029a\372\005"
 291      131A66B0 
 291      2EFEFBC2 
 291      3961FA05 
 292 0abf D6D03961 		.ascii	"\326\3209a\204\314\\\223\252%:\004\026kt\244\3500\330"
ARM GAS  /tmp/ccPhDLgi.s 			page 23


 292      84CC5C93 
 292      AA253A04 
 292      166B74A4 
 292      E830D8
 293 0ad2 962E05F7 		.ascii	"\226.\005\367&\302E\\\032nw\274+:\376\361\353\247Z\311"
 293      26C2455C 
 293      1A6E77BC 
 293      2B3AFEF1 
 293      EBA75AC9 
 294 0ae6 F2640F61 		.ascii	"\362d\017a* 9\223\200\322\317\263B\371\375\336\003\326"
 294      2A203993 
 294      80D2CFB3 
 294      42F9FDDE 
 294      03D6
 295 0af8 1E1BE1C2 		.ascii	"\036\033\341\302Ep\276p\37346\332\021\005h3</\212r\300"
 295      4570BE70 
 295      FB3436DA 
 295      11056833 
 295      3C2F8A72 
 296 0b0d D3025B64 		.ascii	"\323\002[d\2241\332\266\034n\242\343\267\312\344\210"
 296      9431DAB6 
 296      1C6EA2E3 
 296      B7CAE488 
 297 0b1d 10E5E7B1 		.ascii	"\020\345\347\261\266\270\225\244\337,\212K\343VD\210"
 297      B6B895A4 
 297      DF2C8A4B 
 297      E3564488 
 298 0b2d 62C87BD3 		.ascii	"b\310{\323\336\233eTZ\272\210e\341\261\232\261\351\323"
 298      DE9B6554 
 298      5ABA8865 
 298      E1B19AB1 
 298      E9D3
 299 0b3f 668C6ACD 		.ascii	"f\214j\315\372\037J\377\234\006"
 299      FA1F4AFF 
 299      9C06
 300              		.text
 301              		.section	.gnu.lto_.symtab.61ee46d8ed824ae3,"",%progbits
 302 0000 70616C52 		.ascii	"palReadBus\000"
 302      65616442 
 302      757300
 303 000b 00       		.ascii	"\000"
 304 000c 00       		.ascii	"\000"
 305 000d 00       		.ascii	"\000"
 306 000e 00000000 		.ascii	"\000\000\000\000\000\000\000\000"
 306      00000000 
 307 0016 09010000 		.ascii	"\011\001\000\000"
 308 001a 70616C57 		.ascii	"palWriteBus\000"
 308      72697465 
 308      42757300 
 309 0026 00       		.ascii	"\000"
 310 0027 00       		.ascii	"\000"
 311 0028 00       		.ascii	"\000"
 312 0029 00000000 		.ascii	"\000\000\000\000\000\000\000\000"
 312      00000000 
 313 0031 0E010000 		.ascii	"\016\001\000\000"
 314 0035 70616C53 		.ascii	"palSetBusMode\000"
 314      65744275 
ARM GAS  /tmp/ccPhDLgi.s 			page 24


 314      734D6F64 
 314      6500
 315 0043 00       		.ascii	"\000"
 316 0044 00       		.ascii	"\000"
 317 0045 00       		.ascii	"\000"
 318 0046 00000000 		.ascii	"\000\000\000\000\000\000\000\000"
 318      00000000 
 319 004e 16010000 		.ascii	"\026\001\000\000"
 320 0052 5F70616C 		.ascii	"_pal_lld_setgroupmode\000"
 320      5F6C6C64 
 320      5F736574 
 320      67726F75 
 320      706D6F64 
 321 0068 00       		.ascii	"\000"
 322 0069 02       		.ascii	"\002"
 323 006a 00       		.ascii	"\000"
 324 006b 00000000 		.ascii	"\000\000\000\000\000\000\000\000"
 324      00000000 
 325 0073 1C010000 		.ascii	"\034\001\000\000"
 326              		.text
 327              		.section	.gnu.lto_.opts,"",%progbits
 328 0000 272D666D 		.ascii	"'-fmath-errno' '-fsigned-zeros' '-ftrapping-math' '"
 328      6174682D 
 328      6572726E 
 328      6F272027 
 328      2D667369 
 329 0033 2D666E6F 		.ascii	"-fno-trapv' '-fno-strict-overflow' '-fno-openmp' '-"
 329      2D747261 
 329      70762720 
 329      272D666E 
 329      6F2D7374 
 330 0066 666E6F2D 		.ascii	"fno-openacc' '-mcpu=cortex-m4' '-mfloat-abi=hard' '"
 330      6F70656E 
 330      61636327 
 330      20272D6D 
 330      6370753D 
 331 0099 2D6D6670 		.ascii	"-mfpu=fpv4-sp-d16' '-mno-thumb-interwork' '-mthumb'"
 331      753D6670 
 331      76342D73 
 331      702D6431 
 331      36272027 
 332 00cc 20272D67 		.ascii	" '-ggdb' '-O0' '-ffunction-sections' '-fdata-sectio"
 332      67646227 
 332      20272D4F 
 332      30272027 
 332      2D666675 
 333 00ff 6E732720 		.ascii	"ns' '-fno-common' '-flto'\000"
 333      272D666E 
 333      6F2D636F 
 333      6D6D6F6E 
 333      2720272D 
 334              		.text
 335              		.comm	__gnu_lto_v1,1,1
 336              		.comm	__gnu_lto_slim,1,1
 337              		.ident	"GCC: (GNU Tools for ARM Embedded Processors (Build 17.03)) 6.3.1 20170215 (release) [ARM/e
ARM GAS  /tmp/ccPhDLgi.s 			page 25


DEFINED SYMBOLS
                            *ABS*:0000000000000000 hal_pal.c
                            *COM*:0000000000000001 __gnu_lto_v1
                            *COM*:0000000000000001 __gnu_lto_slim

NO UNDEFINED SYMBOLS
