ARM GAS  /tmp/ccLYuZ3E.s 			page 1


   1              		.cpu cortex-m4
   2              		.eabi_attribute 27, 1
   3              		.eabi_attribute 28, 1
   4              		.eabi_attribute 20, 1
   5              		.eabi_attribute 21, 1
   6              		.eabi_attribute 23, 3
   7              		.eabi_attribute 24, 1
   8              		.eabi_attribute 25, 1
   9              		.eabi_attribute 26, 1
  10              		.eabi_attribute 30, 6
  11              		.eabi_attribute 34, 1
  12              		.eabi_attribute 18, 4
  13              		.file	"hal_st_lld.c"
  14              		.text
  15              	.Ltext0:
  16              		.section	.gnu.lto_.inline.2ca3e97046512ed5,"",%progbits
  17 0000 789C6DCC 		.ascii	"x\234m\314\261\015\2000\014\004\300\217\343\020\010"
  17      B10D8030 
  17      0C04C08F 
  17      E31008
  18 000f E929D350 		.ascii	"\351)\323P\303d\354DI\311h\031\201\247 \022`\027o\351"
  18      C364EC44 
  18      49C96819 
  18      81A72012 
  18      60176FE9 
  19 0023 FC728020 		.ascii	"\374r\200 :\264\031\001\365\200h]\240\274q\334O\004"
  19      3AB41901 
  19      F580685D 
  19      A0BC71DC 
  19      4F04
  20 0035 9A99B297 		.ascii	"\232\231\262\227\326I\014o\263\332\034l\356l\2166\367"
  20      D6490C6F 
  20      B3DA1C6C 
  20      EE6C8E36 
  20      F7
  21 0046 360FC82B 		.ascii	"6\017\310+9\237\333\213?\2210\025\266\346z\310S\363"
  21      399FDB8B 
  21      3F913015 
  21      B6E67AC8 
  21      53F3
  22 0058 F737EE0B 		.ascii	"\3677\356\013\231\222\014\225"
  22      99920C95 
  23              		.text
  24              		.section	.gnu.lto_port_lock.2ca3e97046512ed5,"",%progbits
  25 0000 789C6D51 		.ascii	"x\234mQ\317KTQ\030\375\316\373\236ciF-\332\271x\263"
  25      CF4B5451 
  25      18FDCEFB 
  25      9E636946 
  25      2DDAB978 
  26 0015 18418879 		.ascii	"\030A\210y\003.Z\265\210Y\271\030\010\347\017\220z="
  26      032E5AB5 
  26      8859B918 
  26      08E70F90 
  26      7A3D
  27 0027 72A0E793 		.ascii	"r\240\347\223\367\246\320\225\227A\031\230\250\026\031"
  27      F7A6D095 
  27      97411998 
ARM GAS  /tmp/ccLYuZ3E.s 			page 2


  27      A81619
  28 0036 A3A2BCC8 		.ascii	"\243\242\274\310\302\351\207\2163\265\251\250\246\332"
  28      C2E9878E 
  28      33B5A9A8 
  28      A6DA
  29 0044 485090D4 		.ascii	"HP\220\324\316\225\366\003\203\210\302E\020X\337}\206"
  29      CE95F603 
  29      8388C245 
  29      1058DF7D 
  29      86
  30 0055 B4E872EF 		.ascii	"\264\350r\357\342;\367;\347;\347\33662h\016DSDtD\016"
  30      E23BF73B 
  30      E73BE7DE 
  30      3632680E 
  30      44534474 
  31 006b 31C12039 		.ascii	"1\301 9\020\220@\343\006\306q\205\253\214\027\345O\017"
  31      109040E3 
  31      06C67185 
  31      AB8C17E5 
  31      4F0F
  32 007d 8DDE4525 		.ascii	"\215\336E%\253U}\327\363|RU2\021\023\3150\305\013\213"
  32      AB557DD7 
  32      F37C5255 
  32      321113CD 
  32      30C50B8B 
  33 0091 E825E9DB 		.ascii	"\350%\351\333h\354\\\353J\230\2738jH\210\020\004\177"
  33      68EC5CEB 
  33      4A98BB38 
  33      6A488810 
  33      047F
  34 00a3 3BB132C7 		.ascii	";\2612\307\2279b\300\224\362\373\353\331\315\203\272"
  34      973962C0 
  34      94F2FBEB 
  34      D9CD83BA 
  35 00b3 34604979 		.ascii	"4`Iy\353\325\332\263N\356\203V\330\236n\324\366\247"
  35      EBD5DAB3 
  35      4EEE8356 
  35      D89E6ED4 
  35      F6A7
  36 00c5 16942AA9 		.ascii	"\026\224*\251\326*V\225\0311\343.X\024q\007\335\270"
  36      D62A5695 
  36      1931E32E 
  36      58147107 
  36      DDB8
  37 00d7 8DEEDD89 		.ascii	"\215\356\335\211\367\220\252\257\241\245v~\227U\353"
  37      F790AAAF 
  37      A1A5767E 
  37      9755EB
  38 00e6 C34D543F 		.ascii	"\303MT?\3573\215\030&\252\304\266.\262\204\341-\224"
  38      EF338D18 
  38      26AAC4B6 
  38      2EB284E1 
  38      2D94
  39 00f8 8A34CF86 		.ascii	"\2124\317\206h\227\267\324\023S\217eXX\022\241/(m|["
  39      6897B7D4 
  39      13538F65 
  39      585812A1 
ARM GAS  /tmp/ccLYuZ3E.s 			page 3


  39      2F286D7C 
  40 010d F8D5B5E7 		.ascii	"\370\325\265\347|\"Nxu\273\007\261\220N0\303\3707\031"
  40      7C224E78 
  40      75BB07B1 
  40      904E30C3 
  40      F83719
  41 0120 969190E9 		.ascii	"\226\221\220\351u\035\0154&77\242\346\317\216d\005\221"
  41      751D0D34 
  41      263737A2 
  41      E6CF8E64 
  41      0591
  42 0132 9AB62236 		.ascii	"\232\266\"6u\363\322\346c\245\335\020V\220$\215\254"
  42      75F3D2E6 
  42      63A5DD10 
  42      5690248D 
  42      AC
  43 0143 CF3E9AEA 		.ascii	"\317>\232\352\320\376\0320\347\265/4\343\227\250=}\371"
  43      D0FE1A30 
  43      E7B52F34 
  43      E397A83D 
  43      7DF9
  44 0155 F140F2D2 		.ascii	"\361@\362\322_r\233n\375\261\334|\337\031\223\357k2"
  44      5F729B6E 
  44      FDB1DC7C 
  44      DF1993EF 
  44      6B32
  45 0167 1EC0A4AF 		.ascii	"\036\300\244\257(]\257\2779\254\375\304\351+bJ>\217"
  45      285DAFBF 
  45      39ACFDC4 
  45      E92B624A 
  45      3E8F
  46 0179 32E9B4BD 		.ascii	"2\351\264\275\267\375\320v|\317\363\207\355\021?(\206"
  46      B7FDD076 
  46      7CCFF387 
  46      ED113F28 
  46      86
  47 018a F689815C 		.ascii	"\366\211\201\\67j;C\216\037\270\203\027\216y\351!j?"
  47      36376A3B 
  47      438E1FB8 
  47      83178E79 
  47      E9216A3F 
  48 019e 7D2A744F 		.ascii	"}*tO\006\205\343\377'\272\243EM\263\263\271|\177\336"
  48      0685E3FF 
  48      27BAA345 
  48      4DB3B3B9 
  48      7C7FDE
  49 01b1 CE0ACFEE 		.ascii	"\316\012\317\356\037v\316\235?\343\332\216\027\026\302"
  49      1F76CE9D 
  49      3FE3DA8E 
  49      1716C2
  50 01c0 C1B38E23 		.ascii	"\301\263\216#*\207r\371\001K+\215\004\205\243V*CF@\355"
  50      2A8772F9 
  50      014B2B8D 
  50      0485A356 
  50      2A434640 
  51 01d5 9EEBF9C1 		.ascii	"\236\353\371\301\030\375\0015\211\250\017"
  51      18FD0135 
ARM GAS  /tmp/ccLYuZ3E.s 			page 4


  51      89A80F
  52              		.text
  53              		.section	.gnu.lto_port_unlock.2ca3e97046512ed5,"",%progbits
  54 0000 789C6D51 		.ascii	"x\234mQ\317KTQ\030\375\316\373\2363\245\031\266h\347"
  54      CF4B5451 
  54      18FDCEFB 
  54      9E33A519 
  54      B668E7
  55 0013 62663188 		.ascii	"bf1\210\020\363\006Z\264j\021\263r1\020\316\037 \365"
  55      10F3065A 
  55      B46A11B3 
  55      723110CE 
  55      1F20F5
  56 0026 7AE440CF 		.ascii	"z\344@\317'\357M\242+/\203\"\214X\213,\177\240\274\310"
  56      27EF4DA2 
  56      2B2F8322 
  56      8C588B2C 
  56      7FA0BCC8 
  57 003a 62A61FFE 		.ascii	"b\246\037\376\230\311M\0065\331F\202\220\224v\255\224"
  57      98C94D06 
  57      35D94682 
  57      909476AD 
  57      94
  58 004b 8A8288C2 		.ascii	"\212\202\210\302E\020\230\337}\206\264\350r\357\342"
  58      451098DF 
  58      7D86B4E8 
  58      72EFE2
  59 005a 3BF73BE7 		.ascii	";\367;\347;\347\336&2h\016D\223DtZ\0161\301 9\020\220"
  59      3BE7DE26 
  59      32680E44 
  59      9344745A 
  59      0E31C120 
  60 0071 40C30686 		.ascii	"@\303\006\206q\223\247\030\353c\237\236\031\235\025"
  60      7193A718 
  60      EB639F9E 
  60      199D15
  61 0080 25AB31B5 		.ascii	"%\2531\265\332\361jT\2253!\023\3150E\013\025t\222\364"
  61      DAF16A54 
  61      95332113 
  61      CD30450B 
  61      157492F4 
  62 0094 EDD4F66F 		.ascii	"\355\324\366o\267\306\314C\034U\304D\010\202\277\033"
  62      B7C6CC43 
  62      1C55C444 
  62      0882BF1B 
  63 00a4 5999E31B 		.ascii	"Y\231\343\033\0342`J\371\343\355\354\356I]\032HH\371"
  63      1C32604A 
  63      F9E3EDEC 
  63      EE495D1A 
  63      4848F9
  64 00b7 E0CDD6CB 		.ascii	"\340\315\326\313\026>\013\255\2607]\253\036O-(UR\215"
  64      163E0BAD 
  64      B0375DAB 
  64      1E4F2D28 
  64      55528D
  65 00ca 0D6C2833 		.ascii	"\015l(3d\306c\260(\342\021\332\361\020\355\207\023\237"
  65      64C663B0 
ARM GAS  /tmp/ccLYuZ3E.s 			page 5


  65      28E211DA 
  65      F110ED87 
  65      139F
  66 00dc 20B5BC85 		.ascii	" \265\274\205\206\332\3773\246\032{\367\261\375\371"
  66      86DAFF33 
  66      A61A7BF7 
  66      B1FDF9
  67 00eb 98694430 		.ascii	"\230iD0Q9\2625\316\022\206\277\240T\244y6D\373\316\350"
  67      5139B235 
  67      CE1286BF 
  67      A054A479 
  67      3644FBCE 
  68 0100 FA665C8F 		.ascii	"\372f\\\217e\020\026E\350+J;\337\027~\267\0369\037\211"
  68      65101645 
  68      E82B4A3B 
  68      DF177EB7 
  68      1E391F89 
  69 0114 12DE5AEB 		.ascii	"\022\336Z\353@$\244\023\3140\376M\206%\304d\372\262"
  69      4024A413 
  69      CC30FE4D 
  69      8625C464 
  69      FAB2
  70 0126 8E061A92 		.ascii	"\216\006\032\222\233{a\375Ws\262\214PM'B6u\363\342\356"
  70      9B7B61FD 
  70      5773B28C 
  70      504D2742 
  70      3675F3E2 
  71 013b 73A5DD10 		.ascii	"s\245\335\020V\220$\215|\230]\233l\326\376j0\347\265"
  71      5690248D 
  71      7C985D9B 
  71      6CD6FE6A 
  71      30E7B5
  72 014e 2FD4A397 		.ascii	"/\324\243\227\250\276x\375\361Dr\342/\271I\267\376\\"
  72      A8BE78FD 
  72      F14472E2 
  72      2FB949B7 
  72      FE5C
  73 0160 AABF6F89 		.ascii	"\252\277o\211\310O5\031\2530\351\033Jw+\233\247\264"
  73      C84F3519 
  73      AB30E91B 
  73      4A772B9B 
  73      A7B4
  74 0172 9F287D59 		.ascii	"\237(}YL\311\347Q&\235\266\216\266\027X\266\347\272"
  74      4CC9E751 
  74      269DB68E 
  74      B61758B6 
  74      E7BA
  75 0184 5E9FD5EF 		.ascii	"^\237\325\357\371\305\300\272\320\235\313\346\006-\273"
  75      F9C5C0BA 
  75      D09DCBE6 
  75      062DBB
  76 0193 D7F67CA7 		.ascii	"\327\366|\247g\340\234\233\356\245\370\345K\201s\321"
  76      67E09C9B 
  76      EEA5F8E5 
  76      4B8173D1 
  77 01a3 2F9CFF3F 		.ascii	"/\234\377?\321\031,j\232\225\315\345\273\362VVxVW\237"
  77      D1192C6A 
ARM GAS  /tmp/ccLYuZ3E.s 			page 6


  77      9A95CDE5 
  77      BBF25656 
  77      7856579F 
  78 01b7 7DEDFA15 		.ascii	"}\355\372\025\307\262\335\240\020\364\\\265mQi\313\345"
  78      C7B2DDA0 
  78      10F45CB5 
  78      6D5169CB 
  78      E5
  79 01c8 BB135AA9 		.ascii	"\273\023Z\251\337/\234I\2442d\370\024w\035\327\363\207"
  79      DF2F9C49 
  79      A43264F8 
  79      14771DD7 
  79      F387
  80 01da E800F4A0 		.ascii	"\350\000\364\240\247\336"
  80      A7DE
  81              		.text
  82              		.section	.gnu.lto_port_lock_from_isr.2ca3e97046512ed5,"",%progbits
  83 0000 789C6365 		.ascii	"x\234ce`bX\310\300\300`\004\304\242@\314\300\314\300"
  83      606258C8 
  83      C0C06004 
  83      C4A240CC 
  83      C0CCC0
  84 0013 C8C400C4 		.ascii	"\310\304\000\304\214\214@\016#C=\023c=c?\363tf\306C"
  84      8C8C400E 
  84      23433D13 
  84      633D633F 
  84      F37466C6 
  85 0028 EDCF7632 		.ascii	"\355\317v2i.o\000\202\003\323?\251\037lm\3502\230\317"
  85      692E6F00 
  85      8203D33F 
  85      A91F6C6D 
  85      E83298CF 
  86 003c CCC03093 		.ascii	"\314\3000\223\231\001\014\030\2273j2\000\325=\332\370"
  86      99010C18 
  86      97336A32 
  86      00D53DDA 
  86      F8
  87 004d 6F2A2F1B 		.ascii	"o*/\033\013D\234q\005#\033\310\240\365\227\030\0174"
  87      0B449C71 
  87      05231BC8 
  87      A0F59718 
  87      0F34
  88 005f FCFBDFDE 		.ascii	"\374\373\337\336p\340\315R\306\237\3179\200r]`}\335"
  88      70E0CD52 
  88      C69FCF39 
  88      80725D60 
  88      7DDD
  89 0071 CC40DB98 		.ascii	"\314@\333\230_36/x\177\336\020\244\032d\304\316\235"
  89      5F33362F 
  89      787FDE10 
  89      A41A64C4 
  89      CE9D
  90 0083 6F6EB3D7 		.ascii	"on\263\327\377m\340\230\317\3148\223\031\250\237q%c"
  90      FF6DE098 
  90      CFCC3893 
  90      19A89F71 
  90      2563
ARM GAS  /tmp/ccLYuZ3E.s 			page 7


  91 0095 3DC37CA0 		.ascii	"=\303|\240\322\267\214M\013>\237\027\004+\004\201.\220"
  91      D2B78C4D 
  91      0B3E9F17 
  91      042B0481 
  91      2E90
  92 00a7 2CD00403 		.ascii	",\320\004\003==}8\312/\326O\316\317\315\315\317\323"
  92      3D3D7D38 
  92      CA2FD64F 
  92      CECFCDCD 
  92      CFD3
  93 00b9 2FC82F2A 		.ascii	"/\310/*)\326w\014\362u\366\255\320O\316H\316/J\215/"
  93      29D6770C 
  93      F275F6AD 
  93      D04FCE48 
  93      CE2F4A8D 
  94 00ce 33CFD5CB 		.ascii	"3\317\325\313`\000\000\206\350B\021"
  94      60000086 
  94      E84211
  95              		.text
  96              		.section	.gnu.lto_port_unlock_from_isr.2ca3e97046512ed5,"",%progbits
  97 0000 789C6365 		.ascii	"x\234ce`bX\310\300\300`\004\304\242@\314\300\314\300"
  97      606258C8 
  97      C0C06004 
  97      C4A240CC 
  97      C0CCC0
  98 0013 C8C400C4 		.ascii	"\310\304\000\304\214\214@\016#C=\023c=c?\363tf\306C"
  98      8C8C400E 
  98      23433D13 
  98      633D633F 
  98      F37466C6 
  99 0028 EDCF7632 		.ascii	"\355\317v2i.o\000\202\003\323gh\035lm\3502\230\317\314"
  99      692E6F00 
  99      8203D367 
  99      681D6C6D 
  99      E83298CF 
 100 003d C0309399 		.ascii	"\3000\223\231\001\014\030\2273j2\000\325=\332\370o*"
 100      010C1897 
 100      336A3200 
 100      D53DDAF8 
 100      6F2A
 101 004f 2F1B0B44 		.ascii	"/\033\013D\234q\005#\033\310\240\365\227\030\0174\374"
 101      9C710523 
 101      1BC8A0F5 
 101      97180F34 
 101      FC
 102 0060 FBDFDE70 		.ascii	"\373\337\336p\340\317R\306\371\2578\200r]`}\335\314"
 102      E0CF52C6 
 102      F9AF3880 
 102      725D607D 
 102      DDCC
 103 0072 40DB985F 		.ascii	"@\333\230_36/\330}\305\020\244\032d\304\316\235on\263"
 103      33362FD8 
 103      7DC510A4 
 103      1A64C4CE 
 103      9D6F6EB3 
 104 0086 D7FF6DE0 		.ascii	"\327\377m\340\230\317\3148\223\031\250\237q%c=\303|"
 104      98CFCC38 
ARM GAS  /tmp/ccLYuZ3E.s 			page 8


 104      9319A89F 
 104      7125633D 
 104      C37C
 105 0098 A0D2B78C 		.ascii	"\240\322\267\214M\013\366_\021\004+\004\201.\220,\320"
 105      4D0BF65F 
 105      11042B04 
 105      812E902C 
 105      D0
 106 00a9 04033D3D 		.ascii	"\004\003==}8\312/\326O\316\317\315\315\317\323/\310"
 106      7D38CA2F 
 106      D64FCECF 
 106      CDCDCFD3 
 106      2FC8
 107 00bb 2F2A29D6 		.ascii	"/*)\326w\014\362u\366\255\320O\316H\316/J\215/3\317"
 107      770CF275 
 107      F6ADD04F 
 107      CE48CE2F 
 107      4A8D2F33 
 108 00d0 D5CB6000 		.ascii	"\325\313`\000\000\377\351A\025"
 108      00FFE941 
 108      15
 109              		.text
 110              		.section	.gnu.lto_chSysLockFromISR.2ca3e97046512ed5,"",%progbits
 111 0000 789C6365 		.ascii	"x\234ce`bX\300\300\300\240\002\304\242@\314\300\314"
 111      606258C0 
 111      C0C0A002 
 111      C4A240CC 
 111      C0CC
 112 0012 C0C8C400 		.ascii	"\300\310\304\000\304\214\214@\016#C=\023c=c?\363tf\306"
 112      C48C8C40 
 112      0E23433D 
 112      13633D63 
 112      3FF37466 
 113 0027 43EDCF76 		.ascii	"C\355\317v2i.o\000\202\003\3237I\255i\270\320\300<\237"
 113      32692E6F 
 113      008203D3 
 113      3749AD69 
 113      B8D0C03C 
 114 003c 99816126 		.ascii	"\231\201a&3\003\0300.g\324d\000\252{\264\361\337T^6"
 114      33031830 
 114      2E67D464 
 114      00AA7BB4 
 114      F1DF545E 
 115 0051 168838E3 		.ascii	"\026\2108\343\012F6\220A\353/1\036h\370\367\277\275"
 115      0A463690 
 115      41EB2F31 
 115      1E68F8F7 
 115      BFBD
 116 0063 E1C09DA5 		.ascii	"\341\300\235\245\214{\243\200R]`m\335\314@\313\230_"
 116      8C7BA380 
 116      525D606D 
 116      DDCC40CB 
 116      985F
 117 0075 33362F78 		.ascii	"36/x\277\205\031\244\030d\302\316\235on\263\327\377"
 117      BF8519A4 
 117      1864C2CE 
 117      9D6F6EB3 
ARM GAS  /tmp/ccLYuZ3E.s 			page 9


 117      D7FF
 118 0087 6DE098CF 		.ascii	"m\340\230\317\3148\223\031\250\235q%c=\303|\240\322"
 118      CC389319 
 118      A89D7125 
 118      633DC37C 
 118      A0D2
 119 0099 B78C4D0B 		.ascii	"\267\214M\013~oa\004+\004\201.\220,\320\004%==}8\312"
 119      7E6F6104 
 119      2B04812E 
 119      902CD004 
 119      253D3D7D 
 120 00af 2FD62F2A 		.ascii	"/\326/*\321\317\314K\316)MI\325O\316(\256,\326\313`"
 120      D1CFCC4B 
 120      CE294D49 
 120      D54FCE28 
 120      AE2CD6CB 
 121 00c4 0000187C 		.ascii	"\000\000\030|;\210"
 121      3B88
 122              		.text
 123              		.section	.gnu.lto_chSysUnlockFromISR.2ca3e97046512ed5,"",%progbits
 124 0000 789C3D4D 		.ascii	"x\234=M\275\016\301`\024\275\247\327\337b\264\030\305"
 124      BD0EC160 
 124      14BDA7D7 
 124      DF62B418 
 124      C5
 125 0011 62691FC8 		.ascii	"bi\037\310\210\204DH\224\301\324/\014\022\006\223\210"
 125      88844448 
 125      94C1D42F 
 125      0C120693 
 125      88
 126 0022 A95DA484 		.ascii	"\251]\244\204D,\222n\215'\020\253\315`\301\013H\224"
 126      442C926E 
 126      8D2710AB 
 126      CD60C10B 
 126      4894
 127 0034 FB55E2E4 		.ascii	"\373U\342\344\236\341\336\363s\223d\220GDEaNHL0H\010"
 127      9EE1DEF3 
 127      73936490 
 127      47444561 
 127      4E484C30 
 128 004a C802720C 		.ascii	"\310\002r\0148\230\362\234q\034\335\002\243\344+A8\177"
 128      3898F29C 
 128      711CDD02 
 128      A3E42B41 
 128      387F
 129 005c E5B7EAA4 		.ascii	"\345\267\352\244\330e\242\005S\014\370(\221\370\256"
 129      D865A205 
 129      530CF828 
 129      91F8AE
 130 006b FB68964D 		.ascii	"\373h\226M%~w\254\220\322E\2733B\025}F*|,1+\2134\216"
 130      257E77AC 
 130      90D245BB 
 130      3342157D 
 130      462A7C2C 
 131 0084 63139667 		.ascii	"c\023\226g|\307\320\363\017\254\315\272!\010\036\227"
 131      7CC7D0F3 
 131      0FACCDBA 
ARM GAS  /tmp/ccLYuZ3E.s 			page 10


 131      21081E97 
 132 0094 B4F35619 		.ascii	"\264\363V\031\227\261`\211c\015\207\\\261>1\3606\007"
 132      97B16089 
 132      630D875C 
 132      B13E31F0 
 132      3607
 133 00a6 C4468DB1 		.ascii	"\304F\215\261V\245\241`\232\326\177\332\266\325\351"
 133      56A5A160 
 133      9AD67FDA 
 133      B6D5E9
 134 00b5 5A8D56A5 		.ascii	"Z\215V\245\331\253\326\254J\335\356\333f\235\276\025"
 134      D9ABD6AC 
 134      4ADDEEDB 
 134      669DBE15 
 135 00c5 323B25   		.ascii	"2;%"
 136              		.text
 137              		.section	.gnu.lto_osalSysLockFromISR.2ca3e97046512ed5,"",%progbits
 138 0000 789C6365 		.ascii	"x\234ce`bX\310\300\300\240\002\304\242@\314\300\314"
 138      606258C8 
 138      C0C0A002 
 138      C4A240CC 
 138      C0CC
 139 0012 C0C8C400 		.ascii	"\300\310\304\000\304\214\214@\016#C=\023c=c?\363tf\306"
 139      C48C8C40 
 139      0E23433D 
 139      13633D63 
 139      3FF37466 
 140 0027 43EDCF76 		.ascii	"C\355\317v2i.o\000\202\003\323\257)\035lm\3502\230\317"
 140      32692E6F 
 140      008203D3 
 140      AF291D6C 
 140      6DE83298 
 141 003c CCC03093 		.ascii	"\314\3000\223\231\001\014\030\2273j2\000\325=\332\370"
 141      99010C18 
 141      97336A32 
 141      00D53DDA 
 141      F8
 142 004d 6F2A2F1B 		.ascii	"o*/\033\013D\234q\005#\033\310\240\365\227\030\0174"
 142      0B449C71 
 142      05231BC8 
 142      A0F59718 
 142      0F34
 143 005f FCFBDFDE 		.ascii	"\374\373\337\336p\340\315R\306\273\2178\200r]`}\335"
 143      70E0CD52 
 143      C6BB8F38 
 143      80725D60 
 143      7DDD
 144 0071 CC40DB98 		.ascii	"\314@\333\230_36/\330~\324\020\244\032d\304\316\235"
 144      5F33362F 
 144      D87ED410 
 144      A41A64C4 
 144      CE9D
 145 0083 6F6EB3D7 		.ascii	"on\263\327\377m\340\230\317\3148\223\031\250\237q%c"
 145      FF6DE098 
 145      CFCC3893 
 145      19A89F71 
 145      2563
ARM GAS  /tmp/ccLYuZ3E.s 			page 11


 146 0095 3DC37CA0 		.ascii	"=\303|\240\322\267\214M\013v\037\025\004+\004\201.\220"
 146      D2B78C4D 
 146      0B761F15 
 146      042B0481 
 146      2E90
 147 00a7 2CD00425 		.ascii	",\320\004%==}8\312/\326\317H\314\001R@\242\250\004L"
 147      3D3D7D38 
 147      CA2FD6CF 
 147      48CC0152 
 147      40A2A804 
 148 00bc EB653000 		.ascii	"\353e0\000\000\246\307<\022"
 148      00A6C73C 
 148      12
 149              		.text
 150              		.section	.gnu.lto_osalSysUnlockFromISR.2ca3e97046512ed5,"",%progbits
 151 0000 789C3D4D 		.ascii	"x\234=M1\017\301`\020\275\327\243,\006\203? \026K\361"
 151      310FC160 
 151      10BDD7A3 
 151      2C06833F 
 151      20164BF1 
 152 0014 936C0689 		.ascii	"\223l\006\211\004{\277\020iR\203A\2441\225\210\224I"
 152      047BBF10 
 152      69528341 
 152      A4319588 
 152      9449
 153 0026 8CDDCAE0 		.ascii	"\214\335\312\340\007Xm$\026\374\203*\367U\342\345\336"
 153      07586D24 
 153      16FC832A 
 153      F755E2E5 
 153      DE
 154 0037 5DEEEEDD 		.ascii	"]\356\356\335\273,\031\264$\242\212\260$$&\030$\004"
 154      BB2C19B4 
 154      24A28AB0 
 154      24242618 
 154      2404
 155 0049 A401D906 		.ascii	"\244\001\331\006lL\330c\034\235{hT\003%\210\274\270"
 155      6C4CD863 
 155      1C9D7B68 
 155      54032588 
 155      BCB8
 156 005b 7C1829B7 		.ascii	"|\030)\267\3563\321\234)\005\002TIt\327}2+\230\231\337"
 156      EE33D19C 
 156      29050254 
 156      4974D77D 
 156      322B9899 
 157 0070 1C1B98DA 		.ascii	"\034\033\230\332hwF\244\222\217\243\242x\215\351-/;"
 157      687746A4 
 157      928FA3A2 
 157      788DE92D 
 157      2F3B
 158 0082 37BD1BB3 		.ascii	"7\275\033\263|\343\007\206\213\325\251\241\325\332\""
 158      7CE30786 
 158      8BD5A9A1 
 158      D5DA22
 159 0091 0C9F979C 		.ascii	"\014\237\227\234\375Vy\2371g\271\307\0266\371\"}a\260"
 159      FD56799F 
 159      3167B9C7 
ARM GAS  /tmp/ccLYuZ3E.s 			page 12


 159      1636F922 
 159      7D61B0
 160 00a4 084EC554 		.ascii	"\010N\305T\250\341\352\2558\224-\253\366\217N\257\326"
 160      A8E1EAAD 
 160      38942DAB 
 160      F68F4EAF 
 160      D6
 161 00b5 6AB6A548 		.ascii	"j\266\245H\352\366\323j\265\350\013\234\013;\331"
 161      EAF6D36A 
 161      B5E80B9C 
 161      0B3BD9
 162              		.text
 163              		.section	.gnu.lto_osalOsTimerHandlerI.2ca3e97046512ed5,"",%progbits
 164 0000 789C6365 		.ascii	"x\234ce`bX\310\300\300\240\002\304\242@\314\300\314"
 164      606258C8 
 164      C0C0A002 
 164      C4A240CC 
 164      C0CC
 165 0012 C0C8C400 		.ascii	"\300\310\304\000\304\214\214@\016#C=\023c=c?\363tf\306"
 165      C48C8C40 
 165      0E23433D 
 165      13633D63 
 165      3FF37466 
 166 0027 43EDCF76 		.ascii	"C\355\317v2i.o\000\202\003\323?\251\035lm\3502\230\317"
 166      32692E6F 
 166      008203D3 
 166      3FA91D6C 
 166      6DE83298 
 167 003c CCC03093 		.ascii	"\314\3000\223\231\001\014\030\2273j2\000\325=\332\370"
 167      99010C18 
 167      97336A32 
 167      00D53DDA 
 167      F8
 168 004d 6F2A2F1B 		.ascii	"o*/\033\013D\234q\005#\033\310\240\365\227\030\0174"
 168      0B449C71 
 168      05231BC8 
 168      A0F59718 
 168      0F34
 169 005f FCFBDFDE 		.ascii	"\374\373\337\336p\340\313R\306\237\3178\200r]`}\335"
 169      70E0CB52 
 169      C69FCF38 
 169      80725D60 
 169      7DDD
 170 0071 CC40DB98 		.ascii	"\314@\333\230_36/x\177\326\020\244\032d\304\316\235"
 170      5F33362F 
 170      787FD610 
 170      A41A64C4 
 170      CE9D
 171 0083 6F6EB3D7 		.ascii	"on\263\327\377m\340\230\317\3148\223\031\250\237q%c"
 171      FF6DE098 
 171      CFCC3893 
 171      19A89F71 
 171      2563
 172 0095 3DC37CA0 		.ascii	"=\303|\240\322\267\214M\013>\237\025\004+\004\201.\220"
 172      D2B78C4D 
 172      0B3E9F15 
 172      042B0481 
ARM GAS  /tmp/ccLYuZ3E.s 			page 13


 172      2E90
 173 00a7 2CD00425 		.ascii	",\320\004%==}8\312/\326\317H\314\001R@\242\250\004L"
 173      3D3D7D38 
 173      CA2FD6CF 
 173      48CC0152 
 173      40A2A804 
 174 00bc EB653000 		.ascii	"\353e0\000\000\365W<\332"
 174      00F5573C 
 174      DA
 175              		.text
 176              		.section	.gnu.lto_VectorB0.2ca3e97046512ed5,"",%progbits
 177 0000 789C7D93 		.ascii	"x\234}\223Mh\023A\030\206\347\235\331\335\3246\265 "
 177      4D681341 
 177      1886E79D 
 177      D9DDD436 
 177      B520
 178 0012 1E7AE8A1 		.ascii	"\036z\350\241\007s\310%\213?\2107/^\204\366 \366^D\017"
 178      0773C825 
 178      8B3F8837 
 178      2F5E84F6 
 178      20F65E44 
 179 0027 1E021553 		.ascii	"\036\002\025S\274f\363S\253\255?\240h\214X6b\260V\215"
 179      BC66F353 
 179      ABAD3FA0 
 179      688C5836 
 179      62B0568D 
 180 003b 69D4AAA9 		.ascii	"i\324\252\251\2401E\014\242\025\275x\350\305\237Z,V"
 180      A031450C 
 180      A215BD78 
 180      E8C59F5A 
 180      2C56
 181 004d B1351015 		.ascii	"\2615\020\025m\375\276\335\250\301\246\016\273\263\314"
 181      6DFDBEDD 
 181      A8C1A60E 
 181      BBB3CC
 182 005c CC33EFF7 		.ascii	"\3143\357\367\316\313\254.\244\330\241\204\330\"\204"
 182      CECBAC2E 
 182      A4D8A184 
 182      D82284
 183 006b F0D32B74 		.ascii	"\360\323+t\001)\350\2254iI\215:M\201>\320\000Z\206\010"
 183      0129E895 
 183      3469498D 
 183      3A4D813E 
 183      D0005A86 
 184 0080 4BA5218C 		.ascii	"K\245!\214\343*\241P\354\237\311K\377\260E\255\220\370"
 184      E32AA150 
 184      EC9FC94B 
 184      FFB045AD 
 184      90F8
 185 0092 DE12B1FA 		.ascii	"\336\022\261\372Zm\332\227T\302i\030\206_\020\366&\267"
 185      5A6DDA97 
 185      54C26918 
 185      865F10F6 
 185      26B7
 186 00a4 78AAD9D0 		.ascii	"x\252\331\320\334y\\\202AJ\032\315?\217\217\236S\307"
 186      DC795C82 
 186      414A1ACD 
ARM GAS  /tmp/ccLYuZ3E.s 			page 14


 186      3F8F8F9E 
 186      53C7
 187 00b6 94AD001E 		.ascii	"\224\255\000\036\316?=\373v5\017%\332i\2308?\366\265"
 187      CE3F3DFB 
 187      76350F25 
 187      DA699838 
 187      3FF6B5
 188 00c9 C977C1B2 		.ascii	"\311w\301\262\242Va\246\324z\"\326W\2624[)\226\301e"
 188      A25661A6 
 188      D47A22D6 
 188      57B2345B 
 188      2996C165 
 189 00dd B461046D 		.ascii	"\264a\004mn\231+\360\021\237\314\275\232\327\253|\351"
 189      6E992BF0 
 189      119FCCBD 
 189      9AD7AB7C 
 189      E9
 190 00ee 8174606D 		.ascii	"\201t`m9|u\031\374\344d\014\321\264%\353\342\031\007"
 190      397C7519 
 190      FCE4640C 
 190      D1B425EB 
 190      E21907
 191 0101 AFF5F2A9 		.ascii	"\257\365\362\251\264\346?^\256\301\227}\201\202\265"
 191      B4E63F5E 
 191      AEC1977D 
 191      8182B5
 192 0110 B8D44FE8 		.ascii	"\270\324O\350\326{\345\311\265^)\010\325\250\323t\356"
 192      D67BE5C9 
 192      B55E2908 
 192      D5A8D374 
 192      EE
 193 0121 0C1E0A31 		.ascii	"\014\036\0121\340\2444\250(n5\213h\371\375\221\303M"
 193      E0A434A8 
 193      286E358B 
 193      68F9FD91 
 193      C34D
 194 0133 1CCE9092 		.ascii	"\034\316\220\222Tq2S\371\334\310a(p\274\032\262Ta\026"
 194      54713253 
 194      F9DCC861 
 194      2870BC1A 
 194      B2546116 
 195 0147 C5F1552E 		.ascii	"\305\361U.\303\201\235\356+>\363\270\014\307\\y\364"
 195      C3819DEE 
 195      2B3EF3B8 
 195      0CC75C79 
 195      F4
 196 0158 F890D7C6 		.ascii	"\370\220\327\306P\204\370v[\351$\204Q\366Ek/\027\026"
 196      5084F876 
 196      5BE92484 
 196      51F6456B 
 196      2F1716
 197 016b 26BC66C6 		.ascii	"&\274f\306\212Gx\311@\0166\3168\006p\035&\011\307~\034"
 197      8A4778C9 
 197      400E36CE 
 197      3806701D 
 197      2609C77E 
 198 0180 4C7A5C69 		.ascii	"Lz\\i\335U\177\270T)\264\260\272\006\211\033\2443\215"
ARM GAS  /tmp/ccLYuZ3E.s 			page 15


 198      DD557FB8 
 198      5429B4B0 
 198      BA06891B 
 198      A4338D
 199 0193 F8D4C4A6 		.ascii	"\370\324\304\246*C@v.\377\255\331\005\004nV\003\030"
 199      2A434076 
 199      2EFFADD9 
 199      05046E56 
 199      0318
 200 01a5 E4A3B9E7 		.ascii	"\344\243\271\3479:\322\350\302\306o\363\345R\200g\376"
 200      393AD2E8 
 200      C2C66FF3 
 200      E5528067 
 200      FE
 201 01b6 F19ABA08 		.ascii	"\361\232\272\010\341\3305V\264;\366\327\356-\230\265"
 201      E1D83556 
 201      B43BF6D7 
 201      EE2D98B5 
 202 01c6 47A7BB84 		.ascii	"G\247\273\204\333\264\353\003b\251\373i\235\345Y \237"
 202      DBB4EB03 
 202      62A9FB69 
 202      9DE55920 
 202      9F
 203 01d7 9F9BF284 		.ascii	"\237\233\362\204\177Z\015\266\362$)\036\201;\010S\225"
 203      7F5A0DB6 
 203      F224291E 
 203      813B0853 
 203      95
 204 01e8 06077CBD 		.ascii	"\006\007|\275\256>\3077?_\303\275[\201#'\030\257r|d"
 204      AE3EC737 
 204      3F5FC3BD 
 204      5B812327 
 204      18AF727C 
 205 01fd FA3F14F3 		.ascii	"\372?\024\363_\322\252\376\006\376\201\356V7|D4UI\303"
 205      5FD2AAFE 
 205      06FE81EE 
 205      56377C44 
 205      345549C3 
 206 0211 01B90DB0 		.ascii	"\001\271\015\260=\252\2749\0200\377<=!s\357\256\240"
 206      3DAABC39 
 206      1030FF3C 
 206      3D2173EF 
 206      AEA0
 207 0223 B9AF677F 		.ascii	"\271\257g\177o\310\334\331\325\271q\203\331\321\261"
 207      6FC8DCD9 
 207      D5B97183 
 207      D9D1B1
 208 0232 CDECDADE 		.ascii	"\315\354\332\336y`=\257t\207z\273\203\301=\201\335\342"
 208      79603DAF 
 208      74877ABB 
 208      83C13D81 
 208      DDE2
 209 0244 17663217 		.ascii	"\027f2\027\335"
 209      DD
 210              		.text
 211              		.section	.gnu.lto_st_lld_init.2ca3e97046512ed5,"",%progbits
 212 0000 789C9596 		.ascii	"x\234\225\226\337O\024W\024\307\357\231;\263;\273,K"
ARM GAS  /tmp/ccLYuZ3E.s 			page 16


 212      DF4F1457 
 212      14C7EF99 
 212      3BB33BBB 
 212      2C4B
 213 0012 28254880 		.ascii	"(%H\200bjx\320\007&\324\244\361\017\360\245\021\236"
 213      626A78D0 
 213      0726D4A4 
 213      F10FF0A5 
 213      119E
 214 0024 F4A16FA6 		.ascii	"\364\241o\246i\037\332\204D#\246\2172\362\323`\242m"
 214      691FDA84 
 214      4423A68F 
 214      32F2D360 
 214      A26D
 215 0036 1AA518C9 		.ascii	"\032\245\030\311bLd\265\245\374(\264Bi]\326\037 \302"
 215      624C64B5 
 215      A5FC28B4 
 215      42695DD6 
 215      1F20C2
 216 0049 A2F8835F 		.ascii	"\242\370\203_\376**\202h\243\204Dk#\364\234;\263\213"
 216      FE2A2A82 
 216      68A38444 
 216      6B23F49C 
 216      3BB38B
 217 005c EEECAC3B 		.ascii	"\356\354\254;\033\366$\367\336\357=\237\363\275w\347"
 217      1BF624F7 
 217      DEEF3D9F 
 217      F3BD77E7 
 218 006c 0C0A93D8 		.ascii	"\014\012\223\330\3154\306\2660\3066\340\227)\014$\206"
 218      CD34C6B6 
 218      30C636E0 
 218      97290C24 
 218      86
 219 007d 5FE01839 		.ascii	"_\340\0309\310\030e\000\\\000V)q\031*\3410o\344\020"
 219      C8186500 
 219      5C005629 
 219      71192AE1 
 219      306FE410 
 220 0091 AE9FEB95 		.ascii	"\256\237\353\2256\266\352\370\0115.}P\247\327\256\013"
 220      36B6EAF8 
 220      09352E7D 
 220      50A7D7AE 
 220      0B
 221 00a2 E08E26CE 		.ascii	"\340\216&\316\304\007Za#C\331l\347\312\221t\227l\314"
 221      C4075A61 
 221      2343D96C 
 221      E7CA9174 
 221      976CCC
 222 00b5 43105C98 		.ascii	"C\020\\\230i\035\316_\253\3518\316\017\361\000\007\220"
 222      691DCE5F 
 222      ABE938CE 
 222      0FF10007 
 222      90
 223 00c6 71F862F4 		.ascii	"q\370b\364\330\003?\015%X\217\303\306\023=\257\322\212"
 223      D8033F0D 
 223      25588FC3 
 223      C6133DAF 
ARM GAS  /tmp/ccLYuZ3E.s 			page 17


 223      D28A
 224 00d8 4EEA7A95 		.ascii	"N\352z\225\036Z\271\342j\012\206j\326\0078\247,p\006"
 224      1E5AB9E2 
 224      6A0A866A 
 224      D60738A7 
 224      2C7006
 225 00eb F2E134E4 		.ascii	"\362\3414\344\033\224\237\240(N>4 \015\351rB\361\317"
 225      1B949FA0 
 225      284E3E34 
 225      200DE972 
 225      42F1CF
 226 00fe 42DCD479 		.ascii	"B\334\324y\377\205\022'\226\255\3426'\342_\234\224\321"
 226      FF851227 
 226      96ADE236 
 226      27E25F9C 
 226      94D1
 227 0110 EE44DCE1 		.ascii	"\356D\334\341\244\214N'\342.'e\374\352D\334\355\244"
 227      A48C4E27 
 227      E22E2765 
 227      FCEA44DC 
 227      EDA4
 228 0122 8C1E27E2 		.ascii	"\214\036'\342\337,e\214\227\232?\016\305\252\376\335"
 228      DF2C658C 
 228      979A3F0E 
 228      C5AAFEDD 
 229 0132 B6E804E2 		.ascii	"\266\350\004\342\263N\352\350u\"\356\263\224\361\317"
 229      B34EEAE8 
 229      7522EEB3 
 229      94F1CF
 230 0141 C847DF57 		.ascii	"\310G\337W\327\012\275\313\252\377\303\242_\212\232"
 230      D70ABDCB 
 230      AAFFC3A2 
 230      5F8A9A
 231 0150 4CA0EEB7 		.ascii	"L\240\356\267\250_'Q\377iQ\207\313\354\325\177Y\324"
 231      A85F2751 
 231      FF695187 
 231      CBECD57F 
 231      59D4
 232 0162 C349D4E7 		.ascii	"\303I\324\347\254\227\223D\035\262\250\247\223\250\007"
 232      AC979344 
 232      1DB2A8A7 
 232      93A807
 233 0171 2CEAD924 		.ascii	",\352\331$\3520\024\265\217CH_Y\255\327C\221mg\273W"
 233      EA3014B5 
 233      8F43485F 
 233      59ADD743 
 233      916D67BB 
 234 0186 3FFC1818 		.ascii	"?\374\030\030\376V%\0122\006Y\241\340\246\241J\301C"
 234      FE56250A 
 234      320659A1 
 234      E0A6A14A 
 234      C143
 235 0198 432F051F 		.ascii	"C/\005\037\006%\235\202\237\206\031\02421\270\262(d"
 235      06259D82 
 235      9F861914 
 235      3231B8B2 
 235      2864
ARM GAS  /tmp/ccLYuZ3E.s 			page 18


 236 01aa 53C8A190 		.ascii	"S\310\241\220K!\217B\001\205B\012\2145\210\366w\020"
 236      4B218F42 
 236      0185420A 
 236      8C3588F6 
 236      7710
 237 01bc 418C2F40 		.ascii	"A\214/@\325\362\374\271o\250\3515c\355\034j\232/\316"
 237      D5F2FCB9 
 237      6FA8E935 
 237      63ED1C6A 
 237      9A2FCE
 238 01cf 79A8C971 		.ascii	"y\250\311q\320\237\037\320e8\217\005\223J54\2229\021"
 238      D09F1FD0 
 238      65388F05 
 238      934A3534 
 238      923911
 239 01e2 EEF31813 		.ascii	"\356\363\030\023\324\031\217\326\206\307\334\306&\352"
 239      D4198FD6 
 239      86C7DCC6 
 239      26EA
 240 01f0 A72F0787 		.ascii	"\247/\007\207\017\370\002\320\274\037\373.\232w\323"
 240      0FF802D0 
 240      BC1FFB2E 
 240      9A77D3
 241 01ff AE0BE41B 		.ascii	"\256\013\344\033\327&\226\226\316\373\2646\275\006\002"
 241      D7269696 
 241      CEFBB436 
 241      BD0602
 242 020e 5C858B10 		.ascii	"\\\205\213\020\200\037E9p\0114L[\375\252\016\214\274"
 242      801F4539 
 242      7009344C 
 242      5BFDAA0E 
 242      8CBC
 243 0220 8A91BAFB 		.ascii	"\212\221\272\373\302`\235J\251\261\277\303\240\201>"
 243      C2609D4A 
 243      A9B1BFC3 
 243      A0813E
 244 022f 2AD00941 		.ascii	"*\320\011A`\003\032Z\003]\006\015\263\213\023\340\346"
 244      60031A5A 
 244      035D060D 
 244      B38B13E0 
 244      E6
 245 0240 0998DEDC 		.ascii	"\011\230\336\334\361f\325x\263\236\204P\325\006:,\240"
 245      F166D578 
 245      B39E8450 
 245      D5063A2C 
 245      A0
 246 0251 E2B57425 		.ascii	"\342\265t%\316\235\027s\245`\307m\223yd-\363(\331\361"
 246      CE9D1773 
 246      A560C76D 
 246      9379642D 
 246      F328D9F1 
 247 0265 0A3BB269 		.ascii	"\012;\262i'8l\226\353\303\215\015\325\003]\342\000\025"
 247      27386C96 
 247      EBC38D0D 
 247      D5035DE2 
 247      0015
 248 0277 D043DFE9 		.ascii	"\320C\337\351~\210\274\3531\335\234\210y\364\277}\241"
ARM GAS  /tmp/ccLYuZ3E.s 			page 19


 248      7E88BCEB 
 248      31DD9C88 
 248      79F4BF7D 
 248      A1
 249 0288 4AA20BF5 		.ascii	"J\242\013\365\320\256\261\204\205]\025\205IT\330\265"
 249      D0AEB184 
 249      855D1585 
 249      4954D8B5 
 250 0298 38CB1998 		.ascii	"8\313\031\230\372}\2261\263\317&\363\370Z\346\353d9"
 250      FA7D9631 
 250      B3CF26F3 
 250      F85AE6EB 
 250      6439
 251 02aa 4398981F 		.ascii	"C\230\230\037]p\033\3513qG\244\355\345s/\225\355\002"
 251      5D701BE9 
 251      337147A4 
 251      EDE5732F 
 251      95ED02
 252 02bd 7AE7CB70 		.ascii	"z\347\313p\303\300-\017m1y1c.\213\261\226}\370x\340"
 252      C3C02D0F 
 252      6D317931 
 252      632E8BB1 
 252      967DF878 
 253 02d2 BD64C2CD 		.ascii	"\275d\302\315\370\002\366Sm*\334\022%\210\177\022&@"
 253      F802F653 
 253      6D2ADC12 
 253      25887F12 
 253      2640
 254 02e4 43C193C8 		.ascii	"C\301\223\310B\2638[\025\306\006\030L\232'\033\214\230"
 254      42B3385B 
 254      15C60618 
 254      4C9A271B 
 254      8C98
 255 02f6 4799652D 		.ascii	"G\231e- \0211\313\2268%\2102\021\247\005q\261\277cR"
 255      201131CB 
 255      96382588 
 255      3211A705 
 255      71B1BF63 
 256 030b 3188ABF8 		.ascii	"1\210\253\370\311\200\231(s\314df\247\306\314\266e\336"
 256      C9809928 
 256      73CC6466 
 256      A7C6CCB6 
 256      65DE
 257 031d 164C7A40 		.ascii	"\026Lz@\340\216`\306\316L\005\006w\243\274I\223\227"
 257      E08E60C6 
 257      CE4C0506 
 257      77A3BC49 
 257      9397
 258 032f 931A2FC7 		.ascii	"\223\032/\307\206\227\006\367\004\017\373\022-\006\347"
 258      869706F7 
 258      040FFB12 
 258      2D06E7
 259 033e FEFDBCA4 		.ascii	"\376\375\274\244\235\326Z\272\304\265\337\007\0156\211"
 259      9DD65ABA 
 259      C4B5DF07 
 259      0D3689
 260 034d 96097F43 		.ascii	"\226\011\177CI\014??\025\275\367\334\324\370\271\266"
ARM GAS  /tmp/ccLYuZ3E.s 			page 20


 260      490C3F3F 
 260      15BDF7DC 
 260      D4F8B9B6 
 261 035d 7E6705DF 		.ascii	"~g\005\337M\204\007\010\213\031\2346\015\346\245\006"
 261      4D840708 
 261      8B199C36 
 261      0DE6A506 
 262 036d C8B3053C 		.ascii	"\310\263\005<\024\000\225\000\217\336\006\314\230\200"
 262      14009500 
 262      8FDE06CC 
 262      9880
 263 037b 82D40005 		.ascii	"\202\324\000\005\266\2009\001\360\020\340\261\270\261"
 263      B6803901 
 263      F010E0B1 
 263      B8B1
 264 0389 9EFA914E 		.ascii	"\236\372\221N\257qc\000\363Q\336m\223W\230\032\257\320"
 264      AF716300 
 264      F351DE6D 
 264      9357981A 
 264      AFD0
 265 039b 96B72078 		.ascii	"\226\267 x\324s\340\011\032\"\300\"\324\266\254\236"
 265      D473E009 
 265      1A22C022 
 265      D4B6AC9E 
 266 03ab E2948E76 		.ascii	"\342\224\216v\364\366>\235qW\276\321\325\000\3675Q\237"
 266      F4F63E9D 
 266      7157BED1 
 266      D500F735 
 266      519F
 267 03bd 8245A8A4 		.ascii	"\202E\250\244\205G\227\177\250\363Qe\351\370.|\012\371"
 267      8547977F 
 267      A8F35165 
 267      E9F82E7C 
 267      0AF9
 268 03cf D4A05E4F 		.ascii	"\324\240^O\034R\215)\025\236A~\200\373\3313\250j\371"
 268      1C528D29 
 268      159E417E 
 268      80FBD933 
 268      A86AF9
 269 03e2 AF55340E 		.ascii	"\257U4\016\361\266l\240\034\370\354\177Z\\\254\305\376"
 269      F1B66CA0 
 269      1CF8EC7F 
 269      5A5CACC5 
 269      FE
 270 03f3 7655685F 		.ascii	"vUh_\177Q\256\355\336\265go\205\266}G\331\346O\264\322"
 270      7F51AEED 
 270      DEB5676F 
 270      85B67D47 
 270      D9E64FB4 
 271 0408 D2ADDA8E 		.ascii	"\322\255\332\216\317\312\276-\241\225\235\025{w\226"
 271      CFCABE2D 
 271      A1959D15 
 271      7B7796
 272 0417 977F55FC 		.ascii	"\227\177U\374%\373\037\311\370\310K"
 272      25FB1FC9 
 272      F8C84B
 273              		.text
ARM GAS  /tmp/ccLYuZ3E.s 			page 21


 274              		.section	.gnu.lto_.symbol_nodes.2ca3e97046512ed5,"",%progbits
 275 0000 789C65CD 		.ascii	"x\234e\315\273\015\3020\024\205\341s\257\343\304y\355"
 275      BB0DC230 
 275      1485E173 
 275      AFE3C479 
 275      ED
 276 0011 44466282 		.ascii	"DFb\202k\004\242%0\000)\302\022\011P Q3\003\210\226"
 276      6B04A225 
 276      300029C2 
 276      12095020 
 276      51330388 
 277 0026 19104E2C 		.ascii	"\031\020N,$b\252\377\350k\216\006cN\000xC\002\3247\300"
 277      2462AAFF 
 277      E86B8E06 
 277      634E0078 
 277      4302D437 
 278 003b A5B3171B 		.ascii	"\245\263\027\033;\253I(\264-\011\207\266#Q\241u$Qh="
 278      3BAB4928 
 278      B42D0987 
 278      B62351A1 
 278      75245168 
 279 0050 890E6DCF 		.ascii	"\211\016m\317\022\207\326\260$\241\265,\346\357\203"
 279      1287D6B0 
 279      24A1B52C 
 279      E6EF83
 280 005f 25FD5ABF 		.ascii	"%\375Z\277\250\206\007\226l\"tb\311G\001\254\23598\262"
 280      A8860796 
 280      6C227462 
 280      C94701AC 
 280      9D3938B2 
 281 0073 141338B3 		.ascii	"\024\0238\263\224\277\240\030h\357\357J)\362\215\330"
 281      94BFA018 
 281      68EFEF4A 
 281      29F28DD8 
 282 0083 572BDF38 		.ascii	"W+\3378\362M\264\257\311q\030\232\306x>\206\032,\327"
 282      F24DB4AF 
 282      C971189A 
 282      C6783E86 
 282      1A2CD7
 283 0096 AFC6A834 		.ascii	"\257\306\2504A\353G\201\3538\262\022\253\235\033\370"
 283      41EB4781 
 283      EB38B212 
 283      AB9D1BF8 
 284 00a6 005B0E68 		.ascii	"\000[\016h\360"
 284      F0
 285              		.text
 286              		.section	.gnu.lto_.refs.2ca3e97046512ed5,"",%progbits
 287 0000 789C6365 		.ascii	"x\234ce`b`d\000\002\000\000I\000\011"
 287      60626064 
 287      00020000 
 287      490009
 288              		.text
 289              		.section	.gnu.lto_.decls.2ca3e97046512ed5,"",%progbits
 290 0000 789CCD58 		.ascii	"x\234\315XkPTI\226\256\254,^\005\024\006v\364\032\273"
 290      6B505449 
 290      96AEAC2C 
 290      5E051406 
ARM GAS  /tmp/ccLYuZ3E.s 			page 22


 290      76F41ABB 
 291 0014 EE46470F 		.ascii	"\356FG\017\261\022\263;\024\250\343\314\306\354l\250"
 291      B112B33B 
 291      14A8E3CC 
 291      C6EC6CA8 
 292 0024 050A31D2 		.ascii	"\005\0121\322m\024t\307\306\304\366T\320X\266\354\360"
 292      6D1474C7 
 292      C6C4F654 
 292      D058B6EC 
 292      F0
 293 0035 70007B75 		.ascii	"p\000{u&v\347\362j\001\321\366m\343\023E\004\004\021"
 293      2676E7F2 
 293      6A01D1F6 
 293      6DE31345 
 293      040411
 294 0048 B40579A8 		.ascii	"\264\005y\250P\205\200\010\212\250\200\274\004DDDDh"
 294      50858008 
 294      8AA880BC 
 294      04444444 
 294      4468
 295 005a 0401754F 		.ascii	"\004\001uOf\336\252{\353re\372\307n\304\334\360\253"
 295      66DEAA7B 
 295      EB7265FA 
 295      C76EC4DC 
 295      F0AB
 296 006c AA73F3CB 		.ascii	"\252s\363\313/O\236<y2\321N\241Td\374\275B\361\017v"
 296      2F4F9E3C 
 296      7932D14E 
 296      A15464FC 
 296      BD42F10F 
 297 0081 0AC572AC 		.ascii	"\012\305r\254P\274\203\307E\241P\234S\010\217\006P\000"
 297      50BC83C7 
 297      45A1509C 
 297      53088F06 
 297      5000
 298 0093 28045C00 		.ascii	"(\004\\\000|\017(\006\\\006\224\001*\000W\001\225\000"
 298      7C0F2806 
 298      5C069401 
 298      2A005701 
 298      9500
 299 00a5 13A01A50 		.ascii	"\023\240\032P\003\270\257\230\373|\201\024\012{\370"
 299      03B8AF98 
 299      FB7C8114 
 299      0A7BF8
 300 00b4 FE1CE00E 		.ascii	"\376\034\340\016\370\000\320\004\350\004\364\362\034"
 300      F800D004 
 300      E804F4F2 
 300      1C
 301 00c1 253FDE13 		.ascii	"%?\336\023\231\376!?\262\177\341{\372\033\241?\346\373"
 301      99FE213F 
 301      B27FE17B 
 301      FA1BA13F 
 301      E6FB
 302 00d3 0F8AE6A9 		.ascii	"\017\212\346\251\344\347V \323'l\236>\337\363cI\237"
 302      E4E75620 
 302      D3276C9E 
 302      3EDFF363 
ARM GAS  /tmp/ccLYuZ3E.s 			page 23


 302      499F
 303 00e5 8879FA14 		.ascii	"\210y\372\024\363cI\237?\314\323\3472?\226\364\3312"
 303      F363499F 
 303      3FCCD3E7 
 303      323F96F4 
 303      D932
 304 00f7 4F9F327E 		.ascii	"O\2372~,\351\263m\236>\025\374X\322\347\277\347\351"
 304      2CE9B36D 
 304      9E3E15FC 
 304      58D2E7BF 
 304      E7E9
 305 0109 43D6BE5A 		.ascii	"C\326\276Z\246O\034\364qR\330\256\325?\301\273%\360"
 305      A64F1CF4 
 305      7152D8AE 
 305      D53FC1BB 
 305      25F0
 306 011b FD53F81E 		.ascii	"\375S\370\036\021i\201\251X\004\037\220\2064\217\312"
 306      116981A9 
 306      58041F90 
 306      86348FCA 
 307 012b 785DE24F 		.ascii	"x]\342O\215\214v\022p\335$\332\177\342\265\223\021\033"
 307      8D8C7612 
 307      70DD24DA 
 307      7FE2B593 
 307      111B
 308 013d E78FFC18 		.ascii	"\347\217\374\030\333\021\033o\026~\247 \226/\367\000"
 308      DB111B6F 
 308      167EA720 
 308      962FF700 
 309 014d CE80AFC0 		.ascii	"\316\200\257\300\336\014\340\000?\001x\000\376\226\350"
 309      DE0CE000 
 309      3F017800 
 309      FE96E8
 310 015c 00FE0EF0 		.ascii	"\000\376\016\360!\340\037\001\177\203\330\\I~\313\345"
 310      21E01F01 
 310      7F83D85C 
 310      497ECBE5 
 311 016c F5218C7A 		.ascii	"\365!\214zz\357'\331w\243N2\025D\0366+\321C\314w\226"
 311      7AEF27D9 
 311      77A34E32 
 311      15441E36 
 311      2BD143CC 
 312 0182 8734236B 		.ascii	"\2074#k\014\005*\222tR\360D\200-\321\322*V\024D\250"
 312      0C052A92 
 312      7452F044 
 312      802DD1D2 
 312      2A561444 
 313 0197 03D40971 		.ascii	"\003\324\011q\017\336\244\377\224\314@\326v\013W$\310"
 313      0FDEA4FF 
 313      94CC40D6 
 313      760B5724 
 313      C8
 314 01a8 CF02C9B8 		.ascii	"\317\002\311\270\305\036l\231\375p\332\370\011\325C"
 314      C51E6C99 
 314      FD70DAF8 
 314      09D543
 315 01b7 D48590B3 		.ascii	"\324\205\220\263\"c%\242\357\316LN\355\320`\030\007"
ARM GAS  /tmp/ccLYuZ3E.s 			page 24


 315      226325A2 
 315      EFCE4C4E 
 315      EDD06018 
 315      07
 316 01c8 7E3F7C9D 		.ascii	"~?|\235\263\306+\237c\217\343b!l\327\337MV\272\355\302"
 316      B3C62B9F 
 316      638FE362 
 316      216CD7DF 
 316      4D56BAED 
 317 01dd C85D8D94 		.ascii	"\310]\215\224`6\2176\034s\006\363\0035Z\000\346T\334"
 317      60368F36 
 317      1C7306F3 
 317      03355A00 
 317      E654DC
 318 01f0 FD2AF5A2 		.ascii	"\375*\365\242\203\264W\002\267@\211>\377\020\345\243"
 318      83B45702 
 318      B740893E 
 318      FF10E5A3 
 319 0200 C5280F81 		.ascii	"\305(\017\201\004:\207\026\301\347\227*\246tev\362\215"
 319      043A8716 
 319      C1E7972A 
 319      A6746576 
 319      F28D
 320 0212 DBC7195C 		.ascii	"\333\307\031\\e%W\371\302\364\323\364\266~\216K\205"
 320      652557F9 
 320      C2F4D3F4 
 320      B67E8E4B 
 320      85
 321 0223 7E484588 		.ascii	"~HE\210(\027at\026y\221I\302O\370\314A\017\021\312F"
 321      28176174 
 321      16799149 
 321      C24FF8CC 
 321      410F11CA 
 322 0238 DD30BF02 		.ascii	"\3350\277\002\3641Y\301\023O\366\271\3425\324\337K\345"
 322      F43159C1 
 322      134FF6B9 
 322      E235D4DF 
 322      4BE5
 323 024a C579AEBC 		.ascii	"\305y\256\274X\3631\234\316U\306s\\\206\222*\235\027"
 323      58F3319C 
 323      CE55C673 
 323      5C86922A 
 323      9D17
 324 025c 94CE4B95 		.ascii	"\224\316K\225\012\251\222\371U\3139\007\254\247J\373"
 324      0AA992F9 
 324      55CB3907 
 324      ACA74AFB 
 325 026c 77978C38 		.ascii	"w\227\2148\362J\365'l\225\212\004\245\"\251\322\005"
 325      F24AF527 
 325      6C958A04 
 325      A522A9D2 
 325      05
 326 027d AA74A3FF 		.ascii	"\252t\243\377\234I\203\215T\251lw\301Y5\257\324\227"
 326      9C49838D 
 326      54A96C77 
 326      C15935AF 
 326      D497
ARM GAS  /tmp/ccLYuZ3E.s 			page 25


 327 028f 63AB7451 		.ascii	"c\253tQP\272(U\372\236*\215\276\272\271\007\343?R\245"
 327      50BA2855 
 327      FA9E2A8D 
 327      BEBAB907 
 327      E33F52A5 
 328 02a3 F2CC2CB3 		.ascii	"\362\314,\263%T\035\271\036O/p\\\022\307U\262@]\022"
 328      25541DB9 
 328      1E4F2F70 
 328      5C12C755 
 328      B2405D12 
 329 02b7 A42E49A5 		.ascii	"\244.I\245\212\251\324\376\254\332\024\025.@le\237\347"
 329      8AA9D4FE 
 329      ACDA1415 
 329      2E406C65 
 329      9FE7
 330 02c9 D63BF05A 		.ascii	"\326;\360ZC\277\267q\252DP*\221*]\246JO\262\271I\015"
 330      43BFB771 
 330      AA44502A 
 330      912A5DA6 
 330      4A4FB2B9 
 331 02df AE624A17 		.ascii	"\256bJ\027\317\236\276\215x\245Ge\377\234\232\371\015"
 331      CF9EBE8D 
 331      78A54765 
 331      FF9C9AF9 
 331      0D
 332 02f0 D704EBE7 		.ascii	"\327\004\353\347O\027\032\225\012b\245R\2612*v\252\355"
 332      4F171A95 
 332      0A62A552 
 332      B1322A76 
 332      AAED
 333 0302 C1057B3C 		.ascii	"\301\005{<\311\304\256\267\024_\266,\340\330\016\333"
 333      C9C4AEB7 
 333      145FB62C 
 333      E0D80EDB 
 334 0312 60950B52 		.ascii	"`\225\013R\345R\251\012*55QU\345\210\323X\356\016\366"
 334      E552A90A 
 334      2A353551 
 334      55E588D3 
 334      58EE0EF6 
 335 0326 0F0F5BFC 		.ascii	"\017\017[\374\252?b+uE\220\272\"\225\272J\245\236\277"
 335      AA3F622B 
 335      754590BA 
 335      2295BA4A 
 335      A59EBF
 336 0339 18CED6E0 		.ascii	"\030\316\326\340\014&u\322t0\313\016\2442@\352v\343"
 336      0C2675D2 
 336      7430CB0E 
 336      A43240EA 
 336      76E3
 337 034b F26BA7D8 		.ascii	"\362k\247\330\024W\262)^\023\304\256I\305*\251\330\313"
 337      1457B229 
 337      5E13C4AE 
 337      49C52AA9 
 337      D8CB
 338 035d B417196E 		.ascii	"\264\027\031n\270\207\211\325\357\317\333\347\306\213"
 338      B88789D5 
 338      EFCFDBE7 
ARM GAS  /tmp/ccLYuZ3E.s 			page 26


 338      C68B
 339 036b DDBAE9C2 		.ascii	"\335\272\351\302\374\342\230_U\202T\225T\312D\245RJ"
 339      FCE2985F 
 339      55825495 
 339      54CA44A5 
 339      524A
 340 037d CC3B311E 		.ascii	"\314;1\036fR\343\2653I$I{ \013\036\346\376\353\315\302"
 340      6652E3B5 
 340      33492449 
 340      7B200B1E 
 340      E6FEEBCD 
 341 0392 7E2E59CD 		.ascii	"~.Y\315\2342\013Jf\304\366;\252\246\012\017G\307k\235"
 341      9C320B4A 
 341      66C4F63B 
 341      AAA60A0F 
 341      47C76B9D 
 342 03a6 F13BA6B0 		.ascii	"\361;\246\260/\273}\273\222WxfZq(!\303\223v\277.t\277"
 342      2FBB7DBB 
 342      92577866 
 342      5A712821 
 342      C39376BF 
 343 03bd 6EE95E43 		.ascii	"n\351^C\273\037\271\327\227\251\304{1\355\336U\227\233"
 343      BB1FB9D7 
 343      97A9C47B 
 343      31EDDE55 
 343      979B
 344 03cf 8761DF2F 		.ascii	"\207a\337/Q#Rz\334\340\325\371\341\322\327\256\354\025"
 344      5123527A 
 344      DCE0D5F9 
 344      E1D2D7AE 
 344      EC15
 345 03e1 61347F3B 		.ascii	"a4\177;v\332\001g2\372\235\304\302\243\230U\015\025"
 345      76DA0167 
 345      32FA9DC4 
 345      C2A39855 
 345      0D15
 346 03f3 094BE3E1 		.ascii	"\011K\343\341G\032V5>:\204\225\351\365\255&\025\362"
 346      471A5635 
 346      3E3A8495 
 346      E9F5AD26 
 346      15F2
 347 0405 549F2165 		.ascii	"T\237!e\243r\362\371\277\245\217q\334G\350\026R\243"
 347      A372F2F9 
 347      BFA58F71 
 347      DC47E816 
 347      52A3
 348 0417 7AC19D25 		.ascii	"z\301\235%j\370L\346\270xnw\002\347\004Y\326\000\205"
 348      6AF84CE6 
 348      B8786E77 
 348      02E70459 
 348      D60085
 349 042a E5261416 		.ascii	"\345&\024\026\324\210<\311\250\204\207n\300\313:x\011"
 349      D4883CC9 
 349      A884876E 
 349      C0CB3A78 
 349      09
 350 043b A3E49EDE 		.ascii	"\243\344\236\336s\312\036\247\253\210\007\312\232\253"
ARM GAS  /tmp/ccLYuZ3E.s 			page 27


 350      73CA1EA7 
 350      AB8807CA 
 350      9AAB
 351 0449 1D6D2AA4 		.ascii	"\035m*\244\366\224\025\270##\300\234iM\373\311`\033"
 351      F69415B8 
 351      2323C09C 
 351      694DFBC9 
 351      601B
 352 045b 71A6099C 		.ascii	"q\246\011\234\271-8\003\276\261*fz\375p\201\012*=%@"
 352      B92D3803 
 352      BEB12A66 
 352      7AFD7081 
 352      0A2A3D25 
 353 0470 698357A9 		.ascii	"i\203W\251Y7\246\261\365]3\242/o\336\031kuyoe\274G+"
 353      5937A6B1 
 353      F55D33A2 
 353      2F6FDE19 
 353      6B75796F 
 354 0488 E35DC497 		.ascii	"\343]\304\227\306\374\222\272\026\015\2778\2559\370"
 354      C6FC92BA 
 354      160DBF38 
 354      AD39F8
 355 0497 78424D1A 		.ascii	"xBM\032w\022Q\032\252\025\234\250\265,\320}\272@\251"
 355      7712511A 
 355      AA159CA8 
 355      B52CD07D 
 355      BA40A9
 356 04aa C577BB55 		.ascii	"\305w\273U\352d2\002\235 \211\266e\212\012\324B<F\332"
 356      EA643202 
 356      9D2089B6 
 356      658A0AD4 
 356      423C46DA 
 357 04be C5C89B06 		.ascii	"\305\310\233\006\347\376\324\225i\027\\dG\202\243\352"
 357      E7FED495 
 357      69175C64 
 357      4782A3EA 
 358 04ce C91C7B66 		.ascii	"\311\034{f\217<\027#\244\006\234\261\224}\005j\207\011"
 358      8F3C1723 
 358      A4069CB1 
 358      947D056A 
 358      8709
 359 04e0 B4F2A3C0 		.ascii	"\264\362\243\300s\230\003\365\321?\223\327l%FOqx\221"
 359      739803F5 
 359      D13F93D7 
 359      6C25464F 
 359      717891
 360 04f3 022DA3AA 		.ascii	"\002-\243\252\250\015\302\330N\207\351\200a\037\300"
 360      A80DC2D8 
 360      4E87E980 
 360      611FC0
 361 0502 B0873947 		.ascii	"\260\2079G\372\006\006L{~\347;\027\367\335\324;\022"
 361      FA06064C 
 361      7B7EE73B 
 361      17F7DDD4 
 361      3B12
 362 0514 50AA2D44 		.ascii	"P\252-D\240\023\271[\234\244\006\364\350\2379W\246a"
 362      A013B95B 
ARM GAS  /tmp/ccLYuZ3E.s 			page 28


 362      9CA406F4 
 362      E89F3957 
 362      A661
 363 0526 49630FE6 		.ascii	"Ic\017\346\344\371\214[\256\357\235^\267ez]l\361\177"
 363      E4F98C5B 
 363      AEEF9D5E 
 363      B7657A5D 
 363      6CF17F
 364 0539 484D9AE4 		.ascii	"HM\232\3443\316\001\314\234\201\243\273\\X\306\375\022"
 364      33CE01CC 
 364      9C81A3BB 
 364      5C58C6FD 
 364      12
 365 054a CC8EA6FC 		.ascii	"\314\216\246\374\032W\2513= \366\220\212\365Rg\272\231"
 365      1A57A933 
 365      3D20F690 
 365      8AF55267 
 365      BA99
 366 055c 33BDD499 		.ascii	"3\275\324\231\326\001\323\006\\L\303\205\316\236;^\250"
 366      D601D306 
 366      5C4CC385 
 366      CE9E3B5E 
 366      A8
 367 056d C1D5CCD8 		.ascii	"\301\325\314\330a2\037\265\207\325F\217h\234\344S\242"
 367      61321FB5 
 367      87D5468F 
 367      689CE453 
 367      A2
 368 057e BA30EF8D 		.ascii	"\2720\357\215\346\275\253?@W\377\261e\365\237]\335\271"
 368      E6BDAB3F 
 368      4057FFB1 
 368      65F59F5D 
 368      DDB9
 369 0590 53C3D7AF 		.ascii	"S\303\327\257\3262\334v\276#\215\313\210\343V\326)\011"
 369      D632DC76 
 369      BE238DCB 
 369      88E356D6 
 369      2909
 370 05a2 13F55912 		.ascii	"\023\365Y\022\000\365\303Q\331'\255\026O\330^\237j\355"
 370      00F5C351 
 370      D927AD16 
 370      4FD85E9F 
 370      6AED
 371 05b4 767149B5 		.ascii	"vqI\265&;\335\333B\264\006\221\013M\034\370\006rI\357"
 371      263BDDDB 
 371      42B40691 
 371      0B4D1CF8 
 371      067249EF 
 372 05c8 816B4E2C 		.ascii	"\201kN,Vm\304\201\303\345?\324\3331\333\2214\217\344"
 372      566DC481 
 372      C3E53FD4 
 372      DB31DB91 
 372      348FE4
 373 05db 95B8B2D8 		.ascii	"\225\270\262\330U\222\346\273\003'\023]Xs\023\261\315"
 373      5592E6BB 
 373      0327135D 
 373      587313B1 
ARM GAS  /tmp/ccLYuZ3E.s 			page 29


 373      CD
 374 05ec 2DB5A32A 		.ascii	"-\265\243*\274\333\236\206#9\177\227\031\223UJ\370Q"
 374      BCDB9E86 
 374      23397F97 
 374      1993554A 
 374      F851
 375 05fe BB0C7A34 		.ascii	"\273\014z44\3144\332\341\203\254\373\216\353\227j\370"
 375      34CC34DA 
 375      E183ACFB 
 375      8EEB976A 
 375      F8
 376 060f 65ABA3A7 		.ascii	"e\253\243\247q\231\271\334\031\247\263\306G\251}f{|"
 376      7199B9DC 
 376      19A7B3C6 
 376      47A97D66 
 376      7B7C
 377 0621 9C1916AF 		.ascii	"\234\031\026\257\334y\257NtL@\2618\305\032\313K*j\370"
 377      DC79AF4E 
 377      744C40B1 
 377      38C51ACB 
 377      4B2A6AF8 
 378 0635 19788B6E 		.ascii	"\031x\213n)\356\354\226R<p\243F\315&\304!r\023i\356"
 378      29EEEC96 
 378      523C70A3 
 378      46CD26C4 
 378      21721369 
 379 064a 5C89B359 		.ascii	"\\\211\263YO\323Xa6?9L\246\223>\326\344\366\336\244"
 379      4FD35861 
 379      363F394C 
 379      A6933ED6 
 379      E4F6DEA4 
 380 065e 9BB624DD 		.ascii	"\233\266$\335k6\225\007S\327\333\355\204\264R\321\014"
 380      6B369507 
 380      53D7DBED 
 380      84B452D1 
 380      0C
 381 066f 9804FA2B 		.ascii	"\230\004\372+J\237\241i5m)\035\327\017\214h\304\344"
 381      4A9FA169 
 381      356D291D 
 381      D70F8C68 
 381      C4E4
 382 0681 91F9C805 		.ascii	"\221\371\310\005\231Y\207\3248\2179yd\274\353)\277`"
 382      995987D4 
 382      388F3979 
 382      64BCEB29 
 382      BF60
 383 0693 9EE4E2F6 		.ascii	"\236\344\342\366\252<\301\021\237gm\373\256\036kt\300"
 383      AA3CC111 
 383      9F676DFB 
 383      AE1E6B74 
 383      C0
 384 06a4 17996129 		.ascii	"\027\231a)\264\356\264\320\242\370\326\325\270\204\265"
 384      B4EEB4D0 
 384      A2F8D6D5 
 384      B884B5
 385 06b3 5CDBB3B7 		.ascii	"\\\333\263\267\013\341rf\214$>\356\341\343\263\010\314"
 385      0BE17266 
ARM GAS  /tmp/ccLYuZ3E.s 			page 30


 385      8C243EEE 
 385      E1E3B308 
 385      CC
 386 06c4 03379F2D 		.ascii	"\0037\237-\301\225\254\351m\235y\011\256a\277k\212s"
 386      C195ACE9 
 386      6D9D7909 
 386      AE61BF6B 
 386      8A73
 387 06d6 B2116E60 		.ascii	"\262\021n`\306\330\341\232gj\334\304\214\214\346\243"
 387      C6D8E19A 
 387      676ADCC4 
 387      8C8CE6A3 
 388 06e6 971DF15D 		.ascii	"\227\035\361]f\234\231:x\306\005\2671\343^\351\375d"
 388      669C993A 
 388      78C605B7 
 388      31E35EE9 
 388      FD64
 389 06f8 67DCC527 		.ascii	"g\334\305'GQ\321w\316\270\227\031\361\345\017\366\360"
 389      4751D177 
 389      CEB89719 
 389      F1E50FF6 
 389      F0
 390 0709 37C91E62 		.ascii	"7\311\036b\367g\365g8\361\253B\366{js\303$\302\217\031"
 390      F767F567 
 390      38F1AB42 
 390      F67B6A73 
 390      C324C28F 
 391 071e F9C09503 		.ascii	"\371\300\225\003\2274\322\310>\203`\015\321`\355V\012"
 391      9734D2C8 
 391      3E83600D 
 391      D160ED56 
 391      0A
 392 072f D503D84D 		.ascii	"\325\003\330M\2173\263T\322\320\276\217\375\341\213"
 392      8F33B354 
 392      D2D0BE8F 
 392      FDE18B
 393 073e D4AA0957 		.ascii	"\324\252\011W\344\341\341\261\320C\364x\322\317S\\b"
 393      E4E1E1B1 
 393      D043F478 
 393      D2CF535C 
 393      62
 394 074f 02ECC22E 		.ascii	"\002\354\302.\234V\324\177#\216;\275\210J\375\000[\360"
 394      9C56D47F 
 394      238E3BBD 
 394      884AFD00 
 394      5BF0
 395 0761 8072A190 		.ascii	"\200r\241\220\332\343T\267\201|*X\027S\012\271x$b\312"
 395      DAE354B7 
 395      817C2A58 
 395      17530AB9 
 395      782462CA 
 396 0775 7F2EE50F 		.ascii	"\177.\345\017\317\341\017%\213\370cR\376(\345\373\020"
 396      CFE10F25 
 396      8BF86352 
 396      FE28E5FB 
 396      10
 397 0786 FA1E7E56 		.ascii	"\372\036~V+U\012\264K\271\030\355T\222&\302\206\215"
ARM GAS  /tmp/ccLYuZ3E.s 			page 31


 397      2B550AB4 
 397      4BB918ED 
 397      549226C2 
 397      868D
 398 0798 854E293D 		.ascii	"\205N)=\321!\245\007:\0108\0168\002\370\016p\006p\030"
 398      D121A507 
 398      3A08380E 
 398      3802F80E 
 398      70067018 
 399 07ac 70127014 		.ascii	"p\022p\024p\002\220\0118\0158\006\310\006\354\005\354"
 399      70029009 
 399      380D3806 
 399      C806EC05 
 399      EC
 400 07bd 076400D2 		.ascii	"\007d\000\322\001\373\000YJ\017Z\371\231\223\323\377"
 400      01FB0059 
 400      4A0F5AF9 
 400      9993D3FF 
 401 07cd 23F8B8   		.ascii	"#\370\270"
 402 07d0 4329F151 		.ascii	"C)\361Q+\235\322\230\210\235&\313\366\021\310\315\177"
 402      2B9DD298 
 402      889D26CB 
 402      F611C8CD 
 402      7F
 403 07e1 16C8C952 		.ascii	"\026\310\311R\362+$aO\213\243\365B>\272\"z\237H\374"
 403      F22B2461 
 403      4F8BA3F5 
 403      423EBA22 
 403      7A9F48FC 
 404 07f5 1BA978A2 		.ascii	"\033\251x\242R\302\256\027\261S\244\354\2419+7&\242"
 404      52C2AE17 
 404      B153A4EC 
 404      A1392B37 
 404      26A2
 405 0807 2748E971 		.ascii	"'H\351qR\361f\261\347o\244\236OH=7\211\304S\345}\021"
 405      52F166B1 
 405      E76FA49E 
 405      4F483D37 
 405      89C453E5 
 406 081d 8745C48E 		.ascii	"\207E\304\216\227w\305\306s\261//\345s\316&GE\362I\362"
 406      9777C5C6 
 406      73B12F2F 
 406      E573CE26 
 406      4745F249 
 407 0832 61647476 		.ascii	"adtvw\032y\353\036\007\177\316\021\232\202\277\262\010"
 407      771A79EB 
 407      1E077FCE 
 407      119A82BF 
 407      B208
 408 0844 A954938C 		.ascii	"\251T\223\214K\341\317\230\024{\252\306I\325\336J\247"
 408      4BE1CF98 
 408      147BAAC6 
 408      49D5DE4A 
 408      A7
 409 0855 562FF6F5 		.ascii	"V/\366\365\235\324\327\267\266\276\306\001?\005\307"
 409      9DD4D7B7 
 409      B6BEC601 
ARM GAS  /tmp/ccLYuZ3E.s 			page 32


 409      3F05C7
 410 0864 51FE1EA5 		.ascii	"Q\376\036\245;\372\226\227\267\224\000\364T*\337.\232"
 410      3BFA9697 
 410      B79400F4 
 410      542ADF2E 
 410      9A
 411 0875 DA76F9F4 		.ascii	"\332v\371\364\023\253\267'\363\352\263\310\035M\361"
 411      13ABB727 
 411      F3EAB3C8 
 411      1D4DF1
 412 0884 DE586A37 		.ascii	"\336Xj7\277\212\214O\356\312\015-9\360\027\205\003\275"
 412      BF8A8C4F 
 412      EECA0D2D 
 412      39F01785 
 412      03BD
 413 0896 879A8E57 		.ascii	"\207\232\216W\300\215\324s!\013QK\012N !:\013\335s\224"
 413      C08DD473 
 413      210B514B 
 413      0A4E2021 
 413      3A0BDD73 
 414 08ab D68B1D89 		.ascii	"\326\213\035\211\230\374NG\271\260\301\377\2777;)\373"
 414      98FC4E47 
 414      B9B0C1FF 
 414      BF373B29 
 414      FB
 415 08bc 4FBFED55 		.ascii	"O\277\355U\212\357\017gE\001Q\240<%\273?\3007\271\256"
 415      8AEF0F67 
 415      450151A0 
 415      3C25BB3F 
 415      C037B9AE 
 416 08d0 36D676F2 		.ascii	"6\326v\362\207v29Ogs\006>\304\371t\276\177\341RZ\240"
 416      87763239 
 416      4F677306 
 416      3EC4F974 
 416      BE7FE152 
 417 08e6 E40F502D 		.ascii	"\344\017P-=?\373o\027^t\343\353v\202\245\312\013\354"
 417      3D3FFB6F 
 417      175E74E3 
 417      EB7682A5 
 417      CA0BEC
 418 08f9 F3B46ED3 		.ascii	"\363\264n\323>\012\3211\356\316\037\343\247/\367\314"
 418      3E0AD131 
 418      EECE1FE3 
 418      A72FF7CC 
 419 0909 225CCCC6 		.ascii	"\"\\\314\306\255\254I\203\252[\305\214\344\336\355w"
 419      ADAC4983 
 419      AA5BC58C 
 419      E4DEED77 
 420 0919 79E614B1 		.ascii	"y\346\024\261\337\231&\333\\q-k|\367\364A&\177\230\216"
 420      DF9926DB 
 420      5C712D6B 
 420      7CF7F441 
 420      267F988E 
 421 092d 12FB5069 		.ascii	"\022\373Pi\337\250\006\337a\215{\314\023\343\316\370"
 421      DFA806DF 
 421      618D7BCC 
 421      13E3CEF8 
ARM GAS  /tmp/ccLYuZ3E.s 			page 33


 422 093d 3E333A4F 		.ascii	">3:O\355\317R1\346 \261\217\315\316&\252p;kl\216\337"
 422      EDCF5231 
 422      E620B18F 
 422      CDCE26AA 
 422      703B6B6C 
 423 0953 77DA1EF7 		.ascii	"w\332\036\3673cf${\324\036\2170\303<~\364\245\013\236"
 423      33636624 
 423      7BD41E8F 
 423      30C33C7E 
 423      F4A50B9E 
 424 0967 6246D2E9 		.ascii	"bF\322\351{i\0168\336\221\375\031\327\261\263\306\005"
 424      7B690E38 
 424      DE91FD19 
 424      D7B1B3C6 
 424      05
 425 0978 A731A3BA 		.ascii	"\2471\243\272\356\321]G|\220\031q\203\205\3331\316`"
 425      EED15D47 
 425      7C901971 
 425      8385DB31 
 425      CE60
 426 098a C6CB2673 		.ascii	"\306\313&s\252\023>\313\214\306\224\275\007\224\370"
 426      AA133ECB 
 426      8CC694BD 
 426      0794F8
 427 0999 02332CD7 		.ascii	"\0023,\327Zwv\255}wd\364\230\013.cm\025\231I\271\216"
 427      5A7776AD 
 427      7D7764F4 
 427      980B2E63 
 427      6D159949 
 428 09af B89A1989 		.ascii	"\270\232\031\211\267vv\272\340\006f\024\014n\257t\300"
 428      B77676BA 
 428      E0066614 
 428      0C6EAF74 
 428      C0
 429 09c0 F7785AE3 		.ascii	"\367xZ\343\353|\015\356\344\215\216KZ<\300~\237\034"
 429      EB7C0DEE 
 429      E48D8E4B 
 429      5A3CC07E 
 429      9F1C
 430 09d2 2CDDE786 		.ascii	",\335\347\206_0\243\267\353I\252\006O1\343\233k\007"
 430      5F30A3B7 
 430      EB49AA06 
 430      4F31E39B 
 430      6B07
 431 09e4 AE38E178 		.ascii	"\2568\341x'\346vO7\302;\330\357g\251\225\017\224x?3"
 431      27E6764F 
 431      37C23BD8 
 431      EF67A995 
 431      0F94783F 
 432 09f9 724B77F6 		.ascii	"rKw\366\332\341c\314xT\222\370J\205O2#o\366x\223\023"
 432      DAE163CC 
 432      785492F8 
 432      4A854F32 
 432      236FF678 
 433 0a0f 3EC38CA6 		.ascii	">\303\214\246\262\236\307\032\\\300\214\361\352\234"
 433      B29EC71A 
 433      5CC08CF1 
ARM GAS  /tmp/ccLYuZ3E.s 			page 34


 433      EA9C
 434 0a1d 71FE4EB0 		.ascii	"q\376N\260\233,i}\362\021o\376J\340Dn\026w\017\277\264"
 434      9B2C697D 
 434      F2116FFE 
 434      4AE0446E 
 434      16770FBF 
 435 0a32 C74594FB 		.ascii	"\307E\224\373\361\211\313\2453j$9\265\205\223\333\372"
 435      F189CBA5 
 435      336A2439 
 435      B58593DB 
 435      FA
 436 0a43 B00D7EFB 		.ascii	"\260\015~\373\274]\362\271z\270H\233\020\335\344\027"
 436      BC5DF2B9 
 436      7AB8489B 
 436      10DDE417 
 437 0a53 60B7B589 		.ascii	"`\267\265\2117y\241\264R\367\375N(\011UR\266\370\300"
 437      3779A1B4 
 437      52F7FD4E 
 437      28095552 
 437      B6F8C0
 438 0a66 17EFD37B 		.ascii	"\027\357\323{\260O\357R\2456~\223>\205M:\016\233\253"
 438      B04FEF52 
 438      A5367E93 
 438      3E854D3A 
 438      0E9BAB
 439 0a79 07F01030 		.ascii	"\007\360\0200\010\030\006\274\004\264\003&\000\223\200"
 439      081806BC 
 439      04B40326 
 439      009380
 440 0a88 0780C780 		.ascii	"\007\200\307\200\027\200~\300s\300\020\340\011\240\025"
 440      17807EC0 
 440      73C010E0 
 440      09A015
 441 0a97 3002E805 		.ascii	"0\002\350\005<\003<\002\214\001F\001\035\200W\200>\300"
 441      3C033C02 
 441      8C014601 
 441      1D805780 
 441      3EC0
 442 0aa9 00A01BD0 		.ascii	"\000\240\033\320\002\350\004t\001~\2609\301\207\276"
 442      02E80474 
 442      017EB039 
 442      C187BE
 443 0ab8 10267543 		.ascii	"\020&uC:\251\271'D\263\210\336 \245\31798\333\015\002"
 443      3AA9B927 
 443      44B388DE 
 443      20A5CF39 
 443      38DB0D02 
 444 0acc BB4CCADE 		.ascii	"\273L\312\3369G\274~\223@/\222_\016\013\235\324\312"
 444      3947BC7E 
 444      93402F92 
 444      5F0E0B9D 
 444      D4CA
 445 0ade 669E0E55 		.ascii	"f\236\016U\000\235\223\322\363\305\276\020\366\264\201"
 445      009D93D2 
 445      F3C5BE10 
 445      F6B481
 446 0aed 1568B8EB 		.ascii	"\025h\270\353\241\357y\266\265\374_\224z>\366\037\202"
ARM GAS  /tmp/ccLYuZ3E.s 			page 35


 446      A1EF79B6 
 446      B5FC5F94 
 446      7A3EF61F 
 446      82
 447 0afe 2B4D52ED 		.ascii	"+MR\3559\307\354\220\210}G\312\236{\015\022\345\321"
 447      39C7EC90 
 447      887D47CA 
 447      9E7B0D12 
 447      E5D1
 448 0b10 35297BCE 		.ascii	"5){\316UeH\024\303\022)\373\222\324o\223\210}E\312\236"
 448      55654814 
 448      C31229FB 
 448      92D46F93 
 448      887D45CA 
 449 0b25 73C89944 		.ascii	"s\310\231D\236\324H\331\023H\032\360\261/\204\020\326"
 449      9ED448D9 
 449      13481AF0 
 449      B12F8410 
 449      D6
 450 0b36 494338E7 		.ascii	"IC8\347\200\036\023\271R,\357\2708*\355\"_L\362\273"
 450      801E13B9 
 450      522CEFB8 
 450      382AED22 
 450      5F4CF2BB 
 451 0b4a 4B7CB111 		.ascii	"K|\261\021E\374\266\374\372\210o\036-\235\354\346\321"
 451      45FCB6FC 
 451      FA886F1E 
 451      2D9DECE6 
 451      D1
 452 0b5b 26BD79C0 		.ascii	"&\275y\300qV\331\322\355\2767\201\253\363\246\207K\265"
 452      7156D9D2 
 452      EDBE3781 
 452      ABF3A687 
 452      4BB5
 453 0b6d 54CC3CC7 		.ascii	"T\314<\307\323i\221\247W\345\327\317\346\342/\3322\267"
 453      D36991A7 
 453      57E5D7CF 
 453      E6E22FDA 
 453      32B7
 454 0b7f A4F43917 		.ascii	"\244\3649\027\331z\221\370uy_DI=\364;aE*\245+2:'h\""
 454      D97A91F8 
 454      75795F44 
 454      493DF43B 
 454      61452AA5 
 455 0b99 4F6AE597 		.ascii	"Oj\345\227[|1\025\255_\271\374\346\025\373-\322n\224"
 455      5B7C3115 
 455      AD5FB9FC 
 455      E615FB2D 
 455      D26E94
 456 0bac 9FA53595 		.ascii	"\237\2455\225 \346\365\2748\011y\205|\236\212c\330'"
 456      20E6F5BC 
 456      38097985 
 456      7C9E8A63 
 456      D827
 457 0bbe 5AEE66D9 		.ascii	"Z\356f\331\015&\256:\2422r_\276.\210]i\377Bp\345\246"
 457      0D26AE3A 
 457      A232725F 
ARM GAS  /tmp/ccLYuZ3E.s 			page 36


 457      BE2E885D 
 457      69FF4270 
 458 0bd4 7C49136F 		.ascii	"|I\023o\202>Q\035)\225\206\374\362\2343C\024\226z\371"
 458      823E511D 
 458      299586FC 
 458      F29C3343 
 458      14967AF9 
 459 0be8 F2EAC3DF 		.ascii	"\362\352\303\337\012'\362\363\273\234\361\013z\226)"
 459      0A27F2F3 
 459      BB9CF10B 
 459      7A9629
 460 0bf7 E34D371E 		.ascii	"\343M7\036\273Xo\205\003\203\366\034\347\210\246\241"
 460      BB586F85 
 460      0383F61C 
 460      E788A6A1 
 461 0c07 F3947029 		.ascii	"\363\224p)l\233s)\264\0346\3505\2341\177m\347\015L\261"
 461      6C9B7329 
 461      B41C36E8 
 461      359C317F 
 461      6DE70D4C 
 462 0c1c A87F2241 		.ascii	"\250\177\"A%\276DN\333\\\"g\370K\344\014\275D\276n\336"
 462      25BE444E 
 462      DB5C2267 
 462      F84BE40C 
 462      BD44BE6E 
 463 0c31 95648767 		.ascii	"\225d\207g\330=\300\334UX\350\210\343\331\377$\277\351"
 463      D83DC0DC 
 463      5558E888 
 463      E3D9FF24 
 463      BFE9
 464 0c43 BFD6E384 		.ascii	"\277\326\343\204S\250ao\316j.\325\300\251\357\271\320"
 464      53A8616F 
 464      CE6A2ED5 
 464      C0A9EFB9 
 464      D0
 465 0c54 72B2D754 		.ascii	"r\262\327T\360\373\231\004\375-\304+\036\317\373\367"
 465      F0FB9904 
 465      FD2DC42B 
 465      1ECFFBF7 
 466 0c64 DAF4AF84 		.ascii	"\332\364\257\2045\232\225\247\373\010\245\244\273\234"
 466      359A95A7 
 466      FB08A5A4 
 466      BB9C
 467 0c72 95126089 		.ascii	"\225\022`\211K\211x\031\204\377\263!Rd\015\342\260'"
 467      4B897819 
 467      84FFB321 
 467      52640DE2 
 467      B027
 468 0c84 4AC01E28 		.ascii	"J\300\036(\021\300\001\336\331\234\301#\345\"\207\337"
 468      11C001DE 
 468      D99CC123 
 468      E52287DF 
 469 0c94 483D90A6 		.ascii	"H=\220\246\367\330\257l\367\302\\\262\365\017\215\357"
 469      F7D8AF6C 
 469      F7C25CB2 
 469      F50F8DEF 
 470 0ca4 FADFF420 		.ascii	"\372\337\364 \274\233\006J\231n\256*PZS\352V\205\212"
ARM GAS  /tmp/ccLYuZ3E.s 			page 37


 470      BC9B064A 
 470      996EAE2A 
 470      505A53EA 
 470      56858A
 471 0cb7 A4D476E8 		.ascii	"\244\324v\350\234\204\255)E&%?\027\364\015L\341/M\007"
 471      9C84AD29 
 471      4526253F 
 471      17F40D4C 
 471      E12F4D07 
 472 0ccb 86AC3BF3 		.ascii	"\206\254;\363\3558\026/\361v,^\342d\314\226\030\276"
 472      ED38162F 
 472      F1762C5E 
 472      E264CC96 
 472      18BE
 473 0cdd 813CDC79 		.ascii	"\201<\334y\341\206M>\334\263\371O\311\024\236L\276\235"
 473      E1864D3E 
 473      DCB3F94F 
 473      C9149E4C 
 473      BE9D
 474 0cef 364745C7 		.ascii	"6GE\307\032\302\243B\177\357\270\366\223\317>\322\371"
 474      1AC2A342 
 474      7FEFB8F6 
 474      93CF3ED2 
 474      F9
 475 0d00 F828BCBD 		.ascii	"\370(\274\275\274\264\326\177Q1\332\320\250\210\210"
 475      BCB4D67F 
 475      5131DAD0 
 475      A88888
 476 0d0f A8482D21 		.ascii	"\250H-!\306hW\351\003u\201[\265\241\233B\243\242\215"
 476      C66857E9 
 476      0375815B 
 476      B5A19B42 
 476      A3A28D
 477 0d22 86AF7F11 		.ascii	"\206\257\177\021\341\265I\341L5\266D\022\025w\253\236"
 477      E1B549E1 
 477      4C35B644 
 477      121577AB 
 477      9E
 478 0d33 61637454 		.ascii	"actT\204!,&\372\003Q\263\365\345\202\320MA\333b\326"
 478      84212C26 
 478      FA0351B3 
 478      F5E582D0 
 478      4D41DB62 
 479 0d48 C1AB35F0 		.ascii	"\301\2535\360& H\377\261d\324\350XmXdh\370\226\015F"
 479      262048FF 
 479      B164D4E8 
 479      586D5864 
 479      68F8960D 
 480 0d5d 182C665B 		.ascii	"\030,f[\014\214\343N\373|F\205\370^\356Q1!\341\363\013"
 480      0C8CE34E 
 480      FB7C4685 
 480      F85EEE51 
 480      3121E1F3 
 481 0d72 6D0A09D7 		.ascii	"m\012\011\327\022\026Q$\337 \364\001\337\313Fj!y\371"
 481      12165124 
 481      DF20F401 
 481      DFCB466A 
ARM GAS  /tmp/ccLYuZ3E.s 			page 38


 481      2179F9
 482 0d85 694C7058 		.ascii	"iLpX\2041\332?$rC\2701:\300\361schlT\364j\357\0252\242"
 482      8431DA3F 
 482      247243B8 
 482      313AC0F1 
 482      7363686C 
 483 0da0 2C2041C1 		.ascii	", A\301\201\313\226j\327\255\363\325\006\007\004~\355"
 483      81CB966A 
 483      D7ADF3D5 
 483      0607047E 
 483      ED
 484 0db1 435A0C31 		.ascii	"CZ\0141\020\201\360\015^\241\012g\366\313\020\026\031"
 484      1081F00D 
 484      5EA10A67 
 484      F6CB1016 
 484      19
 485 0dc2 16CBBCB7 		.ascii	"\026\313\274\267\221w7\320\320\204E\377\301`\334\034"
 485      917737D0 
 485      D08445FF 
 485      C160DC1C 
 486 0dd2 161EF5D5 		.ascii	"\026\036\365\325\026\343\202\310\257\303B\375\"C\276"
 486      16E382C8 
 486      AFC342FD 
 486      2243BE
 487 0de1 0C37B2B1 		.ascii	"\0147\262\261\325\006\303\226\260\310\330eK\015\261"
 487      D506C396 
 487      B0C8D865 
 487      4B0DB1
 488 0df0 FFA98DDA 		.ascii	"\377\251\215\332\034\253]\025\033\025\036\036\026j\010"
 488      1CAB5D15 
 488      1B151E1E 
 488      166A08
 489 0dff 8EDE620C 		.ascii	"\216\336b\014\012\376\3147\340S\303\306\250h\003\365"
 489      0AFECC37 
 489      E053C3C6 
 489      A86803F5 
 490 0e0f C3B0F597 		.ascii	"\303\260\365\227+\014+\226\033\376\305\313\307\313\233"
 490      2B0C2B96 
 490      1BFEC5CB 
 490      C7CB9B
 491 0e1e AC557054 		.ascii	"\254UpTTx\2146$:\342g!\254\333\317\214!_\206Y#\033\021"
 491      54788C36 
 491      243AE267 
 491      21ACDBCF 
 491      8C215F86 
 492 0e36 12BA292C 		.ascii	"\022\272),\322\2505l0n\014\331\022\036k\210\335\266"
 492      D2A8356C 
 492      306E0CD9 
 492      121E6B88 
 492      DDB6
 493 0e48 D94842ED 		.ascii	"\331HB\355h\031\323\360\177>&\254\245\026\"\264\001"
 493      6819D3F0 
 493      7F3E26AC 
 493      A51622B4 
 493      01
 494 0e59 068081BC 		.ascii	"\006\200\201\274\336\033X>\355\370\204#a\001\272*tS"
 494      DE1B583E 
ARM GAS  /tmp/ccLYuZ3E.s 			page 39


 494      EDF88423 
 494      6101BA2A 
 494      7453
 495 0e6b 48B4ABC1 		.ascii	"H\264\253\301\020c\2145\254^\025\344\267^\037\340\032"
 495      10638C35 
 495      AC5E15E4 
 495      B75E1FE0 
 495      1A
 496 0e7c 12FE5F21 		.ascii	"\022\376_!\333b \306\3410\225_\313'\257qk,Q\322\352"
 496      DB6220C6 
 496      E130955F 
 496      CB27AF71 
 496      6B2C51D2 
 497 0e91 02830282 		.ascii	"\002\203\002\202\264:\310]m\200%\273\"b\302b\014_\205"
 497      B43AC85D 
 497      6D8025BB 
 497      2262C262 
 497      0C5F85
 498 0ea4 12793B9D 		.ascii	"\022y;\235.P\277L\371\251^\345\033\270J\217}uz\325j"
 498      2E50BF4C 
 498      F9A95EE5 
 498      1BB84A8F 
 498      7D757AD5 
 499 0eb9 DF603DD6 		.ascii	"\337`=\326\351\364X\017X\245\327\343\365A:\254\373$"
 499      E9F4580F 
 499      58A5D7E3 
 499      F5413AAC 
 499      FB24
 500 0ecb 58A5D3F9 		.ascii	"X\245\323\371\351)\177)\375\364\301~k\365\312 \350\031"
 500      E9297F29 
 500      FDF4C17E 
 500      6BF5CA20 
 500      E819
 501 0edd E0A75705 		.ascii	"\340\247W\005\005\002[\247_\012\360\001\346\277\353"
 501      05025BA7 
 501      5F0AF001 
 501      E6BFEB
 502 0eec 7FFEA313 		.ascii	"\177\376\243\023(&6\202\004>\214\356,\253a\210u\322"
 502      28263682 
 502      043E8CEE 
 502      2CAB6188 
 502      75D2
 503 0efe FB05F9E9 		.ascii	"\373\005\371\351?\367\363\375\205z\375\272u\001K\203"
 503      3FF7F3FD 
 503      857AFDBA 
 503      75014B83 
 504 0f0e 746BD6EA 		.ascii	"tk\326\352\355\202\202tk\365\326\246\025X\027D\\\326"
 504      ED828274 
 504      6BF5D6A6 
 504      15581744 
 504      5CD6
 505 0f20 09AF7EEE 		.ascii	"\011\257~\356\264j\375\352\245\353\326\373}\242'\277"
 505      B46AFDEA 
 505      A5EBD6FB 
 505      7DA227BF 
 506 0f30 7CD82F4B 		.ascii	"|\330/K\353r\247U\376\253\227\361\255\376V\236\277\224"
 506      EB72A755 
ARM GAS  /tmp/ccLYuZ3E.s 			page 40


 506      FEAB97F1 
 506      ADFE569E 
 506      BF94
 507 0f42 B7CC81A8 		.ascii	"\267\314\201\250\300\033\362\355#nY\352@\024h\213?\317"
 507      C01BF2ED 
 507      236E59EA 
 507      4014688B 
 507      3FCF
 508 0f54 F0B765F8 		.ascii	"\360\267e\3708\222\276\372\240`=\371\341C~X\333\274"
 508      3892BEFA 
 508      A0603DF9 
 508      E1437E58 
 508      DBBC
 509 0f66 1D496FD6 		.ascii	"\035Io\326\346o!\3713\022\326\005\350Ud\222\0160_\362"
 509      E66F21F9 
 509      3312D605 
 509      E8556492 
 509      0E305FF2 
 510 0f7a ADD4E91D 		.ascii	"\255\324\351\035|u\277!?\245\341\024-sP0\013\351\232"
 510      7C75BF21 
 510      3FA5E114 
 510      2D735030 
 510      0BE99A
 511 0f8d E55BB7B2 		.ascii	"\345[\267\262`n\\\356\355\263\225,\257\263^\2473\004"
 511      606E5CEE 
 511      EDB3952C 
 511      AFB35EA7 
 511      3304
 512 0f9f 43       		.ascii	"C"
 513 0fa0 8AFB1A37 		.ascii	"\212\373\0327\332\023_\326\374\326>\300W\367\251\257"
 513      DA135FD6 
 513      FCD63EC0 
 513      57F7A9AF 
 514 0fb0 1FB196AE 		.ascii	"\037\261\226\256\371\255\306w\365\332@\335g\026\316"
 514      F9ADC677 
 514      F5DA40DD 
 514      6716CE
 515 0fbf FF025410 		.ascii	"\377\002T\020A\255"
 515      41AD
 516              		.text
 517              		.section	.gnu.lto_.symtab.2ca3e97046512ed5,"",%progbits
 518 0000 56656374 		.ascii	"VectorB0\000"
 518      6F724230 
 518      00
 519 0009 00       		.ascii	"\000"
 520 000a 00       		.ascii	"\000"
 521 000b 00       		.ascii	"\000"
 522 000c 00000000 		.ascii	"\000\000\000\000\000\000\000\000"
 522      00000000 
 523 0014 C0000000 		.ascii	"\300\000\000\000"
 524 0018 73745F6C 		.ascii	"st_lld_init\000"
 524      6C645F69 
 524      6E697400 
 525 0024 00       		.ascii	"\000"
 526 0025 00       		.ascii	"\000"
 527 0026 00       		.ascii	"\000"
 528 0027 00000000 		.ascii	"\000\000\000\000\000\000\000\000"
ARM GAS  /tmp/ccLYuZ3E.s 			page 41


 528      00000000 
 529 002f C2000000 		.ascii	"\302\000\000\000"
 530 0033 63685379 		.ascii	"chSysTimerHandlerI\000"
 530      7354696D 
 530      65724861 
 530      6E646C65 
 530      724900
 531 0046 00       		.ascii	"\000"
 532 0047 02       		.ascii	"\002"
 533 0048 00       		.ascii	"\000"
 534 0049 00000000 		.ascii	"\000\000\000\000\000\000\000\000"
 534      00000000 
 535 0051 C4000000 		.ascii	"\304\000\000\000"
 536 0055 5F706F72 		.ascii	"_port_irq_epilogue\000"
 536      745F6972 
 536      715F6570 
 536      696C6F67 
 536      756500
 537 0068 00       		.ascii	"\000"
 538 0069 02       		.ascii	"\002"
 539 006a 00       		.ascii	"\000"
 540 006b 00000000 		.ascii	"\000\000\000\000\000\000\000\000"
 540      00000000 
 541 0073 C6000000 		.ascii	"\306\000\000\000"
 542 0077 6E766963 		.ascii	"nvicEnableVector\000"
 542      456E6162 
 542      6C655665 
 542      63746F72 
 542      00
 543 0088 00       		.ascii	"\000"
 544 0089 02       		.ascii	"\002"
 545 008a 00       		.ascii	"\000"
 546 008b 00000000 		.ascii	"\000\000\000\000\000\000\000\000"
 546      00000000 
 547 0093 D5000000 		.ascii	"\325\000\000\000"
 548              		.text
 549              		.section	.gnu.lto_.opts,"",%progbits
 550 0000 272D666D 		.ascii	"'-fmath-errno' '-fsigned-zeros' '-ftrapping-math' '"
 550      6174682D 
 550      6572726E 
 550      6F272027 
 550      2D667369 
 551 0033 2D666E6F 		.ascii	"-fno-trapv' '-fno-strict-overflow' '-fno-openmp' '-"
 551      2D747261 
 551      70762720 
 551      272D666E 
 551      6F2D7374 
 552 0066 666E6F2D 		.ascii	"fno-openacc' '-mcpu=cortex-m4' '-mfloat-abi=hard' '"
 552      6F70656E 
 552      61636327 
 552      20272D6D 
 552      6370753D 
 553 0099 2D6D6670 		.ascii	"-mfpu=fpv4-sp-d16' '-mno-thumb-interwork' '-mthumb'"
 553      753D6670 
 553      76342D73 
 553      702D6431 
 553      36272027 
ARM GAS  /tmp/ccLYuZ3E.s 			page 42


 554 00cc 20272D67 		.ascii	" '-ggdb' '-O0' '-ffunction-sections' '-fdata-sectio"
 554      67646227 
 554      20272D4F 
 554      30272027 
 554      2D666675 
 555 00ff 6E732720 		.ascii	"ns' '-fno-common' '-flto'\000"
 555      272D666E 
 555      6F2D636F 
 555      6D6D6F6E 
 555      2720272D 
 556              		.text
 557              		.comm	__gnu_lto_v1,1,1
 558              		.comm	__gnu_lto_slim,1,1
 559              		.ident	"GCC: (GNU Tools for ARM Embedded Processors (Build 17.03)) 6.3.1 20170215 (release) [ARM/e
ARM GAS  /tmp/ccLYuZ3E.s 			page 43


DEFINED SYMBOLS
                            *ABS*:0000000000000000 hal_st_lld.c
                            *COM*:0000000000000001 __gnu_lto_v1
                            *COM*:0000000000000001 __gnu_lto_slim

NO UNDEFINED SYMBOLS
