ARM GAS  /tmp/ccV9lzBE.s 			page 1


   1              		.cpu cortex-m4
   2              		.eabi_attribute 27, 1
   3              		.eabi_attribute 28, 1
   4              		.eabi_attribute 20, 1
   5              		.eabi_attribute 21, 1
   6              		.eabi_attribute 23, 3
   7              		.eabi_attribute 24, 1
   8              		.eabi_attribute 25, 1
   9              		.eabi_attribute 26, 1
  10              		.eabi_attribute 30, 6
  11              		.eabi_attribute 34, 1
  12              		.eabi_attribute 18, 4
  13              		.file	"hal_mmcsd.c"
  14              		.text
  15              	.Ltext0:
  16              		.section	.gnu.lto_.inline.a634eddd007df761,"",%progbits
  17 0000 789C6365 		.ascii	"x\234ce`\002Bd\000\000\000\250\000\012"
  17      60024264 
  17      000000A8 
  17      000A
  18              		.text
  19              		.section	.gnu.lto_.symbol_nodes.a634eddd007df761,"",%progbits
  20 0000 789C6365 		.ascii	"x\234ce`\002B\020\000\000\000X\000\012"
  20      60024210 
  20      00000058 
  20      000A
  21              		.text
  22              		.section	.gnu.lto_.refs.a634eddd007df761,"",%progbits
  23 0000 789C6365 		.ascii	"x\234ce`b`d\000\002\000\000I\000\011"
  23      60626064 
  23      00020000 
  23      490009
  24              		.text
  25              		.section	.gnu.lto_.decls.a634eddd007df761,"",%progbits
  26 0000 789C6365 		.ascii	"x\234ce`b\000\001F V\001\342\377@\000b\257e \000\000"
  26      60620001 
  26      46205601 
  26      E2FF4000 
  26      62AF6520 
  27 0016 BC1D04D7 		.ascii	"\274\035\004\327"
  28              		.text
  29              		.section	.gnu.lto_.symtab.a634eddd007df761,"",%progbits
  30              		.text
  31              		.section	.gnu.lto_.opts,"",%progbits
  32 0000 272D666D 		.ascii	"'-fmath-errno' '-fsigned-zeros' '-ftrapping-math' '"
  32      6174682D 
  32      6572726E 
  32      6F272027 
  32      2D667369 
  33 0033 2D666E6F 		.ascii	"-fno-trapv' '-fno-strict-overflow' '-fno-openmp' '-"
  33      2D747261 
  33      70762720 
  33      272D666E 
  33      6F2D7374 
  34 0066 666E6F2D 		.ascii	"fno-openacc' '-mcpu=cortex-m4' '-mfloat-abi=hard' '"
  34      6F70656E 
  34      61636327 
ARM GAS  /tmp/ccV9lzBE.s 			page 2


  34      20272D6D 
  34      6370753D 
  35 0099 2D6D6670 		.ascii	"-mfpu=fpv4-sp-d16' '-mno-thumb-interwork' '-mthumb'"
  35      753D6670 
  35      76342D73 
  35      702D6431 
  35      36272027 
  36 00cc 20272D67 		.ascii	" '-ggdb' '-O0' '-ffunction-sections' '-fdata-sectio"
  36      67646227 
  36      20272D4F 
  36      30272027 
  36      2D666675 
  37 00ff 6E732720 		.ascii	"ns' '-fno-common' '-flto'\000"
  37      272D666E 
  37      6F2D636F 
  37      6D6D6F6E 
  37      2720272D 
  38              		.text
  39              		.comm	__gnu_lto_v1,1,1
  40              		.comm	__gnu_lto_slim,1,1
  41              		.ident	"GCC: (GNU Tools for ARM Embedded Processors (Build 17.03)) 6.3.1 20170215 (release) [ARM/e
ARM GAS  /tmp/ccV9lzBE.s 			page 3


DEFINED SYMBOLS
                            *ABS*:0000000000000000 hal_mmcsd.c
                            *COM*:0000000000000001 __gnu_lto_v1
                            *COM*:0000000000000001 __gnu_lto_slim

NO UNDEFINED SYMBOLS
