ARM GAS  /tmp/ccb17ivN.s 			page 1


   1              		.cpu cortex-m4
   2              		.eabi_attribute 27, 1
   3              		.eabi_attribute 28, 1
   4              		.eabi_attribute 20, 1
   5              		.eabi_attribute 21, 1
   6              		.eabi_attribute 23, 3
   7              		.eabi_attribute 24, 1
   8              		.eabi_attribute 25, 1
   9              		.eabi_attribute 26, 1
  10              		.eabi_attribute 30, 6
  11              		.eabi_attribute 34, 1
  12              		.eabi_attribute 18, 4
  13              		.file	"hal_lld.c"
  14              		.text
  15              	.Ltext0:
  16              		.section	.gnu.lto_.inline.226c2b5423e54551,"",%progbits
  17 0000 789C6365 		.ascii	"x\234ce`b\360e@\000f\006\006~>\006\006&\251\007\267"
  17      6062F065 
  17      40006606 
  17      067E3E06 
  17      0626A907 
  18 0015 18195880 		.ascii	"\030\031X\200\222@\300\310 e\002\024\322zp\235\011."
  18      9240C0C8 
  18      20650214 
  18      D27A709D 
  18      092E
  19 0027 C4854230 		.ascii	"\304\205B01\034g8\006\242\273\030\037\034\345\200)b"
  19      311C6738 
  19      06A2BB18 
  19      1F1CE580 
  19      2962
  20 0039 00005146 		.ascii	"\000\000QF\010|"
  20      087C
  21              		.text
  22              		.section	.gnu.lto_hal_lld_backup_domain_init.226c2b5423e54551,"",%progbits
  23 0000 789C9554 		.ascii	"x\234\225TKOSA\024\236s\347\336>(\265@\\\020C\"\033"
  23      4B4F5341 
  23      149E73E7 
  23      DE3E28B5 
  23      405C1043 
  24 0016 166CB846 		.ascii	"\026l\270F\300\237\340\316\225\356\215\217\205\013\022"
  24      C09FE0CE 
  24      95EE8D8F 
  24      850B12
  25 0025 8CB86061 		.ascii	"\214\270`a\302\364\301#\220@4\221\212\201\\\210\022"
  25      C2F4C123 
  25      90403491 
  25      8A815C88 
  25      12
  26 0036 0ACA4B41 		.ascii	"\012\312KA\004DJ\021)(\020\215\306\205.\010\022\202"
  26      04444A11 
  26      2928108D 
  26      C6852E08 
  26      1282
  27 0048 0B124122 		.ascii	"\013\022A\"\340\203zf\346\226j\037jozO;3\337\234\357"
  27      E0837A66 
  27      E6966A1F 
ARM GAS  /tmp/ccb17ivN.s 			page 2


  27      6A6F7A4F 
  27      3B33DF9C 
  28 005d 3B67BEA9 		.ascii	";g\276\251F\0242a!\244\224\020R\210/\321\010(\004_\205"
  28      46143261 
  28      21A49410 
  28      52882FD1 
  28      0828045F 
  29 0072 12C21415 		.ascii	"\022\302\024\025\203J\001\277@\005\300e U\012U\241\012"
  29      834A01BF 
  29      4005C065 
  29      20550A55 
  29      A10A
  30 0084 9AA89F42 		.ascii	"\232\250\237B\250vmT)\354b\370\004\375\037J\335\254"
  30      A8766D54 
  30      29EC62F8 
  30      04FD1F4A 
  30      DDAC
  31 0096 3AD7C07D 		.ascii	":\327\300}-\224\210\007\272\240\220 lep\377\246\323"
  31      2D948807 
  31      BAA09020 
  31      6C6570FF 
  31      A6D3
  32 00a8 A2CA7908 		.ascii	"\242\312y\010\200\00539q\376\225o\240\2256R\203\002"
  32      80053339 
  32      71FE956F 
  32      A0953652 
  32      8302
  33 00ba A838DC5C 		.ascii	"\2508\334\\\270\375\361\020\037*\220\217C\177\307\360"
  33      B8FDF110 
  33      1F2A908F 
  33      437FC7F0 
  34 00ca AEA3E00E 		.ascii	"\256\243\340\016c\036\026\\\034\241-\201\240/\337\240"
  34      631E165C 
  34      1CA12D81 
  34      A02FDFA0 
  35 00da 9467811E 		.ascii	"\224g\201\036\310\203n\310\223,\367\240 \016\036\236"
  35      C8836EC8 
  35      932CF7A0 
  35      200E1E9E 
  36 00ea 52C24C4D 		.ascii	"R\302LM\012\276/\300-\203\313\233Z\034XM\004\367\246"
  36      0ABE2FC0 
  36      2D83CB9B 
  36      5A1C584D 
  36      04F7A6
  37 00fd 03EE4B90 		.ascii	"\003\356K\220\261\342\367\202\347.S\014\252%\302\373"
  37      B1E2F782 
  37      E72E530C 
  37      AA25C2FB 
  38 010d D3C93D90 		.ascii	"\323\311=\220\000~s#\232;\011|0A\312\327\332h\003\223"
  38      007E7323 
  38      9A3B097C 
  38      3041CAD7 
  38      DA680393 
  39 0121 48799000 		.ascii	"Hy\220\000\377\3667\345\017\023\340\213\255\271\327"
  39      FFF637E5 
  39      0F13E08B 
  39      ADB9D7
ARM GAS  /tmp/ccb17ivN.s 			page 3


  40 0130 BDD5A95A 		.ascii	"\275\325\251Z>\224\316\371\014\247\323\226G\351\200"
  40      3E94CEF9 
  40      0CA7D396 
  40      47E980
  41 013f 47A0A0FF 		.ascii	"G\240\240\3775\004\331~\244\026\373\261\006\235\375"
  41      3504D97E 
  41      A416FBB1 
  41      069DFD
  42 014e 8D705821 		.ascii	"\215pX!\250\202\362\240aP-<\3300hv\376+\203\007\007"
  42      A882F2A0 
  42      61502D3C 
  42      D8306876 
  42      FE2B8307 
  43 0163 1F3A7970 		.ascii	"\037:ypq\\\026\017\331|!\207\007B\352\205\333\033(^"
  43      715C160F 
  43      D97C2187 
  43      0742EA85 
  43      DB1B285E 
  44 0177 1BFA093C 		.ascii	"\033\372\011<\333\353{'\270\307\333\250\202\332:~\372"
  44      DBEB7B27 
  44      B8C7DBA8 
  44      82DA3A7E 
  44      FA
  45 0188 FAECDCD3 		.ascii	"\372\354\334\323\024\330\262\233\251\360\030\345p\224"
  45      14D8B29B 
  45      A9F018E5 
  45      7094
  46 0196 4D62A839 		.ascii	"Mb\2509\021\032\263\313\011\01575W\207\226\254r\023"
  46      111AB3CB 
  46      090D3735 
  46      578796AC 
  46      7213
  47 01a8 BF3E3BB3 		.ascii	"\277>;\263\363u\231\006\264\271\361\232\341\001\212"
  47      F3759906 
  47      B4B9F19A 
  47      E1018A
  48 01b7 5DA3BC2A 		.ascii	"]\243\274*\\{\267\2655\235\251\3672\037\030\324\012"
  48      5C7BB7B5 
  48      359DA9F7 
  48      321F18D4 
  48      0A
  49 01c8 6360C02D 		.ascii	"c`\300-!\007\306A\307\264\336\335\032\220y\315\324}"
  49      2107C641 
  49      C7B4DEDD 
  49      1A9079CD 
  49      D47D
  50 01da EB93AD19 		.ascii	"\353\223\255\031<\265\012L\201'\222\273Yp'eRR0M\304"
  50      3CB50A4C 
  50      812792BB 
  50      59702765 
  50      5252304D 
  51 01ef 989E828E 		.ascii	"\230\236\202\216\351EQ\201k\222\314\206x_\333\314\232"
  51      E9455181 
  51      6B92CC86 
  51      785FDBCC 
  51      9A
  52 0200 A85C03F6 		.ascii	"\250\\\003\366\271\016+\237\374\263P\373\357\205j\311"
ARM GAS  /tmp/ccb17ivN.s 			page 4


  52      B90E2B9F 
  52      FCB350FB 
  52      EF856AC9 
  53 0210 0AB56122 		.ascii	"\012\265a\"\010\306\323\273\371\222\025\246\204\000"
  53      08C6D3BB 
  53      F99215A6 
  53      8400
  54 021e F1971492 		.ascii	"\361\227\024\222\245\376\250\351\326d\352\014\231}\265"
  54      A5FEA8E9 
  54      D664EA0C 
  54      997DB5
  55 022d 73B5DD6E 		.ascii	"s\265\335n\326j\201iL\264\012\276\367\323%&\210{rc\357"
  55      D66A8169 
  55      4CB40ABE 
  55      F7D32526 
  55      887B7263 
  56 0242 880950E1 		.ascii	"\210\011P\341\231i\224\006\364\203y\222\373\307$\326"
  56      99699406 
  56      F4837992 
  56      FBC724D6 
  57 0252 1115BF1D 		.ascii	"\021\025\277\035>\232\244U\355\347\211P\353H\251v&\246"
  57      3E9AA455 
  57      EDE78950 
  57      EB48A976 
  57      26A6
  58 0264 F639E808 		.ascii	"\3669\350\010\350\3311\276\250\234\332\012\014\271g"
  58      E8D931BE 
  58      A89CDA0A 
  58      0CB967
  59 0273 4D5704AA 		.ascii	"MW\004\252$\241\363\377\010\235)\011\3031\3029Ax\320"
  59      24A1F3FF 
  59      089D2909 
  59      C331C239 
  59      4178D0
  60 0286 6A2B1098 		.ascii	"j+\020\230\027\2456p\367\312B\347\274VI\354\2127hV\274"
  60      17A53670 
  60      F7CA42E7 
  60      BC5649EC 
  60      8A376856 
  61 029b 41B393FA 		.ascii	"A\263\223\372$+\205O^\010\035\012\327\3612zL\246#sd"
  61      242B854F 
  61      5E081D0A 
  61      D7F1327A 
  61      4CA62373 
  62 02b0 AEA1A6F1 		.ascii	"\256\241\246\361\267Ny\010\221\357\221\210\013\026\376"
  62      B74E7908 
  62      91EF9188 
  62      0B16FE
  63 02bf 694A570A 		.ascii	"iJW\012\262\305\030\331\0227e\016\331\000O;^s\236I\234"
  63      B2C518D9 
  63      1237650E 
  63      D9004F3B 
  63      5E739E49 
  64 02d4 6D3D6F09 		.ascii	"m=o\011\002\212\213\212\364\203Oy\205~\351\\\231~\271"
  64      028A8B8A 
  64      F4834F79 
  64      857EE95C 
ARM GAS  /tmp/ccb17ivN.s 			page 5


  64      997EB9
  65 02e7 FCCAD50A 		.ascii	"\374\312\325\012\375\364\231S\305\307e<YRY\311W\316"
  65      FDF49953 
  65      C5C7653C 
  65      595259C9 
  65      57CE
  66 02f9 96955D2C 		.ascii	"\226\225],\272@~\001\331\320!\377"
  66      BA407E01 
  66      D9D021FF 
  67              		.text
  68              		.section	.gnu.lto_hal_lld_init.226c2b5423e54551,"",%progbits
  69 0000 789C9557 		.ascii	"x\234\225WKL\023Q\024}w\336LK-\005$\004\011) \277D6"
  69      4B4C1351 
  69      147D77DE 
  69      4C4B2D05 
  69      24040929 
  70 0018 8CBFB872 		.ascii	"\214\277\270r\343\306\235+\335\033\243\013\027$\030"
  70      E3C69D2B 
  70      DD1BA30B 
  70      172418
  71 0027 35C61D23 		.ascii	"5\306\035#V%\030u%\210\221T\343\002\374 \342\277\370"
  71      56251875 
  71      25889154 
  71      E302FC20 
  71      E2BFF8
  72 003a 2B55B1FE 		.ascii	"+U\261\376\025\361\377CT\374 \012\210\221\030\261\276"
  72      15F1FF43 
  72      54FC200A 
  72      889118B1 
  72      BE
  73 004b FBA63A75 		.ascii	"\373\246:u:O\373\232\366\246o\346\3149\367\234\336\316"
  73      3A4FFB9A 
  73      F6A66FE6 
  73      CC39F79C 
  73      DECE
  74 005d 6B35A290 		.ascii	"k5\242\220Z\037!\363\010!\245\354E4\002\012a/\240\254"
  74      5A1F21F3 
  74      0821A5EC 
  74      4534020A 
  74      612FA0AC 
  75 0071 52505955 		.ascii	"RPYU\001\330\011 5\012U\241\006\266\321F\012\221M\003"
  75      01D80920 
  75      350A55A1 
  75      06B6D146 
  75      0A914D03 
  76 0085 21A5A2C5 		.ascii	"!\245\242\305`\217pc\257{\243\261!/\310\256h\242\204"
  76      608F7063 
  76      AF7BA3B1 
  76      212FC8AE 
  76      68A284
  77 0098 3FA0052A 		.ascii	"?\240\005*\010\203\365w\374\334\356s\251\346qh\005\027"
  77      0883F577 
  77      FCDCEE73 
  77      A9E67168 
  77      0517
  78 00aa 632A64C7 		.ascii	"c*d\307\357\004\016\357\242[i\220\002\250l9rc\347\253"
  78      EF040EEF 
ARM GAS  /tmp/ccb17ivN.s 			page 6


  78      A25B6990 
  78      02A86C39 
  78      7263E7AB 
  79 00be 0C5C2A30 		.ascii	"\014\\*0\225-\033\367\034\037\367\226\3575\214Z#\334"
  79      952D1BF7 
  79      1C1FF796 
  79      EF358C5A 
  79      23DC
  80 00d0 1D7435B5 		.ascii	"\035t5\265\206\003S\203\224\"\013\354\007?\354\003\277"
  80      86035383 
  80      94220BEC 
  80      073FEC03 
  80      BF
  81 00e1 A97200CA 		.ascii	"\251r\000\312m\360h\227\0225TG\360A\016n\352\350\033"
  81      6DF06897 
  81      12355447 
  81      F0410E6E 
  81      EAE81B
  82 00f4 D16C6035 		.ascii	"\321l`5\031\334&\003>$\323F{\022\270\247H\354\3600G"
  82      19DC2603 
  82      3E24D346 
  82      7B12B8A7 
  82      48ECF030 
  83 0109 7F3D1D78 		.ascii	"\177=\035x\224A\347\000F:8\3749\352\266\367\004\035"
  83      9441E700 
  83      463A38FC 
  83      39EAB6F7 
  83      041D
  84 011b 4093AE3D 		.ascii	"@\223\256=\"\323\326Q\031\360\261$p\377?<\034\227\241"
  84      22D3D651 
  84      19F0B124 
  84      70FF3F3C 
  84      1C97A1
  85 012e 3E2113FC 		.ascii	">!\023\374I\031\360)\2316BI\340\017\377p\330\311\321"
  85      4919F029 
  85      99364249 
  85      E00FFF70 
  85      D8C9D1
  86 0141 F58391AD 		.ascii	"\365\203\221\255^:\227\177J?\332\217>M\352\011N;|Jg"
  86      5E3A977F 
  86      4A3FDA8F 
  86      3E4DEA09 
  86      4E3B7C4A 
  87 0156 64DA3A2B 		.ascii	"d\332:+\003>\227\004\216L\023{8/C\035\226\011\276K\006"
  87      033E9704 
  87      8E4C137B 
  87      382F431D 
  87      9609BE4B 
  88 016b 1C9169E3 		.ascii	"\034\221i\343\202\014\370\242L\033\227d\300\3352m\\"
  88      820CF8A2 
  88      4C1B9764 
  88      C0DD326D 
  88      5C
  89 017c 96014765 		.ascii	"\226\001Ge\332\270\"\003\276\012\345\355=\0206~\306"
  89      DAB82203 
  89      BE0AE5ED 
  89      3D10367E 
ARM GAS  /tmp/ccb17ivN.s 			page 7


  89      C6
  90 018d 3619E1FB 		.ascii	"6\031\341\373\205\241\261\336\354\012 \254\011\005\213"
  90      85A1B1DE 
  90      EC0A20AC 
  90      09058B
  91 019c CA8AAA61 		.ascii	"\312\212\252aq\343\322\203e\022.\275\370\316\207%\023"
  91      71E3D283 
  91      65122EBD 
  91      F8CE8725 
  91      13
  92 01ad 4B1696C9 		.ascii	"K\026\226\311x\"\033K\016.s\261L\301e\036\276\313\307"
  92      78221B4B 
  92      0E2E73B1 
  92      4CC1651E 
  92      BECBC7
  93 01c0 E2C75280 		.ascii	"\342\307R\200\245\020O\024a)\306e\011\226R\\\226a!\244"
  93      A5104F14 
  93      6129C665 
  93      0996525C 
  93      966121A4 
  94 01d4 9EEF209B 		.ascii	"\236\357 \233Y\033\204\276\207\332\261w\343Kq\337hf"
  94      591B84BE 
  94      87DAB177 
  94      E34B71DF 
  94      6866
  95 01e6 91510834 		.ascii	"\221Q\0104_\032\360\340>A\301\030\2563T\270\306\354"
  95      5F1AF0E0 
  95      3E41C118 
  95      AE3354B8 
  95      C6EC
  96 01f8 202ACDC4 		.ascii	" *\315\304(\361\003\221N\217y\0007\227\206\015\221["
  96      28F10391 
  96      4E8F7900 
  96      3797860D 
  96      915B
  97 020a 6EF322FC 		.ascii	"n\363\"\374f~\273|\265.=\010\315\353\330\326\305\276"
  97      667EBB7C 
  97      B52E3D08 
  97      CDEBD8D6 
  97      C5BE
  98 021c 091A5E75 		.ascii	"\011\032^u\035Sa\347\036\214\216^H\327\333\214\000\004"
  98      1D5361E7 
  98      1E8C8E5E 
  98      48D7DB8C 
  98      0004
  99 022e A90B6E40 		.ascii	"\251\013n@\020v\360v\340&\350\214v\375\370F0y5\223\372"
  99      1076F076 
  99      E026E88C 
  99      76FDF846 
  99      30793593 
 100 0243 EECB8B0D 		.ascii	"\356\313\213\015\032R\253\320\027\213\3052\341\226)"
 100      1A52ABD0 
 100      178BC532 
 100      E19629
 101 0252 DFC0E51D 		.ascii	"\337\300\345\035\305@ v\333\022\273\003:SH\364\345\376"
 101      C5402076 
 101      DB12BB03 
ARM GAS  /tmp/ccb17ivN.s 			page 8


 101      3A5348F4 
 101      E5FE
 102 0264 EDCB3CE0 		.ascii	"\355\313<\340H\354N&^\207\247\\\320cQ\337\005=1\021"
 102      48EC4E26 
 102      5E87A75C 
 102      D06351DF 
 102      053D3111 
 103 0278 B61D436F 		.ascii	"\266\035Co<\302\326\357\324\024\363\330C\234\344\250"
 103      3CC2D6EF 
 103      D414F3D8 
 103      439CE4A8 
 104 0288 E71118B9 		.ascii	"\347\021\030\271\307\325\370/\206\373<\265?.\274)\270"
 104      C7D5F82F 
 104      86FB3CB5 
 104      3F2EBC29 
 104      B8
 105 0299 F00A581F 		.ascii	"\360\012X\037X\254\017\271\207g\321}\007\250\031}\214"
 105      58AC0FB9 
 105      8767D17D 
 105      07A8197D 
 105      8C
 106 02aa 47FFE8EF 		.ascii	"G\377\350\357Q\360\245 \346\023F\366\330\222{\002\272"
 106      51F0A520 
 106      E61346F6 
 106      D8927B02 
 106      BA
 107 02bb 95D18F78 		.ascii	"\225\321\217xF\231\366\311\313\262\2076\331Q1K`\357"
 107      4699F6C9 
 107      CBB28736 
 107      D951314B 
 107      60EF
 108 02cd 29D75350 		.ascii	")\327SP\357\231m\324\262M\256-\023/\272\022\374f\300"
 108      EF996DD4 
 108      B24DAE2D 
 108      132FBA12 
 108      FC66C0
 109 02e0 F3FF8E5A 		.ascii	"\363\377\216Z\246@\354\205%\326\207\243\226\235h$'\205"
 109      A640EC85 
 109      25D687A3 
 109      969D6824 
 109      2785
 110 02f2 DC7284B9 		.ascii	"\334r\204\271\275\264\250\373\023s\233\210\347\226k"
 110      BDB4A8FB 
 110      13739B88 
 110      E7966B
 111 0301 8F698AA3 		.ascii	"\217i\212\243@\256\240\363W\234\236\377\226|\375\367"
 111      40AEA0F3 
 111      579C9EFF 
 111      967CFDF7 
 112 0311 6CE5A5D0 		.ascii	"l\345\245\320v\236\200\365\215\305:\300\232\266\015"
 112      769E80F5 
 112      8DC53AC0 
 112      9AB60D
 113 0320 527E0ACC 		.ascii	"R~\012\314\371\302@\336Z\334\357\022\003\251\323Lv\277"
 113      F9C240DE 
 113      5ADCEF12 
 113      03A9D34C 
ARM GAS  /tmp/ccb17ivN.s 			page 9


 113      76BF
 114 0332 7D900AEC 		.ascii	"}\220\012\354\011\025:*\026\010\274\274\347z*\352}\260"
 114      09153A2A 
 114      1608BCBC 
 114      E77A2AEA 
 114      7DB0
 115 0344 0D5291C9 		.ascii	"\015R\221\311\325\335\371\375K\2729H\370\353\035`\360"
 115      D5DDF9FD 
 115      4BBA3948 
 115      F8EB1D60 
 115      F0
 116 0355 BF83E417 		.ascii	"\277\203\344\027\210}\264\304\206p\220\212\370\235\233"
 116      887DB4C4 
 116      8670908A 
 116      F89D9B
 117 0364 C6EFDC71 		.ascii	"\306\357\334qC\305v\207%v\207\245\216\242%\002\321O"
 117      43C57687 
 117      257687A5 
 117      8EA22502 
 117      D14F
 118 0376 5C5443D1 		.ascii	"\\TC\321\3176\207e\214+\005;\305\002\346a\213y\004\355"
 118      CF368765 
 118      8C2B053B 
 118      C502E661 
 118      8B7904ED 
 119 038a 94713BCC 		.ascii	"\224q;\314\036\035\204\365\273\333r\220\020\257\012"
 119      1E1D84F5 
 119      BBDB7290 
 119      10AF0A
 120 0399 853E3E71 		.ascii	"\205>>q\327L\030iA\352n\302\233\004\214B\015\333\275"
 120      D74C1869 
 120      41EA6EC2 
 120      9B048C42 
 120      0DDBBD
 121 03ac D208E2CE 		.ascii	"\322\010\342\316\012p\370\257\352K\002nH\200\303\377"
 121      0A70F8AF 
 121      EA4B026E 
 121      4880C3FF 
 122 03bc 5D6371DC 		.ascii	"]cq\334\020\324\356n\331\316\335\361]\273\036\325\030"
 122      10D4EE6E 
 122      D9CEDDF1 
 122      5DBB1ED5 
 122      18
 123 03cd D1ACCA4A 		.ascii	"\321\254\312J\375\317\263z\225\276|I\225\276\242z\345"
 123      FDCFB37A 
 123      95BE7C49 
 123      95BEA27A 
 123      E5
 124 03de EA55FAC2 		.ascii	"\352U\372\302E\013f\3154\353\374\331k\327\342\231\305"
 124      450B66CD 
 124      34EBFCD9 
 124      6BD7E299 
 124      C5
 125 03ef 5555CB2A 		.ascii	"UU\313*\227\022mMuU\345t^g\374\002\32248\355"
 125      97126D4D 
 125      7555E574 
 125      5E67FC02 
ARM GAS  /tmp/ccb17ivN.s 			page 10


 125      D23438ED 
 126              		.text
 127              		.section	.gnu.lto_stm32_clock_init.226c2b5423e54551,"",%progbits
 128 0000 789C9559 		.ascii	"x\234\225Yip\025\307\021~\275\373n\275C7\262\242\200"
 128      697015C7 
 128      117EBDFB 
 128      6EBD4337 
 128      B2A280
 129 0013 282C4005 		.ascii	"(,@\005H\200\214\301P\276\212\002S\0300\305Q\371\225"
 129      48808CC1 
 129      50BE8A02 
 129      531830C5 
 129      51F995
 130 0026 4AA5921F 		.ascii	"J\245\222\037\251\204*\247\342T\312\377\274:Q\020\306"
 130      A9842AA7 
 130      E254CAFF 
 130      BC3A5110 
 130      C6
 131 0037 C6E1363A 		.ascii	"\306\3416:\210\355 \260\016\304atp\350@\350I \311\302"
 131      88ED20B0 
 131      0EC46174 
 131      70E840E8 
 131      4920C9C2 
 132 004b 6073184C 		.ascii	"`s\030Ll\020\302\021`@\\\342P\246gg\337\212\235\335"
 132      6C10C211 
 132      60405CE2 
 132      50A66767 
 132      DF8A9DDD 
 133 005f 07A3827E 		.ascii	"\007\243\202~3\263\255\356\257\277\356\351\235\321s"
 133      33B3ADEE 
 133      AFBFEEE9 
 133      9DD173
 134 006e D8245BEF 		.ascii	"\330$[\357(\233m\232\315f\013\002\021#l \331\310\177"
 134      289B6D9A 
 134      CD660B02 
 134      11236C20 
 134      D9C87F
 135 0081 90899425 		.ascii	"\220\211\224%\"\025\311N\204\335\016\016\262\342\220"
 135      2215C94E 
 135      84DD0E0E 
 135      B2E290
 136 0090 1CB8E2C4 		.ascii	"\034\270\342\304\025'\270\310\212Kr\341\212\033W\334"
 136      1527B8C8 
 136      8A4B72E1 
 136      8A1B57DC 
 137 00a0 E0212B1E 		.ascii	"\340!+\036\311\203+^\\\361B\024Y\211\222\242p\305\207"
 137      C9832B5E 
 137      5CF14214 
 137      598992A2 
 137      70C587
 138 00b3 2B3EF093 		.ascii	"+>\360\223\025\277\344\307\225\000\256\004\244 \216"
 138      15BFE4C7 
 138      9500AE04 
 138      A4208E
 139 00c2 63701C94 		.ascii	"cp\034\224\242\303\343h\210%\2321T\306B\034\221qR\034"
 139      A2C3E368 
 139      88259A31 
ARM GAS  /tmp/ccb17ivN.s 			page 11


 139      54C6421C 
 139      9171521C 
 140 00d6 3E8DC7A7 		.ascii	">\215\307\247\361\220@V\022 \221\310D@\350`\373@\222"
 140      F1904056 
 140      122091C8 
 140      4440E860 
 140      FB4092
 141 00e9 ED0EA7CB 		.ascii	"\355\016\247\313\355\361F\371\374\201`tLl\\|B\"|\340"
 141      EDF146F9 
 141      FC816074 
 141      4C6C5C7C 
 141      42227CE0 
 142 00fd 2661D01F 		.ascii	"&a\320\037\007\373t\261O\017\373\214b\237~\366\031\307"
 142      07FB74B1 
 142      4F0FFB8C 
 142      629F7EF6 
 142      19C7
 143 010f 3E3F9237 		.ascii	">?\2227\312\320\274\262\267NJ\337\256\220\237\306\215"
 143      CAD0BCB2 
 143      B74E4ADF 
 143      AE909FC6 
 143      8D
 144 0120 03DE0225 		.ascii	"\003\336\002%?\251\224\030\334\314\214\302vH\267\021"
 144      3FA99418 
 144      DCCC8CC2 
 144      7648B711 
 145 0130 B51F6B9E 		.ascii	"\265\037k\236\254\367;\355\352:\224\203\223`\012\341"
 145      ACF73BED 
 145      EA3A9483 
 145      93600AE1 
 146 0140 839EBC5D 		.ascii	"\203\236\274][\3455r\251\014`'\323\233\235[~\012\340"
 146      5BE53572 
 146      A90C6027 
 146      D39B9D5B 
 146      7E0AE0
 147 0153 54825432 		.ascii	"T\202T2\335\270m\337\375\250\264\317\024%Gi\354\230"
 147      DDB86DDF 
 147      FDA8B4CF 
 147      14254769 
 147      EC98
 148 0165 B8B9BC31 		.ascii	"\270\271\2741/\265T\226\321\012\354\204\024\330\001"
 148      2FB55496 
 148      D10AEC84 
 148      14D801
 149 0174 29AA972F 		.ascii	")\252\227/!\315\240}K\323\266\363\332\025\234\366\365"
 149      21CDA07D 
 149      4BD3B6F3 
 149      DA159CF6 
 149      F5
 150 0185 CAC4B5B9 		.ascii	"\312\304\265\271\371!\305nj\275\222\323\0175IV\312U"
 150      F921C56E 
 150      6ABD92D3 
 150      0F354956 
 150      CA55
 151 0197 547973CD 		.ascii	"Tys\315\305\233\016\203\262\203W\256\026Q\336\305\301"
 151      C59B0E83 
 151      B28357AE 
ARM GAS  /tmp/ccb17ivN.s 			page 12


 151      1651DEC5 
 151      C1
 152 01a8 B85B3932 		.ascii	"\270[92\002\354\032\021\343\2739\345K\237\344B\316\347"
 152      02EC1A11 
 152      E3BB39E5 
 152      4B9FE442 
 152      CEE7
 153 01ba 8A64AABE 		.ascii	"\212d\252\276\207\303\322[\225\034\001\313^\021\012"
 153      87C3D25B 
 153      951C01CB 
 153      5E110A
 154 01c9 F78900FF 		.ascii	"\367\211\000\377JDy?\237\371\252\224\010\260kE\214\327"
 154      4A44793F 
 154      9FF9AA94 
 154      08B06B45 
 154      8CD7
 155 01db 71CAFD91 		.ascii	"q\312\375\221(\254\347\260tUG\252\302\006\021\012\017"
 155      28ACE7B0 
 155      745547AA 
 155      C206110A 
 155      0F
 156 01ec 88003F28 		.ascii	"\210\000?(\242|\210\203\361m\265\317zg\036\346\324/"
 156      A27C8883 
 156      F16DB5CF 
 156      7A671EE6 
 156      D42F
 157 01fe D4468AB2 		.ascii	"\324F\212\262Q$\312&\021\340\315\"\312-|\241\324F*\224"
 157      5124CA26 
 157      11E0CD22 
 157      CA2D7CA1 
 157      D4462A94 
 158 0212 2322C65B 		.ascii	"#\"\306[9\345\357#\025\312Q\236\302\272\244\010X\332"
 158      39E5EF23 
 158      15CA519E 
 158      C2BAA408 
 158      58DA
 159 0224 44280C89 		.ascii	"D(\014\211\000o\027Q\356\340[D]$\012\217\211\030?.\326"
 159      006F1751 
 159      EEE05B44 
 159      5D240A8F 
 159      89183F2E 
 160 0239 AE3AF9A2 		.ascii	"\256:\371\242\255\217P\264]<\364\372HE\333-\302\370"
 160      AD8F50B4 
 160      5D3CF4FA 
 160      4845DB2D 
 160      C2F8
 161 024b D72271F6 		.ascii	"\327\"q\366\210(\237\340`\034m\0103n\362\036\374F\304"
 161      88289FE0 
 161      601C6D08 
 161      336EF21E 
 161      FC46C4
 162 025e F84931C6 		.ascii	"\370I1\306O\361X\016FzY}+\202\345;1,\247\371\015\024"
 162      4FF1580E 
 162      467A597D 
 162      2B82E53B 
 162      312CA7F9 
 163 0274 8A90FD33 		.ascii	"\212\220\3753\234\372\223\3160\215N^\377\254\010\364"
ARM GAS  /tmp/ccb17ivN.s 			page 13


 163      9CFA93CE 
 163      308D4E5E 
 163      FFAC08F4 
 164 0284 739CF1FE 		.ascii	"s\234\361\376\365\032t\027\257\376\275\210\355\363<"
 164      F51A7417 
 164      AFFEBD88 
 164      EDF33C
 165 0293 E75DF11A 		.ascii	"\347]\361\032p7\257\177\201\323?\261\210\321b\242\375"
 165      7037AF7F 
 165      81D33FB1 
 165      88D162A2 
 165      FD
 166 02a4 03CF6277 		.ascii	"\003\317bw\244W\376E\221M\361_\2218\177\024Q\376\211"
 166      A457FE45 
 166      914DF15F 
 166      91387F14 
 166      51FE89
 167 02b7 DFCBDD91 		.ascii	"\337\313\335\221\332\320%\021\343\227\305^\371\275<"
 167      DAD02511 
 167      E397C55E 
 167      F9BD3C
 168 02c6 85A79DD6 		.ascii	"\205\247\235\326\205xE\204\301>\021\334WE\224\177\026"
 168      85784584 
 168      C13E11DC 
 168      5745947F 
 168      16
 169 02d7 81F13F11 		.ascii	"\201\361?\021\345~\021\030\327D\224\257\213\300\270"
 169      E57E1118 
 169      D74494AF 
 169      8BC0B8
 170 02e6 21A2FC8B 		.ascii	"!\242\374\213\010\214\233\"\312\267 \255\372\0044*O"
 170      088C9B22 
 170      CAB720AD 
 170      FA04342A 
 170      4F
 171 02f7 865692F7 		.ascii	"\206V\222\367\323\204\203{\217&\374F\262\021\020\016"
 171      D384837B 
 171      8F26FC46 
 171      B211100E 
 172 0307 22EC2E1C 		.ascii	"\"\354.\034\271Qx\210pxQ\370p\352\307Q\000E\020\247"
 172      B9517888 
 172      707851F8 
 172      70EAC751 
 172      004510A7 
 173 031b D1286270 		.ascii	"\321(bp\032\213\"\036\247\0118JD1\002\247I(^\300i2\212"
 173      1A8B221E 
 173      A709384A 
 173      443102A7 
 173      49285EC0 
 174 0332 149C8E44 		.ascii	"\024\234\216D1\012E*\256\215F1\006\247/\342(\015\305"
 174      310A452A 
 174      AE8D4631 
 174      06A72FE2 
 174      280DC5
 175 0345 589C8E43 		.ascii	"X\234\216C1\036\247\351(&\340t\"\216&\241\310\300\351"
 175      311EA7E9 
 175      2826E074 
ARM GAS  /tmp/ccb17ivN.s 			page 14


 175      228E26A1 
 175      C8C0E9
 176 0358 64145350 		.ascii	"d\024SPL\305\265,\024\3230\204\227q4\035\305\014|\372"
 176      4CC5B52C 
 176      14D33084 
 176      9771341D 
 176      C50C7CFA 
 177 036c 0A8E66A2 		.ascii	"\012\216f\242\230\205\323W\211p\276\206\323\327\211"
 177      9885D357 
 177      8970BE86 
 177      D3D789
 178 037b 70BD81A3 		.ascii	"p\275\201\2437\211p\317F1\007U\346\242x\013\037\314"
 178      378970CF 
 178      46310755 
 178      E6A2780B 
 178      1FCC
 179 038d 43311FA7 		.ascii	"C1\037\247o\343h\001\212\2058]\204\342\035\234.F\261"
 179      6FE36801 
 179      8A85385D 
 179      84E21D9C 
 179      2E46B1
 180 03a0 04A74B51 		.ascii	"\004\247KQ,\303\351r\0246\333*z;-\222\311e^\276\012"
 180      2CC3E972 
 180      1436DB2A 
 180      7A3B2D92 
 180      C9655EBE 
 181 03b5 39037DED 		.ascii	"9\003}\355\255\200\227\322bY\"\351\312+n\355\365\340"
 181      AD8097D2 
 181      625922E9 
 181      CA2B6EED 
 181      F5E0
 182 03c7 1D5406E5 		.ascii	"\035T\006\345\227B\305\016\267I\206\256B\363@h<*\021"
 182      9742C50E 
 182      B74986AE 
 182      42F34068 
 182      3C2A11
 183 03da 8D0DF9CD 		.ascii	"\215\015\371\315\335.U\003\357\260\367\332:\012}\245"
 183      DD2E5503 
 183      EFB0F7DA 
 183      3A0A7DA5 
 184 03ea 509C4D2E 		.ascii	"P\234M.\301e\311\245\262\207\330\201\001L+y\370\335"
 184      C165C9A5 
 184      B287D881 
 184      014C2B79 
 184      F8DD
 185 03fc AD5B2DBE 		.ascii	"\255[-\276\314J%/[!\273\334\013w\240\0246Q\377p\027"
 185      CC4A252F 
 185      5B21BBDC 
 185      0B77A014 
 185      3651FF70 
 186 0411 3289C2FE 		.ascii	"2\211\302\376S[:\034h\314\013x\213\006\270G\335\345"
 186      535B3A1C 
 186      68CC0B78 
 186      8B06B847 
 186      DDE5
 187 0423 0C947739 		.ascii	"\014\224w9TP\016\242\265\355q^\025\005e\007\345b6\001"
 187      54500EA2 
ARM GAS  /tmp/ccb17ivN.s 			page 15


 187      B5ED715E 
 187      15056507 
 187      E5623601 
 188 0437 755F03F5 		.ascii	"u_\003\365+#(\273)\250(b\007\036X\200\032\244\240\350"
 188      2B2328BB 
 188      29A82862 
 188      071E5880 
 188      1AA4A0E8 
 189 044b DF091E52 		.ascii	"\337\011\036RPww\334i\360k\240$x\304 \365\235\277\354"
 189      507777DC 
 189      69F06BA0 
 189      2478C420 
 189      F59DBFEC 
 190 045f 5431B918 		.ascii	"T1\271\030+9\003nu\301\255\321T\357Q\027<\006\020\251"
 190      2B39036E 
 190      75C1ADD1 
 190      54EF5117 
 190      3C0610A9 
 191 0473 9418374F 		.ascii	"\224\0307O\014\240\227\307\024\201\204\010\236@&\261"
 191      0CA097C7 
 191      14818408 
 191      9E4026B1 
 192 0483 937BBF80 		.ascii	"\223{\277\200\345\304\253\332\332{\244\255\300\215\220"
 192      E5C4ABDA 
 192      DA7BA4AD 
 192      C08D90
 193 0492 1C0030A4 		.ascii	"\034\0000\244\372\332\340a\301\363\216\\\026\216Hk\326"
 193      FADAE061 
 193      C1F38E5C 
 193      168E486B 
 193      D6
 194 04a3 1C654B99 		.ascii	"\034eK\231\304:\255\004Y\253\204\013\227]\252W\2371"
 194      C43AAD04 
 194      59AB840B 
 194      975DAA57 
 194      9F31
 195 04b5 1EBFA91B 		.ascii	"\036\277\251\033\237e\242stG\271\022\215\350QA;\313"
 195      9F65A273 
 195      7447B912 
 195      8DE85141 
 195      3BCB
 196 04c7 684035D7 		.ascii	"h@5\327:t\2571\250\206$A\236\224b\273\004yg[\216\263"
 196      3A74AF31 
 196      A8862441 
 196      9E9462BB 
 196      0479675B 
 197 04dd B80344A3 		.ascii	"\270\003D\243\272\277\356\201_\325\260A\276\244v\212"
 197      BABFEE81 
 197      5FD5B041 
 197      BEA4768A 
 198 04ed 22729863 		.ascii	"\"r\230cp\373\277`p\203\306|D\033\361\307\230\342\217"
 198      70FBBF60 
 198      7083C67C 
 198      441BF1C7 
 198      98E28F
 199 0500 B6A0A980 		.ascii	"\266\240\251\200\242\247\177\255Y\251\241g\270bU[\207"
 199      A2A77FAD 
ARM GAS  /tmp/ccb17ivN.s 			page 16


 199      59A9A167 
 199      B862555B 
 199      87
 200 0511 EEE6FF43 		.ascii	"\356\346\377CE\366hhh(\010\205\322\263R\022\264\360"
 200      45F66868 
 200      68280885 
 200      D2B35212 
 200      B4F0
 201 0523 F54FDDD7 		.ascii	"\365O\335\327*LI,\215\321\241\305x\255\225\305\030o"
 201      2A4C492C 
 201      8DD1A1C5 
 201      78AD95C5 
 201      186F
 202 0535 0C29C1D4 		.ascii	"\014)\301\324M\274eJ\212tG\253\265\240\316\260\224$"
 202      4DBC654A 
 202      8A7447AB 
 202      B5A0CEB0 
 202      9424
 203 0547 AAE61EF6 		.ascii	"\252\346\036\366\255;\003jX>\370PM\311\271pJ\022\207"
 203      AD3B036A 
 203      583EF850 
 203      4DC9B970 
 203      4A1287
 204 055a E5C0A9E1 		.ascii	"\345\300\251\341{\240\355\211\021\306\034$\031\001\277"
 204      7BA0ED89 
 204      11C61C24 
 204      1901BF
 205 0569 600A38C9 		.ascii	"`\0128\311\202\2275z\005}d\310A\262j\253\272=\277\215"
 205      8297357A 
 205      057D64C8 
 205      41B26AAB 
 205      BA3DBF8D 
 206 057d A17D00F0 		.ascii	"\241}\000\360\361330\302\302\323Z\335\323'\230\201d"
 206      F1333330 
 206      C2C2D35A 
 206      DDD32798 
 206      8164
 207 058f 75B70F6A 		.ascii	"u\267\017jm1E\357\201\27761\316\232^\212%\361\377\322"
 207      6D3145EF 
 207      81BF3631 
 207      CE9A5E8A 
 207      25F1FFD2 
 208 05a3 895F2765 		.ascii	"\211_'e\016oV^R\327\353%\326]\212\2560&G\032\231\034"
 208      0E6F565E 
 208      52D7EB25 
 208      D65D8AAE 
 208      3026471A 
 209 05b9 656432D5 		.ascii	"ed2\3254\276Q\026\361m\320\343\333(=\335]F\253\266\256"
 209      34BE5116 
 209      F16DD0E3 
 209      DB283DDD 
 209      5D46ABB6 
 210 05ce 5CAF58ED 		.ascii	"\\\257X\355R\231THw\335\364L*GZ\270\332\254\273\332"
 210      52995448 
 210      77DDF44C 
 210      2A475AB8 
 210      DAACBBDA 
ARM GAS  /tmp/ccb17ivN.s 			page 17


 211 05e2 82548EA6 		.ascii	"\202T\216\246\305\342\322\212\345\3036V\314c\214\021"
 211      C5E2D28A 
 211      E5C33656 
 211      CC638C11 
 212 05f2 BD68EA66 		.ascii	"\275h\352f\214%\247\237\352\216\266j\325Q\307\2129M"
 212      8C25A79F 
 212      EA8EB66A 
 212      D551C78A 
 212      394D
 213 0604 35D75252 		.ascii	"5\327RR\222'iA\271\241\330\330a\322\206\225\263[C\370"
 213      92276941 
 213      B9A1D8D8 
 213      61D28695 
 213      B35B43F8 
 214 0618 E94A8670 		.ascii	"\351J\206p\2541\011\343\214\220\307\233B\036g\301L\011"
 214      AC3109E3 
 214      8C90C79B 
 214      421E67C1 
 214      4C09
 215 062a 056C47C0 		.ascii	"\005lG\300\245\206$\244\023[\317\321\323\307ZX.\323"
 215      A58624A4 
 215      135BCFD1 
 215      D3C75A58 
 215      2ED3
 216 063c 2D6F43CE 		.ascii	"-oC\316\323iD\036-\242\255\032\347\023\214\001L4u3\301"
 216      D369441E 
 216      2DA2AD1A 
 216      E7138C01 
 216      4C347533 
 217 0651 92F37FEB 		.ascii	"\222\363\177\353\216>3\366\364I\304\034\337\304'\015"
 217      8E3E33F6 
 217      F449C41C 
 217      DFC4270D 
 218 0661 A3D8AB01 		.ascii	"\243\330\253\001\332\331\306\236f\360g\013\223}\225"
 218      DAD9C69E 
 218      66F0670B 
 218      937D95
 219 0670 6189E773 		.ascii	"a\211\347s\212\007\377p\017_\320}5x\347\366a\266\257"
 219      8A07FF70 
 219      0F5FD07D 
 219      3578E7F6 
 219      61B6AF
 220 0683 0ACBF367 		.ascii	"\012\313\363g\302\177\264\255U\241m\255\311\306\254"
 220      C27FB4AD 
 220      55A16DAD 
 220      C9C6AC
 221 0692 4E319232 		.ascii	"N1\2222\325\224\224)\026\334o\327\313\260\334\220\325"
 221      D5949429 
 221      16DC6FD7 
 221      CBB0DC90 
 221      D5
 222 06a3 2CD556CF 		.ascii	",\325V\317\345\301n\217V\205\244\014w<soM\266\360\265"
 222      E5C16E8F 
 222      5685A40C 
 222      773C736F 
 222      4DB6F0B5 
 223 06b7 53F7F525 		.ascii	"S\367\365%\3469\213\322\032\245\321Z\253\345y\232v:"
ARM GAS  /tmp/ccb17ivN.s 			page 18


 223      E6398BD2 
 223      1AA5D15A 
 223      ABE5799A 
 223      763A
 224 06c9 D2427A99 		.ascii	"\322Bz\231w\023\205jV\347\241\012\352\310\211\216*\215"
 224      7713856A 
 224      56E7A10A 
 224      EAC8898E 
 224      2A8D
 225 06db 799EAE9A 		.ascii	"y\236\256\232;\327Q{2\3340\000\252\214\211\237\036N"
 225      3BD7517B 
 225      32DC3000 
 225      AA8C899F 
 225      1E4E
 226 06ed FC2AD947 		.ascii	"\374*\331G\020\026\221\203:\303y\372\012\3039\303H\375"
 226      10169183 
 226      3AC379FA 
 226      0AC339C3 
 226      48FD
 227 06ff 2BA674CC 		.ascii	"+\246t\314\260\314\177\265N\310.#\316\231\252\271cC"
 227      B0CC7FB5 
 227      4EC82E23 
 227      CE99AAB9 
 227      6343
 228 0711 AB6F38C2 		.ascii	"\253o8\302\354GC\215\021\350\314a\025\032\320 \026\265"
 228      EC47438D 
 228      11E8CC61 
 228      151AD020 
 228      16B5
 229 0723 B3A7B39E 		.ascii	"\263\247\263\236\253\363\317\262D\270[\357\374{h\205"
 229      ABF3CFB2 
 229      44B85BEF 
 229      FC7B6885 
 230 0733 EEBD51A2 		.ascii	"\356\275Q\242x\331\311\262\254\354\010Y\320J\364\207"
 230      78D9C9B2 
 230      ACEC0859 
 230      D04AF487 
 231 0743 7646CBAB 		.ascii	"vF\313\253DmUn\323nz\332s\202\322\370\261\022\200}\322"
 231      446D556E 
 231      D36E7ADA 
 231      7382D2F8 
 231      B112807D 
 232 0758 534CBD36 		.ascii	"SL\2756\374%\342\344N\274\304\267\217\030\202\257$s"
 232      FC25E2E4 
 232      4EBCC4B7 
 232      8F1882AF 
 232      2473
 233 076a 58FB292C 		.ascii	"X\373),\374\246\013j\011q\224\220\227t\313=kB\235\354"
 233      FCA60B6A 
 233      09719490 
 233      9774CB3D 
 233      6B429DEC 
 234 077e F8BB3694 		.ascii	"\370\2736\224M\016\300ua\212\202\214\242\320oU\365\327"
 234      4D0EC075 
 234      618A828C 
 234      A2D06F55 
 234      F5D7
ARM GAS  /tmp/ccb17ivN.s 			page 19


 235 0790 897A76DD 		.ascii	"\211zv\335\201u\224c\027(gs\011\330\372\247\301\276"
 235      81759463 
 235      17286773 
 235      09D8FAA7 
 235      C1BE
 236 07a2 311CACCB 		.ascii	"1\034\254\313\014\254\237\030\202\006\006\266w`\323"
 236      0CAC9F18 
 236      820606B6 
 236      7760D3
 237 07b1 5A99805D 		.ascii	"Z\231\200]G\301\006\340\000\005\353F\260\0075\260\003"
 237      47C106E0 
 237      0005EB46 
 237      B00735B0 
 237      03
 238 07c2 76DD74E3 		.ascii	"v\335t\343\343\222}\364K\263\0004\345\035"
 238      E3927DF4 
 238      4BB30034 
 238      E51D
 239 07d0 2EB4C3A1 		.ascii	".\264\303\2410\332h-\241}\355l\377\277I~\241oW\333 "
 239      30DA682D 
 239      A17DED6C 
 239      FFBF497E 
 239      A16F57DB 
 240 07e5 0DCF0DCA 		.ascii	"\015\317\015\312}\274\341\034\226\254n8n\3762\361gr"
 240      7DBCE11C 
 240      96AC6E38 
 240      6EFE32F1 
 240      6772
 241 07f7 890A1243 		.ascii	"\211\012\022C\320hAn\023\305\213_\037B3\315yUME\261"
 241      D068416E 
 241      13C58B5F 
 241      1F4233CD 
 241      79554D45 
 242 080c 53A53347 		.ascii	"S\2453G\202\026\212\256\210\\RUl\345?3\232f\3638\314"
 242      82168AAE 
 242      885C5255 
 242      6CE53F33 
 242      9A66F338 
 243 0821 1CCFB674 		.ascii	"\034\317\266t|Dw\334J\035o=\177\273Kf\216\003p\2249"
 243      7C4477DC 
 243      4A1D6F3D 
 243      7FBB4B66 
 243      8E037094 
 244 0836 8ED54879 		.ascii	"\216\325Hy\270\203U\334\034cS\234k\334\231o\231\356"
 244      B88355DC 
 244      1C63539C 
 244      6BDC996F 
 244      99EE
 245 0848 CCB9168D 		.ascii	"\314\271\026\215\252M\257\372\220\241)\316#\266\350"
 245      AA4DAFFA 
 245      90A129CE 
 245      23B6E8
 246 0857 6B22720B 		.ascii	"k\"r\013\234ca\271]\267\334\201-p\036\215(N\213\350"
 246      9C6361B9 
 246      5DB7DC81 
 246      2D701E8D 
 246      284E8BE8 
ARM GAS  /tmp/ccb17ivN.s 			page 20


 247 086b 91B687E6 		.ascii	"\221\266\207\346\033\003x\333\324\315|\313\215{Lwt\334"
 247      1B0378DB 
 247      D4CD7CCB 
 247      8D7B4C77 
 247      74DC
 248 087d 78565E40 		.ascii	"xV^@\314\361\207\343\005\304\312\226\206\201\016\326"
 248      CCF187E3 
 248      05C4CA96 
 248      86810ED6 
 249 088d 6DDCD019 		.ascii	"m\334\320\031.\303\370p_\371\213\252\273\320H\370\""
 249      2EC3F870 
 249      5FF98BAA 
 249      BBD048F8 
 249      22
 250 089e 23DE774C 		.ascii	"#\336wL\361.\262\240\245\213\242\305\273\034t\033\010"
 250      F12EB2A0 
 250      A58BA2C5 
 250      BB1C741B 
 250      08
 251 08af 5F4C6CD1 		.ascii	"_Ll\321\366\034\231\360\205\026\226\277\326-\367 \341"
 251      F61C99F0 
 251      851696BF 
 251      D62DF720 
 251      E1
 252 08c0 8B694009 		.ascii	"\213i@\011, \206~\2111\234\245\306p\226\231:]j\341\364"
 252      2C20867E 
 252      89319CA5 
 252      C6709699 
 252      3A5D6AE1 
 253 08d5 04758A5F 		.ascii	"\004u\212_\274\3037\206p\226\023[\317\021\316\022\013"
 253      BCC33786 
 253      7096135B 
 253      CF11CE12 
 253      0B
 254 08e6 CB2775CB 		.ascii	"\313'u\313\2470\234\3454\234D\022\3165\310)\333SA\275"
 254      A7309CE5 
 254      349C4412 
 254      CE35C829 
 254      DB5341BD 
 255 08fa B0D716D8 		.ascii	"\260\327\026\330l\344\325\222\225\221\221\031\376\367"
 255      6CE4D592 
 255      95919119 
 255      FEF7
 256 0908 EE7B997F 		.ascii	"\356{\231\177\372\375\212\314\277\276\373\267\277\277"
 256      FAFD8ACC 
 256      BFBEFBB7 
 256      BFBF
 257 0916 97B974D9 		.ascii	"\227\271t\331\302\254\251\252\234\373\322\373\357\343"
 257      C2ACA9AA 
 257      9CFBD2FB 
 257      EFE3
 258 0924 93DFAD58 		.ascii	"\223\337\255X\361\307\214?\330\376\017\036\235\376\016"
 258      F1C78C3F 
 258      D8FE0F1E 
 258      9DFE0E
 259              		.text
 260              		.section	.gnu.lto_.symbol_nodes.226c2b5423e54551,"",%progbits
ARM GAS  /tmp/ccb17ivN.s 			page 21


 261 0000 789C6365 		.ascii	"x\234ce`bh`\000\002\246]L\365\014\014\023\31610\000"
 261      60626860 
 261      0002A65D 
 261      4CF50C0C 
 261      13CE3130 
 262 0015 A91D8D07 		.ascii	"\251\035\215\007\033\330\200b\273\231\352\031ab\273"
 262      1BD88062 
 262      BB99EA19 
 262      6162BB
 263 0024 1A1D8122 		.ascii	"\032\035\201\"{\230\352\231PDXw21\264*\001\015`\334"
 263      7B98EA99 
 263      50445877 
 263      3231B42A 
 263      010D60DC 
 264 0038 C754CF0C 		.ascii	"\307T\317\014\226b`hhp\000\012\354e\252gA\026`fd`X<"
 264      96626068 
 264      6870000A 
 264      EC65AA67 
 264      41166066 
 265 0050 F9CD7C0E 		.ascii	"\371\315|\016fFV\206#\020\006\013\303\023\020\203\001"
 265      66465686 
 265      2310060B 
 265      C3131083 
 265      01
 266 0061 00533721 		.ascii	"\000S7!O"
 266      4F
 267              		.text
 268              		.section	.gnu.lto_.refs.226c2b5423e54551,"",%progbits
 269 0000 789C6365 		.ascii	"x\234ce`b`d\000\002\000\000I\000\011"
 269      60626064 
 269      00020000 
 269      490009
 270              		.text
 271              		.section	.gnu.lto_.decls.226c2b5423e54551,"",%progbits
 272 0000 789CCD59 		.ascii	"x\234\315Y{PTYz\357\323\247\241i@\230\200\231Le\251"
 272      7B505459 
 272      7AEFD3A7 
 272      A1694098 
 272      80994C65 
 273 0015 5ACBB019 		.ascii	"Z\313\260\031\222\315\322\242\356d\266v\223\01462\260"
 273      92CDD2A2 
 273      EE64B676 
 273      930C3632 
 273      B0
 274 0026 A33B54B7 		.ascii	"\243;T\2673I\2462\333\305 \223!\0132\021L\351\177W\004"
 274      3349A632 
 274      DBC52093 
 274      210B3211 
 274      4CE97F57 
 275 003b 657C22C2 		.ascii	"e|\"\302 *\212\340\213\201AF\024DP[@\006P\021a\024y"
 275      202A8AE0 
 275      8B814146 
 275      1444505B 
 275      40065011 
 276 0052 23222222 		.ascii	"#\"\"\"\203\340\003\020%\3379\347\336\276\247o_vMU*"
 276      83E00310 
 276      25DF39E7 
ARM GAS  /tmp/ccb17ivN.s 			page 22


 276      DEBEA76F 
 276      5F764D55 
 277 0067 952E7E7D 		.ascii	"\225.~}\373\353\363;\337\371^\347\325\270h\264\232\231"
 277      FBEBF33B 
 277      DFF95EE7 
 277      D5B868B4 
 277      9A99
 278 0079 9F6A341F 		.ascii	"\237j4\037\3504\2324\244\321\314\302\013>j\276\325\310"
 278      E8349A34 
 278      A4D1CCC2 
 278      0B3E6ABE 
 278      D5C8
 279 008b 2F174031 		.ascii	"/\027@1\240\004p\012p\032P\006\000\272\246F\343\370"
 279      A004700A 
 279      701A5006 
 279      00BAA646 
 279      E3F8
 280 009d FA14BE34 		.ascii	"\372\024\2764\300\363c\200\017`>\240\031\3606\340o\241"
 280      C0F36380 
 280      0F603EA0 
 280      19F036E0 
 280      6FA1
 281 00af ED3A3C2F 		.ascii	"\355:</\003\376\006>cx^\005\374\031|n\024\365\025k\234"
 281      03FE063E 
 281      63785E05 
 281      FC197C6E 
 281      14F5156B 
 282 00c4 5F912A3A 		.ascii	"_\221*:\211\256\267E=D\337\317\021\263\331\025\360\023"
 282      89AEB745 
 282      3D44DFCF 
 282      11B3D915 
 282      F013
 283 00d6 F8BC00F0 		.ascii	"\370\274\000\360\327\0007\300\233\200\237\002t\242\017"
 283      D70037C0 
 283      9B809F02 
 283      74A20F
 284 00e5 C5A2FDA7 		.ascii	"\305\242\375\247U\306\212\006\336\033*cI>\374\012>'"
 284      55C68A06 
 284      DE1B2A63 
 284      493EFC0A 
 284      3E27
 285 00f7 03B2913C 		.ascii	"\003\262\221<6\361\351]\370\234\004\370'@\026\300S\303"
 285      36F1E95D 
 285      F89C04F8 
 285      274016C0 
 285      53C3
 286 0109 C625FE2D 		.ascii	"\306%\376-\204\247\027\340\317\001\336\242\257K\341"
 286      84A717E0 
 286      CF01DEA2 
 286      AF4BE1
 287 0118 9900C800 		.ascii	"\231\000\310\000\270\002\334\021\363\377\224\212MY\030"
 287      B802DC11 
 287      F3FF948A 
 287      4D5918
 288 0127 F5DDB999 		.ascii	"\365\335\271\231\342\332\203\272\010\005\221\027cs/"
 288      E2DA83BA 
 288      08059117 
ARM GAS  /tmp/ccb17ivN.s 			page 23


 288      63732F
 289 0136 22CE4A2F 		.ascii	"\"\316J/\322\314\332\265R\033#):iD\"\300\221(\265\362"
 289      D2CCDAB5 
 289      521B2329 
 289      3A694422 
 289      C09128B5 
 290 014b 1A6525D4 		.ascii	"\032e%\324\000j\004\337C\024\351\237\226\011\310\336"
 290      006A04DF 
 290      4314E99F 
 290      9609C8DE 
 291 015b 2E713985 		.ascii	".q9\205\242\027H\305,\366\302\222\367#\333'\016\351"
 291      A21748C5 
 291      2CF6C292 
 291      F723DB27 
 291      0EE9
 292 016d 7A513742 		.ascii	"zQ7B\036\232\334\367\020\375.\347v\336\005-\206q\340"
 292      1E9ADCF7 
 292      10FD2EE7 
 292      76DE052D 
 292      8671E0
 293 0180 73EFD489 		.ascii	"s\357\324\211\320\300\"\201\275\334\376A\016\333\345"
 293      D0C02281 
 293      BDDCFE41 
 293      0EDBE5
 294 018f D9E736EF 		.ascii	"\331\3476\357\235\030\371\270#-\210-cWs<@\234\357\216"
 294      9D18F9B8 
 294      232D882D 
 294      6357733C 
 294      409CEF8E 
 295 01a3 DE007172 		.ascii	"\336\000qr\343\315K\356o}M{m\022\336\320\242\217\337"
 295      E3CD4BEE 
 295      6F7D4D7B 
 295      6D12DED0 
 295      A28FDF
 296 01b6 4445C80F 		.ascii	"DE\310\017\025\"?\260\351[\364\026\274\177\246c\232"
 296      15223FB0 
 296      E95BF416 
 296      BC7FA663 
 296      9A
 297 01c7 4A9B764D 		.ascii	"J\233vMz-\314\025l6\301\366\274\366'9\247\004!\005\272"
 297      7A2DCC15 
 297      6C36C1F6 
 297      BCF62739 
 297      A7042105 
 298 01dc E9080D15 		.ascii	"\351\010\015\025 \214\276A\201\304E\370\010\357'P/B"
 298      208CBE41 
 298      81C445F8 
 298      08EF2750 
 298      2F42
 299 01ee C7510F78 		.ascii	"\307Q\017xW\214\026B\367\354\203\273J0\376\204Z\333"
 299      578C1642 
 299      F7EC83BB 
 299      4A30FE84 
 299      5ADB
 300 0200 97D47FC8 		.ascii	"\227\324\177\310\025T\345\202\252[\007=\263\005[\022"
 300      1554E582 
 300      AA5B073D 
ARM GAS  /tmp/ccb17ivN.s 			page 24


 300      B3055B12 
 301 0210 68D2524D 		.ascii	"h\322RM'eM'\225\232J\250&a\250\262\313\033\377;\325"
 301      27654D27 
 301      959A4AA8 
 301      2661A8B2 
 301      CB1BFF3B 
 302 0225 F4A07AAC 		.ascii	"\364\240z\254\327[\324\324\362s\007E\337\311\212\276"
 302      D75BD4D4 
 302      F2730745 
 302      DFC98ABE 
 303 0235 532A3A45 		.ascii	"S*:E\025m{8\275\013\341\365T\321\2663%\243\036\240\250"
 303      156D7B38 
 303      BD0BE1F5 
 303      54D1B633 
 303      25A31EA0 
 304 024a 4F106CDF 		.ascii	"O\020l\337\237XT_2 \244\272\323\020\240RYQ)b\031A\247"
 304      9F58545F 
 304      3220A4BA 
 304      D310A052 
 304      59512962 
 305 0261 A98286FB 		.ascii	"\251\202\206\373\325=\030\227!\252\341VA\361^\235\250"
 305      D53D1897 
 305      21AAE156 
 305      41F15E9D 
 305      A8
 306 0272 61E264C0 		.ascii	"a\342d\300\201\374\315\266\010\246\340\214\254\340\214"
 306      81FCCDB6 
 306      08A6E08C 
 306      ACE08C
 307 0281 A4A08C2A 		.ascii	"\244\240\214*\350\256/(\304\220\216\267\335\021\251"
 307      E8AE2F28 
 307      C4908EB7 
 307      DD11A9
 308 0290 086FF8EA 		.ascii	"\010o\370\352\344H\305\324<\366\025\321\332\262k\374"
 308      E448C5D4 
 308      3CF615D1 
 308      DAB26BFC 
 309 02a0 881E3F61 		.ascii	"\210\036?aC\334H.9\200Y2u >\276\266\357\256\027K\346"
 309      43DC482E 
 309      39805932 
 309      75203EBE 
 309      B6EFAE17 
 310 02b6 822CACCD 		.ascii	"\202,\254\315nl\253\326\241\000\367c$\233\266\331\213"
 310      6E6CABD6 
 310      A100F763 
 310      249BB6D9 
 310      8B
 311 02c7 FF983D2E 		.ascii	"\377\230=.\010\013\320y\344\216*d\013\336v\207\367T"
 311      080BD079 
 311      E48E2A64 
 311      0BDE7687 
 311      F754
 312 02d9 414812D2 		.ascii	"AH\022\3226\011\2060\015\252\204|\237\203|\243*\024"
 312      36098630 
 312      0DAA847C 
 312      9F837CA3 
 312      2A14
ARM GAS  /tmp/ccb17ivN.s 			page 25


 313 02eb 4046253C 		.ascii	"@F%<t\026\276,\207/a\224\202#\273\363\\\3610\2553m\335"
 313      7416BE2C 
 313      872F6194 
 313      8223BBF3 
 313      5CF130AD 
 314 0302 85CEDB3A 		.ascii	"\205\316\333:\344\036\240\252\300\246\242\200\031\323"
 314      E41EA0AA 
 314      C0A6A280 
 314      19D3
 315 0310 DBB3B02E 		.ascii	"\333\263\260.\205$\346\"\030sA6\006lc\305u\363\310\217"
 315      8524E622 
 315      18734136 
 315      066C63C5 
 315      75F3C88F 
 316 0324 39067085 		.ascii	"9\006p\205\264\013\323\233\003\340\253\222#\367\376"
 316      B40BD39B 
 316      03E0AB92 
 316      23F7FE
 317 0333 0AB762EA 		.ascii	"\012\267b\352\370\223\331\303\231\036?\313\027r\253"
 317      F893D9C3 
 317      991E3FCB 
 317      1772AB
 318 0342 A1F6067C 		.ascii	"\241\366\006|\367A\355\031(\267\232\351\262\333\240"
 318      F741ED19 
 318      28B79AE9 
 318      B2DBA0
 319 0351 A1DF5C22 		.ascii	"\241\337\\\"\326\324\240\237A\317\346s}\367\274\360"
 319      D6D4A09F 
 319      41CFE673 
 319      7DF7BCF0 
 320 0361 5DA626B5 		.ascii	"]\246&\265hg\015vO%\265\376:\266C\217}\225O\032]X\304"
 320      68670D76 
 320      4F25B5FE 
 320      3AB6438F 
 320      7D954F1A 
 321 0378 DD402C1F 		.ascii	"\335@,\037-,\237\307\"n#\315Y\025\375c^x\220j\327u&"
 321      2D2C9FC7 
 321      226E23CD 
 321      5915FD63 
 321      5E78906A 
 322 038f 1D2CD021 		.ascii	"\035,\320!_\377\000\377\335\304\3514AxO\247A\337\203"
 322      5FFF00FF 
 322      DDC4E934 
 322      41784FA7 
 322      41DF83
 323 03a2 B23A6A59 		.ascii	"\262:jY\003\362\245\266^\201\241\256\"\177\324\210\374"
 323      03F2A5B6 
 323      5E81A1AE 
 323      227FD488 
 323      FC
 324 03b3 692DE409 		.ascii	"i-\344\011\311\233\004[\333\313\277\353l\031\020\204"
 324      C99B045B 
 324      DBCBBFEB 
 324      6C191084 
 325 03c3 744F7419 		.ascii	"tOt\031\034\253\0077H\007\273\201F\242\242\222(\022"
 325      1CAB0737 
 325      4807BB81 
ARM GAS  /tmp/ccb17ivN.s 			page 26


 325      46A2A292 
 325      2812
 326 03d5 635AD7E9 		.ascii	"cZ\327\351\263Q\020\020ai\304x\312\332nu\372\244o\022"
 326      B3511010 
 326      6169C478 
 326      CADA6E75 
 326      FAA46F12 
 327 03e9 EA17515D 		.ascii	"\352\027Q]\265\252\272\202\374X\350\367\235\252\275"
 327      B5AABA82 
 327      FC58E8F7 
 327      9DAABD
 328 03f8 A8C7B93A 		.ascii	"\250\307\271:\232\337\202\363]yPC\276l\210\301NWXM\320"
 328      9ADF82F3 
 328      5D795043 
 328      BE6C88C1 
 328      4E57584D 
 329 040d 75E87B4D 		.ascii	"u\350{MN\032\031P\243Q\363\0215\201ks\271I\346K\301"
 329      4E1A1950 
 329      A351F311 
 329      35816B73 
 329      B949E64B 
 330 0422 F424F2DC 		.ascii	"\364$\362\334j\257\035\252YN]3\362\244s\003\236@.\272"
 330      6AAF1DAA 
 330      594E5D33 
 330      F2A47303 
 330      9E402EBA 
 331 0436 F67D9758 		.ascii	"\366}\227X\354\251\010\344\231\023\203o\342\"j&\332"
 331      ECA908E4 
 331      9913836F 
 331      E2226A26 
 331      DA
 332 0447 5AD6DAA3 		.ascii	"Z\326\332\243#\211\024DE@\222\365\264\222\252\002'\211"
 332      23891444 
 332      454092F5 
 332      B492AA02 
 332      2789
 333 0459 9F401EB8 		.ascii	"\237@\036\270^R\352\355\223&\222\027\350h\341\310\354"
 333      5E52EAED 
 333      93269217 
 333      E868E1C8 
 333      EC
 334 046a 1F908FD4 		.ascii	"\037\220\217\324\207\260\313\006\033\352\334\331\260"
 334      87B0CB06 
 334      1BEADCD9 
 334      B0
 335 0477 0219F6C8 		.ascii	"\002\031\366\310\331\276\031\204\313\330\270\266\272"
 335      D9BE1984 
 335      CBD8B8B6 
 335      BA
 336 0484 ED8F10BE 		.ascii	"\355\217\020\276\304\204\324;[ZE\346$\221g\253\237\337"
 336      C484D43B 
 336      5B5A45E6 
 336      249167AB 
 336      9FDF
 337 0496 9E87BF7F 		.ascii	"\236\207\277\177\035\013;$\013\027Q\0133\317g\236\361"
 337      1D0B3B24 
 337      0B17510B 
ARM GAS  /tmp/ccb17ivN.s 			page 27


 337      33CF679E 
 337      F1
 338 04a7 122D1424 		.ascii	"\022-\024$\013\345\302\351\244\026vH\026\316>h\3177"
 338      0BE5C2E9 
 338      A4167648 
 338      16CE3E68 
 338      CF37
 339 04b9 B071C788 		.ascii	"\260q\307\210\274\273\346\351\204\007\276\301\306\355"
 339      BCBBE6E9 
 339      8407BEC1 
 339      C6ED
 340 04c7 CACB38AA 		.ascii	"\312\3138\252c\215Ct\223\230\231I\326\341[\2541\251"
 340      638D4374 
 340      93989949 
 340      D6E15BAC 
 340      31A9
 341 04d9 B27DB7B8 		.ascii	"\262}\267\270\031\364\321\305%i\317\021W\334\307\032"
 341      19F4D1C5 
 341      2569CF11 
 341      57DCC71A 
 342 04e9 5F8C1E1F 		.ascii	"_\214\036\037\203y\316\204\362;\231\027\3051n\023\271"
 342      8379CE84 
 342      F23B9917 
 342      C5316E13 
 342      B9
 343 04fa 66E2C063 		.ascii	"f\342\300cO\374\2045\246\034\371a\273\036\277bB\353"
 343      4FFC8435 
 343      A61CF961 
 343      BB1EBF62 
 343      42EB
 344 050c E0E1644F 		.ascii	"\340\341dO\306l&\362D\347\216:O\234\352B\033k\353\357"
 344      C66C26F2 
 344      44E78E3A 
 344      4F9CEA42 
 344      1B6BEBEF 
 345 0520 B6BAE174 		.ascii	"\266\272\341t&l\273|\246NLh=\2217\016\225l\301\370\000"
 345      266CBB7C 
 345      A64E4C68 
 345      3D91370E 
 345      956CC1F8 
 346 0535 6B946696 		.ascii	"k\224f\226\2178\263\0367\327l5\340c\254\361\332W\351"
 346      8F38B31E 
 346      37D76C35 
 346      E063ACF1 
 346      DA57E9
 347 0548 995A5CCC 		.ascii	"\231Z\\\314\204\023\203\007v\212\003\276K\242\261\177"
 347      84138307 
 347      768A03BE 
 347      4BA2B17F 
 348 0558 2CC71397 		.ascii	",\307\023\227\261\266\252\374\224\0027lcBeyU\2358w\027"
 348      B1B6AAFC 
 348      9402376C 
 348      63426579 
 348      559D3877 
 349 056d 8198DCB4 		.ascii	"\201\230\334\264\243\313\023\327\263\266\342\241-6="
 349      A3CB13D7 
 349      B3B6E2A1 
ARM GAS  /tmp/ccb17ivN.s 			page 28


 349      2D363D
 350 057c 6E66C2FE 		.ascii	"nf\302\376\211\356\007\242\263d\341\251\2726U\344\205"
 350      89EE07A2 
 350      B364E1A9 
 350      BA3655E4 
 350      85
 351 058d 6FB33669 		.ascii	"o\2636i\215\365\241k,\252\352<c\304\375\254\351\360"
 351      8DF5A16B 
 351      2CAAEA3C 
 351      63C4FDAC 
 351      E9F0
 352 059f 50C51E6F 		.ascii	"P\305\036o\374\220\011\243\311\367\372<\030\357-\020"
 352      FC9009A3 
 352      C9F7FA3C 
 352      18EF2D10 
 353 05af EF74DFDF 		.ascii	"\357t\337\337\352\205\237\260\266\315\0273\317\033\360"
 353      EA859FB0 
 353      B6CD1733 
 353      CF1BF0
 354 05be 2B26483B 		.ascii	"+&H;\260\017\333\201k\373z\020\336\342J\233\036n\265"
 354      B00FDB81 
 354      6BFB7A10 
 354      DEE24A9B 
 354      1E6EB5
 355 05d1 B56B711A 		.ascii	"\265kq\032\023\012*v\334q\301\331L\270[\236\374L\207"
 355      130A2A76 
 355      DC71C1D9 
 355      4CB85B9E 
 355      FC4C87
 356 05e4 73985038 		.ascii	"s\230P8s\260\331\200\363\2300Q{bBLi\032)\327\306\324"
 356      73B0D980 
 356      F3983051 
 356      7B62424C 
 356      691A29D7 
 357 05fa FD8BD802 		.ascii	"\375\213\330\002%\030@<\326\272\357\261+\376\206r\027"
 357      2518403C 
 357      D6BAEFB1 
 357      2BFE8672 
 357      17
 358 060b 1E3A5BF1 		.ascii	"\036:[\361\302\035\371\373\373\372+^\001\216\"[B\352"
 358      C21DF9FB 
 358      FBFA2B5E 
 358      018E225B 
 358      42EA
 359 061d 86B825A4 		.ascii	"\206\270%\244\015\246\377\026-\267\204\334D\3665\204"
 359      0DA6FF16 
 359      2DB784DC 
 359      44F63584 
 360 062d D1FB7F0F 		.ascii	"\321\373\177\017\273o2\246\354\021%\373!\222W/~\341"
 360      BB6F32A6 
 360      EC1125FB 
 360      2192572F 
 360      7EE1
 361 063f D8A4F543 		.ascii	"\330\244\365CIZ\322F\350d\325\330\253\015@yZ\177\264"
 361      495AD246 
 361      E864D5D8 
 361      AB0D4079 
ARM GAS  /tmp/ccb17ivN.s 			page 29


 361      5A7FB4
 362 0652 0BB01390 		.ascii	"\013\260\023\220\005\330\017\310\005|\0058\0028\006"
 362      05D80FC8 
 362      057C0538 
 362      023806
 363 0661 48056400 		.ascii	"H\005d\000\016\002\366\000\016\000\262\001_\0036\003"
 363      0E02F600 
 363      0E00B201 
 363      5F033603 
 364 0671 72006980 		.ascii	"r\000i\200}\200t\300a\300!\300V\300Q\300n@&`\007 \005"
 364      7D8074C0 
 364      61C021C0 
 364      56C051C0 
 364      6E402660 
 365 0688 B00DB01D 		.ascii	"\260\015\260\035\220\257\345\027\345\341Oe\247\236+"
 365      90AFE517 
 365      E5E14F65 
 365      A79E2B
 366 0697 9D7AC639 		.ascii	"\235z\3069\305\350-\034\375\205\222>\245\214X\207Uf"
 366      C5E82D1C 
 366      FD85923E 
 366      A58C5887 
 366      5566
 367 06a9 DF51B2FB 		.ascii	"\337Q\262\373\234\2247~!\323o\251\247C\242\223\265\273"
 367      9C94377E 
 367      21D36FA9 
 367      A743A293 
 367      B5BB
 368 06bb 45A4C3F2 		.ascii	"E\244\303\362\206Z\224\364\033\274-\204=m\335H\331\260"
 368      865A94F4 
 368      1BBC2D84 
 368      3D6DDD48 
 368      D9B0
 369 06cd D4A07691 		.ascii	"\324\240v\221m_\325o+-\037\3777\331\024A\253\320]\247"
 369      6D5FD56F 
 369      2B2D1FFF 
 369      37D91441 
 369      ABD05DA7 
 370 06e1 640F73EC 		.ascii	"d\017s\354\215J\266Q\351\3468WGCJ\273\007\235ts1\354"
 370      8D4AB651 
 370      E9E63857 
 370      47434ABB 
 370      079D7473 
 371 06f7 56B2BB94 		.ascii	"V\262\273\224\354j\216}O\311\276\353\304\346,\031W\262"
 371      EC6A8E7D 
 371      4FC9BEEB 
 371      C4E62C19 
 371      57B2
 372 0709 1F3B057C 		.ascii	"\037;\005|\374S9\204O\225!|\342\024B\316\224zu\303\371"
 372      FC533984 
 372      4F95217C 
 372      E21442CE 
 372      947A75C3 
 373 071e A87470B6 		.ascii	"\250tp\266<R\237]\234\362i.\342\263Jv\035\247\234m\363"
 373      3C529F5D 
 373      9CF2692E 
 373      E2B34A76 
ARM GAS  /tmp/ccb17ivN.s 			page 30


 373      1DA79C6D 
 374 0733 B7BAD849 		.ascii	"\267\272\330I\002h\216'\011\330\247m\267z\304e\200\354"
 374      02688E27 
 374      09D8A76D 
 374      B77AC465 
 374      80EC
 375 0745 493F2A95 		.ascii	"I?*\225\215:Y:\315Yz_=\177<\275\232\2332\257\224\364"
 375      8D3A593A 
 375      CD597A5F 
 375      3D7F3CBD 
 375      9A9B32AF 
 376 075b 19A5638D 		.ascii	"\031\245c\215\234\3621u[\270\242\036\376\275\234\221"
 376      9CF23175 
 376      5BB8A21E 
 376      FEBD9C91 
 377 076b 6165461E 		.ascii	"aeF\0368\005\215\263dB=\335\034\273\205\313_\277\372"
 377      38058DB3 
 377      64423DDD 
 377      1CBB85CB 
 377      5FBFFA
 378 077e E4E5EDE6 		.ascii	"\344\345\355\346t\277T\367\322^J\020\363FQ9\011\371"
 378      74BF54F7 
 378      D25E4A10 
 378      F3465139 
 378      09F9
 379 0790 807A9DF2 		.ascii	"\200z\235\3621\354\347\322]\253\244\033\025\246tp\313"
 379      31ECE7D2 
 379      5DABA41B 
 379      15A67470 
 379      CB
 380 07a1 48B27236 		.ascii	"H\262r6\336p2\245\343S\331\224i\365%\215\237\004\375"
 380      DE7032A5 
 380      E353D994 
 380      69F5258D 
 380      9F04FD
 381 07b4 DC3AD2AB 		.ascii	"\334:\322\253\014y\217\323\236\301\205eR}y\225N\251"
 381      0C798FD3 
 381      9EC18565 
 381      527D7995 
 381      4EA9
 382 07c6 4F8B8ABA 		.ascii	"O\213\212\272=\360)\272\221i"
 382      3DF029BA 
 382      9169
 383 07d0 93AA1BEE 		.ascii	"\223\252\033\356y\312\247\324!zJ-\200\316\307\265\366"
 383      79CAA7D4 
 383      217A4A2D 
 383      80CEC7B5 
 383      F6
 384 07e1 532A2966 		.ascii	"S*)f\365\315\006\235\200=\346\377\333~\003.~7\360t\223"
 384      F5CD069D 
 384      803DE6FF 
 384      DB7E032E 
 384      7E37F074 
 385 07f6 8E3F1D17 		.ascii	"\216?\035\027h\371\323\3617Zv:\206'\271\360O\266\365"
 385      68F9D3F1 
 385      375A763A 
 385      8627B9F0 
ARM GAS  /tmp/ccb17ivN.s 			page 31


 385      4FB6F5
 386 0809 78F26472 		.ascii	"x\362dr\321\224\311\205\"\271\220\222\247Zv\246\270"
 386      D194C985 
 386      22B99092 
 386      A75A76A6 
 386      B8
 387 081a E00BECC4 		.ascii	"\340\013\354\304P\323]R\342\206/3A:\355\316\027O\273"
 387      50D35D52 
 387      E2862F33 
 387      413AEDCE 
 387      174FBB
 388 082d 2F072EF6 		.ascii	"/\007.\366\031\360U\332\350Zs\264\245\302\013\316\013"
 388      19F055DA 
 388      E85A73B4 
 388      A5C20BCE 
 388      0B
 389 083e 01BEF633 		.ascii	"\001\276\3663A\025w&8\011\301.\235ke\021\347\324\257"
 389      41157726 
 389      3809C12E 
 389      9D6B6511 
 389      E7D4AF
 390 0851 E50417A9 		.ascii	"\345\004\027\251\323\203\344u\250\247\222\255C\245\216"
 390      D383E475 
 390      A8A792AD 
 390      43A58E
 391 0860 EB109FC3 		.ascii	"\353\020\237\303b\310!\233/\245b\002OA\002OC \317\000"
 391      62C8219B 
 391      2FA56202 
 391      4F41024F 
 391      4320CF00 
 392 0874 BE039438 		.ascii	"\276\003\2248l\340\243\225\234\301\337*-P\316\215\361"
 392      6CE0A395 
 392      9CC1DF2A 
 392      2D50CE8D 
 392      F1
 393 0885 5F3B4E24 		.ascii	"_;N$g2s\016\002\265w\340e\037\302\255\254\036\263k."
 393      6732730E 
 393      02B577E0 
 393      651FC2AD 
 393      AC1EB36B 
 394 089a 156BEDF5 		.ascii	"\025k\355\365\330T\245#\365x\026:\227\311\365X\352T"
 394      D854A523 
 394      F578163A 
 394      97C9F558 
 394      EA54
 395 08ac 8F922FA8 		.ascii	"\217\222/\250\034\\\370S\356\300\220\365\307vM`>\345"
 395      1C5CF853 
 395      EEC090F5 
 395      C7764D60 
 395      3EE5
 396 08be 671DEAA3 		.ascii	"g\035\352\243BLy\005M\371\343\231\234r\361L;\237\344"
 396      424C7905 
 396      4DF9E399 
 396      9C72F14C 
 396      3B9FE4
 397 08d1 B5372D4D 		.ascii	"\2657-M\317\362\234K/S\333\316g\273\316y=\251\322\212"
 397      CFF29C4B 
ARM GAS  /tmp/ccb17ivN.s 			page 32


 397      2F53DBCE 
 397      67BBCE79 
 397      3DA9D28A 
 398 08e5 D79373EC 		.ascii	"\327\223s\354\026<\225\\\336\207\224\367\223J0\377\034"
 398      163C955C 
 398      DE8794F7 
 398      934A30FF 
 398      1C
 399 08f6 3DBB9DD7 		.ascii	"=\273\235\327\372H\235\010\373LK\3333\003\356g\005\226"
 399      FA489D08 
 399      FB4C4BDB 
 399      3303EE67 
 399      0596
 400 0908 FB6A779E 		.ascii	"\373jw\236\207t\345N}\235+\367W7\273N9\016\246\375#"
 400      8774E54E 
 400      7D9D2BF7 
 400      5737BB4E 
 400      390EA6FD 
 401 091d 8355D6B5 		.ascii	"\203U\326\2654 |\237\015V=^r\\\274\032`rA\313\036o\366"
 401      34207C9F 
 401      0D563D5E 
 401      725CBC1A 
 401      607241CB 
 402 0934 9ED3C91A 		.ascii	"\236\323\311\032\311\311j-\035\267}\362r\207\213\322"
 402      C9C96A2D 
 402      1DB77DF2 
 402      72878BD2 
 403 0944 49B9DE6A 		.ascii	"I\271\336j\351\2705\322\270=\245\331\203z\245\225s\262"
 403      E9B835D2 
 403      B83DA5D9 
 403      837AA595 
 403      73B2
 404 0956 075F9536 		.ascii	"\007_\2256\352\361\010\263rO\372d\243\033\036\023\317"
 404      EAF108B3 
 404      724FFA64 
 404      A31B1E13 
 404      CF
 405 0967 EF856347 		.ascii	"\357\205cG]\361\023&\024?\2358\347\256T:\347=p\357\324"
 405      5DF11326 
 405      143F9D38 
 405      E7AE543A 
 405      E73D70EF 
 406 097c E1E17978 		.ascii	"\341\341yx\222u}4:s\322\013\277\024o\010E\227\232<p"
 406      92757D34 
 406      3A73D20B 
 406      BF146F08 
 406      45979A3C 
 407 0991 929E0A33 		.ascii	"\222\236\0123i\207J\0158\225\011\325\371\007\323\015"
 407      69874A0D 
 407      389509D5 
 407      F907D30D 
 408 09a1 78071366 		.ascii	"x\007\023f\323R\263\3658\235\011\031M\031\371\0368\213"
 408      D352B3F5 
 408      389D0919 
 408      4D19F91E 
 408      388B
 409 09b3 092F8632 		.ascii	"\011/\2062\332\021\013\244'wo\234/\336\033\213\237\355"
ARM GAS  /tmp/ccb17ivN.s 			page 33


 409      DA110BA4 
 409      27776F9C 
 409      2FDE1B8B 
 409      9FED
 410 09c5 CCF2C039 		.ascii	"\314\362\3009\214\333\326\236\\!r=@L\273\322\373/s\306"
 410      8CDBD69E 
 410      5C21723D 
 410      404CBBD2 
 410      FB2F73C6 
 411 09d9 FCA614F3 		.ascii	"\374\246\024\363\037X\314O\246\014\024\270A_?rN\341"
 411      1F58CC4F 
 411      A60C14B8 
 411      415F3F72 
 411      4EE1
 412 09eb 7EFCF263 		.ascii	"~\374\362c?~\235\266M|\253\303\207\3518\332\262\323"
 412      3F7E9DB6 
 412      4D7CABC3 
 412      87E938DA 
 412      B2D3
 413 09fd 03FBDCB9 		.ascii	"\003\373\334\271\237\267\002S\266\220_\224: D\267\345"
 413      9FB70253 
 413      B6905F94 
 413      3A2044B7 
 413      E5
 414 0a0e 69E667FF 		.ascii	"i\346g\377yk,O\300oi\320\022z\311F\3550\257\374\304"
 414      796B2C4F 
 414      C06F69D0 
 414      127AC946 
 414      ED30AFFC 
 415 0a23 626B8334 		.ascii	"bk\2034\335b\006\024\034:Q;\017\027\262\021\2623/\235"
 415      DD620614 
 415      1C3A513B 
 415      0F17B211 
 415      B2332F9D 
 416 0a37 F6B28FD0 		.ascii	"\366\262\217\320\333\263\260\224\376f\325\015#t\312"
 416      DBB3B094 
 416      FE66D50D 
 416      2374CA
 417 0a46 237468E7 		.ascii	"#th\347\030\242K}\210\306\372\253;trR\021\325\327\002"
 417      18A24B7D 
 417      88C6FAAB 
 417      3B747252 
 417      11D5D702 
 418 0a5a ED37683D 		.ascii	"\3557h=\367\320J\271)UJnQ\366\210\236\315\227\327\322"
 418      F7D04AB9 
 418      29554A6E 
 418      51F6889E 
 418      CD97D7D2 
 419 0a6e 9E9FBD69 		.ascii	"\236\237\275i\332\205\327\336\373\307\264\237o\351z"
 419      DA85D7DE 
 419      FBC7B49F 
 419      6FE97A
 420 0a7d 0F97B2BC 		.ascii	"\017\227\262\274=m\352\202[G9\023\222\2574\034\327\343"
 420      3D6DEA82 
 420      5B473913 
 420      92AF341C 
 420      D7E3
ARM GAS  /tmp/ccb17ivN.s 			page 34


 421 0a8f 4A268C14 		.ascii	"J&\214\024\\\253w\305\227\230008}\026\343:&\034\033"
 421      5CAB77C5 
 421      97983030 
 421      387D16E3 
 421      3A261C1B 
 422 0aa3 C9DB61C0 		.ascii	"\311\333a\300W\304>\003\243M\342Mv;I\336\213\261\262"
 422      57C43E03 
 422      A34DE24D 
 422      763B49DE 
 422      8BB1B2
 423 0ab6 1FA42A21 		.ascii	"\037\244*!?\226\015?\2757\353\206oP\362_\214\234\336"
 423      3F960D3F 
 423      BD37EB86 
 423      6F50F25F 
 423      8C9CDE
 424 0ac9 7DD41349 		.ascii	"}\324\023I7L_\307\273'\254\276pl\230\235\306\251\327"
 424      374C5FC7 
 424      BB27ACBE 
 424      706C989D 
 424      C6A9D7
 425 0adc 1B05A1CF 		.ascii	"\033\005\241\317\206P\237\326\007\265B\314\307a\211"
 425      86509FD6 
 425      07B542CC 
 425      C76189
 426 0aeb 93BC51B9 		.ascii	"\223\274Q\271A\305s\347y\221\255~\263\310\000\375\035"
 426      41C573E7 
 426      7991AD7E 
 426      B3C800FD 
 426      1D
 427 0afc 1BD8D9E4 		.ascii	"\033\330\331\3442\350\276$\262\355k\260\323\315\242"
 427      32E8BE24 
 427      B2ED6BB0 
 427      D3CDA2
 428 0b0b 71BDACBB 		.ascii	"q\275\254\273Y\251\333\371\352\327\317\321\257)\351"
 428      59A9DBF9 
 428      EAD7CFD1 
 428      AF29E9
 429 0b1a 0EA7C70C 		.ascii	"\016\247\307\014\242|\203x\252\"\363[\311v:\231\266"
 429      A27C8378 
 429      AA22F35B 
 429      C9763A99 
 429      B6
 430 0b2b 70BAAF2B 		.ascii	"p\272\257+\331N7\213~.(\003J6\267\347\362[\321\020\204"
 430      D94E378B 
 430      7E2E2803 
 430      4A36B7E7 
 430      F25BD110 
 431 0b40 E13E2D98 		.ascii	"\341>-\230qq\037z\011\3456\001\373\317C\300c\3004\340"
 431      71711F7A 
 431      09E53601 
 431      FBCF43C0 
 431      63C034E0 
 432 0b54 29600630 		.ascii	")`\0060\014x\004\030\003L\001F\001/\000O\000\002\366"
 432      0C780418 
 432      034C0146 
 432      012F004F 
 432      0002F6
ARM GAS  /tmp/ccb17ivN.s 			page 35


 433 0b67 47AFE0F9 		.ascii	"G\257\340\371#`\0260\002x\016\230\004<\263o\315$\006"
 433      23601630 
 433      02780E98 
 433      043CB36F 
 433      CD2406
 434 0b7a 2DF1720C 		.ascii	"-\361r\014\006U\223\307\357\314\\\010\256(\311\243\312"
 434      065593C7 
 434      EFCC5C08 
 434      AE28C9A3 
 434      CA
 435 0b8b 108C7321 		.ascii	"\020\214s!\350W\262\235.\025\343\033d\366\003%\333\341"
 435      E857B29D 
 435      2E15E31B 
 435      64F60325 
 435      DBE1
 436 0b9d A64CAAA8 		.ascii	"\246L\252\250_\254\"\033T\321\005\211-\356N\216\007"
 436      5FAC221B 
 436      54D10589 
 436      2DEE4E8E 
 436      07
 437 0bae 7F7A0511 		.ascii	"\177z\005\021\331\260k\321\343\263\003[\345\232\307"
 437      D9B06BD1 
 437      E3B3035B 
 437      E59AC7
 438 0bbd B9D9A49E 		.ascii	"\271\331\244\236i\236>\314\371yW=\325\016tN\373U\365"
 438      699E3ECC 
 438      F979573D 
 438      D50E744E 
 438      FB55F5
 439 0bd0 1A7538BC 		.ascii	"\032u8\274q\332\357\250G\321\341\367\350\037\331\351"
 439      71DAEFA8 
 439      47D1E1F7 
 439      E81FD9E9 
 440 0be0 6D5C798B 		.ascii	"m\\y\213$Q\253\233\232\237.\220sX\003\004\242^Tf\277"
 440      2451AB9B 
 440      9A9F2E90 
 440      73580304 
 440      A25E5466 
 441 0bf5 183C54CE 		.ascii	"\030<T\316\217\026n~\324\251\317\017\007K9\307\032\325"
 441      8F166E7E 
 441      D4A9CF0F 
 441      074B39C7 
 441      1AD5
 442 0c07 ABC37E70 		.ascii	"\253\303~pk\352\315l\322\341\0147\272\342\227\267\225"
 442      6BEACD6C 
 442      D2E10C37 
 442      BAE297B7 
 442      95
 443 0c18 667A21DF 		.ascii	"fz!\337\000\265\271\2006\341\200\377\223\351\300\302"
 443      00B5B980 
 443      36E180FF 
 443      93E9C0C2 
 444 0c28 F76A8ADE 		.ascii	"\367j\212\336b\222\260/\332\210\355\233\3158=5\202\331"
 444      6292B02F 
 444      DA88ED9B 
 444      CD383D35 
 444      82D9
ARM GAS  /tmp/ccb17ivN.s 			page 36


 445 0c3a 5F5FEDDA 		.ascii	"__\355\332\244\347\017\177\204(o\254\311\230\035\376"
 445      A4E70F7F 
 445      84286FAC 
 445      C9981DFE 
 446 0c4a E049FE15 		.ascii	"\340I\376\025\365('\335\005\347P\037\321\370\276\272"
 446      F52827DD 
 446      05E7501F 
 446      D1F8BEBA 
 447 0c5a 87EE389F 		.ascii	"\207\3568\237\011\373\213\277I\306\370\030\023\272\252"
 447      09FB8BBF 
 447      49C6F818 
 447      13BAAA
 448 0c69 36D67AE1 		.ascii	"6\326z\341b&\3349\2244\340\202K\231p\366\374\243\305"
 448      6226DC39 
 448      9434E082 
 448      4B9970F6 
 448      FCA3C5
 449 0c7c 6C65F703 		.ascii	"le\367\003\351\\\367c\233\370O\303>\262\320\037z8\324"
 449      E95CF763 
 449      9BF84FC3 
 449      3EB2D01F 
 449      7A38D4
 450 0c8f E781CB29 		.ascii	"\347\201\313)\325\360\362l\355aW\304V\364\000\351\236"
 450      D5F0F26C 
 450      ED6157C4 
 450      56F400E9 
 450      9E
 451 0ca0 D0F6F237 		.ascii	"\320\366\3627\015\334?3R\301\241\235X}m\346C\277\015"
 451      0DDC3F33 
 451      52C1A19D 
 451      587D6DE6 
 451      43BF0D
 452 0cb3 FBA1AD98 		.ascii	"\373\241\255\230\264\0216\211\373\036\310A\006\304p"
 452      B4113689 
 452      FB1EC841 
 452      06C470
 453 0cc2 07200D90 		.ascii	"\007 \015\220\011\330\015H\007\354\302\374I\277\377"
 453      09D80D48 
 453      07ECC2FC 
 453      49BFFF
 454 0cd1 B7720D6C 		.ascii	"\267r\015lW\216\347\264sTs\354-J\266\323/X-\277u\274"
 454      578EE7B4 
 454      735473EC 
 454      2D4AB6D3 
 454      2F582DBF 
 455 0ce7 1738B09D 		.ascii	"\0278\260\235\326\223\016\216\235\242\324\355<o\006"
 455      D6930E8E 
 455      9DA2D4ED 
 455      3C6F06
 456 0cf6 1BD8BC01 		.ascii	"\033\330\274\001\232\363\377q\2365p\367\227\257T\303"
 456      9AF3FF71 
 456      9E3570F7 
 456      97AF54C3 
 457 0d06 C8EF59DC 		.ascii	"\310\357Y\334\310\233\325\275\262\317\203\315\355\302"
 457      C89BD5BD 
 457      B2CF83CD 
 457      EDC2
ARM GAS  /tmp/ccb17ivN.s 			page 37


 458 0d14 6D0F7C81 		.ascii	"m\017|\201\315\203\372\241\241B\017\305<\220\222\201"
 458      CD83FAA1 
 458      A1420FC5 
 458      3C909281 
 459 0d24 F6420EFE 		.ascii	"\366B\016\376'\371`n\2156\322z\316\202\216_\313\365"
 459      27F9606E 
 459      8D36D27A 
 459      CE828E5F 
 459      CBF5
 460 0d36 4C9CA4C3 		.ascii	"L\234\244\3037w\026\024z\361\365\234\345P\317\331b="
 460      37771614 
 460      7AF1F59C 
 460      E550CFD9 
 460      623D
 461 0d48 93E75F7E 		.ascii	"\223\347_~\021\031k\215\215]m\375,2\352\017\353\276"
 461      11196B8D 
 461      8D5D6DFD 
 461      2C32EA0F 
 461      EBBE
 462 0d5a B4AE8E8F 		.ascii	"\264\256\216\217\213\214Yc\215Y\023\223\350\366\376"
 462      8B8C5963 
 462      8D591393 
 462      E8F6FE
 463 0d69 EF3E5A60 		.ascii	"\357>Z`\012\012\322,\011\0144\332\377\342\023\214\320"
 463      0A0AD22C 
 463      090C34DA 
 463      FFE2138C 
 463      D0
 464 0d7a C5F865FC 		.ascii	"\305\370e\374\332\304\004\243e\325\312%\213\331{\350"
 464      DAC404A3 
 464      65D5CA25 
 464      8BD97BE8 
 465 0d8a D2F5EB8D 		.ascii	"\322\365\353\215\242\262\300(\215\247\244\227hz#!1n"
 465      A2B2C028 
 465      8DA7A497 
 465      687A2321 
 465      316E
 466 0d9c C9626B54 		.ascii	"\311bkTl|\324\037\350\027\372\230\265\377\031\016\317"
 466      6C7CD41F 
 466      E817FA98 
 466      B5FF190E 
 466      CF
 467 0dad 5FBEB666 		.ascii	"_\276\266f\246!&am\340\027\032\375\352\270\310\327\351"
 467      A6212661 
 467      6DE0171A 
 467      FDEAB8C8 
 467      D7E9
 468 0dbf BD624588 		.ascii	"\275bE\2101de\360\177-\026{C7\350\355n\265\256\213Y"
 468      316465F0 
 468      7F2D167B 
 468      4337E8ED 
 468      6EB5AE8B 
 469 0dd4 930872E2 		.ascii	"\223\010r\342\177\030\343\277L4\006'\306\307\306\306"
 469      7F18E3BF 
 469      4C340627 
 469      C6C7C6C6 
 470 0de4 445957AD 		.ascii	"DYW\255]\027mY\365QH\370\207\326\317\343\327Z\251\016"
ARM GAS  /tmp/ccb17ivN.s 			page 38


 470      5D176D59 
 470      F55148F8 
 470      87D6CFE3 
 470      D75AA90E 
 471 0df8 EBFA77DF 		.ascii	"\353\372w\337\261\276\263\324\372\253\300\240\300E\306"
 471      B1BEB3D4 
 471      FAABC0A0 
 471      C045C6
 472 0e07 60F3CA55 		.ascii	"`\363\312U\361\361\261\011\306\310\265q\277\210d\335"
 472      F1F1B109 
 472      C6C8B571 
 472      BF8864DD 
 473 0e17 7E111DF9 		.ascii	"~\021\035\371Y\2141fMT\354\272\325\321\306\270\310\250"
 473      598C3166 
 473      4D54ECBA 
 473      D5D1C6B8 
 473      C8A8
 474 0e29 2F62D644 		.ascii	"/b\326D\033\255\253\243?\217\\\027\233hM\334\360et\002"
 474      1BADABA3 
 474      3F8F5C17 
 474      9B684DDC 
 474      F0657402 
 475 0e3d 8CEA268D 		.ascii	"\214\352&\215i\375_\0373aC\202\321\232\220\270\032\006"
 475      69FD5F1F 
 475      33614382 
 475      D19A90B8 
 475      1A06
 476 0e4f 8081BC2D 		.ascii	"\200\201\274-\033\022\022\243\343L\361k\243M$\336Z\223"
 476      1B1212A3 
 476      E34CF16B 
 476      A34D24DE 
 476      5A93
 477 0e61 199B2C66 		.ascii	"\031\233,fe\254\242\342\343\342\342\327\030\243\327"
 477      65ACA2E2 
 477      E3E2E2D7 
 477      18A3D7
 478 0e70 2742B094 		.ascii	"'B\260\224q\376|\351\242\240\365Q\240\314#\342\237\315"
 478      71FE7CE9 
 478      A2A0F551 
 478      A0CC23E2 
 478      9FCD
 479 0e82 D655E042 		.ascii	"\326U\340BH\364\347\006\363r\313r\363\307\313C\376\336"
 479      48F4E706 
 479      F372CB72 
 479      F3C7CB43 
 479      FEDE
 480 0e94 3D62C58A 		.ascii	"=b\305\212\360\305\026S\350\373f\027\213\305\364\276"
 480      F0C51653 
 480      E8FB6617 
 480      8BC5F4BE 
 481 0ea4 D9DEF48E 		.ascii	"\331\336\364\216nY\210I\026\177i\010\216X\266xE\304"
 481      6E598849 
 481      167F6908 
 481      8E58B678 
 481      45C4
 482 0eb6 F2DF99C9 		.ascii	"\362\337\231\311\247 \366Ij]j\010\016[\266Dl\015\263"
 482      A720F649 
ARM GAS  /tmp/ccb17ivN.s 			page 39


 482      6A5D6A08 
 482      0E5BB644 
 482      6C0DB3
 483 0ec9 F3C294BC 		.ascii	"\363\302\224\274%z\242\005\276!\317 \276e\261\236h\240"
 483      257AA205 
 483      BE21CF20 
 483      BE65B19E 
 483      68A0
 484 0edb 2D612223 		.ascii	"-a\"#\314\221\021\344F\372\232-\253\314\344C\020\371"
 484      CC9111E4 
 484      46FA9A2D 
 484      ABCCE443 
 484      10F9
 485 0eed 606F5BE4 		.ascii	"`o[\344Fz\263\2660\211\024\306H\330\024n\326\021\007"
 485      467AB3B6 
 485      308914C6 
 485      48D8146E 
 485      D61107
 486 0f00 F5E02B7D 		.ascii	"\365\340+}\206\230> O\017\263\311$E\304\225\250\014"
 486      86983E20 
 486      4F0FB3C9 
 486      2445C495 
 486      A80C
 487 0f12 FDC4353C 		.ascii	"\375\3045<\304\364a\310r\"-\016\375\304+d\331\373+M"
 487      C4F461C8 
 487      72222D0E 
 487      FDC42B64 
 487      D9FB2B4D 
 488 0f26 1F491C5D 		.ascii	"\037I\034]\270%\330\254[\2712\324\214\203C\3148\004"
 488      B825D8AC 
 488      5BB932D4 
 488      8C8343CC 
 488      3804
 489 0f38 9E11A166 		.ascii	"\236\021\241f]p\250\305\254[\026\032lv\201& \204\020"
 489      5D70A8C5 
 489      AC5B161A 
 489      6C768126 
 489      208410
 490 0f4b 398CBC99 		.ascii	"9\214\274\231\340\315\305\022\006)\303\226\260\010\003"
 490      E0CDC512 
 490      0629C396 
 490      B00803
 491 0f5a 2BD677AD 		.ascii	"+\326w\255\211z\361\211M\220P\213\311\354\022\034n6"
 491      897AF189 
 491      4D90508B 
 491      C9EC121C 
 491      6E36
 492 0f6c 99751FAF 		.ascii	"\231u\037\257\372\320\254\013\007\266\213)\342\243\360"
 492      FAD0AC0B 
 492      07B68B29 
 492      E2A3F0
 493 0f7b 10780F36 		.ascii	"\020x\0176\231\1773w\262\241\234\214\246\225\226p\213"
 493      997F3377 
 493      B2A19C8C 
 493      A6959670 
 493      8B
 494 0f8c 91548831 		.ascii	"\221T\2101\\\254\241(\020\254QqKI\245ZL\313\250\365"
ARM GAS  /tmp/ccb17ivN.s 			page 40


 494      5CACA128 
 494      10AC5171 
 494      4B49A55A 
 494      4CCBA8F5 
 495 0fa0 2E1F46AC 		.ascii	".\037F\2542\231\265\026\263\036>|\260\374_\315:\362"
 495      3299B516 
 495      B31E3E7C 
 495      B0FC5FCD 
 495      3AF2
 496 0fb2 8641BF2B 		.ascii	"\206A\277+m\011\232\027\272\"\330\022&y\372\337\247"
 496      6D099A17 
 496      BA22D812 
 496      2679FADF 
 496      A7
 497 0fc3 ED3BDD   		.ascii	"\355;\335"
 498              		.text
 499              		.section	.gnu.lto_.symtab.226c2b5423e54551,"",%progbits
 500 0000 68616C5F 		.ascii	"hal_lld_init\000"
 500      6C6C645F 
 500      696E6974 
 500      00
 501 000d 00       		.ascii	"\000"
 502 000e 00       		.ascii	"\000"
 503 000f 00       		.ascii	"\000"
 504 0010 00000000 		.ascii	"\000\000\000\000\000\000\000\000"
 504      00000000 
 505 0018 B0000000 		.ascii	"\260\000\000\000"
 506 001c 73746D33 		.ascii	"stm32_clock_init\000"
 506      325F636C 
 506      6F636B5F 
 506      696E6974 
 506      00
 507 002d 00       		.ascii	"\000"
 508 002e 00       		.ascii	"\000"
 509 002f 00       		.ascii	"\000"
 510 0030 00000000 		.ascii	"\000\000\000\000\000\000\000\000"
 510      00000000 
 511 0038 B2000000 		.ascii	"\262\000\000\000"
 512 003c 53797374 		.ascii	"SystemCoreClock\000"
 512      656D436F 
 512      7265436C 
 512      6F636B00 
 513 004c 00       		.ascii	"\000"
 514 004d 00       		.ascii	"\000"
 515 004e 00       		.ascii	"\000"
 516 004f 00000000 		.ascii	"\000\000\000\000\000\000\000\000"
 516      00000000 
 517 0057 C3000000 		.ascii	"\303\000\000\000"
 518 005b 69727149 		.ascii	"irqInit\000"
 518      6E697400 
 519 0063 00       		.ascii	"\000"
 520 0064 02       		.ascii	"\002"
 521 0065 00       		.ascii	"\000"
 522 0066 00000000 		.ascii	"\000\000\000\000\000\000\000\000"
 522      00000000 
 523 006e B4000000 		.ascii	"\264\000\000\000"
 524 0072 646D6149 		.ascii	"dmaInit\000"
ARM GAS  /tmp/ccb17ivN.s 			page 41


 524      6E697400 
 525 007a 00       		.ascii	"\000"
 526 007b 02       		.ascii	"\002"
 527 007c 00       		.ascii	"\000"
 528 007d 00000000 		.ascii	"\000\000\000\000\000\000\000\000"
 528      00000000 
 529 0085 B6000000 		.ascii	"\266\000\000\000"
 530              		.text
 531              		.section	.gnu.lto_.opts,"",%progbits
 532 0000 272D666D 		.ascii	"'-fmath-errno' '-fsigned-zeros' '-ftrapping-math' '"
 532      6174682D 
 532      6572726E 
 532      6F272027 
 532      2D667369 
 533 0033 2D666E6F 		.ascii	"-fno-trapv' '-fno-strict-overflow' '-fno-openmp' '-"
 533      2D747261 
 533      70762720 
 533      272D666E 
 533      6F2D7374 
 534 0066 666E6F2D 		.ascii	"fno-openacc' '-mcpu=cortex-m4' '-mfloat-abi=hard' '"
 534      6F70656E 
 534      61636327 
 534      20272D6D 
 534      6370753D 
 535 0099 2D6D6670 		.ascii	"-mfpu=fpv4-sp-d16' '-mno-thumb-interwork' '-mthumb'"
 535      753D6670 
 535      76342D73 
 535      702D6431 
 535      36272027 
 536 00cc 20272D67 		.ascii	" '-ggdb' '-O0' '-ffunction-sections' '-fdata-sectio"
 536      67646227 
 536      20272D4F 
 536      30272027 
 536      2D666675 
 537 00ff 6E732720 		.ascii	"ns' '-fno-common' '-flto'\000"
 537      272D666E 
 537      6F2D636F 
 537      6D6D6F6E 
 537      2720272D 
 538              		.text
 539              		.comm	__gnu_lto_v1,1,1
 540              		.comm	__gnu_lto_slim,1,1
 541              		.ident	"GCC: (GNU Tools for ARM Embedded Processors (Build 17.03)) 6.3.1 20170215 (release) [ARM/e
ARM GAS  /tmp/ccb17ivN.s 			page 42


DEFINED SYMBOLS
                            *ABS*:0000000000000000 hal_lld.c
                            *COM*:0000000000000001 __gnu_lto_v1
                            *COM*:0000000000000001 __gnu_lto_slim

NO UNDEFINED SYMBOLS
