ARM GAS  /tmp/ccFWljvd.s 			page 1


   1              		.cpu cortex-m4
   2              		.eabi_attribute 27, 1
   3              		.eabi_attribute 28, 1
   4              		.eabi_attribute 20, 1
   5              		.eabi_attribute 21, 1
   6              		.eabi_attribute 23, 3
   7              		.eabi_attribute 24, 1
   8              		.eabi_attribute 25, 1
   9              		.eabi_attribute 26, 1
  10              		.eabi_attribute 30, 6
  11              		.eabi_attribute 34, 1
  12              		.eabi_attribute 18, 4
  13              		.file	"hal_st.c"
  14              		.text
  15              	.Ltext0:
  16              		.section	.gnu.lto_.inline.f137d87c7b53fdb6,"",%progbits
  17 0000 789C6365 		.ascii	"x\234ce`b8\310\200\000\234\014\014l\254\014\014L\034"
  17      606238C8 
  17      80009C0C 
  17      0C6CAC0C 
  17      0C4C1C
  18 0013 13FC1858 		.ascii	"\023\374\030X\200r@\300\310\300\302\014\024a\371\240"
  18      807240C0 
  18      C8C0C20C 
  18      1461F9A0 
  19 0023 071361C2 		.ascii	"\007\023a\302\020a\306\020aa`\341\001\2120-\220\207"
  19      1061C610 
  19      616160E1 
  19      018A302D 
  19      9087
  20 0035 9BC30524 		.ascii	"\233\303\005$X\031XyQ\205\231\270\201R\023\374\330\260"
  20      58195879 
  20      518599B8 
  20      815213FC 
  20      D8B0
  21 0047 AB67C7A5 		.ascii	"\253g\307\245\236\003\253\004\003\003\000\354\225\013"
  21      9E03AB04 
  21      030300EC 
  21      950B
  22 0055 C0       		.ascii	"\300"
  23              		.text
  24              		.section	.gnu.lto_st_lld_start_alarm.f137d87c7b53fdb6,"",%progbits
  25 0000 789C8D92 		.ascii	"x\234\215\222OHTQ\024\306\317\367\356{\363p\262\026"
  25      4F485451 
  25      14C6CFF7 
  25      EE7BF370 
  25      B216
  26 0012 813B0917 		.ascii	"\201;\011\027\015b\302<\246 j\321\316M\240\253\\\264"
  26      0D62C23C 
  26      A6206AD1 
  26      CE4DA0AB 
  26      5CB4
  27 0024 93A0C060 		.ascii	"\223\240\300`\302h\206\226yg\032\321\306H\\\350\244"
  27      C2688696 
  27      79671AD1 
  27      C6485CE8 
  27      A4
ARM GAS  /tmp/ccFWljvd.s 			page 2


  28 0035 34BC8908 		.ascii	"4\274\211\010\307t\032-\255,\203\307\024dQ\366g\323"
  28      C7741A2D 
  28      AD2C83C7 
  28      146451F6 
  28      67D3
  29 0047 AE6022C9 		.ascii	"\256`\"\311\240\177\303\200I`\235{\207\221(\215\036"
  29      A07FC380 
  29      49609D7B 
  29      8791288D 
  29      1E
  30 0058 EF3DEEB9 		.ascii	"\357=\356\271\347\273\347\367\235\363\236E\006\225\015"
  30      E7BBE7F7 
  30      9DF39E45 
  30      06950D
  31 0067 A2034454 		.ascii	"\242\003DT\307\017\011\002\2070\000\016@\335\006\272"
  31      C70F0902 
  31      8730000E 
  31      40DD06BA 
  32 0077 31205202 		.ascii	"1 R\002\205\336\2459\243iL\362\345\245J\376I\371B\012"
  32      85DEA539 
  32      A3694CF2 
  32      E5A54AFE 
  32      49F9420A 
  33 008b 57108D08 		.ascii	"W\020\215\010\322\027\306\320\304\262\227\211\251K\342"
  33      D217C6D0 
  33      C4B29789 
  33      A94BE2
  34 009a 02670093 		.ascii	"\002g\000\223\303o\317F\337mS\241\201\006\016\317y\311"
  34      C36FCF46 
  34      DF6D53A1 
  34      81060ECF 
  34      79C9
  35 00ac 877EB11F 		.ascii	"\207~\261\037\304\353\317\305X_M\343U)\343\322{:,\344"
  35      C4EBCFC5 
  35      585F4DE3 
  35      5529E3D2 
  35      7B3A2CE4 
  36 00c0 4E57085C 		.ascii	"NW\010\\\203\340\202\030G=\262\250'\336\"L\240Q\351"
  36      83E08218 
  36      473DB2A8 
  36      27DE224C 
  36      A051E9
  37 00d3 8BD36B43 		.ascii	"\213\323kC[}f\005\210I\370\330\2412\226\272<\373}K\340"
  37      5B7D6605 
  37      8849F8D8 
  37      A13296BA 
  37      3CFB7D4B 
  38 00e8 8AAEF366 		.ascii	"\212\256\363fb\307\340\331\236\005i\272B\013\327\013"
  38      62C7E0D9 
  38      9E0569BA 
  38      420BD70B 
  39 00f8 69873904 		.ascii	"i\2079\004\376\320\027\233G\262^\242aC\365\365\277\324"
  39      FED0179B 
  39      47B25EA2 
  39      6143F5F5 
  39      BFD4
  40 010a 1FFFA1CE 		.ascii	"\037\377\241\316#\220\177\005O\256\375\354\225\336b"
ARM GAS  /tmp/ccFWljvd.s 			page 3


  40      23907F05 
  40      4FAEFDEC 
  40      95DE62
  41 0119 F39799B7 		.ascii	"\363\227\231\267\333k\300\376M\036\0047`\251\245\255"
  41      DB6BC0FE 
  41      4D1E0437 
  41      60A9A5AD 
  42 0129 5E44493D 		.ascii	"^DI=\261~\301s\026\313\210\227?\334{o\253~\322L\023"
  42      B17EC173 
  42      16CB8897 
  42      3FDC7B6F 
  42      AB7ED24C 
  43 013e 58CCAD7C 		.ascii	"X\314\255|\365\253\211\231P\26361\305\210e\024F\037"
  43      F5AB8999 
  43      50B33631 
  43      C5886514 
  43      461F
  44 0150 EF532256 		.ascii	"\357S\"V\014\367\024\236\333\025\205\232\313\312\243"
  44      0CF7149E 
  44      DB15859A 
  44      CBCAA3
  45 015f 277DB52E 		.ascii	"'}\265.\3221Vg\3160\302\342B\230V\3068\373\272TzP\353"
  45      D2315667 
  45      CE30C2E2 
  45      429856C6 
  45      38FBBA54 
  46 0176 E4642226 		.ascii	"\344d\"&\331\270\0177\340\342\2426\300\311\354\322\352"
  46      D9B80F37 
  46      E0E2A236 
  46      C0C9ECD2 
  46      EA
  47 0187 E1505EE5 		.ascii	"\341P^\3452\274/l\334\204\203]\272#\314 \224\346\351"
  47      32BC2F6C 
  47      DC84835D 
  47      BA23CC20 
  47      94E6E9
  48 019a 6B83F355 		.ascii	"k\203\363U\203V\325My\241\352f#\274\265\011\336\306"
  48      8356D54D 
  48      79A1EA66 
  48      23BCB509 
  48      DEC6
  49 01ac ACC6EB7F 		.ascii	"\254\306\353\177\353\026\234\337\233\261A\270\255\213"
  49      EB169CDF 
  49      9BB141B8 
  49      AD8B
  50 01ba C7CBD9FB 		.ascii	"\307\313\331\373V\205g\377\037\317\336\224wG\363\014"
  50      568567FF 
  50      1FCFDE94 
  50      7747F30C 
  51 01ca C59BD3BC 		.ascii	"\305\233\323\274y\367\374\270\277\3023p\227O}B<\363"
  51      79F7FCB8 
  51      BFC23370 
  51      974F7D42 
  51      3CF3
  52 01dc 6308AABA 		.ascii	"c\010\252\272\376\222I\345\216\017\354\015\006\235\365"
  52      FE9249E5 
  52      8E0FEC0D 
ARM GAS  /tmp/ccFWljvd.s 			page 4


  52      069DF5
  53 01eb BB2BE274 		.ascii	"\273+\342t\036\011;'\273NE#\316\241\366\266=\273\235"
  53      1E093B27 
  53      BB4E4523 
  53      CEA1F6B6 
  53      3DBB9D
  54 01fe D6D616A7 		.ascii	"\326\326\026\247\375`\333\351\220\312tD\242\035\341"
  54      FD60DBE9 
  54      90CA7444 
  54      A21DE1
  55 020d F0D16027 		.ascii	"\360\321`'\231\321\343'\216\375\002\376p\001\200"
  55      99D1E327 
  55      8EFD02FE 
  55      700180
  56              		.text
  57              		.section	.gnu.lto_st_lld_stop_alarm.f137d87c7b53fdb6,"",%progbits
  58 0000 789C4D50 		.ascii	"x\234MP=K\003A\020\235w{\211`\324B\260\013b\223\" w"
  58      3D4B0341 
  58      109D777B 
  58      8960D442 
  58      B00B6293 
  59 0017 A820FE00 		.ascii	"\250 \376\000\033!\251L\255\010\026)\002\212\011\226"
  59      1B21A94C 
  59      AD081629 
  59      028A0996 
  60 0027 BA898688 		.ascii	"\272\211\206\210\202b\241\321\240\234b\341Wb\024\264"
  60      8262A1D1 
  60      A09C62E1 
  60      576214B4 
  61 0037 B03B62A1 		.ascii	"\260;b\241\010~66V\006EAEC@\253\350\354\005\304a\247"
  61      087E3636 
  61      56064541 
  61      454340AB 
  61      E8EC05C4 
  62 004d 989937EF 		.ascii	"\230\2317\357\275Y\027i\324\007\242.\"j\342$A\320\210"
  62      BD591769 
  62      D407A22E 
  62      226AE224 
  62      41D088
  63 0060 13DC24D0 		.ascii	"\023\334$\320\270\206q\314\211\264@!\365t\254\3717%"
  63      B88671CC 
  63      89B44021 
  63      F574ACF9 
  63      3725
  64 0072 879DCE78 		.ascii	"\207\235\316x\262\362Z\012K\020-\013r\002\233\360\023"
  64      B2F25A0A 
  64      4B102D0B 
  64      72029BF0 
  64      13
  65 0083 E31E0E2A 		.ascii	"\343\036\016*\013\365n\275\332\307\026\334L\004\356"
  65      0BF56EBD 
  65      DAC716DC 
  65      4C04EE
  66 0092 DF4CEEAF 		.ascii	"\337L\356\257\210Y^\001t.?/2\305\006Ujh\3412\275~\364"
  66      88595E01 
  66      742E3F2F 
  66      32C50655 
ARM GAS  /tmp/ccFWljvd.s 			page 5


  66      6A68E132 
  67 00a9 EDF16D48 		.ascii	"\355\361mH\231\220v%\333<?\221<\223\272%\204\242\301"
  67      99907625 
  67      DB3C3F91 
  67      3C93BA25 
  67      84A2C1
  68 00bc 0EBCD886 		.ascii	"\016\274\330\206\267*\263\013_\376\026\266\254\374\244"
  68      B72AB30B 
  68      5FFE16B6 
  68      ACFCA4
  69 00cb A4FDDE7A 		.ascii	"\244\375\336z\177\370\332\250\203\024\224\246\035+3"
  69      7FF8DAA8 
  69      831494A6 
  69      1D2B33
  70 00da 820F102F 		.ascii	"\202\017\020/H\224\237\257\036k\224\203U\241\014\\\346"
  70      48949FAF 
  70      1E6B9483 
  70      55A10C5C 
  70      E6
  71 00eb BE3E6A95 		.ascii	"\276>j\225\242\200:BG\226)_P(\237\031\012\304\210\305"
  71      A2803A42 
  71      4796295F 
  71      50289F19 
  71      0AC488C5 
  72 00ff 64E1AAA6 		.ascii	"d\341\252\246\212P\227|\235\236O\325YX\2153zm\214%t"
  72      8A50977C 
  72      9D9E4FD5 
  72      59588D33 
  72      7A6D8C25 
  73 0114 26424E19 		.ascii	"&BN\031\341\351]\251tRg\346\344d\\\266X\302\205=XXr"
  73      E1E95DA9 
  73      745267E6 
  73      E4645CB6 
  73      58C2853D 
  74 012b 0C200FF3 		.ascii	"\014 \017\363?\233\013\204}\336zCb\255\270\010%\346"
  74      3F9B0B84 
  74      7DDE7A43 
  74      62ADB808 
  74      25E6
  75 013d 9C32CD32 		.ascii	"\2342\3152\374\375\324i\030\346\337\033\212\232\341"
  75      FCFDD469 
  75      18E6DF1B 
  75      8A9AE1
  76 014c 8188393C 		.ascii	"\201\2109<4\022\213\232\275\241`G\273\031\010t\233\241"
  76      34128B9A 
  76      BDA16047 
  76      BB190874 
  76      9BA1
  77 015e 9EE0689B 		.ascii	"\236\340h\233\232\364Gc\375\221\310\240\021\246_2M\177"
  77      9AF44763 
  77      FD91C8A0 
  77      11A65F32 
  77      4D7F
  78 0170 AC       		.ascii	"\254"
  79              		.text
  80              		.section	.gnu.lto_st_lld_set_alarm.f137d87c7b53fdb6,"",%progbits
  81 0000 789C3D50 		.ascii	"x\234=PKH[Q\020\235\363\346%\241\376\026\005w\".*\242"
ARM GAS  /tmp/ccFWljvd.s 			page 6


  81      4B485B51 
  81      109DF3E6 
  81      25A1FE16 
  81      0577222E 
  82 0016 8B3CA250 		.ascii	"\213<\242P\352\302\235\033AWu\341N\012-X\210XLp\251"
  82      EAC29D1B 
  82      415775E1 
  82      4E0A2D58 
  82      88584C70 
  83 002b 37A9A2A6 		.ascii	"7\251\242\246\240\270\320\250\030^\244\024mk\214\211"
  83      A0B8D0A8 
  83      185EA414 
  83      6D6B8C89 
  84 003b BA70F748 		.ascii	"\272p\367H\005?\340w\343\316\205\242(\305\322\212\370"
  84      053FE077 
  84      E3CE85A2 
  84      28C5D28A 
  84      F8
  85 004c 81A2CE7D 		.ascii	"\201\242\316}\202\227{\341\316\234\3039g\306C\006\245"
  85      82977BE1 
  85      CE9CC339 
  85      67C64306 
  85      A5
  86 005d 40544744 		.ascii	"@TGD\305\362\210\011\006\311\2034\011\324c\240\007\303"
  86      C5F28809 
  86      06C98334 
  86      09D463A0 
  86      07C3
  87 006f 1C67E4FA 		.ascii	"\034g\344\372OW\214\312\031%\307\211\357\347\317\251"
  87      4F578CCA 
  87      1925C789 
  87      EFE7CFA9 
  88 007f 5DC53613 		.ascii	"]\3056\023M0\271\0073\250\024\332^\357\302\024\017\011"
  88      4D30B907 
  88      33A814DA 
  88      5EEFC214 
  88      0F09
  89 0091 029852FE 		.ascii	"\002\230R\376\333\232<.\322\245\2012)\007\235\330j\036"
  89      DB9A3C2E 
  89      D2A58132 
  89      29079DD8 
  89      6A1E
  90 00a3 D782E4FF 		.ascii	"\327\202\344\377\347(2\360\242\342\233RQ\345\374\037"
  90      E72832F0 
  90      A2E29B52 
  90      51E5FC1F 
  91 00b3 65F5CA66 		.ascii	"e\365\312f\306\017\260\010\342;J0\213\022\222\026\341"
  91      C60FB008 
  91      E23B4A30 
  91      8B129216 
  91      E1
  92 00c4 272A34FF 		.ascii	"'*4\377(s?Z\3505\237\0141\007\257$\204\364\343\323\313"
  92      28733F5A 
  92      E8359F0C 
  92      3107AF24 
  92      84F4E3D3 
  93 00d9 B7F9E55F 		.ascii	"\267\371\345_]\235\303\371\322\221\317}\353\312\264"
ARM GAS  /tmp/ccFWljvd.s 			page 7


  93      5D9DC3F9 
  93      D291CF7D 
  93      EBCAB4
  94 00e8 D9253E0B 		.ascii	"\331%>\013\271\011S(O\357\303Q\367\017\375\312\331\366"
  94      B9095328 
  94      4FEFC351 
  94      F70FFDCA 
  94      D9F6
  95 00fa 5F2C5DBF 		.ascii	"_,]\277\364@<L\011\253M(\346\316\362\205e\003|\216\350"
  95      F4403C4C 
  95      09AB4D28 
  95      E6CEF285 
  95      65037C8E 
  96 010f D5D9EF13 		.ascii	"\325\331\357\023\237vJ\2606\332N\335\374\315\323\263"
  96      9F764AB0 
  96      36DA4EDD 
  96      FCCDD3B3 
  97 011f 98D05B30 		.ascii	"\230\320[01/\302\347\310Mn\274\321$a\214\365\345v|O"
  97      312FC2E7 
  97      C84D6EBC 
  97      D124618C 
  97      F5E5767C 
  98 0134 0C9DF866 		.ascii	"\014\235\370fms\240\300F\"\"\354d\267\030yD\010i\035"
  98      6D73A0C0 
  98      462222EC 
  98      64B71879 
  98      4408691D 
  99 0148 47D083CB 		.ascii	"G\320\203\313\313_\005VJ\365FT\231\315^,\300\306\270"
  99      CB5F0556 
  99      4AF54654 
  99      99CD5E2C 
  99      C0C6B8
 100 015b 1B40C0D9 		.ascii	"\033@\300\331\323\273\226@Zc\311,l\366!\003\013U\356"
 100      D3BB9640 
 100      5A63C92C 
 100      6CF62103 
 100      0B55EE
 101 016e 1CC82290 		.ascii	"\034\310\"\220\220\275\\ \232\\\214C[\273\343\305X\026"
 101      90BD5C20 
 101      9A5C8C43 
 101      5BBBE3C5 
 101      5816
 102 0180 22C95FFB 		.ascii	"\"\311_\373\375\326\363\355\010Ym\357\202\326\247\216"
 102      FDD6F3ED 
 102      08596DEF 
 102      82D6A78E 
 103 0190 CE70C87A 		.ascii	"\316p\310z\333\334TSm56\326[\315\015M]\001\215\264\206"
 103      DBDC5453 
 103      6D3536D6 
 103      5BCD0D4D 
 103      5D018DB4 
 104 01a5 C2ADC1E0 		.ascii	"\302\255\301\340{\177\033\231\341\217\355\037\036\001"
 104      7B7F1B99 
 104      E18FED1F 
 104      1E01
 105 01b3 DD6098E6 		.ascii	"\335`\230\346"
 106              		.text
ARM GAS  /tmp/ccFWljvd.s 			page 8


 107              		.section	.gnu.lto_st_lld_get_alarm.f137d87c7b53fdb6,"",%progbits
 108 0000 789C6591 		.ascii	"x\234e\221\315OSA\024\305\357y\367\265\015\266j\202"
 108      CD4F5341 
 108      14C5EF79 
 108      F7B50DB6 
 108      6A82
 109 0012 AE0C0B36 		.ascii	"\256\014\0136]\324E'\325\304\370\007\2701iW\262pGL\\"
 109      5DD44527 
 109      D5C4F807 
 109      B8316957 
 109      B270474C 
 110 0027 10D30463 		.ascii	"\020\323\004c\211[\206\007\015\202\202\221\000U\224"
 110      895B8607 
 110      0D828291 
 110      005594
 111 0036 BC12E5C3 		.ascii	"\274\022\345\303\217\332\326@\214,HSI@\243\010\335\260"
 111      8FDAD640 
 111      8C2C4853 
 111      4940A308 
 111      DDB0
 112 0048 9704E842 		.ascii	"\227\004\350B#\015\011bb\341Nk\334t2\3632w\316o\356"
 112      230D0962 
 112      62E14E6B 
 112      DC7432F3 
 112      3277CE6F 
 113 005d 3D779E87 		.ascii	"=w\236\207,z\017\242\313D\324\"\213l\202E\262\300\362"
 113      2C7A0FA2 
 113      CB44D422 
 113      8B6C8245 
 113      B2C0F2
 114 0070 658844A0 		.ascii	"e\210D\240n\213\321\215\207\234bl\364\345\236\3610\273"
 114      6E8BD18D 
 114      879C626C 
 114      F4E59EF1 
 114      30BB
 115 0082 4CB025DC 		.ascii	"L\260%\334\373:\261u\312\204@\253\204Oui\300\027\232"
 115      FB3AB175 
 115      CA8440AB 
 115      844F7569 
 115      C0179A
 116 0095 D5DAD185 		.ascii	"\325\332\321\205\324\037\377\207w\353\272\311e\213\236"
 116      D41FFF87 
 116      77EBBAC9 
 116      658B9E
 117 00a4 083E8716 		.ascii	"\010>\207\026\314\302\024\301K\204H\350\357\371\352"
 117      CCC214C1 
 117      4B8448E8 
 117      EFF9EA
 118 00b3 D849AF6D 		.ascii	"\330I\257mT9|\005\257T\263\344\374\301\320\337\375\323"
 118      54397C05 
 118      AF54B3E4 
 118      FCC1D0DF 
 118      FDD3
 119 00c5 C1E75A8F 		.ascii	"\301\347Z\217\350B5{\366QorU\333\215i\344\316k\004\205"
 119      E842357B 
 119      F6516F72 
 119      55DB8D69 
ARM GAS  /tmp/ccFWljvd.s 			page 9


 119      E4CE6B04 
 120 00da 4F4D2DFC 		.ascii	"OM-\374\366\033^\252~\031\355\205\363B[.s#\376\006\301"
 120      F61B5EAA 
 120      7E19ED85 
 120      F3425B2E 
 120      7323FE06 
 121 00ef 6C09055D 		.ascii	"l\011\005]=\352\327\205\237jw~\371\214\015\022\224\311"
 121      3DEAD785 
 121      9F6A777E 
 121      F98C0D12 
 121      94C9
 122 0101 A4A74163 		.ascii	"\244\247Ac\204\356\233-\227\341\354\357\036M7\033_\223"
 122      84EE9B2D 
 122      97E1ECEF 
 122      1E4D371B 
 122      5F93
 123 0113 5283B196 		.ascii	"R\203\261\2269\370u\302\364\312\3202ld$o\031\305\245"
 123      39F875C2 
 123      F4CAD032 
 123      6C64246F 
 123      19C5A5
 124 0126 4FE7EA90 		.ascii	"O\347\352\220y\237\361d\361\233\257\016\231\026\017"
 124      799FF164 
 124      F19BAF0E 
 124      99160F
 125 0135 563EDF0B 		.ascii	"V>\337\013\270\230\354\221\013\351\031K\312\330\222"
 125      B898EC91 
 125      0BE9194B 
 125      CAD892
 126 0144 0C6F8D23 		.ascii	"\014o\215#\2217+\225\217\001\225\321}=\272\325e\017"
 126      91372B95 
 126      8F0195D1 
 126      7D3DBAD5 
 126      650F
 127 0156 B270F1B8 		.ascii	"\262p\361\270fB\304\271\355\303\353\221\254\321\322"
 127      6642C4B9 
 127      EDC3EB91 
 127      ACD1D2
 128 0165 8BD28F17 		.ascii	"\213\322\217\0279(\234\257\265\202<\"5\247\302\362\216"
 128      39289CAF 
 128      B5823C22 
 128      35A7C2F2 
 128      8E
 129 0176 FCA509D9 		.ascii	"\374\245\011\331\374\200\223\276\365\317\211\201\006"
 129      FC8093BE 
 129      F5CF8981 
 129      06
 130 0183 D9BC27D1 		.ascii	"\331\274'\321\245pX\375\237\235\011\325q#\256nw\336"
 130      A57058FD 
 130      9F9D09D5 
 130      7123AE6E 
 130      77DE
 131 0195 E94AA86B 		.ascii	"\351J\250km\261\213\027T4zE\265]\215\335\215\030\245"
 131      6DB18B17 
 131      54347A45 
 131      B55D8DDD 
 131      8D18A5
ARM GAS  /tmp/ccFWljvd.s 			page 10


 132 01a8 3DD1D51E 		.ascii	"=\321\325\036\217\337\014w\3201\355\233\227M"
 132      8FDF0C77 
 132      D031ED9B 
 132      974D
 133              		.text
 134              		.section	.gnu.lto_stInit.f137d87c7b53fdb6,"",%progbits
 135 0000 789C6365 		.ascii	"x\234ce`b\230\313\300\300\240\004\304\242@\314\300\314"
 135      606298CB 
 135      C0C0A004 
 135      C4A240CC 
 135      C0CC
 136 0012 C0C8C400 		.ascii	"\300\310\304\000\304\214\214@\016#C=\023c=c?\363tf\306"
 136      C48C8C40 
 136      0E23433D 
 136      13633D63 
 136      3FF37466 
 137 0027 43EDCF76 		.ascii	"C\355\317v2i.o\000\202\003\323\177H6\2548\3008\237\231"
 137      32692E6F 
 137      008203D3 
 137      7F4836AC 
 137      38C0389F 
 138 003c 81612633 		.ascii	"\201a&3\003\0300.g\324d\000*{\264\361\337T^6\026\210"
 138      0318302E 
 138      67D46400 
 138      2A7BB4F1 
 138      DF545E36 
 139 0052 38E30A46 		.ascii	"8\343\012F6\2209\353/1\036h\370\367\277\275\341\300"
 139      369039EB 
 139      2F311E68 
 139      F8F7BFBD 
 139      E1C0
 140 0064 9D458CFF 		.ascii	"\235E\214\377Y\201R]`m\335\314@\273\230_36/\370-\015"
 140      5981525D 
 140      606DDDCC 
 140      40BB985F 
 140      33362FF8 
 141 007a 520B3260 		.ascii	"R\0132`\347\3167\267\331\353\3776p\314gf\234\311\014"
 141      E7CE37B7 
 141      D9EBFF36 
 141      70CC6766 
 141      9CC90C
 142 008d D4CDB892 		.ascii	"\324\315\270\222\261\236a>P\345[\306\246\005\377\271"
 142      B19E613E 
 142      50E55BC6 
 142      A605FFB9 
 143 009d C1EA40A0 		.ascii	"\301\352@\240\013$\011\324\257\240\247\247\017G\371"
 143      0B2409D4 
 143      AFA0A7A7 
 143      0F47F9
 144 00ac C5FA1989 		.ascii	"\305\372\031\2119\372\305E\311 :\276\270D/\231\001\000"
 144      39FAC545 
 144      C9203ABE 
 144      B8442F99 
 144      0100
 145 00be A7F938E3 		.ascii	"\247\3718\343"
 146              		.text
 147              		.section	.gnu.lto_stStartAlarm.f137d87c7b53fdb6,"",%progbits
ARM GAS  /tmp/ccFWljvd.s 			page 11


 148 0000 789C3D50 		.ascii	"x\234=P=K\003A\020\235ws\271\330\250\330)\\\021\320"
 148      3D4B0341 
 148      109D7773 
 148      B9D8A8D8 
 148      295C11D0 
 149 0014 10629108 		.ascii	"\020b\221\010v\376\031\321 ((\212\227\376\326\020\015"
 149      76FE19D1 
 149      2028288A 
 149      97FED610 
 149      0D
 150 0025 44A2A848 		.ascii	"D\242\250H\210(\027\010\222\017\277bg*\017{\005\305"
 150      88281708 
 150      920FBF62 
 150      672A0F7B 
 150      05C5
 151 0037 4E0B5108 		.ascii	"N\013Q\010\202\261\020\304FL\234\273\240\303\316\356"
 151      82B110C4 
 151      464C9CBB 
 151      A0C3CEEE 
 152 0047 CECEDBF7 		.ascii	"\316\316\333\367\336n\2004\232\000\321(\021\231\222"
 152      DE6E8034 
 152      9A00D128 
 152      119992
 153 0056 A4133492 		.ascii	"\244\0234\222\004\313\314\220\026\201l\215ac\223\363"
 153      04CBCC90 
 153      16816C8D 
 153      616393F3 
 154 0066 8CAB4CB3 		.ascii	"\214\253L\263\241E\313J\302\315_\030kju\320\021h\201"
 154      A145CB4A 
 154      C2CD5F18 
 154      6B6A75D0 
 154      116881
 155 0079 C90F9411 		.ascii	"\311\017\224\021\025\324m\272\276\317\033\354\010\201"
 155      15D46DBA 
 155      BECF1BEC 
 155      0881
 156 0087 2EE5C7F5 		.ascii	".\345\307\365\336K\237Wj\010I\371]\253?\366\3630H\366"
 156      DE4B9F57 
 156      6A0849F9 
 156      5DAB3FF6 
 156      F33048F6 
 157 009b AF974FDB 		.ascii	"\257\227O\333\210\034*\225Rnk\207\325\210\303\214\032"
 157      881C2A95 
 157      526E6B87 
 157      D588C38C 
 157      1A
 158 00ac 58085185 		.ascii	"X\010Q\205\211\012L\222#\302\021\"\036\376\371\274\275"
 158      890A4C92 
 158      23C21122 
 158      1EFEF9BC 
 158      BD
 159 00bd DB6BE8A5 		.ascii	"\333k\350\245?M\034\303\020\223\232\264:[\325\245p\311"
 159      3F4D1CC3 
 159      10939AB4 
 159      3A5BD5A5 
 159      70C9
 160 00cf 67FA2A18 		.ascii	"g\372*\030\371\212\273\022rX\367`\03071fv\015\236 ,"
ARM GAS  /tmp/ccFWljvd.s 			page 12


 160      F98ABB12 
 160      7258F760 
 160      18373166 
 160      760D9E20 
 161 00e4 97CFEEE0 		.ascii	"\227\317\356\340\252v'\243\334\346\320\315\347\375\200"
 161      AA7627A3 
 161      DCE6D0CD 
 161      E7FD80
 162 00f3 AEC157A0 		.ascii	"\256\301W\240\254\377\220,\313'\360\272\350\022\277"
 162      ACFF902C 
 162      CB27F0BA 
 162      E812BF
 163 0102 215D2CE5 		.ascii	"!],\345\330\023\362\0144\032\255\207\240\375\243z\034"
 163      D813F20C 
 163      341AAD87 
 163      A0FDA37A 
 163      1C
 164 0113 0E1458A4 		.ascii	"\016\024X\244q\012\233\016Xs\330\240w\244\212\345\034"
 164      710A9B0E 
 164      5873D8A0 
 164      77A48AE5 
 164      1C
 165 0124 7C6C97C7 		.ascii	"|l\227\307\363F\024\212\305\342\377c\321\212\317N\315"
 165      F346148A 
 165      C5E2FF63 
 165      D18ACF4E 
 165      CD
 166 0135 C7ADE584 		.ascii	"\307\255\345\204\267NZ\311X\202\202S\323Vrna\346\027"
 166      B74E5AC9 
 166      58828253 
 166      D356726E 
 166      61E617
 167 0148 926D6998 		.ascii	"\222mi\230"
 168              		.text
 169              		.section	.gnu.lto_stStopAlarm.f137d87c7b53fdb6,"",%progbits
 170 0000 789C6365 		.ascii	"x\234ce`b\230\317\300\300\240\004\304\242@\314\300\314"
 170      606298CF 
 170      C0C0A004 
 170      C4A240CC 
 170      C0CC
 171 0012 C0C8C400 		.ascii	"\300\310\304\000\304\214\214@\016#C=\023c=c?\363tf\306"
 171      C48C8C40 
 171      0E23433D 
 171      13633D63 
 171      3FF37466 
 172 0027 43EDCF76 		.ascii	"C\355\317v2i.o\000\202\003\323\277\260\2655\264J\314"
 172      32692E6F 
 172      008203D3 
 172      BFB0B535 
 172      B44ACC
 173 003a 67666098 		.ascii	"gf`\230\311\314\000\006\214\313\0315\031\200\312\036"
 173      C9CC0006 
 173      8CCB1935 
 173      1980CA1E 
 174 004a 6DFC3795 		.ascii	"m\3747\225\227\215\005\"\316\270\202\221\015d\316\372"
 174      978D0522 
 174      CEB88291 
ARM GAS  /tmp/ccFWljvd.s 			page 13


 174      0D64CEFA 
 175 005a 4B8C071A 		.ascii	"K\214\007\032\376\375oo8pd1\343o7\240T\027X[73\320."
 175      FEFD6F6F 
 175      38706431 
 175      E36F37A0 
 175      5417585B 
 176 0072 E6D78CCD 		.ascii	"\346\327\214\315\013>\3672\203\024\203L\330\271\363"
 176      0B3EF732 
 176      8314834C 
 176      D8B9F3
 177 0081 CD6DF6FA 		.ascii	"\315m\366\372\277\015\034\363\231\031g2\003\2653\256"
 177      BF0D1CF3 
 177      99196732 
 177      03B533AE 
 178 0091 64AC6798 		.ascii	"d\254g\230\017T\372\226\261i\301\367^F\260B\020\350"
 178      0F54FA96 
 178      B169C1F7 
 178      5E46B042 
 178      10E8
 179 00a3 02C9024D 		.ascii	"\002\311\002MP\320\323\323\207\243\374b\375\214\304"
 179      50D0D3D3 
 179      87A3FC62 
 179      FD8CC4
 180 00b2 1CFDE2A2 		.ascii	"\034\375\342\242d\020\035_\\\242\227\314\000\000\014"
 180      64101D5F 
 180      5CA297CC 
 180      00000C
 181 00c1 443996   		.ascii	"D9\226"
 182              		.text
 183              		.section	.gnu.lto_stSetAlarm.f137d87c7b53fdb6,"",%progbits
 184 0000 789C6D90 		.ascii	"x\234m\220\317+DQ\024\307\317\367\2357ol\220\235\305"
 184      CF2B4451 
 184      14C7CFF7 
 184      9D376F6C 
 184      909DC5
 185 0013 53534CD3 		.ascii	"SSL\323X\314(\177\220\306P\024\2217\373wi\230\242FH"
 185      58CC287F 
 185      90C65014 
 185      9137FB77 
 185      6998A246 
 186 0028 63647A4A 		.ascii	"cdzJ\232\361s\306\316\254<\026V,X\330\260\020%\345G"
 186      9AF173C6 
 186      CEAC3C16 
 186      562C58D8 
 186      B01025E5 
 187 003d 89B210E3 		.ascii	"\211\262\020\343\2747Q\312\351\236{\357\271\367\323"
 187      BC3751CA 
 187      E99E7BEF 
 187      B9F7D3
 188 004c F77CEF0D 		.ascii	"\367|\357\015\220F} \352$\"S\222t\202F\222`\231\031"
 188      90467D20 
 188      EA242253 
 188      92748246 
 188      92609919 
 189 0060 7245205B 		.ascii	"rE [c\330\230\345\034\343(sW\325\242E%\341\346*\301"
 189      63D898E5 
 189      1CE32873 
ARM GAS  /tmp/ccFWljvd.s 			page 14


 189      57D5A245 
 189      25E1E62A 
 190 0075 2935D9EA 		.ascii	")5\331\352\010\232g\362\003ED\205:KWV8\313\216\010\350"
 190      089A67F2 
 190      03454485 
 190      3A4B5756 
 190      38CB8E08 
 191 008a 52BE9C2E 		.ascii	"R\276\234.\3376y\245\206\220\224\037\233\225\253fn\007"
 191      DF3679A5 
 191      8690941F 
 191      9B95AB66 
 191      6E07
 192 009c C9FEFEE0 		.ascii	"\311\376\376\340z\036\221u\245&\224{\265\300\252\303"
 192      7A1E9175 
 192      A526947B 
 192      B5C0AAC3 
 193 00ac 61C62658 		.ascii	"a\306&X\004\261\001\023%\230$G\204-D<\376f\357k\261"
 193      04B10113 
 193      25982447 
 193      842D443C 
 193      FE66EF6B 
 194 00c1 D1D0D77E 		.ascii	"\321\320\327~zb\033\206\230\364\254\325\3466F\303k\276"
 194      7A621B86 
 194      98F4ACD5 
 194      E63646C3 
 194      6BBE
 195 00d3 D245C1C8 		.ascii	"\322E\301\310\225\334\361\220\303\272\207\241\333D\227"
 195      95DCF190 
 195      C3BA87A1 
 195      DB4497
 196 00e2 5937B883 		.ascii	"Y7\270\203\360_v\377P[R\372?\344.\302\322\246|\016W"
 196      F05F76FF 
 196      505B52FA 
 196      3FE42EC2 
 196      D2A67C0E 
 197 00f7 7DD532CA 		.ascii	"}\3252\312=n;y{n\3215\370^h\332\177\3624\313w\361\214"
 197      3D6E3B79 
 197      7B6ED135 
 197      F85E68DA 
 197      7FF234CB 
 198 010e 38247E40 		.ascii	"8$~@z\3655\313\236%\317j\265\372x\031\264?U\203\303"
 198      7AF535CB 
 198      9E25CF6A 
 198      B5FA7819 
 198      B43F5583 
 199 0123 813C8B49 		.ascii	"\201<\213I\224aS\2015\207\015z\302\304\352{\026>[\327"
 199      94615381 
 199      35870D7A 
 199      C2C4EA7B 
 199      163E5BD7 
 200 0137 1140A442 		.ascii	"\021@\244B\261X\374w\214X\361\201\304P\334\032Kzk\217"
 200      B158FC77 
 200      8C58F181 
 200      C450DC1A 
 200      4B7A6B8F 
 201 014b 958A2529 		.ascii	"\225\212%)\230\350\265R\203\303\375\337\250\275vH"
 201      98E8B552 
ARM GAS  /tmp/ccFWljvd.s 			page 15


 201      83C3FDDF 
 201      A8BD7648 
 202              		.text
 203              		.section	.gnu.lto_stGetAlarm.f137d87c7b53fdb6,"",%progbits
 204 0000 789C6D90 		.ascii	"x\234m\220\317KBA\020\307g\336\254Z\207\212\240S\010"
 204      CF4B4241 
 204      10C767DE 
 204      AC5A878A 
 204      A05308
 205 0013 3D0A0F5E 		.ascii	"=\012\017^4\350\017\212\350\322\241(\262\373\333\264"
 205      34E80F8A 
 205      E8D2A128 
 205      B2FBDBB4 
 206 0023 88B21283 		.ascii	"\210\262\022\2030\265x\201\007\265\337uJ\350\360\272"
 206      30B57881 
 206      07B5DF75 
 206      4AE8F0BA 
 207 0033 4497A03C 		.ascii	"D\227\240<t\351VP\207\012\212\274\252}\327\"(\202\335"
 207      74E95650 
 207      870A8ABC 
 207      AA7DD722 
 207      2882DD
 208 0046 D99D9DCF 		.ascii	"\331\235\235\317|gv|d\321\004\023\365\023\321\0006\371"
 208      7C67767C 
 208      64D10413 
 208      F513D100 
 208      36F9
 209 0058 882DC266 		.ascii	"\210-\302f\201\025V\260\212\001\020\223c\211b\207S\222"
 209      811556B0 
 209      8A011093 
 209      63896287 
 209      5392
 210 006a 11BE993B 		.ascii	"\021\276\231;\332\224Uq\005a\270\357W\271\207N\3432"
 210      DA945571 
 210      0561B8EF 
 210      57B9874E 
 210      E332
 211 007c DB70F3BA 		.ascii	"\333p\363\272\272\030\010\027\265\216k/\363\026\310"
 211      BA180817 
 211      B58E6B2F 
 211      F316C8
 212 008b 9F5CEB76 		.ascii	"\237\\\353vW,\312\002/q\220\213\0344\212e\016\023\350"
 212      572CCA02 
 212      2F71908B 
 212      1C348A65 
 212      0E13E8
 213 009e FBE3C67A 		.ascii	"\373\343\306z\207_\025P\021\000\336w\330\217\212F\267"
 213      875F1550 
 213      1100DE77 
 213      D88F8A46 
 213      B7
 214 00af 992E4F85 		.ascii	"\231.O\205\012-\235[\327\237)y\263\266+\322\322\031"
 214      0A2D9D5B 
 214      D79F2979 
 214      B3B62BD2 
 214      D219
 215 00c1 0AF2A051 		.ascii	"\012\362\240Q\001\277\313\241\337\354\351\271\265\241"
ARM GAS  /tmp/ccFWljvd.s 			page 16


 215      01BFCBA1 
 215      DFECE9B9 
 215      B5A1
 216 00cf D53FE45E 		.ascii	"\325?\344^\213\\^\251\327\272\014\272\246\275G\267'"
 216      8B5C5EA9 
 216      D7BA0CBA 
 216      A6BD47B7 
 216      27
 217 00e0 9D98BF34 		.ascii	"\235\230\2774\364\337\376\300\357s\010m\035V\331\323"
 217      F4DFFEC0 
 217      EF73086D 
 217      1D56D9D3 
 218 00f0 8DE682F6 		.ascii	"\215\346\202\366.\372\316j\215n%dhZ2\335\302\342*I\024"
 218      2EFACE6A 
 218      8D6E2564 
 218      685A32DD 
 218      C2E22A49 
 219 0105 2379E6C4 		.ascii	"#y\346\304\366G\252\327\374`K\314\234*\225\227\273\200"
 219      F647AAD7 
 219      FC604BCC 
 219      9C2A9597 
 219      BB80
 220 0117 53D76DAE 		.ascii	"S\327m\256\250\254\340W|\300\016\262}HL\012\246+O\230"
 220      A8ACE057 
 220      7CC00EB2 
 220      7D484C0A 
 220      A62B4F98 
 221 012b 6E0E9157 		.ascii	"n\016\221W\216\333\337y_\252\200!lG\"\321\2375\031\213"
 221      8EDBDF79 
 221      5FAA8021 
 221      6C4722D1 
 221      9F35198B 
 222 013f 8E8D8C47 		.ascii	"\216\215\214Gc\323\243\346\034\216\315DF\351\023\225"
 222      63D3A3E6 
 222      1C8ECD44 
 222      46E91395 
 223 014f 737389   		.ascii	"ss\211"
 224              		.text
 225              		.section	.gnu.lto_.symbol_nodes.f137d87c7b53fdb6,"",%progbits
 226 0000 789C5DC8 		.ascii	"x\234]\310\313\015\3020\024D\321y\343\330I\272J*\033"
 226      CB0DC230 
 226      1444D179 
 226      E3D849BA 
 226      4A2A1B
 227 0013 D3015B3E 		.ascii	"\323\001[>;\322D> \321\0005\260I\033\010\223\210\205"
 227      3BD2443E 
 227      20D10035 
 227      B0491B08 
 227      938885
 228 0026 7D37573A 		.ascii	"}7W:\036\304\212\024O&\340\370\002\322\306\370\214!"
 228      1EC48A14 
 228      4F26E0F8 
 228      02D2C6F8 
 228      8C21
 229 0038 D9D964A5 		.ascii	"\331\331d\245]L,\355jr\245\215T\365\267\351\320'\231"
 229      5D4C2CED 
 229      6A72A58D 
ARM GAS  /tmp/ccFWljvd.s 			page 17


 229      54F5B7E9 
 229      D02799
 230 004b 289FCB4C 		.ascii	"(\237\313L\205\\\026\252\316\345N5\231\330\203j7\001"
 230      855C16AA 
 230      CEE54E35 
 230      99D8836A 
 230      3701
 231 005d 62EC0057 		.ascii	"b\354\000W\265\030\336\237\336y\340\366{\260\3755\367"
 231      B518DE9F 
 231      DE79E0F6 
 231      7BB0FD35 
 231      F7
 232 006e 376E3BBE 		.ascii	"7n;\2767\235?\330"
 232      379D3FD8 
 233              		.text
 234              		.section	.gnu.lto_.refs.f137d87c7b53fdb6,"",%progbits
 235 0000 789C6365 		.ascii	"x\234ce`b`d\000\002\000\000I\000\011"
 235      60626064 
 235      00020000 
 235      490009
 236              		.text
 237              		.section	.gnu.lto_.decls.f137d87c7b53fdb6,"",%progbits
 238 0000 789CB557 		.ascii	"x\234\265WkP\024\331\025\356\333\267A\030\036\232\321"
 238      6B5014D9 
 238      15EEDBB7 
 238      41181E9A 
 238      D1
 239 0011 58267113 		.ascii	"X&q\023J\331\222\252\254\014\350\306\335\375\223R\321"
 239      4AD992AA 
 239      AC0CE8C6 
 239      DDFD9352 
 239      D1
 240 0022 6CAC5A77 		.ascii	"l\254ZwS#\273\225\177S\210\030I\241X0\246\342\237\330"
 240      5323BB95 
 240      7F538818 
 240      49A15830 
 240      A6E29FD8 
 241 0036 3C5C0774 		.ascii	"<\\\007t\025TPP\027\020DYQ\020\024E\220\327\010\"\202"
 241      15545050 
 241      17104459 
 241      51101445 
 241      90D70822 
 242 004b E22822A2 		.ascii	"\342(\"\242\202\212O\\D|\341\003\311\271\217\236n\332"
 242      828A4F5C 
 242      447CE103 
 242      C9B98F9E 
 242      6EDA
 243 005d C172AB92 		.ascii	"\301r\253\222.\316\320\347\336\357~\3379\347\336\276"
 243      2ECED0E7 
 243      DEEF7EDF 
 243      39E7DEBE 
 244 006d 7DDB4D10 		.ascii	"}\333M\020\205\213FAp\210\202P\0106\014\227A\020\204"
 244      858B4641 
 244      70888250 
 244      08360C97 
 244      411084
 245 0080 03827A11 		.ascii	"\003\202z\021\277\022\254\032\254\026\354$X\003X#X\023"
ARM GAS  /tmp/ccFWljvd.s 			page 18


 245      BF12AC1A 
 245      AC16EC24 
 245      58035823 
 245      5813
 246 0092 5833D859 		.ascii	"X3\330Y\260V\341\335k5\022\004\017\370\377\035\030\310"
 246      B056E1DD 
 246      6B351204 
 246      0FF8FF1D 
 246      18C8
 247 00a4 0813C0CA 		.ascii	"\010\023\300\312\310\177h\037\017\326\003\367\227\300"
 247      C87F681F 
 247      0FD603F7 
 247      97C0
 248 00b2 30D838F0 		.ascii	"0\3308\360\021\230D\376sM\375\265\006:\334u|\012\027"
 248      119844FE 
 248      734DFDB5 
 248      063ADC75 
 248      7C0A17
 249 00c5 E121E394 		.ascii	"\341!\343\224\361\325.\306'|`<H\211\207\347\254\277"
 249      F1D52EC6 
 249      277C603C 
 249      488987E7 
 249      ACBF
 250 00d7 92A063CC 		.ascii	"\222\240c\314/\3408\311\375_\243\221<? \226;\211g\""
 250      2FE038C9 
 250      FD5FA391 
 250      3C3F2096 
 250      3B896722 
 251 00eb DC57F176 		.ascii	"\334W\361v\221\327\330UMS\271\266>\207\337B\373d\260"
 251      91D7D855 
 251      4D53B9B6 
 251      3E87DF42 
 251      FB64B0
 252 00fe 0A0D4723 		.ascii	"\012\015G#\257#\221\375\243N;\355=\332M\243\324/\343"
 252      AF2391FD 
 252      A34E3BED 
 252      3DDA4DA3 
 252      D42FE3
 253 0111 17689375 		.ascii	"\027h\223uQ\313\265g\352\264w\361y\324s|\012f\327p\220"
 253      51CBB567 
 253      EAB477F1 
 253      79D4737C 
 253      0A66D770 
 254 0126 757592DF 		.ascii	"uu\222\337\317\202\276\317t<\3330\352\276\321\266\326"
 254      CF82BECF 
 254      743CDB30 
 254      EABED1B6 
 254      D6
 255 0137 FD3ABA4A 		.ascii	"\375:\272Jz\020\271\230\242\346\"\356\260r\361E\306"
 255      7A10B998 
 255      A2E622EE 
 255      B072F145 
 255      C6
 256 0148 395528D2 		.ascii	"9U(\322\015\0228\020l$P\351\3252\252$4\000\032\204v"
 256      0D123810 
 256      6C2450E9 
 256      D532AA24 
ARM GAS  /tmp/ccFWljvd.s 			page 19


 256      34001A84 
 257 015d 0477E99F 		.ascii	"\004w\351\237\310\034\344\354W\260\032B\236\005r\021"
 257      C81CE4EC 
 257      57B01A42 
 257      9E057211 
 258 016d 16BBB092 		.ascii	"\026\273\260\222\375\303\015O\262\244.t\015!/!{6\242"
 258      FDC30D4F 
 258      B2A42E74 
 258      0D212F21 
 258      7B36A2
 259 0180 6D39A54F 		.ascii	"m9\245O3}0\350\300}\327\313}\177\011,\224\331\3451]"
 259      337D30E8 
 259      C07DD7CB 
 259      7D7F092C 
 259      94D9E531 
 260 0195 2DDBB5C6 		.ascii	"-\333\265\306\202\375x#F\323\014\210h\216\205\246\242"
 260      82FD7823 
 260      46D30C88 
 260      688E85A6 
 260      A2
 261 01a6 87E52F7D 		.ascii	"\207\345/}X\023A86\015\344\215\301\277\247\367\347\023"
 261      58134138 
 261      360DE48D 
 261      C1BFA7F7 
 261      E713
 262 01b8 8B7712B4 		.ascii	"\213w\022\264\321\200$p\037\267d\336\362\005w\202\001"
 262      D1802470 
 262      1FB764DE 
 262      F2057782 
 262      01
 263 01c9 F96DC362 		.ascii	"\371m\303bFS{\235\204\002\014\371D\244\346\334\263i"
 263      46537B9D 
 263      84020CF9 
 263      44A4E6DC 
 263      B369
 264 01db A9EB6459 		.ascii	"\251\353dYD\207\220\001\035@\030\375\204\002I\212\323"
 264      44879001 
 264      1D4018FD 
 264      8402498A 
 264      D3
 265 01ec C8466293 		.ascii	"\310Fb\223\345x9%A\366\374\253\200\212\320dt\020M\026"
 265      E5783925 
 265      41F6FCAB 
 265      808AD064 
 265      74104D16 
 266 0200 50310A20 		.ascii	"P1\012 \242\004\207\012\241q?4\202JA^\352nw\274\025"
 266      A204870A 
 266      A1713F34 
 266      824A415E 
 266      EA6E77BC 
 267 0215 9108C486 		.ascii	"\221\010\304\206\252\316\313\0222\004\270$8\354\202"
 267      AACECB12 
 267      3204B824 
 267      38EC82
 268 0224 8005F368 		.ascii	"\200\005\363h\377\224\206\265$\230R\010\246D\015\006"
 268      FF9486B5 
 268      24985208 
ARM GAS  /tmp/ccFWljvd.s 			page 20


 268      A6440D06 
 269 0234 626375D8 		.ascii	"bcu\330t\244\363\315X<\304D2\213r\236\340\321D\216\216"
 269      74A4F3CD 
 269      583CC444 
 269      328B729E 
 269      E0D1448E 
 270 0249 2A32DC18 		.ascii	"*2\334\030TpQ\226\375P\031\210\034QEJ\025\221\252\254"
 270      54705196 
 270      FD501988 
 270      1C51454A 
 270      1591AAAC 
 271 025d C1C3A204 		.ascii	"\301\303\242\004\353\210\"\026K\244\255~\370E\315XV"
 271      EB882216 
 271      4BA4AD7E 
 271      F845CD58 
 271      56
 272 026e 529154BB 		.ascii	"R\221T\273\277y\227\027+\3518p\033\313_\365\340I\351"
 272      BF799717 
 272      2BE93870 
 272      1BCB5FF5 
 272      E049E9
 273 0281 74DA12E4 		.ascii	"t\332\022\344q\"\372n\":\016\242\345 *\240\0124\011"
 273      7122FA6E 
 273      223A0EA2 
 273      E5202AA0 
 273      0A3409
 274 0294 7E8F2189 		.ascii	"~\217!\211\321_\314\331\342\300S\262\345\232\032\271"
 274      D15FCCD9 
 274      E2C053B2 
 274      E59A1AB9 
 275 02a4 A6ABC57F 		.ascii	"\246\253\305\177\377\345\036YN\206\201H\"HT\240F\004"
 275      FFE51E59 
 275      4E868148 
 275      224854A0 
 275      4604
 276 02b6 B7F0BB0F 		.ascii	"\267\360\273\017u!\264\027]\207\025V\211\246\000A\347"
 276      7521B417 
 276      5D871556 
 276      89A60041 
 276      E7
 277 02c7 7079B60F 		.ascii	"py\266\017\276\311\226\314`\\[\255aT\351**\275\230+"
 277      BEC996CC 
 277      605C5BAD 
 277      6154E92A 
 277      2ABD982B 
 278 02db F75656F4 		.ascii	"\367VV\364zr\345\007\237d\3105\361\262\234-\022\020"
 278      7A72E507 
 278      9F64C835 
 278      F1B29C2D 
 278      1210
 279 02ed 3AA1AA9E 		.ascii	":\241\252\236\320\253VS\325\352\373y\231\022~\312T\035"
 279      D0AB5653 
 279      D5EAFB79 
 279      99127ECA 
 279      541D
 280 02ff ED55B55E 		.ascii	"\355U\265^\234\251)\320\311D\342\257Q\231j\364L\265"
 280      9CA929D0 
ARM GAS  /tmp/ccFWljvd.s 			page 21


 280      C944E2AF 
 280      51996AF4 
 280      4CB5
 281 0311 94A96C5B 		.ascii	"\224\251l[\332\237\361ZL\211n\025\237\275+j\303'%W\343"
 281      DA9FF15A 
 281      4C896E15 
 281      9FBD2B6A 
 281      C3272557 
 282 0326 B78F88BF 		.ascii	"\267\217\210\277\255\267\255L\251\\_\221qK\202\274\017"
 282      ADB7AD4C 
 282      A95C5F91 
 282      714B82BC 
 282      0F
 283 0337 86F91314 		.ascii	"\206\371\023\024\252Se\353\364\262'\251\354\272\222"
 283      AA5365EB 
 283      F4B227A9 
 283      ECBA92
 284 0346 BE2E379C 		.ascii	"\276.7\234\316t\023\207.\274\366\005\252l\240z\324\033"
 284      CE741387 
 284      2EBCF605 
 284      AA6CA07A 
 284      D41B
 285 0358 74B74496 		.ascii	"t\267D\226a\341\311\022-F\275\312U\257\347j\240\\\011"
 285      61E1C912 
 285      2D46BDCA 
 285      55AFE76A 
 285      A05C09
 286 036b 855792DD 		.ascii	"\205W\222\335p\025\343zl\257|<\026\270\272\201\353\346"
 286      7015E37A 
 286      6CAF7C3C 
 286      16B8BA81 
 286      EBE6
 287 037d 6F583164 		.ascii	"oX1dV\214S*\323)=S#e:\375\272\304\027\237aD\307\216"
 287      568C532A 
 287      D3293D53 
 287      23653AFD 
 287      BAC4179F 
 288 0395 E5E61938 		.ascii	"\345\346\0318\221\343wN\"\022\322i\225\350\264\236\250"
 288      91E3774E 
 288      2212D269 
 288      95E8B49E 
 288      A8
 289 03a6 89126D2E 		.ascii	"\211\022m.}\221\345\206\333\031\323\375\316cu\356\234"
 289      7D91E586 
 289      DB19D3FD 
 289      CE6375EE 
 289      9C
 290 03b7 A9EEA311 		.ascii	"\251\356\243\021!\235Q\231\316\350\231\232)S\341\323"
 290      219D5199 
 290      CEE8999A 
 290      2953E1D3 
 291 03c7 D612585F 		.ascii	"\326\022X_\214\251u[\347y_\316\324\22051\225\325\334"
 291      8CA9755B 
 291      E7795FCE 
 291      D4903531 
 291      95D5DC
 292 03da 8FD6BC45 		.ascii	"\217\326\274E\245j\321S\235\245T\2177<\312\036\213\177"
ARM GAS  /tmp/ccFWljvd.s 			page 22


 292      A56AD153 
 292      9DA5548F 
 292      373CCA1E 
 292      8B7F
 293 03ec 665459A5 		.ascii	"fTY\245\0337\371\020*\231,\374O\262\212{d\233\201\256"
 293      1B37F910 
 293      2A992CFC 
 293      4FB28A7B 
 293      649B81AE 
 294 0400 51744E65 		.ascii	"QtNe:\207\330v\211Z)\303\321\033i\325\236\354\301\273"
 294      3A87D876 
 294      895A29C3 
 294      D11B69D5 
 294      9EECC1BB 
 295 0414 4C48322B 		.ascii	"LH2+\2366\2711\337\203t\367\355?\352\303\036\304\032"
 295      9E36B931 
 295      DF8374F7 
 295      ED3FEAC3 
 295      1EC41A
 296 0427 D27DE14E 		.ascii	"\322}\341NN\2427\353n%\276\375\322\251~\011\277d\001"
 296      4EA237EB 
 296      6E25BEFD 
 296      D2A97E09 
 296      BF6401
 297 043a D80A37DA 		.ascii	"\330\0127\332\261\301FV\332\207\354I0\242\271\371u\213"
 297      B1C14656 
 297      DA87EC49 
 297      30A2B9F9 
 297      758B
 298 044c 1B1E66C3 		.ascii	"\033\036f\303\327\327\037i\340\333j#\361\267\036\267"
 298      D7D71F69 
 298      E0DB6A23 
 298      F1B71EB7 
 299 045c 5778E178 		.ascii	"Wx\341x\211-\344\344\233vw\274\2169JTF\036UV\347\263"
 299      892DE4E4 
 299      9B7677BC 
 299      8E394A54 
 299      461E5556 
 300 0472 2684D7B3 		.ascii	"&\204\327\263\316\212\243\225\015<\203 \315Vbd[I\331"
 300      CE8AA395 
 300      0D3C8320 
 300      CD566264 
 300      5B49D9
 301 0485 9DD30D06 		.ascii	"\235\323\015\006\226\220\214\300?\341\270:\033\247\260"
 301      96908CC0 
 301      3FE1B83A 
 301      1BA7B0
 302 0494 917503C5 		.ascii	"\221u\003\305{yr\230\244\2231\320:\226\244#\263tH\273"
 302      7B797298 
 302      A49331D0 
 302      3A96A423 
 302      B37448BB 
 303 04a8 9290806E 		.ascii	"\222\220\200n\222\355\014\231&\243\033,\225\216\301"
 303      92ED0C99 
 303      26A31B2C 
 303      958EC1
 304 04b7 FA2B6EC6 		.ascii	"\372+n\306\024\212\206\011\224\350\036\333\005\360\353"
ARM GAS  /tmp/ccFWljvd.s 			page 23


 304      148A8609 
 304      94E81EDB 
 304      05F0EB
 305 04c6 147E0B19 		.ascii	"\024~\013\031\225At\277K\353\363\325\202/\275\017|0"
 305      954174BF 
 305      4BEBF3D5 
 305      822FBD0F 
 305      7C30
 306 04d8 77CF3603 		.ascii	"w\3176\003\336\312\202\334\361\344\332}>a\001\340\346"
 306      DECA82DC 
 306      F1E4DA7D 
 306      3E6101E0 
 306      E6
 307 04e9 3FAF48F0 		.ascii	"?\257H\360\300\333Y\337\226\252]-c\360N\346(\257%#}"
 307      C0DB59DF 
 307      96AA5D2D 
 307      63F04EE6 
 307      28AF2523 
 308 04fe 2DA1F8F6 		.ascii	"-\241\370\366\2718\233\365T\247n\276\206p\036s\372\022"
 308      B9389BF5 
 308      54A76EBE 
 308      86701E73 
 308      FA12
 309 0510 6F77F3FA 		.ascii	"ow\363\372L\0027\355L\3574\\\300\272\3366\332\247\341"
 309      4C0237ED 
 309      4CEF345C 
 309      C0BADE36 
 309      DAA7E1
 310 0523 2276DF50 		.ascii	"\"v\337P\266o/\302G\2303\220\331\320k\300\345\314\311"
 310      B66F2FC2 
 310      47983390 
 310      D9D06BC0 
 310      E5CCC9
 311 0536 76EC3CE6 		.ascii	"v\354<\346\201+\231\223?\230\236\357\215k\231s\261\274"
 311      812B9993 
 311      3F989EEF 
 311      8D6B9973 
 311      B1BC
 312 0548 CDE6851B 		.ascii	"\315\346\205\033\230c;th\273\027nbN|EG*\337\356\273"
 312      98633B74 
 312      68BB176E 
 312      624E7C45 
 312      472ADFEE 
 313 055d 89DFB3A7 		.ascii	"\211\337\263\247'\333\223\317\212;\370\311\216\346\027"
 313      27DB93CF 
 313      8A3BF8C9 
 313      8EE617
 314 056c 089F65E0 		.ascii	"\010\237e\340\344\262\013\327\245Q\347aP\231\207 :\015"
 314      E4B20BD7 
 314      A551E761 
 314      50998720 
 314      3A0D
 315 057e 6927D28E 		.ascii	"i'\322\216\370\352\247\341\002\240\035\024\375\222V"
 315      F8EAA7E1 
 315      02A01D14 
 315      FD9256
 316 058d 7650A96C 		.ascii	"vP\251l\353\355\334=\222~\036FCO|\224\\\373\314\007"
ARM GAS  /tmp/ccFWljvd.s 			page 24


 316      EBEDDC3D 
 316      927E1E46 
 316      434F7C94 
 316      5CFBCC07 
 317 05a1 F9FBFB8F 		.ascii	"\371\373\373\217\367\327\\\001\364w\267\234\230\000"
 317      F7D75C01 
 317      F477B79C 
 317      9800
 318 05af 8F5D26DE 		.ascii	"\217]&\336p\250\347t\234\2347\211R]\205\347\356-\032"
 318      70A8E774 
 318      9C9C3789 
 318      525D85E7 
 318      EE2D1A
 319 05c2 AF3E079D 		.ascii	"\257>\007\235\224\267\210\374\012lH]\022\206\375#\021"
 319      94B788FC 
 319      0A6C485D 
 319      1286FD23 
 319      11
 320 05d3 537C9B1E 		.ascii	"S|\233\036\177\361\035\374\003\233\006\177E\217\277"
 320      7FF11DFC 
 320      039B067F 
 320      458FBF
 321 05e2 4CF1C104 		.ascii	"L\361\301\004\236\312\263\232-\011\3509\364?\243]\004"
 321      9ECAB39A 
 321      2D09E839 
 321      F43FA35D 
 321      04
 322 05f3 0D4F215A 		.ascii	"\015O!Z/\006 Y\364G\303\310\037\255\203\377\211`q`\233"
 322      2F062059 
 322      F447C3C8 
 322      1FAD83FF 
 322      89607160 
 323 0608 C012C092 		.ascii	"\300\022\300\222\301\326\202\331\3006\200\375\000\366"
 323      C1D682D9 
 323      C03680FD 
 323      00F6
 324 0616 3D580AD8 		.ascii	"=X\012\330k\0303\004\226\004\367\361`o\340~\243\350"
 324      6B183304 
 324      9604F7F1 
 324      606FE07E 
 324      A3E8
 325 0628 4FB71516 		.ascii	"O\267\025\026\344\253\377\2501>\321\307h\322\2474\240"
 325      E4ABFFA8 
 325      313ED1C7 
 325      68D2A734 
 325      A0
 326 0639 413F7589 		.ascii	"A?u\211\016V\301\2165*\270_\017\276\216t\350W\332j\265"
 326      0E56C18E 
 326      352AB85F 
 326      0FBE8E74 
 326      E857DA6A 
 327 064e BBAEAE06 		.ascii	"\273\256\256\006~SC\336\247G?\324\243\2334\350\307z"
 327      7E5343DE 
 327      A7473FD4 
 327      A39B34E8 
 327      C77A
 328 0660 B4E39D99 		.ascii	"\264\343\235\231\033\320\300{\365\360\373zr\2076\362"
ARM GAS  /tmp/ccFWljvd.s 			page 25


 328      1BD0C07B 
 328      F5F0FB7A 
 328      728736F2 
 329 0670 DB7AF835 		.ascii	"\333z\3705=\274NC>\340:\026mY4\350\007\256C\031\021"
 329      3DBC4E43 
 329      3EE03A16 
 329      6D5934E8 
 329      07AE4319 
 330 0685 B936960E 		.ascii	"\2716\226\016\327kn\304\032\325\320\377\354\272\214"
 330      D76B6EC4 
 330      1AD5D0FF 
 330      ECBA8C
 331 0694 0CCE4E8C 		.ascii	"\014\316N\214}o\215qp>#0\201\277\246\324\245\324`\303"
 331      7D6F8D71 
 331      703E2330 
 331      81BFA6D4 
 331      A5D460C3 
 332 06a8 E5707A48 		.ascii	"\345pzHr\247l\367\364lw\336\231\024m\254w]\303\235\261"
 332      72A76CF7 
 332      F46C77DE 
 332      99146DAC 
 332      775DC39D 
 333 06bd C6013E09 		.ascii	"\306\001>\011\307Q\374+dD/8^\331\002\320y=\375\025M"
 333      C751FC2B 
 333      64442F38 
 333      5ED902D0 
 333      793DFD15 
 334 06d2 6A8F5C2F 		.ascii	"j\217\\/?-\373\025\033g\357\001\366n\216W6z>\213\014"
 334      3F2DFB15 
 334      1B67EF01 
 334      F66E8E57 
 334      367A3E8B 
 335 06e7 4FBE429A 		.ascii	"O\276B\232/\355\363\305In\364\364]\367ce\006|F\214g"
 335      2FEDF3C5 
 335      496EF4F4 
 335      5DF76365 
 335      067C468C 
 336 06fc 25BA9484 		.ascii	"%\272\224\204\023H\211\266\210\343Q\252\350|\231\223"
 336      134889B6 
 336      88E351AA 
 336      E87C9993 
 337 070c 8AB97ED2 		.ascii	"\212\271~\322\321fx\300\377\337\017;yG\334\337tC\364"
 337      D16678C0 
 337      FFDF0F3B 
 337      7947DCDF 
 337      7443F4
 338 071f 4E767E22 		.ascii	"Nv~\"\320\010\325\335y\253\350M\017\033\360\037\300"
 338      D008D5DD 
 338      79ABE84D 
 338      0F1BF01F 
 338      C0
 339 0730 6FEE56EE 		.ascii	"o\356V\356\360\231\232C3\352j\361;\026/\307\223\003"
 339      F0999A43 
 339      33EA6AF1 
 339      3B162FC7 
 339      9303
 340 0742 353D41B2 		.ascii	"5=A\262CI\2328\225|\247\015\266_\367\326\222\2223\214"
ARM GAS  /tmp/ccFWljvd.s 			page 26


 340      43499A38 
 340      957CA70D 
 340      B65FF7D6 
 340      9292338C 
 341 0756 4A9ACE49 		.ascii	"J\232\316I\323)iK\375\205\355cp\032\255\232t\257z@\004"
 341      D329694B 
 341      FD85ED63 
 341      701AAD9A 
 341      74AF7A40 
 342 076b 1CF9F30C 		.ascii	"\034\371\363\014\310\224=P\246\350)d\312\360\362\030"
 342      C8943D50 
 342      A6E82964 
 342      CAF0F218 
 343 077b 476FD711 		.ascii	"Go\327\021\316\376\370\224qp\204\232I\337\031h\007\024"
 343      CEFEF894 
 343      7170849A 
 343      49DF1968 
 343      0714
 344 078d 87740968 		.ascii	"\207t\011h\2738\031e\210\374;\206|!\012\244\003m\023"
 344      BB381965 
 344      88FC3B86 
 344      7C210AA4 
 344      036D13
 345 07a0 B1F3D315 		.ascii	"\261\363\323\025|\220L\351\036\254\367\320\306W1\"\276"
 345      7C904CE9 
 345      1EACF7D0 
 345      C6573122 
 345      BE
 346 07b1 9D3CBE9D 		.ascii	"\235<\276\2354\276\256\322s\351^x\007\215\017\345>("
 346      34BEAED2 
 346      73E95E78 
 346      078D0FE5 
 346      3E28
 347 07c3 B7F3C389 		.ascii	"\267\363\303\211\017\270Wwo\335#\261\367"
 347      0FB85777 
 347      6FDD23B1 
 347      F7
 348 07d0 DE3DFAB1 		.ascii	"\336=\372\261\332\362$\335\200\013\030\366\365\275\255"
 348      DAF224DD 
 348      800B18F6 
 348      F5BDAD
 349 07df 1D886109 		.ascii	"\035\210a\011\217\375\341\341\027\243\037Gv\213\374"
 349      8FFDE1E1 
 349      17A31F47 
 349      768BFC
 350 07ee 359823D2 		.ascii	"5\230#\322\367`\333\340\211W\336\270\204U\245;w\240"
 350      F760DBE0 
 350      8957DEB8 
 350      8455A53B 
 350      77A0
 351 0800 D71D0540 		.ascii	"\327\035\005@Q\014`\232\364\362E\003\312U\323\243\205"
 351      510C609A 
 351      F4F24503 
 351      CA55D3A3 
 351      85
 352 0811 EA5F439A 		.ascii	"\352_C\232\331\267i\377n\031OrV*\017*\225Ou\366B\245"
 352      D9B769FF 
ARM GAS  /tmp/ccFWljvd.s 			page 27


 352      6E194F72 
 352      562A0F2A 
 352      954F75F6 
 353 0827 F68010A9 		.ascii	"\366\200\020\2510i!\207\353\326\362\035^\352\253\024"
 353      30692187 
 353      EBD6F21D 
 353      5EEAAB14 
 354 0837 51EE2CC0 		.ascii	"Q\356,\300\375(\222\370\366\211F%J\202Ni\311\331\341"
 354      FD2892F8 
 354      F6894625 
 354      4A824E69 
 354      C9D9E1
 355 084a 69E01AB6 		.ascii	"i\340\032\266\367j\000\272\264\343\373\355\236Z\356"
 355      F76A00BA 
 355      B4E3FBED 
 355      9E5AEE
 356 0859 82F77167 		.ascii	"\202\367qg\035\352\355\303\037\347\312\255\364\333\343"
 356      1DEAEDC3 
 356      1FE7CAAD 
 356      F4DBE3
 357 0868 F38C7CD9 		.ascii	"\363\214|\331V\014q\376$\032Q6<:\360]\240\031\273\013"
 357      560C71FE 
 357      241A5136 
 357      3C3AF05D 
 357      A019BB0B 
 358 087c 5A424501 		.ascii	"ZBE\001\355\027?&B\271\366^O|\224\325\277\275#\261\234"
 358      ED173F26 
 358      42B9F65E 
 358      4F7C94D5 
 358      BFBD23B1 
 359 0891 D7DF4B73 		.ascii	"\327\337KsR\236\300O\312C\375\255C\374\264h\000\367"
 359      529EC04F 
 359      CA43FDAD 
 359      43FCB468 
 359      00F7
 360 08a3 787C7197 		.ascii	"x|q\227\333\250\323S\254LO\021\313\250c\343\363\253"
 360      DBA8D353 
 360      AC4C4F11 
 360      CBA863E3 
 360      F3AB
 361 08b5 92BE5A07 		.ascii	"\222\276Z\007!\252\0034\252C4\243b%#{\307\323J\037}"
 361      21AA0334 
 361      AA4334A3 
 361      6225237B 
 361      C7D34A1F 
 362 08ca FEA3A21F 		.ascii	"\376\243\242\037\015]\275\341\306\363w|\024\227]\023"
 362      0D5DBDE1 
 362      C6F3777C 
 362      14975D13 
 363 08da E7874A78 		.ascii	"\347\207Jx\362\360\005\242\031X\310\223/\245\311\257"
 363      F2F005A2 
 363      1958C893 
 363      2FA5C9AF 
 364 08ea 7B132F63 		.ascii	"{\023/c\355\252\266\217X\325\207\371\252>LW\365\336"
 364      EDAAB68F 
 364      58D587F9 
 364      AA3E4C57 
ARM GAS  /tmp/ccFWljvd.s 			page 28


 364      F5DE
 365 08fc FB7B9E78 		.ascii	"\373{\236x\343zV\251\236\365\235\025\276\212\342\037"
 365      E37A56A9 
 365      9EF59D15 
 365      BE8AE21F 
 366 090c 462A9E1D 		.ascii	"F*\236\035\241x\204+\226Q\305\241\363\025m\230\357\007"
 366      A178842B 
 366      9651C5A1 
 366      F3156D98 
 366      EF07
 367 091e 7D59A26C 		.ascii	"}Y\242l\363\240\273\301Ye78*N\025\214\261VKT\324\022"
 367      F3A0BBC1 
 367      59653738 
 367      2A4E158C 
 367      B1564B54 
 368 0934 4BAC352C 		.ascii	"K\2545,\306j\011\213\012\213Y\356\361\345\327\337\372"
 368      C66A098B 
 368      0A8B59EE 
 368      F1E5D7DF 
 368      FA
 369 0945 8504070B 		.ascii	"\205\004\007\013\006\213eU\344\012\353\314\031\026\353"
 369      068B6555 
 369      E40AEBCC 
 369      1916EB
 370 0954 3F4DD12B 		.ascii	"?M\321+\255\2469\326\350\250\250\310pKh\314\252\210"
 370      ADA639D6 
 370      E8A8A8C8 
 370      704B68CC 
 370      AA88
 371 0966 45A1DFCE 		.ascii	"E\241\337\316[\360\215eit\214eQ\350B\300\374\373\363"
 371      5BF08D65 
 371      69748C65 
 371      51E842C0 
 371      FCFBF3
 372 0979 5996599F 		.ascii	"Y\226Y\237Z\276\010\014\016\0142\3151/\014\215\216\216"
 372      5ABE080C 
 372      0E0C32CD 
 372      312F0C8D 
 372      8E8E
 373 098b 8A3501DF 		.ascii	"\2125\001\337\36406lzD\330\342HS\344\212\360\250UK\""
 373      F430366C 
 373      7A44D8E2 
 373      4853E48A 
 373      F0A8554B 
 374 09a0 4CCBC3C2 		.ascii	"L\313\303\302\227E\256\2100Y\226D,\015[\025e\265XW\257"
 374      9745AE88 
 374      30599644 
 374      2C0D5B15 
 374      65B55857 
 375 09b5 8C880D5C 		.ascii	"\214\210\015\\&x(\232\226\377\271f\354\352X\023d\272"
 375      2678289A 
 375      96FFB966 
 375      ECEA5813 
 375      64BA
 376 09c7 040440C8 		.ascii	"\004\004@\310\023\\k\344\362\010\213uj`\240\311\371"
 376      135C6BE4 
 376      F2088B75 
ARM GAS  /tmp/ccFWljvd.s 			page 29


 376      6A60A0C9 
 376      F9
 377 09d8 171D6B8A 		.ascii	"\027\035k\212\261:\207\204/#\020@\317\322a\226\205E"
 377      B13A8784 
 377      2F231040 
 377      CFD26196 
 377      8545
 378 09ea 995646C7 		.ascii	"\231VF\307XcM4\024\323W_\3153\205.X\370\257`\322caU"
 378      58634D34 
 378      14D3575F 
 378      CD33852E 
 378      58F8AF60 
 379 0a02 8561BF72 		.ascii	"\205a\277r\3267z%+\3578\245%\302:\262\341\037J\203{"
 379      D6377A25 
 379      2BEF38A5 
 379      25C23AB2 
 379      E11F4A83 
 380 0a17 AC75C18A 		.ascii	"\254u\301\212H\253\237\013\305\330\230p\316\037\030"
 380      48AB9F0B 
 380      C5D89870 
 380      CE1F18
 381 0a26 2E78C75A 		.ascii	".x\307Z\027\221i\233C\006y\021'z%\2757\300}\204U\271"
 381      1791699B 
 381      43067911 
 381      277A25BD 
 381      37C07D84 
 382 0a3c FD32C289 		.ascii	"\3752\302\211\240:\221\300\355\026\022\262\320<S\374"
 382      A03A91C0 
 382      ED1612B2 
 382      D03C53FC 
 383 0a4c C62CCD5B 		.ascii	"\306,\315[8\307\214\347\205\230\245\271\363B\3158$\304"
 383      38C78CE7 
 383      8598A5B9 
 383      F342CD38 
 383      24C4
 384 0a5e 8CCD6073 		.ascii	"\214\315`s\314f\374\267E!8\344\353P)$d\276\231\342g"
 384      CC66FCB7 
 384      452138E4 
 384      EB502924 
 384      64BE99E2 
 385 0a73 D0DF603C 		.ascii	"\320\337`<\377K\263\270\010F.\230o\226\026-\004t\210"
 385      FF4BB3B8 
 385      08462E98 
 385      6F96162D 
 385      047488
 386 0a86 79065830 		.ascii	"y\006X0 \377n\376\323\007\327)\326\272\234Ls\344r(\223"
 386      20FF6EFE 
 386      D307D729 
 386      D6BA9C4C 
 386      73E47228 
 387 0a9b 97D3B158 		.ascii	"\227\323\261X\335,sa\032},\226\245\253V\204[,\201_\004"
 387      DD2C7361 
 387      1A7D2C96 
 387      A5AB5684 
 387      5B2C815F 
 388 0ab0 07057928 		.ascii	"\007\005y(\236\024\276,,fD\337gZ/8\370\277\023\324^"
 388      9E14BE2C 
ARM GAS  /tmp/ccFWljvd.s 			page 30


 388      2C6644DF 
 388      675A2F38 
 388      F8BF13D4 
 389 0ac5 B1       		.ascii	"\261"
 390              		.text
 391              		.section	.gnu.lto_.symtab.f137d87c7b53fdb6,"",%progbits
 392 0000 7374496E 		.ascii	"stInit\000"
 392      697400
 393 0007 00       		.ascii	"\000"
 394 0008 00       		.ascii	"\000"
 395 0009 00       		.ascii	"\000"
 396 000a 00000000 		.ascii	"\000\000\000\000\000\000\000\000"
 396      00000000 
 397 0012 C6000000 		.ascii	"\306\000\000\000"
 398 0016 73745374 		.ascii	"stStartAlarm\000"
 398      61727441 
 398      6C61726D 
 398      00
 399 0023 00       		.ascii	"\000"
 400 0024 00       		.ascii	"\000"
 401 0025 00       		.ascii	"\000"
 402 0026 00000000 		.ascii	"\000\000\000\000\000\000\000\000"
 402      00000000 
 403 002e C8000000 		.ascii	"\310\000\000\000"
 404 0032 73745374 		.ascii	"stStopAlarm\000"
 404      6F70416C 
 404      61726D00 
 405 003e 00       		.ascii	"\000"
 406 003f 00       		.ascii	"\000"
 407 0040 00       		.ascii	"\000"
 408 0041 00000000 		.ascii	"\000\000\000\000\000\000\000\000"
 408      00000000 
 409 0049 CA000000 		.ascii	"\312\000\000\000"
 410 004d 73745365 		.ascii	"stSetAlarm\000"
 410      74416C61 
 410      726D00
 411 0058 00       		.ascii	"\000"
 412 0059 00       		.ascii	"\000"
 413 005a 00       		.ascii	"\000"
 414 005b 00000000 		.ascii	"\000\000\000\000\000\000\000\000"
 414      00000000 
 415 0063 CC000000 		.ascii	"\314\000\000\000"
 416 0067 73744765 		.ascii	"stGetAlarm\000"
 416      74416C61 
 416      726D00
 417 0072 00       		.ascii	"\000"
 418 0073 00       		.ascii	"\000"
 419 0074 00       		.ascii	"\000"
 420 0075 00000000 		.ascii	"\000\000\000\000\000\000\000\000"
 420      00000000 
 421 007d CE000000 		.ascii	"\316\000\000\000"
 422 0081 73745F6C 		.ascii	"st_lld_init\000"
 422      6C645F69 
 422      6E697400 
 423 008d 00       		.ascii	"\000"
 424 008e 02       		.ascii	"\002"
 425 008f 00       		.ascii	"\000"
ARM GAS  /tmp/ccFWljvd.s 			page 31


 426 0090 00000000 		.ascii	"\000\000\000\000\000\000\000\000"
 426      00000000 
 427 0098 D0000000 		.ascii	"\320\000\000\000"
 428              		.text
 429              		.section	.gnu.lto_.opts,"",%progbits
 430 0000 272D666D 		.ascii	"'-fmath-errno' '-fsigned-zeros' '-ftrapping-math' '"
 430      6174682D 
 430      6572726E 
 430      6F272027 
 430      2D667369 
 431 0033 2D666E6F 		.ascii	"-fno-trapv' '-fno-strict-overflow' '-fno-openmp' '-"
 431      2D747261 
 431      70762720 
 431      272D666E 
 431      6F2D7374 
 432 0066 666E6F2D 		.ascii	"fno-openacc' '-mcpu=cortex-m4' '-mfloat-abi=hard' '"
 432      6F70656E 
 432      61636327 
 432      20272D6D 
 432      6370753D 
 433 0099 2D6D6670 		.ascii	"-mfpu=fpv4-sp-d16' '-mno-thumb-interwork' '-mthumb'"
 433      753D6670 
 433      76342D73 
 433      702D6431 
 433      36272027 
 434 00cc 20272D67 		.ascii	" '-ggdb' '-O0' '-ffunction-sections' '-fdata-sectio"
 434      67646227 
 434      20272D4F 
 434      30272027 
 434      2D666675 
 435 00ff 6E732720 		.ascii	"ns' '-fno-common' '-flto'\000"
 435      272D666E 
 435      6F2D636F 
 435      6D6D6F6E 
 435      2720272D 
 436              		.text
 437              		.comm	__gnu_lto_v1,1,1
 438              		.comm	__gnu_lto_slim,1,1
 439              		.ident	"GCC: (GNU Tools for ARM Embedded Processors (Build 17.03)) 6.3.1 20170215 (release) [ARM/e
ARM GAS  /tmp/ccFWljvd.s 			page 32


DEFINED SYMBOLS
                            *ABS*:0000000000000000 hal_st.c
                            *COM*:0000000000000001 __gnu_lto_v1
                            *COM*:0000000000000001 __gnu_lto_slim

NO UNDEFINED SYMBOLS
