ARM GAS  /tmp/ccYP9gxF.s 			page 1


   1              		.cpu cortex-m4
   2              		.eabi_attribute 27, 1
   3              		.eabi_attribute 28, 1
   4              		.eabi_attribute 20, 1
   5              		.eabi_attribute 21, 1
   6              		.eabi_attribute 23, 3
   7              		.eabi_attribute 24, 1
   8              		.eabi_attribute 25, 1
   9              		.eabi_attribute 26, 1
  10              		.eabi_attribute 30, 6
  11              		.eabi_attribute 34, 1
  12              		.eabi_attribute 18, 4
  13              		.file	"hal_pal_lld.c"
  14              		.text
  15              	.Ltext0:
  16              		.section	.gnu.lto_.inline.65baafcd44eb4599,"",%progbits
  17 0000 789C6365 		.ascii	"x\234ce`b\320b@\000&\006\006f fbZ \317\300\002\3421"
  17      6062D062 
  17      40002606 
  17      06662066 
  17      625A20CF 
  18 0018 3030325C 		.ascii	"002\\a\270\014\222Z\302\370a\002\027L\224\001\000a\276"
  18      61B80C92 
  18      5AC2F861 
  18      02174C94 
  18      010061BE 
  19 002c 04E1     		.ascii	"\004\341"
  20              		.text
  21              		.section	.gnu.lto__pal_lld_init.65baafcd44eb4599,"",%progbits
  22 0000 789C6365 		.ascii	"x\234ce`b(f``\260\002bQ f`f`db\000bFF \207\221\241\236"
  22      60622866 
  22      6060B002 
  22      62512066 
  22      60666064 
  23 001e 89B19EB1 		.ascii	"\211\261\236\261\237y:3\343\241\366g;\2314\2277\000"
  23      9F793A33 
  23      E3A1F667 
  23      3B993497 
  23      3700
  24 0030 C181E9FF 		.ascii	"\301\201\351\377$\033V\034`\234\317\314\3000\223\231"
  24      241B561C 
  24      609CCFCC 
  24      C0309399 
  25 0040 010C1897 		.ascii	"\001\014\030\2273j2\000\225=\332\370o*/\033\013D\234"
  25      336A3200 
  25      953DDAF8 
  25      6F2A2F1B 
  25      0B449C
  26 0053 7105231B 		.ascii	"q\005#\033\310\234\365\227\030\0174\374\373\337\336"
  26      C89CF597 
  26      180F34FC 
  26      FBDFDE
  27 0062 70E0CA62 		.ascii	"p\340\312b\306\215n@\013\272\300\332\272\231\201L\346"
  27      C68D6E40 
  27      0BBAC0DA 
  27      BA99814C 
  27      E6
ARM GAS  /tmp/ccYP9gxF.s 			page 2


  28 0073 B78C4D0A 		.ascii	"\267\214M\012 \225`s\272\230\201\032\200\242\026zz\372"
  28      20956073 
  28      BA98811A 
  28      80A2167A 
  28      7AFA
  29 0085 70945FAC 		.ascii	"p\224_\254\237\221\230\243_\220_TR\254\037\034\342k"
  29      9F9198A3 
  29      5F905F54 
  29      52AC1F1C 
  29      E26B
  30 0097 6CA4EFE3 		.ascii	"l\244\357\343\343\242\357\036\340\351_f\004\222\212"
  30      E3A2EF1E 
  30      E0E95F66 
  30      04928A
  31 00a6 2F00E29C 		.ascii	"/\000\342\234\234\024\275d\006\000\233_2\010"
  31      9C14BD64 
  31      06009B5F 
  31      3208
  32              		.text
  33              		.section	.gnu.lto__pal_lld_setgroupmode.65baafcd44eb4599,"",%progbits
  34 0000 789CA558 		.ascii	"x\234\245XyP\024W\032\357\327\257\347`\030\006B\222"
  34      79501457 
  34      1AEFD7AF 
  34      E7601806 
  34      4292
  35 0012 0A02319A 		.ascii	"\012\0021\232\210$\361\030eMBE\255\030Kc4\256G\341\265"
  35      8824F118 
  35      654D4245 
  35      AD184B63 
  35      34AE47E1 
  36 0027 7FEDBAAB 		.ascii	"\177\355\272\253Un\255\006\012\335\354Q\273\233\221"
  36      556EAD06 
  36      0ADDEC51 
  36      BB9B91
  37 0036 638C7794 		.ascii	"c\214w\224\303p\214cD\005\314\252\020M\020\215\033\024"
  37      C3708C63 
  37      4405CCAA 
  37      104D108D 
  37      1B14
  38 0048 3C30A212 		.ascii	"<0\242\022\315\001\036\301#(*\036H<\010\307~\337{\335"
  38      CD011EC1 
  38      23282A1E 
  38      483C08C7 
  38      7EDF7BDD 
  39 005c 344C0F6D 		.ascii	"4L\017muA\321_u\377\372\367\035\277\257\337\353~oL\202"
  39      7541D15F 
  39      75FFFAF7 
  39      1DBFAFDF 
  39      EB7E6F4C 
  40 0071 28044608 		.ascii	"(\004F\010\302\207\202 d\302!\204\010D\024\340 \024"
  40      C2878220 
  40      64C22184 
  40      084414E0 
  40      2014
  41 0083 2C152541 		.ascii	",\025%Ap\211v0\222$\232\360<\000\317M\242\031\317-x"
  41      70897630 
  41      92249AF0 
ARM GAS  /tmp/ccYP9gxF.s 			page 3


  41      3C00CF4D 
  41      A219CF2D 
  42 0098 6E265660 		.ascii	"n&V`Z\230\265\022\240\222\000\321\206w\003\361\256\215"
  42      5A98B512 
  42      A09200D1 
  42      867703F1 
  42      AE8D
  43 00aa 2181CCDA 		.ascii	"!\201\314\332\305 \304\035\210\007\221`@\034,K0!\220"
  43      C520C41D 
  43      88079160 
  43      401C2C4B 
  43      302190
  44 00bd 98081F8A 		.ascii	"\230\010\037\212T2\231-\326\000[\240=\310\021L\340Z"
  44      5432992D 
  44      D6005BA0 
  44      3DC8114C 
  44      E05A
  45 00cf E07F6BE9 		.ascii	"\340\177k\351\006J\016-\253/\025_\311w\301_\331\206"
  45      064A0E2D 
  45      AB2F155F 
  45      C977C15F 
  45      D986
  46 00e1 8B66B72B 		.ascii	"\213f\267+5\314\013\204,\231D\362\311+\300\252N)\312"
  46      35CC0B84 
  46      2C9944F2 
  46      C92BC0AA 
  46      4E29CA
  47 00f4 A56BA897 		.ascii	"\245k\250\227\022\"\301\345\275\252\354+\016\274\024"
  47      1222C1E5 
  47      BDAAEC2B 
  47      0EBC14
  48 0103 493FB82C 		.ascii	"I?\270,?\331\261\327FG\022\001\316\2236gU\004Eou\271"
  48      3FD9B1D7 
  48      46471201 
  48      CE933667 
  48      5504456F 
  49 0119 925C65AD 		.ascii	"\222\\e\255\351\3245\300K)\331N(\004$\205$\222\024\220"
  49      E9D435C0 
  49      4B29D94E 
  49      28042485 
  49      24921490 
  50 012d 48012081 		.ascii	"H\001 \201|F\242\201\336\261\255h\271\225\216a\256\217"
  50      7C46A281 
  50      DEB1AD68 
  50      B9958E61 
  50      AE8F
  51 013f 338E7988 		.ascii	"3\216y\210\354z$'4#\331\365\256\227J\344\277\276\316"
  51      EC7A2427 
  51      3423D9F5 
  51      AE974AE4 
  51      BFBECE
  52 0152 92407630 		.ascii	"\222@v0\347\373\273\267\246\005\322\361\314\371\233"
  52      E7FBBBB7 
  52      A605D2F1 
  52      CCF99B
  53 0161 3507E6C8 		.ascii	"5\007\346\310\276's\302\323\231\257\211\354\364\365"
  53      BE2773C2 
ARM GAS  /tmp/ccYP9gxF.s 			page 4


  53      D399AF89 
  53      ECF4F5
  54 0170 35096417 		.ascii	"5\011d\027\211F\207UK\013\353(\235\304\234\177>s\345"
  54      89468755 
  54      4B0BEB28 
  54      9DC49C7F 
  54      3E73E5
  55 0183 3A89CAE3 		.ascii	":\211\312\343\231s\303\326%\273\216\271$/5\223\242\356"
  55      9973C3D6 
  55      25BB8EB9 
  55      242F3593 
  55      A2EE
  56 0195 FEF807F4 		.ascii	"\376\370\007\364\302\216S\353\255t\012s\375\365t\253"
  56      C28E53EB 
  56      AD740A73 
  56      FDF574AB 
  57 01a5 DB2ABBB6 		.ascii	"\333*\273\266Dd\271\312R\372\241\343\347~\035\357\244"
  57      4464B9CA 
  57      52FAA1E3 
  57      E77E1DEF 
  57      A4
  58 01b6 1DAE1269 		.ascii	"\035\256\022i\034s\\\343\255\272\344\220\035\233T\307"
  58      1C735CE3 
  58      ADBAE490 
  58      1D9B54C7 
  59 01c6 3D7E1DEB 		.ascii	"=~\035\353\177L\3162\323\3371\307\033k\366\234\261\311"
  59      7F4CCE32 
  59      D3DF31C7 
  59      1B6BF69C 
  59      B1C9
  60 01d8 8E3754C7 		.ascii	"\2167T\307/\375:~\334V\3432\323\271\314\261\372\376"
  60      2FFD3A7E 
  60      DC56E332 
  60      D3B9CCB1 
  60      FAFE
  61 01ea EEED92EC 		.ascii	"\356\355\222\354xYu\334\353\327q\365\235G\237Jt\001"
  61      785975DC 
  61      EBD771F5 
  61      9D479F4A 
  61      7401
  62 01fc 733C7ABE 		.ascii	"s<z\276\372\272Rj\255\352\270\317\257\343\345\342\366"
  62      FABA526A 
  62      ADEAB8CF 
  62      AFE3E5E2 
  62      F6
  63 020d 8C20B344 		.ascii	"\214 \263D\366\223(R\012G\011\034_\300\261\033\216b"
  63      F6932852 
  63      0A47091C 
  63      5FC0B11B 
  63      8E62
  64 021f 12C54716 		.ascii	"\022\305G\026\371\212\230ax\216\002~Vq\335=\223\034"
  64      F98A9861 
  64      788E027E 
  64      5671DD3D 
  64      931C
  65 0231 BC3E272C 		.ascii	"\274>',39\225\365\336\"\370\306&\007H\224\017\377vN"
  65      333995F5 
ARM GAS  /tmp/ccYP9gxF.s 			page 5


  65      DE22F8C6 
  65      26074894 
  65      0FFF764E 
  66 0245 B80EFF7F 		.ascii	"\270\016\377\177\032\376\003\335\370_k\370\3559!\033"
  66      1AFE03DD 
  66      F85F6BF8 
  66      ED39211B 
  67 0255 7AE69769 		.ascii	"z\346\227i\370\337\347\366]\3273\377\240\266\376\334"
  67      F8DFE7F6 
  67      5DD733FF 
  67      A0B6FEDC 
  68 0265 90F49EF9 		.ascii	"\220\364\236\371\2074\374[\351\311$i\213K\364K/g\364"
  68      8734FC5B 
  68      E9C92469 
  68      8B4BF44B 
  68      2F67F4
  69 0278 C6E2839E 		.ascii	"\306\342\203\236 \244\303|~\220\033\251\224c\325\362"
  69      20A4C37C 
  69      7E901BA9 
  69      9463D5F2 
  70 0288 2BB47273 		.ascii	"+\264rs#\327\367\\\316aM\374\346uJ9~\302\037\321\204"
  70      23D7F75C 
  70      CE614DFC 
  70      E6754A39 
  70      7EC21FD1 
  71 029d 3FE20949 		.ascii	"?\342\011I\3539\374Q\255\3324\035\265\3074\325\264\352"
  71      EB39FC51 
  71      ADDA341D 
  71      B5C734D5 
  71      B4EA
  72 02af 5553A989 		.ascii	"US\251\211~\322\023\246S\315q\015\277U\257\367\337\030"
  72      7ED213A6 
  72      53CD710D 
  72      BF55AFF7 
  72      DF18
  73 02c1 7B542734 		.ascii	"{T'4\364\253\031:\364*\355@\323-\376\244\206_\241\027"
  73      F4AB193A 
  73      F42AED40 
  73      D32DFEA4 
  73      865FA117 
  74 02d5 FE9486DE 		.ascii	"\376\224\206\336\254W\374i\255V\275\350\325\032\372"
  74      AC57FC69 
  74      AD56BDE8 
  74      D51AFA
  75 02e4 45DDE2BF 		.ascii	"E\335\342\2775V\315\031m+\365\350g5\364\363z\305\177"
  75      3556CD19 
  75      6D2BF5E8 
  75      6735F4F3 
  75      7AC57F
  76 02f7 A7A1D77B 		.ascii	"\247\241\327{Bu\346\310\367\332A\2771\\G\354\017\306"
  76      4275E6C8 
  76      F7DA41BF 
  76      315C47EC 
  76      0FC6
  77 0309 C4FE684C 		.ascii	"\304\376hLl\2151\261\265\332a\246[\3749c\305\2377V\374"
  77      6C8D31B1 
  77      B5DA61A6 
ARM GAS  /tmp/ccYP9gxF.s 			page 6


  77      5BFC3963 
  77      C59F3756 
  78 031e 0563C55F 		.ascii	"\005c\305_\324\016\263\215\221:\305\377dl\216\324\031"
  78      D40EB38D 
  78      913AC5FF 
  78      646C8ED4 
  78      19
  79 032f D37AC9D8 		.ascii	"\323z\311\330\034\271\254\0356^\275\342\257\030+\376"
  79      1CB9AC1D 
  79      365EBDE2 
  79      AF182BFE 
  80 033f AAB1E27F 		.ascii	"\252\261\342\1776V|\275v\330x\365\206\3155c\325\\76"
  80      36567CBD 
  80      76D878F5 
  80      86CD3563 
  80      D55C3736 
  81 0353 6C1A8C0D 		.ascii	"l\032\214\015\233\033\332\011\256[\374Mc\305\3372V|"
  81      9B1BDA09 
  81      AE5BFC4D 
  81      63C5DF32 
  81      567C
  82 0365 A3B1E26F 		.ascii	"\243\261\342o\303\222\252\207e\026\204ik(\376\314F\337"
  82      C392AA87 
  82      65168469 
  82      6B28FECC 
  82      46DF
  83 0377 672BB86D 		.ascii	"g+\270m_\265\255VVp\027sC\326w.p\357h\327p\344.s\317"
  83      5FB5AD56 
  83      56701773 
  83      43D6772E 
  83      70EF68D7 
  84 0390 68A82F96 		.ascii	"h\250/\226\350\337\230{S\373\221\237\224\365\361\331"
  84      E8DF987B 
  84      53FB919F 
  84      94F5F1D9 
  85 03a0 34EA6205 		.ascii	"4\352b\005\231\311=?\316M\314y\365\315\265+\011\375"
  85      99C93D3F 
  85      CE4DCC79 
  85      F5CDB52B 
  85      09FD
  86 03b2 2773BEE6 		.ascii	"'s\276\346\276\231lW\232\245:\337\367\343\334\314\234"
  86      BE996C57 
  86      9AA53ADF 
  86      F7E3DCCC 
  86      9C
  87 03c3 575DDA94 		.ascii	"W]\332\224\037@\377\315\234W\354\275:PI\234\336\351"
  87      1F40FFCD 
  87      9C57ECBD 
  87      3A50499C 
  87      DEE9
  88 03d5 FB8B1FDF 		.ascii	"\373\213\037\337\007$j\327\267\244\314\325\336\261\014"
  88      07246AD7 
  88      B7A4CCD5 
  88      DEB10C
  89 03e4 3EEE11E7 		.ascii	">\356\021\347\366\234\010\205\3652\356\024D\001\273"
  89      F69C0885 
  89      F532EE14 
ARM GAS  /tmp/ccYP9gxF.s 			page 7


  89      4401BB
  90 03f3 047CE813 		.ascii	"\004|\350\023\354\035\240S\260\013\200^\231\005\354"
  90      EC1DA053 
  90      B00B805E 
  90      9905EC
  91 0402 948DE08E 		.ascii	"\224\215\340\216 \220q\354\260C\260\0041\242\003O\203"
  91      209071EC 
  91      B043B004 
  91      31A2034F 
  91      83
  92 0413 193B044F 		.ascii	"\031;\004O\237b.\241x\372\264\200]~\206y?K0\303s\010"
  92      9F622EA1 
  92      78FAB480 
  92      5D7E8679 
  92      3F4B30C3 
  93 0429 87A1E983 		.ascii	"\207\241\351\203&\234\3650\002N\255\221\254#\317#\332"
  93      269CF530 
  93      024EAD91 
  93      AC23CF23 
  93      DA
  94 043a 17AF5F60 		.ascii	"\027\257_`\"\373\341u\1774/\"\370\022\253~\000\301="
  94      22FBE175 
  94      7F342F22 
  94      F812AB7E 
  94      00C13D
  95 044d 5114A203 		.ascii	"Q\024\242\003\321D\243y\031\315\253h\006\241\031\214"
  95      D144A379 
  95      19CDAB68 
  95      06A1198C 
  96 045d 66081A27 		.ascii	"f\010\032'\232ah\206\243\211A3\002\315kh^G\363\006\232"
  96      9A616886 
  96      A3894133 
  96      02CD6B68 
  96      5E47F306 
  97 0472 58346FA2 		.ascii	"X4o\242\031\211f\024\232\321h\336B3\006\315\333h\306"
  97      19896614 
  97      9AD168DE 
  97      423306CD 
  97      DB68C6
  98 0485 A2198766 		.ascii	"\242\031\207f<\232w\320L@3\021\315$4\357\241\231\214"
  98      3C9A77D0 
  98      4C403311 
  98      CD2434EF 
  98      A1998C
  99 0498 660A9AA9 		.ascii	"f\012\232\251h\246\241\231\216&\216\365z\006k\336L\326"
  99      68A6A199 
  99      8E268EF5 
  99      7A066BDE 
  99      4CD6
 100 04aa B759AC65 		.ascii	"\267Y\254e\263Yg\347\260n\011\302\012\266\257\\Ia7L"
 100      B35967E7 
 100      B06E09C2 
 100      0AB6AF5C 
 100      4961374C 
 101 04be 1B4872AB 		.ascii	"\033Hr\253\373@I\002n\006<4\320Cm\270\037m*\312\267"
 101      FB404902 
 101      6E063C34 
ARM GAS  /tmp/ccYP9gxF.s 			page 8


 101      D0436DB8 
 101      1F6D2ACA 
 102 04d3 E3D6D242 		.ascii	"\343\326\322B(y\010\017\027XM\356\252\222\"\312ivN;"
 102      2879080F 
 102      17584DEE 
 102      AA9222CA 
 102      69764E3B 
 103 04e7 DCF1B02C 		.ascii	"\334\361\260,\030iV\330T?\342\264Vw\245L\012\002\036"
 103      186956D8 
 103      543FE2B4 
 103      5677A54C 
 103      0A021E
 104 04fa 90F6541C 		.ascii	"\220\366T\034u[y,B\036+\261.\224\354\221i\016\210E\006"
 104      755B792C 
 104      421E2BB1 
 104      2E94EC91 
 104      690E8845 
 105 050f FBF80603 		.ascii	"\373\370\006\003\256&n\354L\034\302\023Wn\331\327j\347"
 105      AE266EEC 
 105      4C1CC213 
 105      576ED9D7 
 105      6AE7
 106 0521 894DA4C5 		.ascii	"\211M\244\3057\361S\300S\235\333J\352d<\224;7\257H}"
 106      37F153C0 
 106      539DDB4A 
 106      EA643C94 
 106      3B37AF48 
 107 0536 48B9B385 		.ascii	"H\271\263\205\374\352\353\3744\360\200\264\263\251y"
 107      FCEAEBFC 
 107      34F080B4 
 107      B3A979
 108 0545 A799571D 		.ascii	"\247\231W\035LZ\031)\251\271\340\230Lz\006\030\231\251"
 108      4C5A1929 
 108      A9B9E098 
 108      4C7A0618 
 108      99A9
 109 0557 874E5990 		.ascii	"\207NY\220\001{(\322\306&\300J\330R\313\035\335Q\372"
 109      017B28D2 
 109      C626C04A 
 109      D852CB1D 
 109      DD51FA
 110 056a 2F4E7DCE 		.ascii	"/N}\316C\271\354\253$\345\\y\005\221Q\010\260\353V\351"
 110      43B9ECAB 
 110      24E55C79 
 110      05915108 
 110      B0EB56E9 
 111 057e E3209E42 		.ascii	"\343 \236B \355|\006\375B\210\207>+\012\036\032\347"
 111      20ED7C06 
 111      FD428887 
 111      3E2B0A1E 
 111      1AE7
 112 0590 68E9380D 		.ascii	"h\3518\015sL\204\207\"\266\334\256\003|\266c_^\015N"
 112      734C8487 
 112      22B6DCAE 
 112      037CB663 
 112      5F5E0D4E 
 113 05a4 3BE8AD98 		.ascii	";\350\255\230}\007\241\031\216\343\233\001\221\240c"
ARM GAS  /tmp/ccYP9gxF.s 			page 9


 113      7D07A119 
 113      8EE39B01 
 113      91A063
 114 05b3 E2F6780F 		.ascii	"\342\366x\017\235\351h\331\334\000\200\011\272 \326"
 114      9DE968D9 
 114      DC008009 
 114      BA20D6
 115 05c2 32CA2C47 		.ascii	"2\312,G6\363\302\262\305\354&\204\3468j\363\016\022"
 115      36F3C2B2 
 115      C5EC2684 
 115      E6386AF3 
 115      0E12
 116 05d4 285752CA 		.ascii	"(WR\312\275P\272I\354\262m\204\211\2033\006g\011N\012"
 116      BD50BA49 
 116      ECB26D84 
 116      89833306 
 116      67094E0A 
 117 05e8 B65384D9 		.ascii	"\266S\204\331\335\201A\302<\324\334\265\213\026\350"
 117      DD8141C2 
 117      3CD4DCB5 
 117      8B16E8
 118 05f7 A24B645D 		.ascii	"\242Kd]\314v\327\004pR\037\340u\375\305\302B$\262\224"
 118      CC76D704 
 118      70521FE0 
 118      75FDC5C2 
 118      4224B294 
 119 060b 93EEBA97 		.ascii	"\223\356\272\227\2338)\234u\273\017\007\033K\377\316"
 119      9B38299C 
 119      75BB0F07 
 119      1B4BFFCE 
 120 061b D1083228 		.ascii	"\321\0102(\022R`\303\233\226\025R\016\002\022\3013\264"
 120      125260C3 
 120      9B961552 
 120      0E0212C1 
 120      33B4
 121 062d 95EE251C 		.ascii	"\225\356%\034{\236\027\3229\010-0\010\223\224\034\015"
 121      7B9E17D2 
 121      39082D30 
 121      0893941C 
 121      0D
 122 063e B2635F18 		.ascii	"\262c_\030Z@\355\036\355\005\300\371S_\275\277N\216"
 122      5A40ED1E 
 122      ED05C0F9 
 122      535FBDBF 
 122      4E8E
 123 0650 D60FA275 		.ascii	"\326\017\242u\321a\341h\177\270\241\026\376X\366\177"
 123      D161E168 
 123      7FB8A116 
 123      FE58F67F 
 124 0660 B1EB00B1 		.ascii	"\261\353\000\261\302\000I\026!I\377\356I^\002\036 \207"
 124      C2004916 
 124      2149FFEE 
 124      495E021E 
 124      2087
 125 0672 F635D424 		.ascii	"\3665\324$\007s(\252\353\260\241\354\325\372\360\350"
 125      077328AA 
 125      EBB0A1EC 
ARM GAS  /tmp/ccYP9gxF.s 			page 10


 125      D5FAF0E8 
 126 0682 F18FEC5E 		.ascii	"\361\217\354^\342Y\012\233'\330\317\007x\350\000\222"
 126      E2590A9B 
 126      27D8CF07 
 126      78E80092 
 127 0692 02F9F0DE 		.ascii	"\002\371\360\336\017MM\345v\347\016W\312R\274e#\251"
 127      0F4D4DE5 
 127      76E70E57 
 127      CA52BC65 
 127      23A9
 128 06a4 A2977CC2 		.ascii	"\242\227|\302\246.q\213N\314\326\356~,7| \364\210KR"
 128      A62E718B 
 128      4ECCD6EE 
 128      7E2C377C 
 128      20F4884B 
 129 06b9 1E4134E4 		.ascii	"\036A4\344\003\034\301G\356\312@\016\276\314p\212ue"
 129      031CC147 
 129      EECA400E 
 129      BECC708A 
 129      7565
 130 06cb 560E41CC 		.ascii	"V\016A\314\247\206M\357\013O\250b\231Z\305G\242\023"
 130      A7864DEF 
 130      0B4FA862 
 130      995AC547 
 130      A213
 131 06dd 427291B5 		.ascii	"Br\221\265\212\310W\015\252Z\316\342\261\237\311V(\252"
 131      8AC8570D 
 131      AA5ACEE2 
 131      B19FC956 
 131      28AA
 132 06ef 96CBE50E 		.ascii	"\226\313\345\016\202g\305U5\310\252\006C\002\300\271"
 132      8267C555 
 132      35C8AA06 
 132      4302C0B9 
 133 06ff AA1A9936 		.ascii	"\252\032\2316\204\341RoT\255T\253X\205\252\206pU\347"
 133      84E1526F 
 133      54AD54AB 
 133      5885AA86 
 133      7055E7
 134 0712 14554E83 		.ascii	"\024UN\203\252V\263x\"\306[\243\250R4\014\353TU)#\303"
 134      AA56B378 
 134      22C65BA3 
 134      A852340C 
 134      EB545529 
 135 0728 2101E05C 		.ascii	"!\001\340\\U\251\254*\206\341\246\336\250Z\253V\361"
 135      55A9AC2A 
 135      86E1A6DE 
 135      A85AAB56 
 135      F1
 136 0739 31AA8AE1 		.ascii	"1\252\212\341i\253\366o\221G\375\010|\371>\344o\247"
 136      69ABF66F 
 136      9147FD08 
 136      7CF93EE4 
 136      6FA7
 137 074b DAF2B30A 		.ascii	"\332\362\263\012\312\346\021\377F\230\340\025\0017O"
 137      CAE611FF 
 137      4698E015 
ARM GAS  /tmp/ccYP9gxF.s 			page 11


 137      01374F
 138 075a 95B77B62 		.ascii	"\225\267{b\371],\243\362\370\206\002;\177\371Y\310\272"
 138      F95D2CA3 
 138      F2F88602 
 138      3B7FF959 
 138      C8BA
 139 076c 4EB299BD 		.ascii	"N\262\231\275O\240o\327\363\344\276\275f\260o\353Y\305"
 139      4FA06FD7 
 139      F3E4BEBD 
 139      66B06FEB 
 139      59C5
 140 077e ECD7A934 		.ascii	"\354\327\2514\337\276\275\016\223\252{\337\336\200\004"
 140      DFBEBD0E 
 140      93AA7BDF 
 140      DE8004
 141 078d 8077EF5B 		.ascii	"\200w\357[,\303\303y\337\206\372\353\333\177\236\324"
 141      2CC3C379 
 141      DF86FAEB 
 141      DB7F9ED4 
 142 079d B774B58A 		.ascii	"\267t\265\212\014\354[,SgQ\324\335P\324\275iP]&\213"
 142      0CEC5B2C 
 142      536751D4 
 142      DD50D4BD 
 142      69505D26 
 143 07b2 2B61DC0D 		.ascii	"+a\334\015\276\352Fj\324\215\202\004\200wW7\232\341"
 143      BEEA466A 
 143      D48D8204 
 143      80775737 
 143      9AE1
 144 07c4 BD52F789 		.ascii	"\275R\367\211ZE\026\252\033\315\324Y"
 144      5A4516AA 
 144      1BCDD459 
 145 07d0 157537CB 		.ascii	"\025u7\313euo\031T\227\315\342\2320n\216\357L\036\243"
 145      65756F19 
 145      5497CDE2 
 145      9A306E8E 
 145      EF4C1EA3 
 146 07e4 99C96F43 		.ascii	"\231\311oC\002\300\273\317\344\261\014\027\271:\247"
 146      02C0BBCF 
 146      E4B10C17 
 146      B93AA7
 147 07f3 3F751F3C 		.ascii	"?u\037<I]\256Z\205\007\325\215e\352\002\024u\217\024"
 147      495DAE5A 
 147      8507D58D 
 147      65EA0214 
 147      758F14
 148 0806 75E30CAA 		.ascii	"u\343\014\252\333\250\306\365\372\252\033\257Q\367\016"
 148      DBA8C6F5 
 148      FAAA1BAF 
 148      51F70E
 149 0815 2400BCBB 		.ascii	"$\000\274\273\272\011\014\357\225\272Mj\025\237\242"
 149      BA090CEF 
 149      95BA4D6A 
 149      159FA2
 150 0824 BA09029B 		.ascii	"\272\011\002\233\234'\275\312\344\3542\033m\212\346"
 150      9C27BDCA 
 150      E4EC321B 
ARM GAS  /tmp/ccYP9gxF.s 			page 12


 150      6D8AE6
 151 0833 1665BC4E 		.ascii	"\026e\274N4\250y\263:\017\362|\307\353$\315x}\017\022"
 151      34A879B3 
 151      3A0FF27C 
 151      C7EB24CD 
 151      787D0F12 
 152 0847 00DE7DBC 		.ascii	"\000\336}\274Nfx\257\306\353\026\265\212\255\250y2S"
 152      4E6678AF 
 152      C6EB16B5 
 152      8AADA879 
 152      3253
 153 0859 17A8A86B 		.ascii	"\027\250\250kU\324M1\250n\233:\017\362}\325M\325\250"
 153      55D44D31 
 153      A86E9B3A 
 153      0FF27DD5 
 153      4DD5A8
 154 086c 9B060900 		.ascii	"\233\006\011\000\357\256n:\303{\245\256@\255\242\020"
 154      EFAE6E3A 
 154      C37BA5AE 
 154      40ADA210 
 155 087c D54D67EA 		.ascii	"\325Mg\352\354|e\006\313\327\257\027\360%c\034.$\007"
 155      EC7C6506 
 155      CBD7AF17 
 155      F025631C 
 155      2E2407
 156 088f C96FEA23 		.ascii	"\311o\352#\005\303d\264\353\222B\202\205\344v\371\361"
 156      05C364B4 
 156      EB924282 
 156      85E476F9 
 156      F1
 157 08a0 AFA04110 		.ascii	"\257\240A\020b%u\360@w\335;\252\3455\376\014X\000` "
 157      622575F0 
 157      4077DD3B 
 157      AAE535FE 
 157      0C580060 
 158 08b5 861EA85E 		.ascii	"\206\036\250^\302\321\231\360\001U\326\360w\335U\325"
 158      C2D199F0 
 158      0155D6F0 
 158      77DD55D5 
 159 08c5 0B393C0B 		.ascii	"\0139<\013\276@*\374\335t\216\316\206Q\254\240\231\356"
 159      BE402AFC 
 159      DD748ECE 
 159      8651ACA0 
 159      99EE
 160 08d7 C6EA3F70 		.ascii	"\306\352?px\016\3778|\261\354D\261\215\177\034`7%\362"
 160      780EFF38 
 160      7CB1EC44 
 160      B18D7F1C 
 160      603725F2 
 161 08eb 957130D4 		.ascii	"\225q0\324q\215\020!\033\236c#I\332\224\237n\341\253"
 161      718D1021 
 161      1B9E6323 
 161      49DA949F 
 161      6EE1AB
 162 08fe 4A562B7C 		.ascii	"JV+|x\341+\025;t\250\263\363?~\261s\301\334\205\316"
 162      78E12B15 
 162      3B74A8B3 
ARM GAS  /tmp/ccYP9gxF.s 			page 13


 162      F33F7EB1 
 162      73C1DC85 
 163 0913 84F8C425 		.ascii	"\204\370\304%\213\235q3~\373\233\030\347\344\311\343"
 163      8B9D7133 
 163      7EFB9B18 
 163      E7E4C9E3 
 164 0923 9C13A64D 		.ascii	"\234\023\246M\234\372A\014\336\372}\002\034\013\027"
 164      9CFA410C 
 164      DEFA7D02 
 164      1C0B17
 165 0932 CE1BFA27 		.ascii	"\316\033\372'AB\226\264h\356\342\277H\213\342\347\315"
 165      414296B4 
 165      68EEE2BF 
 165      488BE2E7 
 165      CD
 166 0943 A77FFCF3 		.ascii	"\247\177\374\363\022i\356\302%\211\246\204\277&\314"
 166      1269EEC2 
 166      2589A684 
 166      BF26CC
 167 0952 4BB4C42F 		.ascii	"K\264\304/N\230?\177^\2429~\311?\022\346'\232\220\222"
 167      4E983F7F 
 167      5EA2397E 
 167      C93F12E6 
 167      279A9092 
 168 0966 68C5FBE8 		.ascii	"h\305\373\350!.\032..\212\021\027\215\370?Jw\254+"
 168      212E1A2E 
 168      2E8A1117 
 168      8DF83F4A 
 168      77AC2B
 169              		.text
 170              		.section	.gnu.lto_.symbol_nodes.65baafcd44eb4599,"",%progbits
 171 0000 789C6365 		.ascii	"x\234ce`b\320g\000\002\246]L\365\014\014\023\31610\000"
 171      6062D067 
 171      0002A65D 
 171      4CF50C0C 
 171      13CE3130 
 172 0015 A95D8D8E 		.ascii	"\251]\215\216@\221\335L\365\214(\"\254;\231\030Z\225"
 172      4091DD4C 
 172      F58C2822 
 172      AC3B9918 
 172      5A95
 173 0027 40AA0120 		.ascii	"@\252\001 6\012\314"
 173      360ACC
 174              		.text
 175              		.section	.gnu.lto_.refs.65baafcd44eb4599,"",%progbits
 176 0000 789C6365 		.ascii	"x\234ce`b`d\000\002\000\000I\000\011"
 176      60626064 
 176      00020000 
 176      490009
 177              		.text
 178              		.section	.gnu.lto_.decls.65baafcd44eb4599,"",%progbits
 179 0000 789CAD57 		.ascii	"x\234\255W}LTW\026\177\347\335\031\034f\006m\200m\314"
 179      7D4C5457 
 179      167FE7DD 
 179      191C6606 
 179      6D806DCC 
 180 0014 AEC91A3B 		.ascii	"\256\311\032;\342$\2332\3056\256\233l6\272\305V\263"
ARM GAS  /tmp/ccYP9gxF.s 			page 14


 180      E2249B32 
 180      C536AE9B 
 180      6C36BAC5 
 180      56B3
 181 0026 5AC888DD 		.ascii	"Z\310\210\335\354\037\233\027\012\3232\273\003C\230"
 181      EC1F9B17 
 181      0AD332BB 
 181      034398
 182 0035 47B34DF6 		.ascii	"G\263M\366\217\007\203\205~!X\203\"\324\317jA\021\330"
 182      8F078385 
 182      7E215883 
 182      22D4CF6A 
 182      4111D8
 183 0048 2EB62AD4 		.ascii	".\266*\324N\021\001\005\254\262\242\255\226\017Qj\375"
 183      4E110105 
 183      ACB2A2AD 
 183      960F516A 
 183      FD
 184 0059 E6AB14D0 		.ascii	"\346\253\024\320\312\236{\357\233y\303\354\2204\315"
 184      CA9E7BEF 
 184      9B79C3EC 
 184      9034CD
 185 0068 DECC9979 		.ascii	"\336\314\231y\347\336\337=\347w\316=\367\3367zA\024"
 185      E7DEDF3D 
 185      E777CE3D 
 185      F7DE377A 
 185      4114
 186 007a 26CC82F0 		.ascii	"&\314\202\360OQ\020Z\004A\230\301F\360\367\210\2405"
 186      4F51105A 
 186      044198C1 
 186      46F0F788 
 186      A035
 187 008c 1C126A51 		.ascii	"\034\022jQ~D\001\224y \314j\177\005\336\377\262\252"
 187      7E440194 
 187      7920CC6A 
 187      7F05DEFF 
 187      B2AA
 188 009e 838A0F6D 		.ascii	"\203\212\017m\017q\300\244\342\242QbQ\246P|(\215(\307"
 188      0F71C0A4 
 188      E2A25162 
 188      51A6507C 
 188      288D28C7 
 189 00b2 5096A124 		.ascii	"P\226\241$\243L\010\234O\004\312w(wP\356\243\334B\271"
 189      A34C089C 
 189      4F04CA77 
 189      287750EE 
 189      A3DC42B9 
 190 00c6 8D724FF5 		.ascii	"\215rO\365\343\347d\010\341\264\235\300\300\265\236"
 190      E3E76408 
 190      E1B49DC0 
 190      C0B59E
 191 00d5 CD117DF0 		.ascii	"\315\021}\360\015\035\001\33282\250\201\0320kt\030\002"
 191      0D1D01DA 
 191      3832A881 
 191      1A306B74 
 191      1802
 192 00e7 F16A5008 		.ascii	"\361jP\010\231$\250@\224\331@\377h\260E\315\010#\300"
ARM GAS  /tmp/ccYP9gxF.s 			page 15


 192      9924A840 
 192      94D940FF 
 192      68B045CD 
 192      0823C0
 193 00fa 4804CF50 		.ascii	"H\004\317PU\366\021\271\002\201q?6\310\240\032\005\204"
 193      55F611B9 
 193      0281713F 
 193      36C8A01A 
 193      0584
 194 010c A1C51BF1 		.ascii	"\241\305\033\361G\177\367\335\261\335\272~\350\0050"
 194      477FF7DD 
 194      B1DDBA7E 
 194      E80530
 195 011b 097B5601 		.ascii	"\011{V\001\353;TS>\024I\320\017>\367OU\275\020_\243"
 195      EB3B5453 
 195      3E1449D0 
 195      0F3EF74F 
 195      55BD105F 
 196 0130 F066B06A 		.ascii	"\360f\260ji;=\363\203oA1\201h#\210\250v\017w~`B5\326"
 196      693B3DF3 
 196      836F4131 
 196      81682388 
 196      A8760F77 
 197 0149 084FA03A 		.ascii	"\010O\240:\231\327\363\205qa\031\233\345U\236\020\341"
 197      99D7F385 
 197      7161199B 
 197      E5559E10 
 197      E1
 198 015a E527A106 		.ascii	"\345'\241\006\026\301aX\204\234\216\300B\374~E\307-"
 198      16C16158 
 198      849C8EC0 
 198      42FC7E45 
 198      C72D
 199 016c 9D397169 		.ascii	"\2359qi\030\226\354Q\366\370\024\337\227\327\177]\346"
 199      1896EC51 
 199      F6F814DF 
 199      97D77F5D 
 199      E6
 200 017d 55AA70D6 		.ascii	"U\252p\326b\212\202j@:\020O#\304G\374\256\202~\200\217"
 200      628A826A 
 200      403A104F 
 200      23C447FC 
 200      AE827E80 
 201 0192 A00F83AB 		.ascii	"\240\017\203\253\205%8\373\336\001\357\373\013\210\235"
 201      852538FB 
 201      DE01EFFB 
 201      0B889D
 202 01a1 91ED6DAF 		.ascii	"\221\355m\257>L\220\3042#\320<,\300\256\272\273\307"
 202      3E4C90C4 
 202      3223D03C 
 202      2CC0AEBA 
 202      BBC7
 203 01b3 A7A27817 		.ascii	"\247\242x\027Eto\031\375p\036\311`\317\027\012\352+"
 203      45746F19 
 203      FD701EC9 
 203      60CF170A 
 203      EA2B
ARM GAS  /tmp/ccYP9gxF.s 			page 16


 204 01c5 098F4087 		.ascii	"\011\217@\207\352H\327\316\353\363y\004\213\267\023"
 204      EA48D7CE 
 204      EBF37904 
 204      8BB713
 205 01d4 B1FCECE5 		.ascii	"\261\374\354\345f\035X\215\007i\010\276\376]\177(\037"
 205      661D588D 
 205      076908BE 
 205      FE5D7F28 
 205      1F
 206 01e5 A5A43E01 		.ascii	"\245\244>\001#|\254\221Zf\304\357\"E\311WJ\274J\344"
 206      237CAC91 
 206      5A66C4EF 
 206      2245C957 
 206      4ABC4AE4 
 207 01f9 5A011A30 		.ascii	"Z\001\0320\310\177c\220p\024\254\324)\305\301\277\260"
 207      C87F6390 
 207      7014ACD4 
 207      29C5C1BF 
 207      B0
 208 020a B31E3BD1 		.ascii	"\263\036;\321K\365\207\245\373\"H\037P\006b\353\311"
 208      4BF587A5 
 208      FB22481F 
 208      500662EB 
 208      C9
 209 021b AB5FE9C0 		.ascii	"\253_\351\300h\015k\340x\030\003\234\314L\323\222\326"
 209      680D6BE0 
 209      7818039C 
 209      CC4CD392 
 209      D6
 210 022c CD8A22C2 		.ascii	"\315\212\"\3021$\363\251F\006\271\361\214\036\352\252"
 210      3124F3A9 
 210      4606B9F1 
 210      8C1EEAAA 
 211 023c 7EA4236D 		.ascii	"~\244#ml\005\305\367\232+\357\232\347r\3224\247\223"
 211      6C05C5F7 
 211      9A2BEF9A 
 211      E772D234 
 211      A793
 212 024e B62BBF3F 		.ascii	"\266+\277?v\221F\334\210NNhN\216\371\235\234\330r`\222"
 212      769146DC 
 212      884E4E68 
 212      4E8EF99D 
 212      9CD87260 
 213 0263 E8B0B619 		.ascii	"\350\260\266\031\002\027\023\373\012Z&J\243\310[\204"
 213      021713FB 
 213      0A5A264A 
 213      A3C85B84 
 214 0273 392E3EDD 		.ascii	"9.>\3356\245\017d\260{%\326\017\370\020z2\324XXf\237"
 214      36A50F64 
 214      B07B25D6 
 214      0FF8107A 
 214      32D45858 
 215 0289 87CFDFF7 		.ascii	"\207\317\337\367\205C\347\200y\245\246>\003\346\326"
 215      8543E780 
 215      79A5A63E 
 215      03E6D6
 216 0298 BF74D16C 		.ascii	"\277t\321l\351\240~f\333@\024)c,\240\250\246\370\024"
ARM GAS  /tmp/ccYP9gxF.s 			page 17


 216      E9A07E66 
 216      DB401429 
 216      632CA0A8 
 216      A6F814
 217 02ab 3116D132 		.ascii	"1\026\3212\374)\031\306\031\367\013\206\006L\334\332"
 217      FC2919C6 
 217      19F70B86 
 217      064CDCDA 
 218 02bb 425407F3 		.ascii	"BT\007\363\033\332\243H\005\267\366\336\266\346f\035"
 218      1BDAA348 
 218      05B7F6DE 
 218      B6E6661D 
 219 02cb D9CB95FD 		.ascii	"\331\313\225\375\345\245\205zr\220+\325[K\352\215\244"
 219      E5A5857A 
 219      72902BD5 
 219      5B4BEA8D 
 219      A4
 220 02dc 8A2B3B0E 		.ascii	"\212+;\016]\236\216$\207\270r`\372\3410\255\2638Z\225"
 220      5D9E8E24 
 220      87B87260 
 220      FAE130AD 
 220      B3385A95 
 221 02f0 24A826E3 		.ascii	"$\250&\343xM~\336q\346\240\231\324\363\244\225\354="
 221      784D7EDE 
 221      71E6A099 
 221      D4F3A495 
 221      EC3D
 222 0302 FC4EA47F 		.ascii	"\374N\244\177\265\220\263\336*\0046\016|\211\204\343"
 222      B590B3DE 
 222      2A04360E 
 222      7C8984E3 
 223 0312 54C29DD8 		.ascii	"T\302\235\330\331\021X\255\376]q\333\013iI\234\303\254"
 223      D91158AD 
 223      FE5D71DB 
 223      0B69499C 
 223      C3AC
 224 0324 7469098E 		.ascii	"ti\011\216S\027\353d\351\325o\215\244\221\373x\344-"
 224      5317EB64 
 224      E9D56F8D 
 224      A491FB78 
 224      E42D
 225 0336 7BA095F6 		.ascii	"{\240\225\366L\323\362\026VM\3358\365\2746\365\234\266"
 225      4CD3F216 
 225      564DDD38 
 225      F5BC36F5 
 225      9CB6
 226 0348 36A13C2E 		.ascii	"6\241<.\204\341\201N\362'\3675\031H\013s\242\033\233"
 226      84E1814E 
 226      F227F735 
 226      19480B73 
 226      A21B9B
 227 035b 78F78A11 		.ascii	"x\367\212\021b,\026k)uS\242(\253D-\367\002\\\204\030"
 227      622C166B 
 227      297553A2 
 227      28AB442D 
 227      F7025C84 
 228 0370 6A002EA3 		.ascii	"j\000.\243\255K`\201\036\260\260\243e\037u\350k\233"
ARM GAS  /tmp/ccYP9gxF.s 			page 18


 228      AD4B6081 
 228      1EB0B0A3 
 228      651F75E8 
 228      6B9B
 229 0382 7AAE6274 		.ascii	"z\256bt@Q\33663Zg\221\026\235\020``\243&j\250!u\302"
 229      4051DE36 
 229      335A6791 
 229      169D1060 
 229      60A3266A 
 230 039a E0AF7628 		.ascii	"\340\257v(\276|\302\320\377\011\213N\240`\036r_\205"
 230      BE7CC2D0 
 230      FF098B4E 
 230      A0601E72 
 230      5F85
 231 03ac 91162362 		.ascii	"\221\026#b\0045Z~\250\351.\366\335\337\012`\211\265"
 231      04355A7E 
 231      A8E92EF6 
 231      DDDF0A60 
 231      89B5
 232 03be 5AF631E0 		.ascii	"Z\3661\340D\305\374<f\226\232;\203f\277\206X\255~4\263"
 232      44C5FC3C 
 232      66969A3B 
 232      8366BF86 
 232      58AD7E34 
 233 03d3 5B59885E 		.ascii	"[Y\210^e\225.8D\012\246!^\301\020\257b\210_\251!r\022"
 233      65952E38 
 233      440AA621 
 233      5EC110AF 
 233      62885FA9 
 234 03ea E72A16E6 		.ascii	"\347*\026\346)\012PT0\013\036\316\245\212\350\367\275"
 234      290A5054 
 234      300B1ECE 
 234      A58AE8F7 
 234      BD
 235 03fb 4AFB336C 		.ascii	"J\3733l\213\267\317\355\030\263>\332\324\321)\306\""
 235      8BB7CFED 
 235      18B33EDA 
 235      D4D129C6 
 235      22
 236 040c 83BC3919 		.ascii	"\203\2749\031\010\263\334\007\235\326\321\374\264.8"
 236      08B3DC07 
 236      9DD6D1FC 
 236      B42E38
 237 041b D573D44C 		.ascii	"\325s\324L\024\035+\307\241\216\272|\003)\340\312\316"
 237      141D2BC7 
 237      A18EBA7C 
 237      0329E0CA 
 237      CE
 238 042c C6F1B37A 		.ascii	"\306\361\263z\0164\240\272\253\253\266CO\212\370X\343"
 238      0E34A0BA 
 238      ABABB643 
 238      4F8AF858 
 238      E3
 239 043d E1DA6E91 		.ascii	"\341\332n\221\024s\245\346\370\360;@\312\2702RX'\223"
 239      1473A5E6 
 239      F8F03B40 
 239      CAB83252 
ARM GAS  /tmp/ccYP9gxF.s 			page 19


 239      582793
 240 0450 0FF873C5 		.ascii	"\017\370s\305X\357\255Hn\301\212\352\226\363\273\257"
 240      58EFAD48 
 240      6EC18AEA 
 240      96F3BBAF 
 241 0460 1AF829EB 		.ascii	"\032\370)\353\243\367\306\344\336\033[E\262\237a\315"
 241      A3F7C6E4 
 241      DE1B5B45 
 241      B29F61CD 
 242 0470 8F6B3A2C 		.ascii	"\217k:,`\361\267\030\272\012\005^\\\333_\226+\276\002"
 242      60F1B718 
 242      BA0A055E 
 242      5CDB5F96 
 242      2BBE02
 243 0483 022D988B 		.ascii	"\002-\230\213\353\230\213\021\\\214\331\271hP+\201\242"
 243      EB988B11 
 243      5C8CD9B9 
 243      68502B81 
 243      A2
 244 0494 CF2ED2D0 		.ascii	"\317.\322\320\247B\321\315\020H\035Gw\007\241o\206G"
 244      A742D1CD 
 244      10481D47 
 244      7707A16F 
 244      8647
 245 04a6 071BBF1D 		.ascii	"\007\033\277\035De0\024>\020j|:\010\335\037\212\356"
 245      44653014 
 245      3E106A7C 
 245      3A08DD1F 
 245      8AEE
 246 04b8 0D455F09 		.ascii	"\015E_\011B\337\010\033f\020x4\010|-<\221\000o,\341"
 246      42DF081B 
 246      66107834 
 246      087C2D3C 
 246      91006F2C 
 247 04cd C715468E 		.ascii	"\307\025F\216\377\006+\242-\024\177:\224J\253\277\374"
 247      FF062BA2 
 247      2D147F3A 
 247      944AABBF 
 247      FC
 248 04de A8F9BEF0 		.ascii	"\250\371\276\360\314\271\371\300\346\306\272\373\026"
 248      CCB9F9C0 
 248      E6C6BAFB 
 248      16
 249 04eb 01436C6C 		.ascii	"\001CllD\335\334\243X\371\367\260\364\276C\271\203r"
 249      44DDDCA3 
 249      58F9F7B0 
 249      F4BE43B9 
 249      8372
 250 04fd 1FE52ECA 		.ascii	"\037\345.\3120\312\003\2241\224[(\267g\357\214\235\321"
 250      30CA0394 
 250      31945B28 
 250      B767EF8C 
 250      9DD1
 251 050f 6C678CCC 		.ascii	"lg\214\314\336\237*\265\312 j\255\341#\341\324\260\272"
 251      DE9F2AB5 
 251      CA206AAD 
 251      E123E1D4 
ARM GAS  /tmp/ccYP9gxF.s 			page 20


 251      B0BA
 252 0521 7C5D930D 		.ascii	"|]\223\015zR\305\252K\234noh\307\373(F=\003*#\350\031"
 252      7A52C5AA 
 252      4B9C6E6F 
 252      68C7FB28 
 252      463D032A 
 253 0538 3081B3C7 		.ascii	"0\201\263\307\265C\217\272\014\037\024|\217\261\374"
 253      B5438FBA 
 253      0C1F147C 
 253      8FB1FC
 254 0547 DCB890CA 		.ascii	"\334\270\220\312\370\205\376j\223\371\355\300U\307<"
 254      F885FE6A 
 254      93F9EDC0 
 254      55C73C
 255 0556 6B3BF507 		.ascii	"k;\365\0070\253\034\020\373\351[;nF\221\243\234\366"
 255      30AB1C10 
 255      FBE95B3B 
 255      6E4691A3 
 255      9CF6
 256 0568 F047D59F 		.ascii	"\360G\325\237\230\300l\235c*L#\027m\266\377\362\266"
 256      98C06C9D 
 256      632A4C23 
 256      176DB6FF 
 256      F2B6
 257 057a 340ED3CB 		.ascii	"4\016\323\313{\012\007&\265\360\020\307=\234\177x\260"
 257      7B0A0726 
 257      B5F010C7 
 257      3D9C7F78 
 257      B0
 258 058b 4DCFAE51 		.ascii	"M\317\256Q\212\370\202_\243\203\327\276n\"s\276\264"
 258      8AF8825F 
 258      A383D7BE 
 258      6E2273BE 
 258      B4
 259 059c 3D622F6D 		.ascii	"=b/m\017A}k\333\335YZl\012\274\265\375\346\332\307\212"
 259      0F417D6B 
 259      DBDD595A 
 259      6C0ABCB5 
 259      FDE6DAC7 
 260 05b1 82B7089E 		.ascii	"\202\267\010\236!\210\203:\315e]\350k\333\217\354\265"
 260      2188833A 
 260      CD655DE8 
 260      6BDB8FEC 
 260      B5
 261 05c2 6D4F4FEF 		.ascii	"mOO\357\0153\361\3613\242vt\2746\202\237\021\364\235"
 261      0D33F1F1 
 261      33A27674 
 261      BC36829F 
 261      11F49D
 262 05d5 6D6ACC57 		.ascii	"mj\314Wo\240W\266\242\306\213\375Z\246\024\021\357%"
 262      6FA057B6 
 262      A2C68BFD 
 262      5AA61411 
 262      EF25
 263 05e7 DC0F30C3 		.ascii	"\334\0170\303n\035\361\263\252\221\321(\210\321\256"
 263      6E1DF1B3 
 263      AA91D128 
ARM GAS  /tmp/ccYP9gxF.s 			page 21


 263      88D1AE
 264 05f6 19A0A5CC 		.ascii	"\031\240\245\3147L\236\310\327+_\264\006\325\327\315"
 264      374C9EC8 
 264      D72B5FB4 
 264      06D5D7CD 
 265 0606 7272FCC0 		.ascii	"rr\374\300\233\224+\216\317\276\001\240i\333`\241\211"
 265      9B942B8E 
 265      CFBE01A0 
 265      69DB60A1 
 265      89
 266 0617 8CF2D437 		.ascii	"\214\362\3247\215\237\351\217\012T\314\245#\254b6\243"
 266      8D9FE98F 
 266      0A54CCA5 
 266      23AC6236 
 266      A3
 267 0628 4DAF1888 		.ascii	"M\257\030\210\217\232\010\252\230\200s(\020\255\377"
 267      8F9A08AA 
 267      98807328 
 267      10ADFF
 268 0637 E39F1E80 		.ascii	"\343\237\036\200'vN\316\217.Q\361\213\201\331\363\363"
 268      27764ECE 
 268      8F2E51F1 
 268      8B81D9F3 
 268      F3
 269 0648 7D538CF6 		.ascii	"}S\214\366G\310^\276\037<8%.\335\317s\354}\262\022o"
 269      47C85EBE 
 269      1F3C3825 
 269      2EDDCF73 
 269      EC7DB212 
 270 065d E2488A81 		.ascii	"\342H\212\201\307<\277\201y\217Y\222\013\305\245\264"
 270      C73CBF81 
 270      798F5992 
 270      0BC5A5B4 
 271 066d 78EE74B6 		.ascii	"x\356t\266\232\237\332\313(\267V\213J\221\001\327\221"
 271      9A9FDACB 
 271      28B7568B 
 271      4A9101D7 
 271      91
 272 067e A59DFF5B 		.ascii	"\245\235\377[(\022\237\022\242\244\354T\227\344r\245"
 272      28129F12 
 272      A2A4EC54 
 272      97E472A5 
 273 068e 4BCE2CA7 		.ascii	"K\316,\247lx\361\245M\213\237OH\020V\306\307\333\002"
 273      6C78F1A5 
 273      4D8B9F4F 
 273      481056C6 
 273      C7DB02
 274 06a1 1FB7C796 		.ascii	"\037\267\307\226\221\352\262e\273sd\217mc\312\206g\227"
 274      91EAB265 
 274      BB73648F 
 274      6D63CA86 
 274      6797
 275 06b3 DBD6AF4F 		.ascii	"\333\326\257O\264\275\230\274.\351\365\345t\310o#>M"
 275      B4BD98BC 
 275      2EE9F5E5 
 275      74C86F23 
 275      3E4D
ARM GAS  /tmp/ccYP9gxF.s 			page 22


 276 06c5 F845C09E 		.ascii	"\370E\300\236\307!\277\226\343\316\315\316t\247;\214"
 276      C721BF96 
 276      E3CECDCE 
 276      74A73B8C 
 277 06d5 9294EBCC 		.ascii	"\222\224\353\314\222\237].\311\177\263\271\263e\333"
 277      929F5D2E 
 277      C97FB3B9 
 277      B365DB
 278 06e4 6AD9ED72 		.ascii	"j\331\355r9\323\244\224\234\\\307\306\224M\211\353\222"
 278      39D3A494 
 278      9C5CC7C6 
 278      944D89EB 
 278      92
 279 06f5 A457DD39 		.ascii	"\244W\3359\0223.\375c\345\012i\305s\322\357\342\023"
 279      12332EFD 
 279      63E50A69 
 279      C573D2EF 
 279      E213
 280 0707 E29FB1AD 		.ascii	"\342\237\261\255\266oHq\273]\036[jN\346\323\251|\332"
 280      B66F4871 
 280      BB5D1E5B 
 280      6A4EE6D3 
 280      A97CDA
 281 071a D38ED457 		.ascii	"\323\216\324W\2346gV\232+7\335a\313LM\313pf9lR\272\343"
 281      9C366756 
 281      9A2B37DD 
 281      61CB4C4D 
 281      CB706639 
 282 0732 D5D45C97 		.ascii	"\325\324\\\227,\311od;<\361\031\202\301\357S\372\277"
 282      2CC96F64 
 282      3B3CF119 
 282      82C1EF53 
 282      FABF
 283 0744 FBF4BCE1 		.ascii	"\373\364\274\341\261I\0369\035\035PGN7\215R\222\177"
 283      B1491E39 
 283      1D1D5047 
 283      4E378D52 
 283      927F
 284 0756 66DA3204 		.ascii	"f\3322\004\263\323Mq\231\251\236\277K\262n\365\013\366"
 284      B3D34D71 
 284      99A99EBF 
 284      4BB26EF5 
 284      0BF6
 285 0768 F5FAF549 		.ascii	"\365\372\365I\317\377\311\256\373\343F\273\035\376\014"
 285      CFFFC9AE 
 285      FBE346BB 
 285      1DFE0C
 286 0777 6BF5692E 		.ascii	"k\365i.Gj\216\232\307\204\025\222l\360?\020L\364o\177"
 286      476A8E9A 
 286      C7841592 
 286      6CF03F10 
 286      4CF46F7F 
 287 078b BA5F8F9C 		.ascii	"\272_\217\234\211\341\276\226\355t\243[\222\224h'\353"
 287      89E1BE96 
 287      ED74A35B 
 287      92946827 
 287      EB
ARM GAS  /tmp/ccYP9gxF.s 			page 23


 288 079c 12EDFAE4 		.ascii	"\022\355\372\344M\311\211\366yI\033\223\327\254I\264"
 288      4DC989F6 
 288      79491B93 
 288      D7AC49B4 
 289 07ac 4724A5FC 		.ascii	"G$\245\374%y\215]\277!)q\215\235\222Yk\326fI\262\221"
 289      25798D5D 
 289      BF212971 
 289      8D9D9259 
 289      6BD66649 
 290 07c2 7375A64B 		.ascii	"su\246K\262\211\205\340x\335\221%{\226"
 290      B28985E0 
 290      78DD9125 
 290      7B96
 291 07d0 86E1E04F 		.ascii	"\206\341\340O\227\032,z4\342\017\303K\362\177\001Ca"
 291      971A2C7A 
 291      34E20FC3 
 291      4BF27F01 
 291      4361
 292 07e2 6AD6     		.ascii	"j\326"
 293              		.text
 294              		.section	.gnu.lto_.symtab.65baafcd44eb4599,"",%progbits
 295 0000 5F70616C 		.ascii	"_pal_lld_init\000"
 295      5F6C6C64 
 295      5F696E69 
 295      7400
 296 000e 00       		.ascii	"\000"
 297 000f 00       		.ascii	"\000"
 298 0010 00       		.ascii	"\000"
 299 0011 00000000 		.ascii	"\000\000\000\000\000\000\000\000"
 299      00000000 
 300 0019 AE000000 		.ascii	"\256\000\000\000"
 301 001d 5F70616C 		.ascii	"_pal_lld_setgroupmode\000"
 301      5F6C6C64 
 301      5F736574 
 301      67726F75 
 301      706D6F64 
 302 0033 00       		.ascii	"\000"
 303 0034 00       		.ascii	"\000"
 304 0035 00       		.ascii	"\000"
 305 0036 00000000 		.ascii	"\000\000\000\000\000\000\000\000"
 305      00000000 
 306 003e FD000000 		.ascii	"\375\000\000\000"
 307 0042 5F70616C 		.ascii	"_pal_events\000"
 307      5F657665 
 307      6E747300 
 308 004e 00       		.ascii	"\000"
 309 004f 00       		.ascii	"\000"
 310 0050 00       		.ascii	"\000"
 311 0051 00000000 		.ascii	"\000\000\000\000\000\000\000\000"
 311      00000000 
 312 0059 07010000 		.ascii	"\007\001\000\000"
 313              		.text
 314              		.section	.gnu.lto_.opts,"",%progbits
 315 0000 272D666D 		.ascii	"'-fmath-errno' '-fsigned-zeros' '-ftrapping-math' '"
 315      6174682D 
 315      6572726E 
 315      6F272027 
ARM GAS  /tmp/ccYP9gxF.s 			page 24


 315      2D667369 
 316 0033 2D666E6F 		.ascii	"-fno-trapv' '-fno-strict-overflow' '-fno-openmp' '-"
 316      2D747261 
 316      70762720 
 316      272D666E 
 316      6F2D7374 
 317 0066 666E6F2D 		.ascii	"fno-openacc' '-mcpu=cortex-m4' '-mfloat-abi=hard' '"
 317      6F70656E 
 317      61636327 
 317      20272D6D 
 317      6370753D 
 318 0099 2D6D6670 		.ascii	"-mfpu=fpv4-sp-d16' '-mno-thumb-interwork' '-mthumb'"
 318      753D6670 
 318      76342D73 
 318      702D6431 
 318      36272027 
 319 00cc 20272D67 		.ascii	" '-ggdb' '-O0' '-ffunction-sections' '-fdata-sectio"
 319      67646227 
 319      20272D4F 
 319      30272027 
 319      2D666675 
 320 00ff 6E732720 		.ascii	"ns' '-fno-common' '-flto'\000"
 320      272D666E 
 320      6F2D636F 
 320      6D6D6F6E 
 320      2720272D 
 321              		.text
 322              		.comm	__gnu_lto_v1,1,1
 323              		.comm	__gnu_lto_slim,1,1
 324              		.ident	"GCC: (GNU Tools for ARM Embedded Processors (Build 17.03)) 6.3.1 20170215 (release) [ARM/e
ARM GAS  /tmp/ccYP9gxF.s 			page 25


DEFINED SYMBOLS
                            *ABS*:0000000000000000 hal_pal_lld.c
                            *COM*:0000000000000001 __gnu_lto_v1
                            *COM*:0000000000000001 __gnu_lto_slim

NO UNDEFINED SYMBOLS
