ARM GAS  /tmp/ccV1HXqK.s 			page 1


   1              		.cpu cortex-m4
   2              		.eabi_attribute 27, 1
   3              		.eabi_attribute 28, 1
   4              		.eabi_attribute 20, 1
   5              		.eabi_attribute 21, 1
   6              		.eabi_attribute 23, 3
   7              		.eabi_attribute 24, 1
   8              		.eabi_attribute 25, 1
   9              		.eabi_attribute 26, 1
  10              		.eabi_attribute 30, 6
  11              		.eabi_attribute 34, 1
  12              		.eabi_attribute 18, 4
  13              		.file	"mbcrc.c"
  14              		.text
  15              	.Ltext0:
  16              		.section	.gnu.lto_.inline.73bbb7df27387736,"",%progbits
  17 0000 789C6365 		.ascii	"x\234ce`b\020e@\000F\006\006>^\006\006&\211\011\247"
  17      60621065 
  17      40004606 
  17      063E5E06 
  17      06268909 
  18 0015 19195880 		.ascii	"\031\031X\200\222 \000\000\026\312\001\265"
  18      92200000 
  18      16CA01B5 
  19              		.text
  20              		.section	.gnu.lto_usMBCRC16.73bbb7df27387736,"",%progbits
  21 0000 789C7D55 		.ascii	"x\234}U\333O\024W\030?\337\234\271\355\262,\010\210"
  21      DB4F1457 
  21      183FDF9C 
  21      B9EDB22C 
  21      0888
  22 0012 64430C4D 		.ascii	"dC\014MJ\010MJ$}m\322\007\222\306&>\365?h\267<\230F"
  22      4A084D4A 
  22      247D6DD2 
  22      0792C626 
  22      3EF53F68 
  23 002a DBD890F4 		.ascii	"\333\330\220\364\215q\306\225\024\254\226\365\202\354"
  23      8D71C695 
  23      14AC96F5 
  23      82EC
  24 0038 B2D9D6AD 		.ascii	"\262\331\326\255UDYQ{\341\352.x\001[kl\260!\370d\335"
  24      55445951 
  24      7BE1EA2E 
  24      78015B6B 
  24      6CB021F8 
  25 004e A81B15EC 		.ascii	"\250\033\025\354\002-!\005\373}\347\3146\350b'\2313"
  25      022D2105 
  25      FB7DE7CC 
  25      36E86227 
  25      9933
  26 0060 67BEF9FD 		.ascii	"g\276\371\375\276\337w;\031\215)lDg\254\2111\366\016"
  26      BEDF773B 
  26      198D296C 
  26      4467AC89 
  26      31F60E
  27 0073 DECC60A0 		.ascii	"\336\314`\2400\274A\305\225\213UU8c\226\242\341\242"
  27      30BC41C5 
ARM GAS  /tmp/ccV1HXqK.s 			page 2


  27      958B5555 
  27      386396A2 
  27      E1A2
  28 0085 6A8060D0 		.ascii	"j\200`\320\001\020\012\254U\341\252\246C\253\2422y\035"
  28      01100AAC 
  28      55E1AAA6 
  28      43ABA232 
  28      791D
  29 0097 E25D1C6E 		.ascii	"\342]\034n\357;\337\303\017\3628G*\276\376y3r\337O\257"
  29      EF3BDFC3 
  29      0FF23847 
  29      2ABEFE79 
  29      3372DF4F 
  30 00ac 0035F87A 		.ascii	"\0005\370z\347H\177\237\257\376\224\205W\252kF\357t"
  30      E7487F9F 
  30      AFFE9485 
  30      57AA6B46 
  30      EF74
  31 00be 42DBE35C 		.ascii	"B\333\343\\a\335\210>\015\325p\012\252\311u/\324#\326"
  31      61DD883E 
  31      0DD5700A 
  31      AAC9752F 
  31      D423D6
  32 00d1 FE6B29EC 		.ascii	"\376k)\354\343E\300p\337}\351\327\210^w\322\262l+\225"
  32      E345C070 
  32      DF7DE9D7 
  32      885E77D2 
  32      B26C2B95 
  33 00e5 39CCADD7 		.ascii	"9\314\255\327\343\234\303\031\340\353\211hb\320\007"
  33      E39CC319 
  33      E0EB8968 
  33      62D007
  34 00f4 7508CF76 		.ascii	"u\010\317v<\270S\314+\004ux\356\304u\223\250(9}TP\025"
  34      3CB853CC 
  34      2B047578 
  34      EEC47593 
  34      A828397D 
  35 010b 38FB3255 		.ascii	"8\3732Uap\016\352\010\277|\246\177\325\303\003\202\033"
  35      61700EEA 
  35      08BF7CA6 
  35      7FD5C303 
  35      821B
  36 011d 1DBF39EA 		.ascii	"\035\2779\352\251M\010\356\265h \354X\223\226J\374\376"
  36      A94D08EE 
  36      B56820EC 
  36      5893964A 
  36      FCFE
  37 012f 17F97491 		.ascii	"\027\371t\221T\307\320\252\312_\023\324\205t\270G%*"
  37      54C7D0AA 
  37      CA5F13D4 
  37      8574B847 
  37      252A
  38 0141 46BC1609 		.ascii	"F\274\026\011,\330\326q\242\252p^R\337\252\206m\377"
  38      2CD8D671 
  38      A2AA705E 
  38      52DFAA86 
  38      6DFF
ARM GAS  /tmp/ccV1HXqK.s 			page 3


  39 0153 116746AC 		.ascii	"\021gF\254\031\225\327\013\342\303\213\331\307\246K"
  39      1995D70B 
  39      E2C38BD9 
  39      C7A64B
  40 0162 CC05BAAC 		.ascii	"\314\005\272\254\324\336\032\242]\330\200\366\307\300"
  40      D4DE1AA2 
  40      5DD880F6 
  40      C7C0
  41 0170 DAD1625D 		.ascii	"\332\321b]\205\213P\013\003x'\241\226J\211\025\274\204"
  41      858B500B 
  41      037827A1 
  41      964A8915 
  41      BC84
  42 0182 5D62CC87 		.ascii	"]b\314\207\230T\342\331\011\2157\012\327\027nw_\311"
  42      9854E2D9 
  42      098D370A 
  42      D7176E77 
  42      5FC9
  43 0194 BB7E10DD 		.ascii	"\273~\020\335z\304\011\211t8|_\230\016\374\000\265D"
  43      7AC40989 
  43      74387C5F 
  43      980EFC00 
  43      B544
  44 01a6 594B9FD3 		.ascii	"YK\237\323\\Jf\301\006\373\200\245`8\354\305X\340\307"
  44      5C4A66C1 
  44      06FB80A5 
  44      6038ECC5 
  44      58E0C7
  45 01b9 02F0F4AB 		.ascii	"\002\360\364\253\301?\025\200\347\242\245\177\333!Y"
  45      C13F1580 
  45      E7A2A57F 
  45      DB2159
  46 01c8 A097D183 		.ascii	"\240\227\321\203\002\375\313\255\211'\234\277-\3228"
  46      02FDCBAD 
  46      89279CBF 
  46      2DD238
  47 01d7 FB737ADC 		.ascii	"\373sz\334p\273\362{\264,\354\246\241\300\320\006i\014"
  47      70BBF27B 
  47      B42CECA6 
  47      A1C0D006 
  47      690C
  48 01e9 0B7A6EFE 		.ascii	"\013zn\376\370j\021Q\276\302F\366Tu\346)\254\000?\""
  48      F86A1151 
  48      BEC246F6 
  48      5475E629 
  48      AC003F22 
  49 01fd F04F07D2 		.ascii	"\360O\007\322\261bW\342\311a\007\354o)\223\015\340\243"
  49      B16257E2 
  49      C96107EC 
  49      6F29930D 
  49      E0A3
  50 020f 05F0C9B4 		.ascii	"\005\360\311\264\362*\337c\005\340L\347\377\370\276"
  50      F22ADF63 
  50      05E04CE7 
  50      FFF8BE
  51 021e 8C2D5DD7 		.ascii	"\214-]\327\332\344o\220\262\326\236\267a\271\002\337"
  51      DAE46F90 
ARM GAS  /tmp/ccV1HXqK.s 			page 4


  51      B2D69EB7 
  51      61B902DF 
  52 022e 9CF45781 		.ascii	"\234\364W\201\230v9\270HE\244\312\010\253\211\275.\366"
  52      987639B8 
  52      4845A4CA 
  52      08AB89BD 
  52      2EF6
  53 0240 0610C604 		.ascii	"\006\020\306\004\302xh\314\275\002^D\207\305'\370~\334"
  53      C27868CC 
  53      BD025E44 
  53      87C527F8 
  53      7EDC
  54 0252 AA25B494 		.ascii	"\252%\264\2242R\331D\3332A.\027\216*\210\266\231\226"
  54      3252D944 
  54      DB32412E 
  54      178E2A88 
  54      B69996
  55 0265 4A5AB688 		.ascii	"JZ\266\210\303\302\332i\314X\007my\026\354\305G\375"
  55      C3C2DA69 
  55      CC58076D 
  55      7916ECC5 
  55      47FD
  56 0277 89129ABA 		.ascii	"\211\022\232\272\030\3270\305d(\323k\322\251W\3419@"
  56      18D730C5 
  56      6428D36B 
  56      D2A957E1 
  56      3940
  57 0289 0A1322CC 		.ascii	"\012\023\"\314\351$\227\020]\230\210\316%=\222\035\271"
  57      E9249710 
  57      5D9888CE 
  57      253D921D 
  57      B9
  58 029a 5F2EBF15 		.ascii	"_.\277\025\3058 \332\351\331\017\322\340C\033\015\003"
  58      C53820DA 
  58      E9D90FD2 
  58      E0431B0D 
  58      03
  59 02ab C256DAA7 		.ascii	"\302V\332\247\014i\364\243\310\261\320\370-\203D\270"
  59      0C69F4A3 
  59      C8B1D0F8 
  59      2D8344B8 
  60 02bb 988AEFC2 		.ascii	"\230\212\357\302\203\007\2148\304\366b]\351\304\020"
  60      83078C38 
  60      C4F6625D 
  60      E9C410
  61 02ca 2D4D3230 		.ascii	"-M20\016q\341re\177\257K/A\0171\0345\364\231k\373B\223"
  61      0E71E172 
  61      657FAF4B 
  61      2F410F31 
  61      1C35F499 
  62 02e2 C652B493 		.ascii	"\306R\264\223e,;\352l\225\246M\353e4!\343\254\\^\360"
  62      652C3BEA 
  62      6C95A64D 
  62      EB653421 
  62      E3AC5C5E 
  63 02f7 B7AE5A55 		.ascii	"\267\256ZUhHpy\016\247\"}\037\223ri\034S\273\002\255"
  63      68487079 
ARM GAS  /tmp/ccV1HXqK.s 			page 5


  63      0EA7227D 
  63      1F937269 
  63      1C53BB02 
  64 030c 3041BAF8 		.ascii	"0A\272\370\341\336?\3511\2631\211SG!\031p\025#A!\321"
  64      E1DE3FE9 
  64      31B33189 
  64      53472119 
  64      70152341 
  65 0322 DD6BD028 		.ascii	"\335k\320(\203\352v\365\313P/\206\025\241\020z\307\334"
  65      83EA76F5 
  65      CB502F86 
  65      15A1107A 
  65      C7DC
  66 0334 52951748 		.ascii	"R\225\027HB\241\344\365\215%\277\236\003\022\235\\'"
  66      42A1E4F5 
  66      8D25BF9E 
  66      03129D5C 
  66      27
  67 0345 3A85A254 		.ascii	":\205\242Tw5_\367\241\204W\012yb\330K\214\347X\276\356"
  67      77355FF7 
  67      A184570A 
  67      7962D84B 
  67      8CE758BE 
  68 035a 5EB4C19B 		.ascii	"^\264\301\233\325,\003\373\356NL\273F\017\274!\206s"
  68      D52C03FB 
  68      EE4E4CBB 
  68      460FBC21 
  68      8673
  69 036c 09D0A5A1 		.ascii	"\011\320\245\2410l\017\217\314/\253K\240\304\270I\357"
  69      306C0F8F 
  69      CC2FAB4B 
  69      A0C4B849 
  69      EF
  70 037d 5E3E3B37 		.ascii	"^>;7\251,\001\307IPf\037?\302g9\237\235'\023\266DWV"
  70      A92C01C7 
  70      4950661F 
  70      3FC26739 
  70      9F9D2713 
  71 0395 84A98C0F 		.ascii	"\204\251\214\017\241\011\003\321d \271\266/\007\027"
  71      A10903D1 
  71      6420B9B6 
  71      2F0717
  72 03a4 5D8D0A59 		.ascii	"]\215\012Y\004\347Y>\222\315h\303\314\"\303\21374j\204"
  72      04E7593E 
  72      92CD68C3 
  72      CC22C38B 
  72      37346A84 
  73 03b8 0226DC90 		.ascii	"\002&\334\2203\225k\233r\013U)\373\351,\347Y[\004\261"
  73      33956B9B 
  73      720B5529 
  73      FBE92CE7 
  73      595B04B1 
  74 03cc 52A48BBF 		.ascii	"R\244\213\277-\376\020\177[\021\314\361)\3305.\2022"
  74      2DFE107F 
  74      5B11CCF1 
  74      29D8352E 
  74      8232
ARM GAS  /tmp/ccV1HXqK.s 			page 6


  75 03de 69A782E2 		.ascii	"i\247\202\342\024\233\273>\014\356\0116\004\231\371"
  75      149BBB3E 
  75      0CEE0936 
  75      0499F9
  76 03ed 694BF0DD 		.ascii	"iK\360\335=\037\354j\326Z>\333\321\274[\337\371\336"
  76      3D1FEC6A 
  76      D65A3EDB 
  76      D1BC5BDF 
  76      F9DE
  77 03ff EE8F9A3F 		.ascii	"\356\217\232?7Z\202M\3577\355\370D>\267\357\364\346"
  77      375A824D 
  77      EF37EDF8 
  77      443EB7EF 
  77      F4E6
  78 0411 510DDB0C 		.ascii	"Q\015\333\014\201kh\374\027\304\211\025\263"
  78      816B68FC 
  78      17C48915 
  78      B3
  79              		.text
  80              		.section	.gnu.lto_aucCRCHi.73bbb7df27387736,"",%progbits
  81 0000 789C5597 		.ascii	"x\234U\227WsdG\031\2065\222\263\3276`\033\014,9\232"
  81      57736447 
  81      19863592 
  81      B3D73660 
  81      1B0C2C39 
  82 0015 646C134C 		.ascii	"dl\023L\276\205\033~\002W\024\277\200\013n\200Q\032"
  82      BE851B7E 
  82      025714BF 
  82      800B6E80 
  82      511A
  83 0027 8555CE39 		.ascii	"\205U\3169k\225\263V\243\031\345\234s\034\215\244Q\316"
  83      6B95B356 
  83      A319E59C 
  83      731C8DA4 
  83      51CE
  84 0039 A3551E65 		.ascii	"\243U\036eq\276\356g\266\212\255\332\232z\352=\357\333"
  84      71BEEE67 
  84      B68AADDA 
  84      9A7AEA3D 
  84      EFDB
  85 004b DD5F7FA7 		.ascii	"\335_\177\247\373\350e\037_\237w?\360\3611\371\350\177"
  85      FBE8651F 
  85      5F9F773F 
  85      F0F131F9 
  85      E87F
  86 005d C97E26EB 		.ascii	"\311~&\353a\231\365\255(\277l?\037S\273pU\360F\311k"
  86      6199F5AD 
  86      28BF6C3F 
  86      1F53BB70 
  86      55F046C9 
  87 0072 C226D383 		.ascii	"\302&\323\203\311\340\246\222\252\355W\264\356/<\277"
  87      C9E0A692 
  87      AAED57B4 
  87      EE2F3CBF 
  88 0082 3F39F4A6 		.ascii	"?9\364\246\326\357\205\315\316\252\363\327\264\336!"
  88      D6EF85CD 
  88      CEAAF3D7 
ARM GAS  /tmp/ccV1HXqK.s 			page 7


  88      B4DE21
  89 0091 1C79163E 		.ascii	"\034y\026>\362H\353w\302U\007\266+\362%~p\361r\365U"
  89      F248EB77 
  89      C25507B6 
  89      2BF2257E 
  89      70F172F5 
  90 00a6 2DDF8A6C 		.ascii	"-\337\212l3\227/=\302.\372mT\276\375\015\255\337\210"
  90      33972F3D 
  90      C22EFA6D 
  90      54BEFD0D 
  90      ADDF88
  91 00b9 DEB035D0 		.ascii	"\336\2605\320\373\206\326\315\302;'\366F\246w-\\\335"
  91      FB86D6CD 
  91      C23B27F6 
  91      46A6772D 
  91      5CDD
  92 00cb 1CE47E9B 		.ascii	"\034\344~\233\351\253\341\006\202\373LZ\277\022\256"
  92      E9ABE106 
  92      82FB4C5A 
  92      BF12AE
  93 00da EFEEB330 		.ascii	"\357\356\2630=\301csd\010\263\273\024^^\177\332\315"
  93      3DC16373 
  93      6408B3BB 
  93      145E5E7F 
  93      DACD
  94 00ec E31EE1E6 		.ascii	"\343\036\341\346r\233\303W\363\205\360\344|\365\373"
  94      729BC357 
  94      F385F0E4 
  94      7CF5FB
  95 00fb 1ACF055B 		.ascii	"\032\317\005[RF\257_\322|&\274\267\346_\352\247\371"
  95      5246AF5F 
  95      D27C26BC 
  95      B7E65FEA 
  95      A7F9
  96 010d 54B8E37E 		.ascii	"T\270\343~-\225\342\234\010'\257\365W\274\255\371X\330"
  96      2D95E29C 
  96      0827AFF5 
  96      57BCADF9 
  96      58D8
  97 011f 12BB960F 		.ascii	"\022\273\226\017\037\251b\326\304W\277\254\371\271Z"
  97      1FA962D6 
  97      C457BFAC 
  97      F9B95A
  98 012e 4D86AB8E 		.ascii	"M\206\253\216\374C\341\303\261\363b\330-|ak\373H\343"
  98      FC43E1C3 
  98      B1F362D8 
  98      2D7C616B 
  98      FB48E3
  99 0141 81A035FF 		.ascii	"\201\2405\377\240\004\373\276*\346\211\331Lq\366\204"
  99      A004FBBE 
  99      2AE689D9 
  99      4C71F684 
 100 0151 3D314D4E 		.ascii	"=1MN\212\271+<\023\177\020\305jw\324tm\376\315Lg[\370"
 100      8AB92B3C 
 100      137F10C5 
 100      6A77D474 
 100      6DFECD4C 
ARM GAS  /tmp/ccV1HXqK.s 			page 8


 101 0168 E9EEEE11 		.ascii	"\351\356\356\021\233\263%\2740\346\352 oS\270;\240\371"
 101      9BB325BC 
 101      30E6EA20 
 101      6F53B83B 
 101      A0F9
 102 017a EF1A3704 		.ascii	"\357\0327\004#\354\035\345\257h^\027\236\250XE^\023"
 102      23EC1DE5 
 102      AF685E17 
 102      9EA85845 
 102      5E13
 103 018c ECCF3CC9 		.ascii	"\354\317<\311{G\363\252\260}\351\270\235\342\254\250"
 103      7B47F3AA 
 103      B07DE9B8 
 103      9DE2ACA8 
 104 019c E21DE715 		.ascii	"\342\035\347\0253\232K\270\255\352f\207\275Y\026.\017"
 104      339A4BB8 
 104      ADEA6687 
 104      BD59162E 
 104      0F
 105 01ad 7604BDAE 		.ascii	"v\004\275\256yI\370\240\261\300\201\177Q8\373\246\366"
 105      7949F8A0 
 105      B1C0817F 
 105      5138FBA6 
 105      F6
 106 01be DF1A9D82 		.ascii	"\337\032\235\202k\326\204\014\366bA\270l\332\342b\362"
 106      6BD6840C 
 106      F66241B8 
 106      6CDAE262 
 106      F2
 107 01cf 0ED50996 		.ascii	"\016\325\011\226\354\021\354\363\302\001\035\373\323"
 107      EC11ECF3 
 107      C2011DFB 
 107      D3
 108 01dc 146F4EB8 		.ascii	"\024oN\270q\264;\207b\315\012\227\034\326O\320\0123"
 108      71B43B87 
 108      62CD0A97 
 108      1CD64FD0 
 108      0A33
 109 01ee C235E6BC 		.ascii	"\3025\346\274\006\2127-\234\341\252\011b\272S\302]i"
 109      068A372D 
 109      9CE1AA09 
 109      62BA53C2 
 109      5D69
 110 0200 FEECCDA4 		.ascii	"\376\354\315\244Zm]\353\016\323\231\020^\212\357\310"
 110      5A6D5DEB 
 110      0ED39910 
 110      5E8AEFC8 
 111 0210 A458E3AA 		.ascii	"\244X\343\252\263\012\327?\3248&X\227\265\024A1FU\372"
 111      B30AD73F 
 111      D4382658 
 111      97B51441 
 111      314655FA 
 112 0224 6ABA77F1 		.ascii	"j\272w\361#\302\356\254\320\002f3,\274\262\3226\363"
 112      23C2EEAC 
 112      D0026633 
 112      2CBCB2D2 
 112      36F3
ARM GAS  /tmp/ccV1HXqK.s 			page 9


 113 0236 96E621E1 		.ascii	"\226\346!\341\244\313\331&\206\033T\305\357\314\231"
 113      A4CBD926 
 113      861B54C5 
 113      EFCC99
 114 0245 451F104E 		.ascii	"E\037\020N\011\232\334\302\337/\334w\030k#\277O8df2"
 114      099ADCC2 
 114      DF2FDC77 
 114      186B23BF 
 114      4F386466 
 115 025a 866AF50A 		.ascii	"\206j\365\012\027]\325\334\261\272\036\341\360\244\373"
 115      175DD5DC 
 115      B1BA1EE1 
 115      F0A4FB
 116 0269 0E9EEF16 		.ascii	"\016\236\357\026\036L\212\312\240Z]\302\213\323\013"
 116      1E4C8ACA 
 116      A05A5DC2 
 116      8BD30B
 117 0278 9B6C76E7 		.ascii	"\233lv\347\377\035\013&},\274xOM\372=\315\270\211KA"
 117      FF1D0B26 
 117      7D2CBC78 
 117      4F4DFA3D 
 117      CDB8894B 
 118 028d 6F53AD77 		.ascii	"oS\255weq\263\033\255\302\361\003{G\344\265\250\027"
 118      6571B31B 
 118      ADC2F103 
 118      7B47E4B5 
 118      A817
 119 029f 33617B8A 		.ascii	"3a{\212\3527\253\274\255\245\177jl\022\034\266\357\307"
 119      EA37ABBC 
 119      ADA57F6A 
 119      6C121CB6 
 119      EFC7
 120 02b1 325DBBF0 		.ascii	"2]\273\360\320\376]\014\313\267\011\247\206\205\361"
 120      D0FE5D0C 
 120      CBB709A7 
 120      8685F1
 121 02c0 1E350A0E 		.ascii	"\0365\012\0168\033G\231\215Um\206\273\253\234\307\033"
 121      381B4799 
 121      8D556D86 
 121      BBAB9CC7 
 121      1B
 122 02d1 D4B1907A 		.ascii	"\324\261\220zef\264g\302w\267\015Y\314\246^xu\177\335"
 122      6566B467 
 122      C277B70D 
 122      59CCA65E 
 122      78757FDD 
 123 02e5 3BFB3A75 		.ascii	";\373:uH\346\024?\245\267j\205+\0177\377\241\261Fp:"
 123      48E6143F 
 123      A5B76A85 
 123      2B0F37FF 
 123      A1B14670 
 124 02fa 377905B9 		.ascii	"7y\005\271Z8\356f(\211\342U\251b\326\314z\337\263J\325"
 124      5A38EE66 
 124      2889E255 
 124      A962D6CC 
 124      7ADFB34A 
 125 030f 3BB1A12D 		.ascii	";\261\241-p\205p\305\202}\231\315+\027\236\335\312\357"
ARM GAS  /tmp/ccV1HXqK.s 			page 10


 125      708570C5 
 125      827D99CD 
 125      2B179EDD 
 125      CAEF
 126 0321 65FA65C2 		.ascii	"e\372e\302[)K\015\344\225*\177\2305\234\345\226\010"
 126      5B294B0D 
 126      E4952A7F 
 126      98359CE5 
 126      9608
 127 0333 9F16D766 		.ascii	"\237\026\327f\221W\254\252\021>\3757\215Ej\257\263\247"
 127      9157ACAA 
 127      113EFD37 
 127      8D456AAF 
 127      B3A7
 128 0345 A629DE53 		.ascii	"\246)\336Su\312\014\331s\340B\341'\265\247\205\354M"
 128      75CA0CD9 
 128      73E042E1 
 128      27B5A785 
 128      EC4D
 129 0357 813A36C2 		.ascii	"\201:6\302<=\014\227/\\;q\356O\357\345\011\217;'\253"
 129      3C3D0C97 
 129      2F5C3B71 
 129      EE4FEFE5 
 129      098F3B27 
 130 036c A856AEAA 		.ascii	"\250V\256\252\236+&\206\336\316Q\275Z\337XJ9\262\205"
 130      9E2B2686 
 130      DECE51BD 
 130      5ADF584A 
 130      39B285
 131 037f EFCFC657 		.ascii	"\357\317\306W\360g\011O%G<\360|\246\352\255\3324;\363"
 131      F067094F 
 131      25473CF0 
 131      7CA6EAAD 
 131      DA343BF3 
 132 0393 C910EEDC 		.ascii	"\311\020\356\334\237+c\371\351\352\335\250ot\263{i\302"
 132      9F2B63F9 
 132      E9EADDA8 
 132      6F74B37B 
 132      69C2
 133 03a5 AD49F678 		.ascii	"\255I\366x\312\225\252v; \262\010\177\212\360va\364"
 133      CA95AA76 
 133      3B20B208 
 133      7F8AF076 
 133      61F4
 134 03b7 00BD9C2C 		.ascii	"\000\275\234,|\345\311\360\260\276$\325LI\266_iLT\347"
 134      7CE5C9F0 
 134      B0BE24D5 
 134      4C49B65F 
 134      694C54E7 
 135 03cb 549B6583 		.ascii	"T\233e\203\345$\250c/\255!\233\346\210\027\276.\271"
 135      E524A863 
 135      2FAD219B 
 135      E68817BE 
 135      2EB9
 136 03dd 6CE6CD8E 		.ascii	"l\346\315\216S\313I\333\253ey\261\252\372\335\305\247"
 136      53CB49DB 
 136      AB6579B1 
ARM GAS  /tmp/ccV1HXqK.s 			page 11


 136      AAFADDC5 
 136      A7
 137 03ee F86354EB 		.ascii	"\370cT\353\246v\231\031>Z\270\375\350 \212\351E\011"
 137      A6769919 
 137      3E5AB8FD 
 137      E8208AE9 
 137      4509
 138 0400 3B1787DB 		.ascii	";\027\207\333(o\244p\320\306\341(y\021\352\240*\330"
 138      286FA470 
 138      D0C6E128 
 138      7911EAA0 
 138      2AD8
 139 0412 CE839FA8 		.ascii	"\316\203\237\250K\351j\357\006\016W\345N\331\312\245"
 139      4BE96AEF 
 139      060E57E5 
 139      4ED9CAA5 
 140 0422 9C61EA1C 		.ascii	"\234a\352\034\035\351[\204C\325-\020\231\220AyCT97z"
 140      1DE95B84 
 140      43D52D10 
 140      99904179 
 140      43543937 
 141 0437 E618CFA2 		.ascii	"\346\030\317\242n\215\276V\017y\301\352F/\250\213\246"
 141      6E8DBE56 
 141      0F79C1EA 
 141      462FA88B 
 141      A6
 142 0448 3C41C2FE 		.ascii	"<A\302\376#!)\224;P=\037\234\022\301\372\003\324\313"
 142      23212994 
 142      3B503D1F 
 142      9C12C1FA 
 142      03D4CB
 143 045b E0FD6230 		.ascii	"\340\375b0\351/\206\027W\270I_\341\245\371+Y\254\377"
 143      E92F8617 
 143      57B8495F 
 143      E1A5F92B 
 143      59ACFF
 144 046e 41AEFCC5 		.ascii	"A\256\374\305}g:\335y/<U\371\320\316|\357\204c\375O"
 144      7D673ADD 
 144      792F3C55 
 144      F9D0CE7C 
 144      EF8463FD 
 145 0483 8B79FE56 		.ascii	"\213y\376V\270\340y\316\006\333\177#\334\033\35263\237"
 145      B8E079CE 
 145      06DB7F23 
 145      DC1BEA36 
 145      339F
 146 0495 6BE1B0FE 		.ascii	"k\341\260\376\332U\306\277\022\016]\015\231b\374Kag"
 146      DA55C6BF 
 146      120E5D0D 
 146      9962FC4B 
 146      6167
 147 04a7 CA6695F7 		.ascii	"\312f\225\367\316\027\236O^\236 \377B\2709&k\204\374"
 147      CE179E4F 
 147      5E9E20FF 
 147      42B83926 
 147      6B84FC
 148 04ba 73E1C98C 		.ascii	"s\341\311\214\200\035\332\351L8p\374\364\314{\351\013"
ARM GAS  /tmp/ccV1HXqK.s 			page 12


 148      801DDAE9 
 148      4C3870FC 
 148      F4CC7BE9 
 148      0B
 149 04cb A77A9E79 		.ascii	"\247z\236y\333\351D\370ao(\235\347\217\025\357:\362"
 149      DBE944F8 
 149      616F289D 
 149      E78F15EF 
 149      3AF2
 150 04dd D18F843D 		.ascii	"\321\217\204=g\026\027\343?\027n\350\017\016\245?\016"
 150      671617E3 
 150      3F176EE8 
 150      0F0EA53F 
 150      0E
 151 04ee D5275258 		.ascii	"\325'RXB\036\353q\253\365\007Y\336\343\322\027\354\257"
 151      421EEB71 
 151      ABF50759 
 151      DEE3D217 
 151      ECAF
 152 0500 39DC62FB 		.ascii	"9\334b\373\366\2057\206*j\330\236=a\377\344\341\021"
 152      F6853786 
 152      2A6AD89E 
 152      3D61FFE4 
 152      E111
 153 0512 E2775579 		.ascii	"\342wUy\363\022\0129\014v\204G\033\367\026\231\316\266"
 153      F3120A39 
 153      0C768447 
 153      1BF71699 
 153      CEB6
 154 0524 FA00AC89 		.ascii	"\372\000\254\211>D\337\022Nh\212r\241o\252\351\344_"
 154      3E44DF12 
 154      4E688A72 
 154      A16FAAE9 
 154      E45F
 155 0536 7492BF21 		.ascii	"t\222\277!\234\230|\351\315_\027nuX6(\367\232p\347\336"
 155      9C987CE9 
 155      CD5F176E 
 155      75583628 
 155      F79A70E7 
 156 054b 622CCFAF 		.ascii	"b,\317\257\012\00749bY\336\212\360r\332\224\233|\227"
 156      0A073439 
 156      6259DE8A 
 156      F072DA94 
 156      9B7C97
 157 055e DACE1E6B 		.ascii	"\332\316\036k\005\345Z\026>;\257O\241\375\226\204\313"
 157      05E55A16 
 157      3E3BAF4F 
 157      A1FD9684 
 157      CB
 158 056f 2C8E4CDA 		.ascii	",\216L\332cQ\270\264lc\206\361\235\302\331\363W\325"
 158      6351B8B4 
 158      6C6386F1 
 158      9DC2D9F3 
 158      57D5
 159 0581 E42DA8F2 		.ascii	"\344-\250\362\246\\{?\212\034j}\253\211m\350\363\302"
 159      A65C7B3F 
 159      8A1C6A7D 
ARM GAS  /tmp/ccV1HXqK.s 			page 13


 159      AB896DE8 
 159      F3C2
 160 0593 E6A89874 		.ascii	"\346\250\230t\346;'\334\265Rw\317\370\263\302\253\205"
 160      E63B27DC 
 160      B55277CF 
 160      F8B3C2AB 
 160      85
 161 05a4 F1093C3F 		.ascii	"\361\011<?\243\352]\025\267\314\3539-\354\260\233[\030"
 161      A3EA5D15 
 161      B7CCEB39 
 161      2DECB09B 
 161      5B18
 162 05b6 7F4AB824 		.ascii	"\177J\270$g\260\225\375\230\024\356^\255*G\237P\355"
 162      67B095FD 
 162      9814EE5E 
 162      AD2A479F 
 162      50ED
 163 05c8 BC95EBFD 		.ascii	"\274\225\353\375N\030\027\266\247\206\374\225\213_u"
 163      4E1817B6 
 163      A786FC95 
 163      8B5F75
 164 05d7 9FABF75F 		.ascii	"\237\253\367_\334\373\202\373\255\305\035\270G\204\307"
 164      DCFB82FB 
 164      ADC51DB8 
 164      4784C7
 165 05e6 263C5934 		.ascii	"&<Y4\333\260p\207\247\371\200j\016\011\227\207GM\300"
 165      DBB07087 
 165      A7F9806A 
 165      0E099787 
 165      474DC0
 166 05f9 83C26E97 		.ascii	"\203\302n\227\347\016\036\020~\322\363\254\027\177\277"
 166      E70E1E10 
 166      7ED2F3AC 
 166      177FBF
 167 0608 F05E44CC 		.ascii	"\360^D\314(\253\355\023^\331\256[g\366\275\302\027\303"
 167      28ABED13 
 167      5ED9AE5B 
 167      67F6BDC2 
 167      17C3
 168 061a 55DEBBA0 		.ascii	"U\336\273\240G8\303\325\271\354\275\367\205O\246\367"
 168      4738C3D5 
 168      B9ECBDF7 
 168      854FA6F7 
 169 062a 6AC9EF12 		.ascii	"j\311\357\022\236m>\261\223\327)\374\342{\336\244\277"
 169      9E6D3EB1 
 169      93D729FC 
 169      E27BDEA4 
 169      BF
 170 063b E75FFC79 		.ascii	"\347_\374ya\322\177^\254\005\306\231\321\377$\217\307"
 170      61D27F5E 
 170      AC05C699 
 170      D1FF248F 
 170      C7
 171 064c B49E13F7 		.ascii	"\264\236\023\367G\003-%\213\375\314\346\017\006F\007"
 171      47032D25 
 171      8BFDCCE6 
 171      0F064607 
ARM GAS  /tmp/ccV1HXqK.s 			page 14


 172 065c 2EFF47D3 		.ascii	".\377G\323\357E\034K\334\345\275\374\235\201u\216\313"
 172      EF451C4B 
 172      DCE5BDFC 
 172      9D81758E 
 172      CB
 173 066d 39FAF6B7 		.ascii	"9\372\366\267R\307\236\235|&\362\033\003\213\2672\274"
 173      52C79E9D 
 173      7C26F21B 
 173      038BB732 
 173      BC
 174 067e 87EA67D2 		.ascii	"\207\352g\322\224\316\226P\232\342\327\322\203\211\327"
 174      94CE9650 
 174      9AE2D7D2 
 174      8389D7
 175 068d 93E0AF0C 		.ascii	"\223\340\257\014tMo{?\035\177i\340\334\370\332\2375"
 175      744D6F7B 
 175      3F1D7F69 
 175      E0DCF8DA 
 175      9F35
 176 069f FD422EEB 		.ascii	"\375B.\353\375\347c\314\351S\003\237m\205yO\233O\014"
 176      FDE763CC 
 176      E953039F 
 176      6D85794F 
 176      9B4F0C
 177 06b2 CC6B1BFD 		.ascii	"\314k\033\375\257\246\217\345\350\2636\367\222\373s"
 177      AFA68FE5 
 177      E8B336F7 
 177      92FB73
 178 06c1 691D6764 		.ascii	"i\035gd+\255\366\221\034\374+K\376\340\317\344^\330"
 178      2BADF691 
 178      1CFC2B4B 
 178      FEE0CFE4 
 178      5ED8
 179 06d3 B6BA19F5 		.ascii	"\266\272\031\365\247r\314g\306\214\261\200\237\030\330"
 179      A772CC67 
 179      C68CB180 
 179      9F18D8
 180 06e2 77BA3345 		.ascii	"w\2723E\341\177,w\364D\302\023\012\365#\271slKy,\376"
 180      E17F2C77 
 180      F444C213 
 180      0AF523B9 
 180      736C4B79 
 181 06f8 4303D34F 		.ascii	"C\003\323O\227vy\370\207\006\026Z\035\177\321\364\003"
 181      977679F8 
 181      8706165A 
 181      1D7FD1F4 
 181      03
 182 0709 D9D218FF 		.ascii	"\331\322\030\377H\306\371\276\254\275}t\236Y|\317\300"
 182      48C6F9BE 
 182      ACBD7D74 
 182      9E597CCF 
 182      C0
 183 071a CBE6893C 		.ascii	"\313\346\211<\206\375\256\354O\365\205\367\262\370\216"
 183      86FDAEEC 
 183      4FF585F7 
 183      B2F88E
 184 0729 2C3ECA1A 		.ascii	",>\312\032\207\372m9J\235\007gT\365[\006\036\217\244"
ARM GAS  /tmp/ccV1HXqK.s 			page 15


 184      87FA6D39 
 184      4A9D0767 
 184      54F55B06 
 184      1E8FA4
 185 073c ADB323DF 		.ascii	"\255\263#\33740\276\240\322Fi\276!\215\036XV\015~]*"
 185      3430BEA0 
 185      D24669BE 
 185      218D1E58 
 185      560D7E5D 
 186 0751 B5333240 		.ascii	"\26532@m\276&\267X\213\373\023M\217e\273z:\255\264\375"
 186      6DBE26B7 
 186      588BFB13 
 186      4D8F65BB 
 186      7A3AADB4 
 187 0766 57E586DE 		.ascii	"W\345\206\336\316M`\234\257\310\221\220<\354`\361_6"
 187      CE4D609C 
 187      AFC89190 
 187      3CEC60F1 
 187      5F36
 188 0778 F03068D3 		.ascii	"\3600h\323\3739\365\201\324198\214\003\342K\006\236"
 188      FB39F581 
 188      D4313938 
 188      8C03E24B 
 188      069E
 189 078a 5F851F52 		.ascii	"_\205\037R\213/\032\270^t\237\314r\337\227)\337fZQ\337"
 189      8B2F1AB8 
 189      5E749FCC 
 189      72DF9729 
 189      DF665A51 
 190 079f 93649BE5 		.ascii	"\223d\233\345\232\025\274k`\315\312m3e\375\202,\267"
 190      9A15BC6B 
 190      60CDCA6D 
 190      3365FD82 
 190      2CB7
 191 07b1 6FD97BD4 		.ascii	"o\331{\324|^.\202\243\341L\306\375\234\201\225'g\225"
 191      7C5E2E82 
 191      A3E14CC6 
 191      FD9C8195 
 191      276795
 192 07c4 24BF23D7 		.ascii	"$\277#\327\356\242\277\367\034y\333\300"
 192      EEA2BFF7 
 192      1C79DBC0 
 193 07d0 FC3D5B17 		.ascii	"\374=[\027\313}\313\300\233\235\004\007Q\217\244\305"
 193      CB7DCBC0 
 193      9B9D0407 
 193      518FA4C5 
 194 07e0 1C4136F0 		.ascii	"\034A6\360M\361\036\215{\277\266\337\220#\257\241\320"
 194      4DF11E8D 
 194      7BBFB6DF 
 194      9023AFA1 
 194      D0
 195 07f1 8EFABA4C 		.ascii	"\216\372\272L2<\330\303\236\274*\007\376M\205\2359\277"
 195      323CD8C3 
 195      9EBC2A07 
 195      FE4D859D 
 195      39BF
 196 0803 62E04081 		.ascii	"b\340@\201\375\026\357\313\006N\004U{{\371%i\374\223"
ARM GAS  /tmp/ccV1HXqK.s 			page 16


 196      FD16EFCB 
 196      064E0455 
 196      7B7BF925 
 196      69FC93
 197 0816 6AEFB78F 		.ascii	"j\357\267\217\237\201=\017\236v*\351+\273=\223\322\377"
 197      9F813D0F 
 197      9E762AE9 
 197      2BBB3D93 
 197      D2FF
 198 0828 E8B30673 		.ascii	"\350\263\006sh\216\331\034k\312\366\3635}\374\330\370"
 198      688ED91C 
 198      6BCAF6F3 
 198      357DFCD8 
 198      F8
 199 0839 E47C6CFA 		.ascii	"\344|l\372\344\261\361ei\374\367{l|A>6\225\032\277E"
 199      E4B1F165 
 199      69FCF77B 
 199      6C7C413E 
 199      36951ABF 
 200 084e C66F89F1 		.ascii	"\306o\211\361\373\314\370-6~\353\214\337\"\343\267\306"
 200      FBCCF82D 
 200      367EEB8C 
 200      DF22E3B7 
 200      C6
 201 085f F87D6AFC 		.ascii	"\370}j\374V\031\277\237j\271\020\271\0009\0379\317O"
 201      5619BF9F 
 201      6AB910B9 
 201      00391F39 
 201      CF4F
 202 0871 A7E7FAE9 		.ascii	"\247\347\372\351\370\034\342\263\211\317\">\023\177"
 202      F81CE2B3 
 202      89CF223E 
 202      137F
 203 087f 06FE74FC 		.ascii	"\006\376t\374i\370S\361\247\340O\306\237\204\236\210"
 203      69F853F1 
 203      A7E04FC6 
 203      9F849E88 
 204 088f 9E801E8F 		.ascii	"\236\200\036\217\036G~,\3711\344G\223\037\205\036\211"
 204      1E477E2C 
 204      F931E447 
 204      931F851E 
 204      89
 205 08a0 1E81FE04 		.ascii	"\036\201\376\004=\234\3740\362C\311\017!\337\202\036"
 205      3D9CFC30 
 205      F243C90F 
 205      21DF821E 
 206 08b0 8C1E841E 		.ascii	"\214\036\204\036\210\036@\276?\371f\362\037|u\376\275"
 206      881E40BE 
 206      3FF966F2 
 206      1F7C75FE 
 206      BD
 207 08c1 AFF6DFF9 		.ascii	"\257\366\337\371j\377\255\257\366\337\370j\377\265\257"
 207      6AFFADAF 
 207      F6DFF86A 
 207      FFB5AF
 208 08d0 F65FF96A 		.ascii	"\366_\371j\377\245\257\366{\360_\240\237\243\237\241"
 208      FFA5AFF6 
ARM GAS  /tmp/ccV1HXqK.s 			page 17


 208      7BF05FA0 
 208      9FA39FA1 
 209 08e0 9FA29F90 		.ascii	"\237\242\237\220\177L\376\021\371\317\311?\304\357\306"
 209      7F4CFE11 
 209      F9CFC93F 
 209      C4EFC6
 210 08ef 7F807F1F 		.ascii	"\177\200\177\037\377\036\376]\374;\370\267\361o\241"
 210      FF1EFE5D 
 210      FC3BF8B7 
 210      F16FA1
 211 08fe 6FA26FA0 		.ascii	"o\242o\240\257\243\257\221\277J\376\012\371.\362\227"
 211      AFA3AF91 
 211      BF4AFE0A 
 211      F92EF297 
 212 090e F12FE15F 		.ascii	"\361/\341_\304\357\304\277\200\337\201\177\036\377\034"
 212      C4EFC4BF 
 212      80DF817F 
 212      1EFF1C
 213 091d FE59F419 		.ascii	"\376Y\364\031\364i\364)\364I\362'\310\037'\177\214\374"
 213      F469F429 
 213      F449F227 
 213      C81F277F 
 213      8CFC
 214 092f 51F411F4 		.ascii	"Q\364\021\364a\364!\364A\362\007\310\357'\277\217\374"
 214      61F421F4 
 214      41F207C8 
 214      EF27BF8F 
 214      FC
 215 0940 5EF41EF4 		.ascii	"^\364\036\364n\364.\364N\362;\310o'\277\215\374V\374"
 215      6EF42EF4 
 215      4EF23BC8 
 215      6F27BF8D 
 215      FC56FC
 216 0953 2DF89BF1 		.ascii	"-\370\233\3617\341\267\343\267\341o\304o\305\337\200"
 216      37E1B7E3 
 216      B7E16FC4 
 216      6FC5DF80 
 217 0963 FE0CBD1E 		.ascii	"\376\014\275\036\275\016\275\226\374\032\362\253\311"
 217      BD0EBD96 
 217      FC1AF2AB 
 217      C9
 218 0970 AF22BF12 		.ascii	"\257\"\277\022\275\002\275\034\275\014\275\224\374\022"
 218      BD02BD1C 
 218      BD0CBD94 
 218      FC12
 219 097e F28BC92F 		.ascii	"\362\213\311/\"\377)z!z\001z>z\036\371\271\344\347\220"
 219      22FF297A 
 219      217A017A 
 219      3E7A1EF9 
 219      B9E4E790 
 220 0992 9F4D7E16 		.ascii	"\237M~\026\376L\374\031\370\323\361\247\341O\305\237"
 220      FE4CFC19 
 220      F8D3F1A7 
 220      E14FC59F 
 221 09a2 823F197F 		.ascii	"\202?\031\177\022z\"z\002z<z\034\371\261\344\307\220"
 221      127A227A 
 221      027A3C7A 
ARM GAS  /tmp/ccV1HXqK.s 			page 18


 221      1CF9B1E4 
 221      C790
 222 09b4 1F4D7E14 		.ascii	"\037M~\024z$z\004\372\023\364p\362\303\310\017%?\204"
 222      7A247A04 
 222      FA13F470 
 222      F2C3C80F 
 222      253F84
 223 09c7 7C0B7A30 		.ascii	"|\013z0z\020z z\000\371\376\344\233\311\1770\351\374"
 223      7A107A20 
 223      7A00F9FE 
 223      E49BC97F 
 223      30E9FC
 224 09da 7B93F6DF 		.ascii	"{\223\366\337\231\264\377\326\244\3757&\355\2776i\377"
 224      99B4FFD6 
 224      A4FD3726 
 224      EDBF3669 
 224      FF
 225 09eb 9549FB2F 		.ascii	"\225I\373/M\332\357\301\177\201~\216~\206~\212~B\376"
 225      4DDAEFC1 
 225      7F817E8E 
 225      7E867E8A 
 225      7E42FE
 226 09fe 31F947E4 		.ascii	"1\371G\344?'\377\020\277\033\377\001\376}\374{\370w"
 226      3F27FF10 
 226      BF1BFF01 
 226      FE7DFC7B 
 226      F877
 227 0a10 F1EFE0DF 		.ascii	"\361\357\340\337\306\277\205\276\211\276\201\276\216"
 227      C6BF85BE 
 227      89BE81BE 
 227      8E
 228 0a1d BE46FE2A 		.ascii	"\276F\376*\371+\344\273\310_\306\277\204\177\021\277"
 228      F92BE4BB 
 228      C85FC6BF 
 228      847F11BF 
 229 0a2d 13FF027E 		.ascii	"\023\377\002~\007\376y\374s\370g\321g\320\247\321\247"
 229      07FE79FC 
 229      73F867D1 
 229      67D0A7D1 
 229      A7
 230 0a3e D027C99F 		.ascii	"\320'\311\237 \177\234\3741\362G\321G\320\207\321\207"
 230      207F9CFC 
 230      31F247D1 
 230      47D087D1 
 230      87
 231 0a4f D007C91F 		.ascii	"\320\007\311\037 \277\237\374>\362{\321{\320\273\321"
 231      20BF9FFC 
 231      3EF27BD1 
 231      7BD0BBD1 
 232 0a5f BBD03BC9 		.ascii	"\273\320;\311\357 \277\235\3746\362[\361\267\340o\306"
 232      EF20BF9D 
 232      FC36F25B 
 232      F1B7E06F 
 232      C6
 233 0a70 DF84DF8E 		.ascii	"\337\204\337\216\337\206\277\021\277\025\177\003z=z"
 233      DF86BF11 
 233      BF157F03 
ARM GAS  /tmp/ccV1HXqK.s 			page 19


 233      7A3D7A
 234 0a7f 2D7A357A 		.ascii	"-z5z%\371\345\344\227\222_\254\363}L\345~\237\371\374"
 234      25F9E5E4 
 234      97925FAC 
 234      F37D4CE5 
 234      7E9FF9FC 
 235 0a93 0F83533C 		.ascii	"\017\203S<\031"
 235      19
 236              		.text
 237              		.section	.gnu.lto_aucCRCLo.73bbb7df27387736,"",%progbits
 238 0000 789C5599 		.ascii	"x\234U\231Uw]Kr\307\273\354\353\313\020\230\011:\014"
 238      55775D4B 
 238      72C7BBEC 
 238      EBCB1098 
 238      093A0C
 239 0013 93094DE6 		.ascii	"\223\011M\346N2\271\341\225\267\344%\037!OY\371\004"
 239      4E32B9E1 
 239      95B7E425 
 239      1F214F59 
 239      F904
 240 0025 79C84B92 		.ascii	"y\310K\222#YlI\026Y[,Y`K\026\203\005G\314\314x,f\226"
 240      23596C49 
 240      16595B2C 
 240      59604B16 
 240      830547CC 
 241 003e C52C2BFF 		.ascii	"\305,+\377\356\252\323\263}\327\372-\257Z\245\275O\357"
 241      EEAAD3B3 
 241      7DD7FA2D 
 241      AF5AA5BD 
 241      4FEF
 242 0050 EE82AEFF 		.ascii	"\356\202\256\377}\244\036\250\177\376\201R\244\370?"
 242      7DA41EA8 
 242      7FFE8152 
 242      A4F83F
 243 005f E721D51C 		.ascii	"\347!\325\034\024\326|\025\3750\363\241\242\026m\227"
 243      14D67C15 
 243      FD30F3A1 
 243      A2166D97 
 244 006f 06AF157C 		.ascii	"\006\257\025|\252m\242{\202]\275\321\333\3659\373=\332"
 244      AA6DA27B 
 244      825DBDD1 
 244      DBF539FB 
 244      3DDA
 245 0081 9ED91DEB 		.ascii	"\236\331\035\353\377\202\375\357\265]_P\272\3711\373"
 245      FF82FDEF 
 245      B55D5F50 
 245      BAF931FB 
 246 0091 03B41D75 		.ascii	"\003\264\035u\0321\370%\373\357\264]\347)\232\377\222"
 246      1A31F825 
 246      FBEFB45D 
 246      E7299AFF 
 246      92
 247 00a2 FDADFAFD 		.ascii	"\375\255\372\375}s\227\313\237\260\377V\373\003\006"
 247      7D7397CB 
 247      9FB0FF56 
 247      FB0306
 248 00b1 4393E4F7 		.ascii	"C\223\344\367\237h\3736:\307\3739\373o\264}<\261S\361"
ARM GAS  /tmp/ccV1HXqK.s 			page 20


 248      9F68FB36 
 248      3AC7FB39 
 248      FB6FB47D 
 248      3CB153F1 
 249 00c5 0DFBDBF5 		.ascii	"\015\373\333\365\363[\307\336ZY\337\265\366O5\034{\037"
 249      F35BC7DE 
 249      5A59DFB5 
 249      F64F351C 
 249      7B1F
 250 00d7 B0BFCDAC 		.ascii	"\260\277\315\254\2777\270\233\330\177\245\375\027\301"
 250      BF37B89B 
 250      D87FA5FD 
 250      17C1
 251 00e5 4991B2BE 		.ascii	"I\221\262\276@m\037y\242Be}\227\332n[\353\234\226\357"
 251      406D1F79 
 251      A242657D 
 251      97DA6E5B 
 251      EB9C96EF 
 252 00f9 0BD1F6C2 		.ascii	"\013\321\366\302\352\313\016y\376B\333K\233\225\253"
 252      EACB0E79 
 252      FE42DB4B 
 252      9B95AB
 253 0108 9FB0BF4B 		.ascii	"\237\260\277K\277\277\241\250\316\367\200\375\347\332"
 253      BFBFA1A8 
 253      CEF780FD 
 253      E7DA
 254 0116 BF131933 		.ascii	"\277\023\0313$\277\337\255\375c3e\337g\367\231vOF%\244"
 254      24BFDFAD 
 254      FD633365 
 254      DF67F799 
 254      764F4625 
 255 012b C9E3A1DA 		.ascii	"\311\343\241\332nL\032\272\376\210\375\247\332>\037"
 255      6E4C1ABA 
 255      FE88FDA7 
 255      DA3E1F
 256 013a 289D90ED 		.ascii	"(\235\220\355\351\324\217\357\254\004\274~\310\376\023"
 256      E9D48FEF 
 256      AC04BC7E 
 256      C8FE13
 257 0149 B3FCEEA6 		.ascii	"\263\374\356\246\213/\330\037\254\355\326\367+\311\262"
 257      8B2FD81F 
 257      ACEDD6F7 
 257      2BC9B2
 258 0158 FDC766BB 		.ascii	"\375\307f\273s+\237=b\177\220\266\235\225\236\342\257"
 258      732B9F3D 
 258      627F90B6 
 258      9D959EE2 
 258      AF
 259 0169 D97FA4ED 		.ascii	"\331\177\244\355\264\305\266\205\317\330\337\241\337"
 259      B4C5B685 
 259      CFD8DFA1 
 259      DF
 260 0176 1F12BB92 		.ascii	"\037\022\273\222#\376C\355\017Z;\030\222\367G\232\343"
 260      23FE43ED 
 260      0F5A3B18 
 260      92F7479A 
 260      E3
ARM GAS  /tmp/ccV1HXqK.s 			page 21


 261 0187 2D8F2F7B 		.ascii	"-\217/{\304\376w\332\036\036\275\310x\310\376\001\375"
 261      C4FE77DA 
 261      1E1EBDC8 
 261      78C8FE01 
 261      FD
 262 0198 7C59DA62 		.ascii	"|Y\332b\245\254\377@\373w\233\362[\211\375\203\332\177"
 262      A5ACFF40 
 262      FB779BF2 
 262      5B89FD83 
 262      DA7F
 263 01aa 307C962F 		.ascii	"0|\226/\376}\355\237\235\033h\226\355\2152\337[\327"
 263      FE7DED9F 
 263      9D1B6896 
 263      ED8D32DF 
 263      5BD7
 264 01bc FC2376EF 		.ascii	"\374#v\357i\323\233\034\372o\354\0356\301\230\263W "
 264      69D39B1C 
 264      FA6FEC1D 
 264      36C198B3 
 264      5720
 265 01ce BFBEABDD 		.ascii	"\277\276\253\335e\311\355\036Y\3753\023L\307\036\217"
 265      65C9ED1E 
 265      59FD3313 
 265      4CC71E8F 
 266 01de 1CFE8EB6 		.ascii	"\034\376\216\266[\016\367\242e\367\242\315n\305\324"
 266      5B0EF7A2 
 266      65F7A2CD 
 266      6EC5D4
 267 01ed CF4AF06C 		.ascii	"\317J\360l\233\257Y\354\372ov\017\351\327O\306\357E"
 267      9BAF59EC 
 267      FA6F760F 
 267      E9D74FC6 
 267      EF45
 268 01ff CBD96E69 		.ascii	"\313\331niwQD\364\250\304V\237\366\267\326\0054\310"
 268      775144F4 
 268      A8C4569F 
 268      F6B7D605 
 268      34C8
 269 0211 E66C9AC3 		.ascii	"\346l\232\303\272\332\271\221\315\211\320\366\313\355"
 269      BADAB991 
 269      CD89D0F6 
 269      CBED
 270 021f ED4389DD 		.ascii	"\355C\211\335\015m\327\346nf\213\377\251\266\337\016"
 270      0D6DD7E6 
 270      6E668BFF 
 270      A9B6DF0E 
 271 022f 2FB6CAF2 		.ascii	"/\266\312\362\326\315a]4\354\311\373\373\365\373;\002"
 271      D6CD615D 
 271      34ECC9FB 
 271      FBF5FB3B 
 271      02
 272 0240 1BFE83DD 		.ascii	"\033\376\203\335k\332}\227\264\361B\3666\\\333\221\336"
 272      6BDA7D97 
 272      B4F142F6 
 272      365CDB91 
 272      DE
 273 0251 D6A28FD9 		.ascii	"\326\242\217\331\277\252\355\375\305\213;y\274W?>Z\274"
ARM GAS  /tmp/ccV1HXqK.s 			page 22


 273      BFAAEDFD 
 273      C58B3B79 
 273      BC573F3E 
 273      5ABC
 274 0263 2C8FAF68 		.ascii	",\217\257h\367\323\3167]\362x\217v\367\244\037g\177"
 274      F7D3CE37 
 274      5DF2788F 
 274      76F7A41F 
 274      677F
 275 0275 C3FE65F3 		.ascii	"\303\376e\363u\203\335s\342\0173{=\177\324\"\241\263"
 275      7583DD73 
 275      E20F337B 
 275      3D7FD422 
 275      A1B3
 276 0287 A4EDDEC0 		.ascii	"\244\355\336\300\250W\262yI&\222\217\262\363\345\353"
 276      A857B279 
 276      4926928F 
 276      B2F3E5EB 
 277 0297 16B55DB3 		.ascii	"\026\265]\263\374\274Y6\177F\277\277\271\364fK2g\301"
 277      FCBC5936 
 277      7F46BFBF 
 277      B9F4664B 
 277      3267C1
 278 02aa 6C76D275 		.ascii	"lv\322u\201\204\236O\373\213\202}A\237\261\177^\373"
 278      81849E4F 
 278      FB8B827D 
 278      419FB17F 
 278      5EFB
 279 02bc 9B12BDF1 		.ascii	"\233\022\275\361\222\031\311\332\336\253\315\365\311"
 279      9219C9DA 
 279      DEABCDF5 
 279      C9
 280 02c9 EFCF69FB 		.ascii	"\357\317i\373u\341\332\244\204\316\254~>\363\246\342"
 280      75E1DAA4 
 280      84CEAC7E 
 280      3EF3A6E2 
 281 02d9 7FD83D6B 		.ascii	"\177\330=k\022sw\272\360kv\247j{\245&!M2\343\255\331"
 281      127377BA 
 281      F06B76A7 
 281      6A7BA526 
 281      214D32E3 
 282 02ef 9DAADA7D 		.ascii	"\235\252\332})\034)\332.\234\010Y\224\315\367i;s\346"
 282      291C29DA 
 282      2E9C0859 
 282      94CDF769 
 282      3B73E6
 283 0302 AA4C96FF 		.ascii	"\252L\226\377V\277\276*$sP~~F\373s;k\212ey\013\332\037"
 283      56BFBE2A 
 283      2473507E 
 283      7E46FB73 
 283      3B6B8A65 
 284 031a D8BA3B21 		.ascii	"\330\272;!\2617\255\375\357OG\226d\3732\314a\017udI"
 284      B137ADFD 
 284      EF4F4796 
 284      64FB32CC 
 284      610F7564 
 285 032f 6C4D693B 		.ascii	"lMi;\261\252\366\265\034~\246\266\013\016\252F\2450"
ARM GAS  /tmp/ccV1HXqK.s 			page 23


 285      B1AAF6B5 
 285      1C7EA6B6 
 285      0B0EAA46 
 285      A530
 286 0341 4C9A4292 		.ascii	"L\232B\2222\276/\277\277\250\337_\356\311\256\226\340"
 286      32BE2FBF 
 286      BFA8DF5F 
 286      EEC9AE96 
 286      E0
 287 0352 9BD0FE71 		.ascii	"\233\320\376q'\362^*C:gjy\220l\357\270\266O\317\252"
 287      27F25E2A 
 287      433A676A 
 287      79906CEF 
 287      B8B64FCF 
 288 0367 92E4FDF3 		.ascii	"\222\344\375\363\372\371\366\224\000\311\2341\363\271"
 288      FAF9F694 
 288      00C99C31 
 288      F3B9
 289 0375 21BEF44F 		.ascii	"!\276\364O\331=\247\335\336\312\246-\331\236Q\355\237"
 289      D93DA7DD 
 289      DECAA62D 
 289      D99E51ED 
 289      9F
 290 0386 AB48F1CA 		.ascii	"\253H\361\312\351\246i{>\2765]\202kD\333=\245q\013\342"
 290      E9A6697B 
 290      3EBE355D 
 290      826B44DB 
 290      3DA5710B 
 291 039b 9F30752B 		.ascii	"\2370u+o\365\207\354\0366\301\320\034\262&\261\227\240"
 291      6FF587EC 
 291      1E36C1D0 
 291      1CB226B1 
 291      97A0
 292 03ad EDCA8CF9 		.ascii	"\355\312\214\371H\011\216!m\017$\326\375\224\335\317"
 292      48098E21 
 292      6D0F24D6 
 292      FD94DDCF 
 293 03bd CDE29753 		.ascii	"\315\342\227S\375g?\250\355\345\274\370\004\371\370"
 293      FD673FA8 
 293      EDE5BCF8 
 293      04F9F8
 294 03cc 49FDF6FD 		.ascii	"I\375\366\375\214\260\\\331\234\001\355\337\314{\326"
 294      8CB05CD9 
 294      9C01EDDF 
 294      CC7BD6
 295 03db 2B7EC754 		.ascii	"+~\307T\331\245\346\311\257\330\337\257mOtL\252T\355"
 295      D9A5E6C9 
 295      AFD8DFAF 
 295      6D4F744C 
 295      AA54ED
 296 03ee 69FD7CE2 		.ascii	"i\375|\342\345T\275|]\237\366\267/U\276\227\303\233"
 296      E554BD7C 
 296      5D9FF6B7 
 296      2F55BE97 
 296      C39B
 297 0400 32B1DF96 		.ascii	"2\261\337\2265%\317\367j\377\325E\332\205\304f\242\266"
 297      3525CFF7 
ARM GAS  /tmp/ccV1HXqK.s 			page 24


 297      6AFFD545 
 297      DA85C466 
 297      A2B6
 298 0412 9382C636 		.ascii	"\223\202\3066\344\367{\264}]p\331 \357\217\323v\367"
 298      E4F77BB4 
 298      7D5D70D9 
 298      20EF8FD3 
 298      76F7
 299 0424 416C9DAC 		.ascii	"Al\235\254\277\333\034fV_\223\034\316\230~\177\350\344"
 299      BFDB1C66 
 299      565F931C 
 299      CE987E7F 
 299      E8E4
 300 0436 588C0457 		.ascii	"X\214\004W\227\366\373\274\236F\211\335q\355\177uU~"
 300      97F6FBBC 
 300      9E4689DD 
 300      71ED7F75 
 300      557E
 301 0448 2787D769 		.ascii	"'\207\327iR9\245:S\374\361\332\216H|\337*\357\357\320"
 301      5239A53A 
 301      53FCF1DA 
 301      8E487CDF 
 301      2AEFEFD0 
 302 045c 76C77269 		.ascii	"v\307ri\221\370GMWL\214N\223\340j7\301\227\262S!\207"
 302      91F8474D 
 302      574C8C4E 
 302      93E06A37 
 302      C197B253 
 303 0472 1F6B4E73 		.ascii	"\037kNs\342\355\272\344v\233\266O:\362O\344xb\314~\315"
 303      E2EDBAE4 
 303      769BB64F 
 303      3AF24FE4 
 303      7862CC7E 
 304 0487 969EC9FA 		.ascii	"\226\236\311\372ZMpm\274\010\222\323\0351e\273!h_*["
 304      5A4D706D 
 304      BC0892D3 
 304      1D3165BB 
 304      21685F2A 
 305 049c 8BF64FBC 		.ascii	"\213\366O\274p\226\344\375e\346\374n\342\222\344\371"
 305      7096E4FD 
 305      65E6FC6E 
 305      E292E4F9 
 306 04ac 666DDF6F 		.ascii	"fm\337o\373r\344|\016\365\363/\257B\366%9\232\214\177"
 306      FB72E47C 
 306      0EF5F32F 
 306      AF42F625 
 306      399A8C7F 
 307 04c0 A73F55F6 		.ascii	"\247?U\366\377H\373\343{w\016e}\215\332_r\260\376\237"
 307      FF48FBE3 
 307      7B770E65 
 307      7D8DDA5F 
 307      72B0FE9F 
 308 04d4 EC2ED766 		.ascii	"\354.\327fC\302\346\270\304~\203\266\237\214\234\234"
 308      43C2E6B8 
 308      C47E83B6 
 308      9F8C9C9C 
 309 04e4 4A6E9D98 		.ascii	"Jn\235\230\345m\314\377\027\273\353M\364\354\256&Il"
ARM GAS  /tmp/ccV1HXqK.s 			page 25


 309      E56DCCFF 
 309      17BBEB4D 
 309      F4ECAE26 
 309      496C
 310 04f6 579A60F3 		.ascii	"W\232`\363\356\306\312\356z\315\235#+\377\245\254\276"
 310      EEC6CAEE 
 310      7ACD9D23 
 310      2BFFA5AC 
 310      BE
 311 0507 42DBFDBB 		.ascii	"B\333\375\273w1r\372u\332N\276x\343\217\256c\375\372"
 311      773172FA 
 311      75DA4EBE 
 311      78E38FAE 
 311      63FDFA
 312 051a E4F070E9 		.ascii	"\344\360p\351I\265\246+8\013\243\342>\327\356\336\331"
 312      49B5A62B 
 312      380BA3E2 
 312      3ED7EEDE 
 312      D9
 313 052b DA21D99C 		.ascii	"\332!\331\234\032\355\037\333o/\222\312R\375\201Ml\333"
 313      1AED1FDB 
 313      6F2F92CA 
 313      52FD814D 
 313      6CDB
 314 053d BF57FCF7 		.ascii	"\277W\374\367\013\311W\036\371\2727\246\347%\255\227"
 314      0BC9571E 
 314      F9BA37A6 
 314      E725AD97 
 315 054d CAE15EE8 		.ascii	"\312\341^\350\367\337\335Vg\310\346T}\360\367\212\377"
 315      F7DFDD56 
 315      67C8E654 
 315      7DF0F78A 
 315      FF
 316 055e DE7E2EF1 		.ascii	"\336~.\361\3476\304d\014\312\373\317\224\373s\211?w"
 316      E736C464 
 316      0CCAFBCF 
 316      94FB7389 
 316      3F77
 317 0570 2C2D704B 		.ascii	",-pK6\377T\2716\233x\263\355\317)\3769{\326\304g\035"
 317      36FF54B9 
 317      369B78B3 
 317      EDCF29FE 
 317      397BD6C4 
 318 0586 1B70922F 		.ascii	"\033p\222/\237\177\253\037\217\273\351O\224\330+\375"
 318      9F7FAB1F 
 318      8FBBE94F 
 318      94D82BFD 
 319 0596 E0B0141F 		.ascii	"\340\260\024\037V_\371\224\277\253\225\220\373\254\025"
 319      565FF994 
 319      BFAB9590 
 319      FBAC15
 320 05a5 9FB53736 		.ascii	"\237\26576\254Q\374\305&\366J\356[\344p\357\364\373"
 320      AC51FCC5 
 320      26F64AEE 
 320      5BE470EF 
 320      F4FB
 321 05b7 8BDF7A17 		.ascii	"\213\337z\027$\367\212>\2105\305\2616\265\221\323%\333"
ARM GAS  /tmp/ccV1HXqK.s 			page 26


 321      24F78A3E 
 321      8835C5B1 
 321      36B591D3 
 321      25DB
 322 05c9 5F68FA42 		.ascii	"_h\372B\316R\206\254\357^?\277\2214_-\353{mraw6U\236"
 322      CE5286AC 
 322      EF5E3FBF 
 322      91345F2D 
 322      EB7B6D72 
 323 05e2 7F6F2A5F 		.ascii	"\177o*_xM\204\034o\001\271cUq\254\236\344Wd\310\372"
 323      784D841C 
 323      6F01B963 
 323      5571AC9E 
 323      E45764C8 
 324 05f7 F23F8826 		.ascii	"\362?\210&\305\321\224\0341\361\357\354~\245\315\256"
 324      C5D1941C 
 324      31F1EFEC 
 324      7EA5CDAE 
 325 0607 B07D8F9C 		.ascii	"\260}\217\234\376\265I\355\314\361\011\011\276\227\246"
 325      FEB549ED 
 325      CCF10909 
 325      BE97A6
 326 0616 6FBCCB5A 		.ascii	"o\274\313Z\223\323\271\321\376\363~o\226\370\363\310"
 326      93D3B9D1 
 326      FEF37E6F 
 326      96F8F3C8 
 327 0626 15CB8A63 		.ascii	"\025\313\212c\371i\305I\236dN\256\266\303{*\226\245"
 327      F969C549 
 327      9E644EAE 
 327      B6C37B2A 
 327      96A5
 328 0638 F25C993B 		.ascii	"\362\\\231;G\370E\247|]\316\007\261\2548\226+F\317\002"
 328      47F845A7 
 328      7C5DCE07 
 328      B1AC3896 
 328      2B46CF02 
 329 064c A4F26593 		.ascii	"\244\362e\223+\226\025\307\362\310\354X\251\304\326"
 329      2B9615C7 
 329      F2C8EC58 
 329      A9C4D6
 330 065b 0B6D872D 		.ascii	"\013m\207-\207\216\313}\353\322\304\336bL\214\324\355"
 330      878ECB7D 
 330      EBD2C4DE 
 330      624C8CD4 
 330      ED
 331 066c 2CB379D9 		.ascii	",\263y\331\011y\362\374\226rw1\342.f7K\361f\331.H\334"
 331      0979F2FC 
 331      96727731 
 331      E22E6637 
 331      4BF166D9 
 332 0683 05ED662B 		.ascii	"\005\355f+\336l\333\305\210\273X\20030(\301\263\255"
 332      DE6CDBC5 
 332      88BB5880 
 332      333028C1 
 332      B3AD
 333 0695 DC6D88B8 		.ascii	"\334m\210\270\015\331\303V|\330\266\313\023w\371\236"
 333      0DD9C356 
ARM GAS  /tmp/ccV1HXqK.s 			page 27


 333      7CD8B6CB 
 333      1377F99E 
 334 06a5 F2830D29 		.ascii	"\362\203\015)\274\273\312\335\345\211\273\374Z\177q"
 334      BCBBCADD 
 334      E589BBFC 
 334      5A7F71
 335 06b4 B91CEE8E 		.ascii	"\271\034\356\216\366\333K\006\361%\303\006\213\342`"
 335      F6DB4B06 
 335      F125C306 
 335      8BE260
 336 06c3 B1971CE2 		.ascii	"\261\227\034\342K\216\015f\305\301l\033\021q#\252\356"
 336      4B8E0D66 
 336      C5C16C1B 
 336      117123AA 
 336      EE
 337 06d4 090E93E0 		.ascii	"\011\016\223\340>P\356FB\334H.NC\026\345\373\336)W\037"
 337      3E50EE46 
 337      42DC482E 
 337      4E4316E5 
 337      FBDE2957 
 338 06e9 24EE8336 		.ascii	"$\356\2036\227\024\347\222m\243\304m\264/<![Nw_\271"
 338      9714E792 
 338      6DA3C46D 
 338      B42F3C21 
 338      5B4E775F 
 339 06fe FB04719F 		.ascii	"\373\004q\237\260\271\2448\227l\237\"\356S6\227\024"
 339      B0B9A438 
 339      976C9F22 
 339      EE533697 
 339      14
 340 070f E792ED13 		.ascii	"\347\222\355\023\304}\"6(\344{\354\336S\3566A\334&l"
 340      C47D2236 
 340      28E47BEC 
 340      DE53EE36 
 340      41DC266C 
 341 0723 302A0E46 		.ascii	"0*\016F{\277&\276_\367\345\234\267\211\177M?o\357\327"
 341      7BBF26BE 
 341      5FF7E59C 
 341      B7897F4D 
 341      3F6FEFD7 
 342 0737 C4F7EB84 		.ascii	"\304\367\353\204\372\350EI\315u\355\267\267{\222\333"
 342      FAE84549 
 342      CD75EDB7 
 342      B77B92DB 
 343 0747 BD3F1714 		.ascii	"\275?\027\024\347\202\235.\210\247\213\241\332\2359"
 343      E7829D2E 
 343      88A78BA1 
 343      DA9D39
 344 0756 797E533F 		.ascii	"y~S?o/\320\304\027h\177**NE{\377&\276\177\333TT\234"
 344      6F2FD0C4 
 344      17687F2A 
 344      2A4E457B 
 344      FF26BE7F 
 345 076e 8AF6024D 		.ascii	"\212\366\002M|\201\256)\177v \301\271an\244\376\033"
 345      7C81AE29 
 345      7F7620C1 
 345      B9616EA4 
ARM GAS  /tmp/ccV1HXqK.s 			page 28


 345      FE1B
 346 0780 30F10DB8 		.ascii	"0\361\015\270\311\027\262&\271\267b\346\001\377pF<\234"
 346      C917B226 
 346      B9B762E6 
 346      01FF7046 
 346      3C9C
 347 0792 D95C539C 		.ascii	"\331\\S\234kv6$\236\015m\256*\316U;\234\021\017g\317"
 347      6B763624 
 347      9E0D6DAE 
 347      2ACE553B 
 347      9C110F67 
 348 07a7 9D4B7FF0 		.ascii	"\235K\177\360\257\352\367\333\341\214x8\263\311\252"
 348      AFEAF7DB 
 348      E18C7838 
 348      B3C9AA
 349 07b6 3859EDEC 		.ascii	"8Y\355\354K<\373\266\355\314\305\312\366/\353\347\355"
 349      4B3CFBB6 
 349      EDCCC5CA 
 349      F62FEBE7 
 349      ED
 350 07c7 EC4A3CBB 		.ascii	"\354J<\273\006\326\373b\345"
 350      06D6FB62 
 350      E5
 351 07d0 F925D318 		.ascii	"\371%\323\030\374\2637\361\354m\223]q\262\333\331\235"
 351      FCB337F1 
 351      EC6D935D 
 351      71B2DBD9 
 351      9D
 352 07e1 7876B713 		.ascii	"xv\267\023\200\342\011\300VZ\342J{4\230\262*\311\371"
 352      80E209C0 
 352      565AE24A 
 352      7B3498B2 
 352      2AC9F9
 353 07f4 DBEE424B 		.ascii	"\333\356BK\\h\303f\367Ne\373\177\307]\347\211\353\274"
 353      5C68C366 
 353      F74E65FB 
 353      7FC75DE7 
 353      89EBBC
 354 0807 9D3F14CF 		.ascii	"\235?\024\317\037\266\317\020\367\231\225\262s\377<"
 354      1FB6CF10 
 354      F79995B2 
 354      73FF3C
 355 0816 F27BEE3A 		.ascii	"\362{\356:J\\G\355\364\243x\372\261u\230\270\016\373"
 355      4A5C47ED 
 355      F4A378FA 
 355      B17598B8 
 355      0EFB
 356 0828 A71FC5D3 		.ascii	"\247\037\305\323\217\255\243\304u4.\272&N2\343w\335"
 356      8FADA3C4 
 356      75342EBA 
 356      264E32E3 
 356      77DD
 357 083a 7590B80E 		.ascii	"u\220\270\016\236\307\004D\311\217\377\241\273E\023"
 357      9EC70444 
 357      C98FFFA1 
 357      BB4513
 358 0849 B7683BD9 		.ascii	"\267h;\331)\236\354\354\025\201\370\212`'C\305\223\241"
ARM GAS  /tmp/ccV1HXqK.s 			page 29


 358      299EECEC 
 358      1581F88A 
 358      602743C5 
 358      93A1
 359 085b 6DD1C42D 		.ascii	"m\321\304-:\257\306\367\257\354\376\201\273A\0237h;"
 359      3AAFC6F7 
 359      AFECFE81 
 359      BB411337 
 359      683B
 360 086d 172A9E0B 		.ascii	"\027*\236\013\355\365\207\370\372\263\32024#\237\376"
 360      EDF587F8 
 360      FAB3D032 
 360      34239FFE 
 361 087d 078EEBFA 		.ascii	"\007\216\353\372B|}\271l\030\315\226O\373}\307u\367"
 361      427C7DB9 
 361      6C18CD96 
 361      4FFB7DC7 
 361      75F7
 362 088f 22BE7BF9 		.ascii	"\"\276{\371\247J\305S\245\275\272\021_\335\202\322c"
 362      A74AC553 
 362      A5BDBA11 
 362      5FDD82D2 
 362      63
 363 08a0 86E5E93F 		.ascii	"\206\345\351?u\0270\342\002\346\037\310\025\017\344"
 363      751730E2 
 363      02E61FC8 
 363      150FE4
 364 08af B6FE11D7 		.ascii	"\266\376\021\327?;\317+\236\347m\001#.`'\2335\373\262"
 364      3F3BCF2B 
 364      9EE76D01 
 364      232E6027 
 364      9B35FBB2 
 365 08c3 AF7FE6AA 		.ascii	"\257\177\346\252?\304\365\307\252\011\212\325\004[\335"
 365      3FC4F5C7 
 365      AA098AD5 
 365      045BDD
 366 08d2 89AB7BCF 		.ascii	"\211\253{\317lT\223|\370\217\334\305\235\270\270\227"
 366      6C54937C 
 366      F88FDCC5 
 366      9DB8B897 
 367 08e2 2DCD0788 		.ascii	"-\315\007\210\373\317\335\275\205\270\267X-B\261\026"
 367      FBCFDDBD 
 367      85B8B758 
 367      2D42B116 
 368 08f2 617B1B71 		.ascii	"a{\033qo\263j\201b\265\300V\037\342\352\363j4\341\251"
 368      6FB36A81 
 368      62B5C056 
 368      1FE2EAF3 
 368      6A34E1A9 
 369 0906 04EC1FBB 		.ascii	"\004\354\037\273\253\007q\365\350>\331\032\227b\365"
 369      AB0771F5 
 369      E83ED91A 
 369      9762F5
 370 0915 27EEDA47 		.ascii	"'\356\332G\\\373\254V\241X\253\260\265\223\270v^\327"
 370      5CFBAC56 
 370      A158ABB0 
 370      B593B876 
ARM GAS  /tmp/ccV1HXqK.s 			page 30


 370      5ED7
 371 0927 CD67CBEA 		.ascii	"\315g\313\352~\350\256\015\304\265\301J\025\212\245"
 371      7EE8AE0D 
 371      C4B5C14A 
 371      158AA5
 372 0936 0A5B9B48 		.ascii	"\012[\233Hj\223_\253P\254U\330\332@\\\033RO\346\267"
 372      6A935FAB 
 372      50AC55D8 
 372      DA405C1B 
 372      524FE6B7 
 373 094a 65757FE4 		.ascii	"eu\177\344.\015\304\245!\177#\315\257\214|\347\270\206"
 373      2E0DC4A5 
 373      217F23CD 
 373      AF8C7CE7 
 373      B886
 374 095c 51E261D4 		.ascii	"Q\342a\324\252`\212U0;\014\023\017\303VES\254\242\331"
 374      AA608A55 
 374      303B0C13 
 374      0FC35645 
 374      53ACA2D9 
 375 0970 61947818 		.ascii	"a\224x\030\235\351\334\312\221\240\372\033\3075\214"
 375      9DE9DCCA 
 375      91A0FA1B 
 375      C7358C
 376 097f 120FA356 		.ascii	"\022\017\243V\304S,\342\331Q\237x\324\017\031~\276-"
 376      C4532CE2 
 376      D9519F78 
 376      D40F197E 
 376      BE2D
 377 0991 E9F4778E 		.ascii	"\351\364w\216kT'\036\325+}\227\323\262u\177\353\270"
 377      6B54271E 
 377      D52B7D97 
 377      D3B2757F 
 377      EBB8
 378 09a3 840662A1 		.ascii	"\204\006b\241\301J\200\212%@+T\020\013\025V\242T,Q\332"
 378      C14A808A 
 378      25402B54 
 378      100B1556 
 378      A2542C51 
 379 09b8 61927898 		.ascii	"a\222x\230\254\213i:\223s\377G\3075K\022\317\222+O\342"
 379      AC8B693A 
 379      9373FF47 
 379      C7354B12 
 379      CF922B4F 
 380 09cd 3CB237FF 		.ascii	"<\2627\377\344\270FY\342Q\326\012\244\212\005R;H\023"
 380      E4B84659 
 380      E251D60A 
 380      A48A0552 
 380      3B4813
 381 09e0 0FD22105 		.ascii	"\017\322!\005s=RJ\376\301qM\212\304\223\242\325G\025"
 381      733D524A 
 381      FEC1714D 
 381      8AC493A2 
 381      D54715
 382 09f3 EBA376D2 		.ascii	"\353\243v\322$\2364\255>\252X\037\265\223\"\361\244"
 382      249E34AD 
 382      3EAA581F 
ARM GAS  /tmp/ccV1HXqK.s 			page 31


 382      B59322F1 
 382      A4
 383 0a04 F8ECC9C2 		.ascii	"\370\354\311\302\377\262\373\357\035\327\234G<\347Y"
 383      FFB2FBEF 
 383      1DD79C47 
 383      3CE759
 384 0a13 7951B1BC 		.ascii	"yQ\261\274\350\327\327\210\365\265\351\221\225\177a"
 384      E8D7D788 
 384      F5B5E991 
 384      957F61
 385 0a22 EF5F3A3F 		.ascii	"\357_:?S\307\210\325\261\305\211\3154I\345\277r\\\312"
 385      53C788D5 
 385      B1C589CD 
 385      3449E5BF 
 385      725CCA
 386 0a35 1EB1B2E7 		.ascii	"\036\261\262\347\0276\025\013\233V\030$\026\006\333"
 386      1736150B 
 386      9B561824 
 386      1606DB
 387 0a44 661BC324 		.ascii	"f\033\303$\035\376\332qI_\304\322\227\225U\025\313\252"
 387      1DFEDA71 
 387      495FC4D2 
 387      97955515 
 387      CBAA
 388 0a56 567A2396 		.ascii	"Vz#\226\336\254\254\252XV\265\332\027\261\366\265\360"
 388      DEACACAA 
 388      5856B5DA 
 388      17B1F6B5 
 388      F0
 389 0a67 FC7A4C5E 		.ascii	"\374zL^\377S\307\245}\021k_o6\302\375\227\366o\035\227"
 389      FF53C7A5 
 389      7D116B5F 
 389      6F36C2FD 
 389      97F66F1D 
 390 0a7c 284B2CCA 		.ascii	"(K,\312Z\325T\261jjE]bQ\327\252\256\212UW\253\312\022"
 390      5AD554B1 
 390      6A6A455D 
 390      6251D7AA 
 390      AE8A5557 
 391 0a93 ABB271BB 		.ascii	"\253\262q\273\357\206\345P~\342\270DUbQ\325\212\256"
 391      EF86E550 
 391      7EE2B844 
 391      556251D5 
 391      8AAE
 392 0aa5 8A4557AB 		.ascii	"\212EW\253Y\023k\326\331\315C\377\307\356\037;.\305"
 392      59136BD6 
 392      D9CD43FF 
 392      C7EE1F3B 
 392      2EC5
 393 0ab7 9A58B1AE 		.ascii	"\232X\261\256\257i\350\222O\373\013\307%\230\023\013"
 393      AF69E892 
 393      4FFB0BC7 
 393      2598130B 
 394 0ac7 E656B155 		.ascii	"\346V\261U\254\330Z\301\236X\260\037;\034H\227o\373"
 394      ACD85AC1 
 394      9E58B01F 
 394      3B1C4897 
ARM GAS  /tmp/ccV1HXqK.s 			page 32


 394      6FFB
 395 0ad9 3977F492 		.ascii	"9w\364\222\211^+\373(\226}l\354\223\211}\253\032)V\215"
 395      895E2BFB 
 395      28967D6C 
 395      EC93897D 
 395      AB1A2956 
 396 0aee 6CF09209 		.ascii	"l\360\222\011\336\260\356\005\277D\367\363\256\330#"
 396      DEB0EE05 
 396      BF44F7F3 
 396      AED823
 397 0afd 137B56B0 		.ascii	"\023{V\260R,X\331\244&\223\324\247u!\327\262\356_t\347"
 397      522C58D9 
 397      A42693D4 
 397      A77521D7 
 397      B2EE5F74 
 398 0b12 34999C2E 		.ascii	"4\231\234._\272m\220@\375\005w=!SO\374Z\227b\255\313"
 398      5FBA6D90 
 398      40FD0577 
 398      3D21534F 
 398      FC5A9762 
 399 0b28 163332C5 		.ascii	"\02632\305\314*q\212\2258\033zdB\357\354*\342@*\343"
 399      CC2A718A 
 399      95381B7A 
 399      6442EFEC 
 399      2AE2402A 
 400 0b3d 2FB92387 		.ascii	"/\271#\207L\344\2348\301\341\222\276\277\354\016z2A"
 400      4CE49C38 
 400      C1E192BE 
 400      BFEC0E7A 
 400      3241
 401 0b4f 6F4540C5 		.ascii	"oE@\305\"\240?a\310$\314\352\253\367\216l\346\367\335"
 401      22A03F61 
 401      C824CCEA 
 401      ABF78E6C 
 401      E6F7DD
 402 0b62 5141262A 		.ascii	"QA&*\254\000\250X\000\2641I&&\255\376\247X\377\363\007"
 402      AC00A858 
 402      00B43149 
 402      2626ADFE 
 402      A758FFF3 
 403 0b77 0599A038 		.ascii	"\005\231\2408\272M\257\221E\177\317\035\023db\302J\247"
 403      BA4DAF91 
 403      457FCF1D 
 403      136462C2 
 403      4AA7
 404 0b89 8AA553DB 		.ascii	"\212\245S\3337\311\364\315\332\306\375o\331\373\330"
 404      37C9F4CD 
 404      DAC6FD6F 
 404      D9FBD8
 405 0b98 DD35C974 		.ascii	"\3355\311t\315\354\255\301^\371\244\337p7l2\015\333"
 405      CDECADC1 
 405      5EF9A4DF 
 405      70376C32 
 405      0DDB
 406 0baa 8AB68A45 		.ascii	"\212\266\212E[{[ s[\210\317-\251\223\274\372-wK$\323"
 406      5B7B5B20 
 406      735B88CF 
ARM GAS  /tmp/ccV1HXqK.s 			page 33


 406      2DA993BC 
 406      FA2D774B 
 407 0bc0 12AD62AC 		.ascii	"\022\255b\254X1\266\015\225LC\265\202\261b\301\330v"
 407      5831B60D 
 407      954C43B5 
 407      82B162C1 
 407      D876
 408 0bd2 44321DD1 		.ascii	"D2\035\321\373\244\260L\336\375\233\356\206F\246\241"
 408      FBA4B04C 
 408      DEFD9BEE 
 408      8646A6A1 
 409 0be2 6D6EBE48 		.ascii	"mn\276H\220\207\177\315\371\331\005\213\314\005\313"
 409      90877FCD 
 409      F9D9058B 
 409      CC05CB
 410 0bf1 6AC18AB5 		.ascii	"j\301\212\265`{\273#s\273\363+\311\212\225d{\275\"s"
 410      607BBB23 
 410      73BBF32B 
 410      C98A9564 
 410      7BBD2273 
 411 0c05 BDCAEF6C 		.ascii	"\275\312\357l\253\221\203\370u\307u\273\"s\273\2622"
 411      AB9183F8 
 411      75C775BB 
 411      2273BBB2 
 411      32
 412 0c16 B26219D9 		.ascii	"\262b\031\331\336Z\311\334ZO\235\001\237\364\216_u\\"
 412      DE5AC9DC 
 412      5A4F9D01 
 412      9FF48E5F 
 412      755C
 413 0c28 B74E32B7 		.ascii	"\267N2\267\316\203\240u\277\254\366+\216\353\302L\346"
 413      CE83A075 
 413      BFACF62B 
 413      8EEBC24C 
 413      E6
 414 0c39 C26C1568 		.ascii	"\302l\025h\305\012\264\275n\223\271n[\215R\261Fi\367"
 414      C50AB4BD 
 414      6E93B96E 
 414      5B8D52B1 
 414      4669F7
 415 0c4c 9ECCDEA7 		.ascii	"\236\314\336\247\324\237\366\3119~\352\336=2\273WX\235"
 415      D49FF6C9 
 415      397EEADE 
 415      3D32BB57 
 415      589D
 416 0c5e E7958FFA 		.ascii	"\347\225\217\372\314}\350d\016\335\312\243\212\345Q"
 416      CC7DE864 
 416      0EDDCAA3 
 416      8AE551
 417 0c6d 7FC09009 		.ascii	"\177\300\220\011\230i_P\235<\373\205{\177\310\354\217"
 417      98695F50 
 417      9D3CFB85 
 417      7B7FC8EC 
 417      8F
 418 0c7e 9566154B 		.ascii	"\225f\025K\263\366`\310\034\214Uf\025+\263v\203\310"
 418      B3F660C8 
 418      1C8C5566 
ARM GAS  /tmp/ccV1HXqK.s 			page 34


 418      152BB376 
 418      83C8
 419 0c90 6CD0DDE1 		.ascii	"l\320\335\341\310\235\034\343\347\356\015\"\263Aws\001"
 419      C89D1CE3 
 419      E7EE0D22 
 419      B3417773 
 419      01
 420 0ca1 7E19F76B 		.ascii	"~\031\367kwn\222\311M\2539+\326\234mb\223Il\277b\255"
 420      776E92C9 
 420      4DAB392B 
 420      D69C6D62 
 420      93496CBF 
 421 0cb7 58B1B6C9 		.ascii	"X\261\266\311I&9K\216OK$W\277q\347\027\231\374\262z"
 421      4926394B 
 421      8E4F4B24 
 421      57BF71E7 
 421      1799FCB2 
 422 0ccc B562BDDA 		.ascii	"\265b\275\332\026+2\305*g\247\256]\366\372+w\261\"S"
 422      162B32C5 
 422      2A67A7AE 
 422      5DF6FA2B 
 422      77B12253 
 423 0ce0 AC6EB612 		.ascii	"\254n\266\022|\262__\272\213$\231\"i\245n\305R\267\255"
 423      7CB25F5F 
 423      BA8B2499 
 423      2269A56E 
 423      C552B7AD 
 424 0cf4 CF64EAF3 		.ascii	"\317d\352\363hP\231?t?r/\223\3142\255N\254X'\266\033"
 424      6850993F 
 424      743F722F 
 424      93CC32AD 
 424      4EAC5827 
 425 0d0a 446683AC 		.ascii	"Df\203\254\314\254Xf\266\353$\263\316\336\\\357\255"
 425      CCAC5866 
 425      B6EB24B3 
 425      CEDE5CEF 
 425      AD
 426 0d1b B81FB9D7 		.ascii	"\270\037\271\327If\235V\343V\254q\333c's\354\247\021"
 426      49669D56 
 426      E356AC71 
 426      DB632773 
 426      ECA711
 427 0d2e C117B2B0 		.ascii	"\301\027\262\260O\334\007G\346\340\326n\212\275R\315"
 427      4FDC0747 
 427      E6E0D66E 
 427      8ABD52CD 
 428 0d3e 3F76871B 		.ascii	"?v\207\033\231p\263\362\270by\334\312\325\212\345j\373"
 428      9970B3F2 
 428      B86279DC 
 428      CAD58AE5 
 428      6AFB
 429 0d50 6E32EFEE 		.ascii	"n2\357\356\274\277h\021\367\003\367\273\311\274\273"
 429      BCBF6811 
 429      F703F7BB 
 429      C9BCBB
 430 0d5f EDB8CCFF 		.ascii	"\355\270\314\377\377\245\036\272?\212\314GY\245\\\261"
 430      FFA51EBA 
ARM GAS  /tmp/ccV1HXqK.s 			page 35


 430      3F8ACC47 
 430      59A55CB1 
 431 0d6f 526EF793 		.ascii	"Rn\367\223\314~Vut\207\310J\310\375.2\357\2622\271b"
 431      CC7E5675 
 431      7487C84A 
 431      C8FD2E32 
 431      EFB232B9 
 432 0d84 99DC2E84 		.ascii	"\231\334.\204\314B\254J\256X%/\335\253\273\222\320\327"
 432      CC42AC4A 
 432      AE58252F 
 432      DDABBB92 
 432      D0D7
 433 0d96 9DB6B3D7 		.ascii	"\235\266\263\327w\372\361w\325\236\260,\217'\2262\037"
 433      77FAF177 
 433      D59EB02C 
 433      8F279632 
 433      1F
 434 0da7 3EA01F3F 		.ascii	">\240\037?\246\234G\217\351\333\307\224\215\177^\200"
 434      A69C478F 
 434      E9DBC794 
 434      8D7F5E80 
 435 0db7 2C900932 		.ascii	",\220\0112@:H\003\251 \005$\203$\340\200D\360\223\307"
 435      403A4803 
 435      A9200524 
 435      8324E080 
 435      44F093C7 
 436 0dcb F41CFF24 		.ascii	"\364\034\377$\200x\020\007bA\014x\006\242A\024\210\004"
 436      80781007 
 436      62410C78 
 436      06A24114 
 436      8804
 437 0ddd 4F410408 		.ascii	"OA\004\010\007a \024\204\200`\020\004\236\200@\020\000"
 437      07612014 
 437      84806010 
 437      049E8040 
 437      1000
 438 0def 3CE0FEA3 		.ascii	"<\340\376\243\307\364\036\334\201[p\003\256\301\025"
 438      C7F41EDC 
 438      815B7003 
 438      AEC115
 439 0dfe B80417E0 		.ascii	"\270\004\027\340\034\234\201Sp\002\216\301\0218\004"
 439      1C9C8153 
 439      70028EC1 
 439      113804
 440 0e0d EFC001D8 		.ascii	"\357\300\001\330\007{`\027\354\200m\260\0056\301\006"
 440      077B6017 
 440      EC806DB0 
 440      0536C106 
 441 0e1d 58076B60 		.ascii	"X\007k`\025\254\200e\260\004\026\301\002\230\007s`\026"
 441      15AC8065 
 441      B00416C1 
 441      02980773 
 441      6016
 442 0e2f BC053E30 		.ascii	"\274\005>0\003\246\301\024\230\004\023`\034\214\201"
 442      03A6C114 
 442      98041360 
 442      1C8C81
ARM GAS  /tmp/ccV1HXqK.s 			page 36


 443 0e3e 51300286 		.ascii	"Q0\002\206\301\020\030\004\003\240\037\364\201^\320"
 443      C1101804 
 443      03A01FF4 
 443      815ED0
 444 0e4d 03BA4117 		.ascii	"\003\272A\027\350\004\035\240\035\264\201V\320\002\232"
 444      E8041DA0 
 444      1DB48156 
 444      D0029A
 445 0e5c 41136804 		.ascii	"A\023h\004\015\240\036xA\035\250\0055\240\032\274\001"
 445      0DA01E78 
 445      411DA805 
 445      35A01ABC 
 445      01
 446 0e6d 55A01254 		.ascii	"U\240\022T\200rP\006JA\011(\006E\240\020\274\006\005"
 446      80725006 
 446      4A410928 
 446      0645A010 
 446      BC0605
 447 0e80 201FBC02 		.ascii	" \037\274\002/A\036\310\0059 \033\274\000Y \023d\200"
 447      2F411EC8 
 447      0539201B 
 447      BC005920 
 447      136480
 448 0e93 74900652 		.ascii	"t\220\006RA\012H\006I\300\001\211\3409H\000\361 \016"
 448      410A4806 
 448      49C00189 
 448      E0394800 
 448      F1200E
 449 0ea6 C48218F0 		.ascii	"\304\202\030\360\014D\203(\020\011\236\202\010\020\016"
 449      0C448328 
 449      10099E82 
 449      08100E
 450 0eb5 C2402808 		.ascii	"\302@(\010\001\301 \010<\001\201 \000x\300\375C\234"
 450      01C12008 
 450      3C018120 
 450      0078C0FD 
 450      439C
 451 0ec7 3FB803B7 		.ascii	"?\270\003\267\340\006\\\203+p\011.\30098\003\247\340"
 451      E0065C83 
 451      2B70092E 
 451      C0393803 
 451      A7E0
 452 0ed9 041C8323 		.ascii	"\004\034\203#p\010\336\201\003\260\017\366\300.\330"
 452      7008DE81 
 452      03B00FF6 
 452      C02ED8
 453 0ee8 01DB600B 		.ascii	"\001\333`\013l\202\015\260\016\326\300*X\001\313`\011"
 453      6C820DB0 
 453      0ED6C02A 
 453      5801CB60 
 453      09
 454 0ef9 2C820530 		.ascii	",\202\0050\017\346\300,x\013|`\006L\203)0\011&\3008"
 454      0FE6C02C 
 454      780B7C60 
 454      064C8329 
 454      300926C0 
 455 0f0e 1803A360 		.ascii	"\030\003\243`\004\014\203!0\010\006@?\350\003\275\240"
ARM GAS  /tmp/ccV1HXqK.s 			page 37


 455      040C8321 
 455      30080640 
 455      3FE803BD 
 455      A0
 456 0f1f 0774832E 		.ascii	"\007t\203.\320\011:@;h\003\255\240\0054\203&\320\010"
 456      D0093A40 
 456      3B6803AD 
 456      A0053483 
 456      26D008
 457 0f32 1A403DF0 		.ascii	"\032@=\360\202:P\013j@5x\003\252@%\250\000\345\240\014"
 457      823A500B 
 457      6A403578 
 457      03AA4025 
 457      A800E5A0 
 458 0f47 94821250 		.ascii	"\224\202\022P\014\212@!x\015\012@>x\005^\202<\220\013"
 458      0C8A4021 
 458      780D0A40 
 458      3E78055E 
 458      823C900B 
 459 0f5b 72403678 		.ascii	"r@6x\001\262@&\310\000\351 \015\244\202\024\220\014"
 459      01B24026 
 459      C800E920 
 459      0DA48214 
 459      900C
 460 0f6d 92800312 		.ascii	"\222\200\003\022\301s\220\000\342A\034\210\0051\340"
 460      C1739000 
 460      E2411C88 
 460      0531E0
 461 0f7c 19880651 		.ascii	"\031\210\006Q \022<\005\021 \034\204\201P\020\002\202"
 461      20123C05 
 461      11201C84 
 461      81501002 
 461      82
 462 0f8d 41107802 		.ascii	"A\020x\002\002A\000\360\200\373\0078\177p\007n\301\015"
 462      024100F0 
 462      80FB0738 
 462      7F70076E 
 462      C10D
 463 0f9f B8       		.ascii	"\270"
 464 0fa0 0657E012 		.ascii	"\006W\340\022\\\200sp\006N\301\0118\006G\340\020\274"
 464      5C807370 
 464      064EC109 
 464      380647E0 
 464      10BC
 465 0fb2 0307601F 		.ascii	"\003\007`\037\354\201]\260\003\266\301\026\330\004\033"
 465      EC815DB0 
 465      03B6C116 
 465      D8041B
 466 0fc1 601DAC81 		.ascii	"`\035\254\201U\260\002\226\301\022X\004\013`\036\314"
 466      55B00296 
 466      C1125804 
 466      0B601ECC 
 467 0fd1 8159F016 		.ascii	"\201Y\360\026\370\300\014\230\006S`\022L\200q0\006F"
 467      F8C00C98 
 467      06536012 
 467      4C807130 
 467      0646
ARM GAS  /tmp/ccV1HXqK.s 			page 38


 468 0fe3 C1081806 		.ascii	"\301\010\030\006C`\020\014\200~\320\007zA\017\350\006"
 468      4360100C 
 468      807ED007 
 468      7A410FE8 
 468      06
 469 0ff4 5DA01374 		.ascii	"]\240\023t\200v\320\006ZA\013h"
 469      8076D006 
 469      5A410B68 
 470 1000 064DA011 		.ascii	"\006M\240\0214\200z\340\005u\240\026\324\200j\360\006"
 470      34807AE0 
 470      0575A016 
 470      D4806AF0 
 470      06
 471 1011 54814A50 		.ascii	"T\201JP\001\312A\031(\005%\240\030\024\201B\360\032"
 471      01CA4119 
 471      280525A0 
 471      18148142 
 471      F01A
 472 1023 14807CF0 		.ascii	"\024\200|\360\012\274\004y \027\344\200l\360\002d\201"
 472      0ABC0479 
 472      2017E480 
 472      6CF00264 
 472      81
 473 1034 4C9001D2 		.ascii	"L\220\001\322A\032H\005) \031$\001\007$\202\347 \001"
 473      411A4805 
 473      29201924 
 473      01072482 
 473      E72001
 474 1047 C4833810 		.ascii	"\304\2038\020\013b\3003\020\015\242@$x\012\"@8\010\003"
 474      0B62C033 
 474      100DA240 
 474      24780A22 
 474      40380803 
 475 105b A1200404 		.ascii	"\241 \004\004\203 \360\004\004\202\000\340\001\367\204"
 475      8320F004 
 475      048200E0 
 475      01F784
 476 106a F30777E0 		.ascii	"\363\007w\340\026\334\200kp\005.\301\0058\007g\340\024"
 476      16DC806B 
 476      70052EC1 
 476      05380767 
 476      E014
 477 107c 9C806370 		.ascii	"\234\200cp\004\016\301;p\000\366\301\036\330\005;`\033"
 477      040EC13B 
 477      7000F6C1 
 477      1ED8053B 
 477      601B
 478 108e 6C814DB0 		.ascii	"l\201M\260\001\326\301\032X\005+`\031,\201E\260\000"
 478      01D6C11A 
 478      58052B60 
 478      192C8145 
 478      B000
 479 10a0 E6C11C98 		.ascii	"\346\301\034\230\005o\201\017\314\200i0\005&\301\004"
 479      056F810F 
 479      CC806930 
 479      0526C104 
 480 10b0 18076360 		.ascii	"\030\007c`\024\214\200a0\004\006\301\000\350\007}\240"
ARM GAS  /tmp/ccV1HXqK.s 			page 39


 480      148C8061 
 480      300406C1 
 480      00E8077D 
 480      A0
 481 10c1 17F4806E 		.ascii	"\027\364\200n\320\005:A\007h\007m\240\025\264\200f\320"
 481      D0053A41 
 481      0768076D 
 481      A015B480 
 481      66D0
 482 10d3 041A4103 		.ascii	"\004\032A\003\250\007^P\007jA\015\250\006o@\025\250"
 482      A8075E50 
 482      076A410D 
 482      A8066F40 
 482      15A8
 483 10e5 0415A01C 		.ascii	"\004\025\240\034\224\201RP\002\212A\021(\004\257A\001"
 483      94815250 
 483      028A4111 
 483      2804AF41 
 483      01
 484 10f6 C807AFE8 		.ascii	"\310\007\257\350\261\242\334G\337\251\377\007\341:\222"
 484      B1A2DC47 
 484      DFA9FF07 
 484      E13A92
 485 1105 DF       		.ascii	"\337"
 486              		.text
 487              		.section	.gnu.lto_.symbol_nodes.73bbb7df27387736,"",%progbits
 488 0000 789C6365 		.ascii	"x\234ce`bPf\000\002&\246z\006\206\011\347\030\030\200"
 488      60625066 
 488      000226A6 
 488      7A068609 
 488      E7181880 
 489 0014 D4AE4647 		.ascii	"\324\256FG\006\006V\006\206\026%\006\006fVFF0\315\000"
 489      06065606 
 489      86162506 
 489      06665646 
 489      4630CD00 
 490 0028 00775C05 		.ascii	"\000w\\\005e"
 490      65
 491              		.text
 492              		.section	.gnu.lto_.refs.73bbb7df27387736,"",%progbits
 493 0000 789C6365 		.ascii	"x\234ce`b\340d`\000\222\014\214\034\014L\\\014\000\001"
 493      6062E064 
 493      6000920C 
 493      8C1C0C4C 
 493      5C0C0001 
 494 0014 530028   		.ascii	"S\000("
 495              		.text
 496              		.section	.gnu.lto_.decls.73bbb7df27387736,"",%progbits
 497 0000 789C9553 		.ascii	"x\234\225S]H\024Q\024\276gf\314u\374e\221\362a\210E"
 497      5D481451 
 497      14BE6766 
 497      CC75FC65 
 497      91F26188 
 498 0015 9384C092 		.ascii	"\223\204\300\222\250\207 \210\204\362\241B\242z\327"
 498      A8872088 
 498      84F2A142 
 498      A27AD7
ARM GAS  /tmp/ccV1HXqK.s 			page 40


 499 0024 2DCC870C 		.ascii	"-\314\207\014\024\337\257kk[\226\330\213Q\030n\006\272"
 499      14DFAF6B 
 499      6B5B96D8 
 499      8B51186E 
 499      06BA
 500 0036 9BBABB69 		.ascii	"\233\272\273i\226k\346\216\272\025\205\211\211a\017"
 500      966BE68E 
 500      BA158589 
 500      89610F
 501 0045 EA1A6518 		.ascii	"\352\032e\030\031Y\021!\201\333\271\367\316\266\343"
 501      19591121 
 501      81DBB9F7 
 501      CEB6E3
 502 0054 F6031DF6 		.ascii	"\366\003\035\366\233\331s\317w\276\373\33533ID\"{\024"
 502      9BD973CF 
 502      77BEFBDD 
 502      33334944 
 502      227B14
 503 0067 42F61242 		.ascii	"B\366\022B^!\242\030\230\222\036\022\017@\364!$\204"
 503      5E21A218 
 503      98921E12 
 503      0F40F421 
 503      2484
 504 0079 8E1825EB 		.ascii	"\216\030%\353\243\002\011\026\274[\021\331\210R\204"
 504      A3020916 
 504      BC5B11D9 
 504      885284
 505 0088 0FA121C6 		.ascii	"\017\241!\306\020!\304p\202\226l\322\012'\350\325\201"
 505      1021C470 
 505      82966CD2 
 505      0A27E8D5 
 505      81
 506 0099 A86B865E 		.ascii	"\250k\206^\210\374=\234\377\301\275*\303\302\353\227"
 506      88FC3D9C 
 506      FFC1BD2A 
 506      C3C2EB97 
 507 00a9 CE0DF330 		.ascii	"\316\015\3630\313l\000\013\341(\341\260\321X\260\262"
 507      CB6C000B 
 507      E128E1B0 
 507      D158B0B2 
 508 00b9 A84BB19A 		.ascii	"\250K\261\232 %4\021\203\210XO\214U\315\212q\021n\200"
 508      20253411 
 508      8388584F 
 508      8C55CD8A 
 508      71116E80 
 509 00cd 9B307718 		.ascii	"\2330w\030)\377I\"\201_\365\030\327$h\234\002\376`K"
 509      29FF4922 
 509      815FF518 
 509      D724689C 
 509      02FE604B 
 510 00e1 841C3BFD 		.ascii	"\204\034;\375\362\245\257mJ\004\346\000R\211{\037\360"
 510      F2A5AF6D 
 510      4A04E600 
 510      52897B1F 
 510      F0
 511 00f2 B567179A 		.ascii	"\265g\027\232\246\223d\334\007\377GV=\007\012\273\251"
 511      A69364DC 
ARM GAS  /tmp/ccV1HXqK.s 			page 41


 511      07FF4756 
 511      3D070ABB 
 511      A9
 512 0103 088B161F 		.ascii	"\010\213\026\037\233\257\373G@U\360hP\252B\271\302\226"
 512      9BAFFB47 
 512      4055F068 
 512      50AA42B9 
 512      C296
 513 0115 5E9C0BB4 		.ascii	"^\234\013\264\312M2XUP0\375\374\374\372\233\014L\263"
 513      CA4D3258 
 513      555030FD 
 513      FCFCFA9B 
 513      0C4CB3
 514 0128 55B031D5 		.ascii	"U\2601\325\376EOR\332EJ\035\264\271\236\246\224\200"
 514      FE454F52 
 514      DA454A1D 
 514      B4B99EA6 
 514      9480
 515 013a A6420F68 		.ascii	"\246B\017h\320\015\250\012>H3\204\233\206f\006\025."
 515      D00DA80A 
 515      3E483384 
 515      9B866606 
 515      152E
 516 014c 8C6BD005 		.ascii	"\214k\320\005\\\372Q\364\273\236)\244%L\247V\306o\244"
 516      5CFA51F4 
 516      BB9E29A4 
 516      254CA756 
 516      C66FA4
 517 015f 0AE92CB6 		.ascii	"\012\351,\266\323\373@D\312i\341\036\353i\226\304,\335"
 517      D3FB4044 
 517      CA69E11E 
 517      EB6996C4 
 517      2CDD
 518 0171 41E90097 		.ascii	"A\351\000\227\356\205\034\274\372A\021\372\356\361w"
 518      EE851CBC 
 518      FA4111FA 
 518      EEF177
 519 0180 D352AE9B 		.ascii	"\323R\256\233\272u\252\177rl\273\322K\251\023\373\024"
 519      BA75AA7F 
 519      726CBBD2 
 519      4BA913FB 
 519      14
 520 0191 C6032FC8 		.ascii	"\306\003/\310p\033\012\331D\361/^=\020\001\350\204y"
 520      701B0AD9 
 520      44F12F5E 
 520      3D1001E8 
 520      8479
 521 01a3 1C661FE4 		.ascii	"\034f\037\344\262\275.\207i\206\274\231\017\307\267"
 521      B2BD2E87 
 521      6986BC99 
 521      0FC7B7
 522 01b2 146A5585 		.ascii	"\024jU\205+\312l}\034_lW\204-\312|\371\235o\275\026"
 522      2BCA6C7D 
 522      1C5F6C57 
 522      842DCA7C 
 522      F99D6FBD 
 523 01c7 518F02E6 		.ascii	"Q\217\002\346\015O\303\336\024\325\305l\212\021X\315"
ARM GAS  /tmp/ccV1HXqK.s 			page 42


 523      0D4FC3DE 
 523      14D5C56C 
 523      8A1158CD 
 524 01d7 23180015 		.ascii	"#\030\000\025\257\3335\270\217)\262[:\374_Tk3gSj\003"
 524      AFDB35B8 
 524      8F29B25B 
 524      3AFC5F54 
 524      6B336753 
 525 01ed 36B07BC8 		.ascii	"6\260{\310\356\347\354 Xc=\304\264\225fl\345_\016\256"
 525      EEE7EC20 
 525      58633DC4 
 525      B495666C 
 525      E55F0EAE 
 526 0201 A68B9C95 		.ascii	"\246\213\234\225]\216\340Z\246\274U<\322\231\340\244"
 526      5D8EE05A 
 526      A6BC553C 
 526      D299E0A4 
 527 0211 54D0117B 		.ascii	"T\320\021{\246\204q\206@6}\022m\327\032\033\201\371"
 527      A6847186 
 527      40367D12 
 527      6DD71A1B 
 527      81F9
 528 0223 74D09576 		.ascii	"t\320\225v\227\234C`\247\006;4\002\017\241\000\331\270"
 528      979C4360 
 528      A7063B34 
 528      020FA100 
 528      D9B8
 529 0235 EF03F431 		.ascii	"\357\003\3641(l>\036\364,\203\331\3460\374\303\347l"
 529      286C3E1E 
 529      F42C83D9 
 529      E630FCC3 
 529      E76C
 530 0247 57674372 		.ascii	"WgCr\376-:\211\323\237\010'\327Q]\201\020X\341\256\030"
 530      FE2D3A89 
 530      D39F0827 
 530      D7515D81 
 530      1058E1AE 
 531 025c BCA991AD 		.ascii	"\274\251\221\255\034\223\010\350\220\217}uCc\347A\336"
 531      1C9308E8 
 531      908F7D75 
 531      4363E741 
 531      DE
 532 026d C50FD0B3 		.ascii	"\305\017\320\263\346\035\220\015\215\251Mt\013\027\030"
 532      E61D900D 
 532      8DA94D74 
 532      0B1718
 533 027c F94D60C4 		.ascii	"\371M`\304\020\030\345\002\301o\037\026T\363\353\307"
 533      1018E502 
 533      C16F1F16 
 533      54F3EBC7 
 534 028c 9AE2C31F 		.ascii	"\232\342\303\037\023\357\037\273#\371\311\322\352\034"
 534      13EF1FBB 
 534      23F9C9D2 
 534      EA1C
 535 029a E4DD6467 		.ascii	"\344\335dg\322'Z%\352\262\300\211\215\374\015\020_\\"
 535      D2275A25 
 535      EAB2C089 
ARM GAS  /tmp/ccV1HXqK.s 			page 43


 535      8DFC0D10 
 535      5F5C
 536 02ac 18F2484A 		.ascii	"\030\362HJm\315\341\375\305G\213\213v[\016\0369n+.*"
 536      6DCDE1FD 
 536      C5478B8B 
 536      765B0E1E 
 536      396E2B2E 
 537 02c1 229633E5 		.ascii	"\"\2263\345\366j{\241\235X\312j\355X*\251L\257\255\252"
 537      F66A7BA1 
 537      9D58CA6A 
 537      ED582AA9 
 537      4CAFADAA 
 538 02d5 A9ACA83A 		.ascii	"\251\254\250:u\322f?]Vm,\037:\373\023n\322/\265"
 538      75D2663F 
 538      5D566D2C 
 538      1F3AFB13 
 538      6ED22FB5 
 539              		.text
 540              		.section	.gnu.lto_.symtab.73bbb7df27387736,"",%progbits
 541 0000 75734D42 		.ascii	"usMBCRC16\000"
 541      43524331 
 541      3600
 542 000a 00       		.ascii	"\000"
 543 000b 00       		.ascii	"\000"
 544 000c 00       		.ascii	"\000"
 545 000d 00000000 		.ascii	"\000\000\000\000\000\000\000\000"
 545      00000000 
 546 0015 B3000000 		.ascii	"\263\000\000\000"
 547              		.text
 548              		.section	.gnu.lto_.opts,"",%progbits
 549 0000 272D666D 		.ascii	"'-fmath-errno' '-fsigned-zeros' '-ftrapping-math' '"
 549      6174682D 
 549      6572726E 
 549      6F272027 
 549      2D667369 
 550 0033 2D666E6F 		.ascii	"-fno-trapv' '-fno-strict-overflow' '-fno-openmp' '-"
 550      2D747261 
 550      70762720 
 550      272D666E 
 550      6F2D7374 
 551 0066 666E6F2D 		.ascii	"fno-openacc' '-mcpu=cortex-m4' '-mfloat-abi=hard' '"
 551      6F70656E 
 551      61636327 
 551      20272D6D 
 551      6370753D 
 552 0099 2D6D6670 		.ascii	"-mfpu=fpv4-sp-d16' '-mno-thumb-interwork' '-mthumb'"
 552      753D6670 
 552      76342D73 
 552      702D6431 
 552      36272027 
 553 00cc 20272D67 		.ascii	" '-ggdb' '-O0' '-ffunction-sections' '-fdata-sectio"
 553      67646227 
 553      20272D4F 
 553      30272027 
 553      2D666675 
 554 00ff 6E732720 		.ascii	"ns' '-fno-common' '-flto'\000"
 554      272D666E 
ARM GAS  /tmp/ccV1HXqK.s 			page 44


 554      6F2D636F 
 554      6D6D6F6E 
 554      2720272D 
 555              		.text
 556              		.comm	__gnu_lto_v1,1,1
 557              		.comm	__gnu_lto_slim,1,1
 558              		.ident	"GCC: (GNU Tools for ARM Embedded Processors (Build 17.03)) 6.3.1 20170215 (release) [ARM/e
ARM GAS  /tmp/ccV1HXqK.s 			page 45


DEFINED SYMBOLS
                            *ABS*:0000000000000000 mbcrc.c
                            *COM*:0000000000000001 __gnu_lto_v1
                            *COM*:0000000000000001 __gnu_lto_slim

NO UNDEFINED SYMBOLS
