ARM GAS  /tmp/ccww5qDb.s 			page 1


   1              		.cpu cortex-m4
   2              		.eabi_attribute 27, 1
   3              		.eabi_attribute 28, 1
   4              		.eabi_attribute 20, 1
   5              		.eabi_attribute 21, 1
   6              		.eabi_attribute 23, 3
   7              		.eabi_attribute 24, 1
   8              		.eabi_attribute 25, 1
   9              		.eabi_attribute 26, 1
  10              		.eabi_attribute 30, 6
  11              		.eabi_attribute 34, 1
  12              		.eabi_attribute 18, 4
  13              		.file	"nullstreams.c"
  14              		.text
  15              	.Ltext0:
  16              		.section	.gnu.lto_.inline.53614395fce40ffd,"",%progbits
  17 0000 789C6365 		.ascii	"x\234ce`b\210a@\000V\006\006f&\006\006&\246\005\362"
  17      60628861 
  17      40005606 
  17      06662606 
  17      0626A605 
  18 0015 0C2C4039 		.ascii	"\014,@9 `\304\020a\302\020a\306\020aa`a\006\212\260"
  18      2060C410 
  18      61C21061 
  18      C6106161 
  18      6061068A 
  19 002a 7CD08389 		.ascii	"|\320\203\2110\000\000\354\364\004\334"
  19      300000EC 
  19      F404DC
  20              		.text
  21              		.section	.gnu.lto_writes.53614395fce40ffd,"",%progbits
  22 0000 789C6591 		.ascii	"x\234e\221\313/CA\024\306\3177\347\322\210\327?`\321"
  22      CB2F4341 
  22      14C6CF37 
  22      E7D288D7 
  22      3F60D1
  23 0013 05692CF4 		.ascii	"\005i,\364J\010+{\377\206\212\204\244\036Q\326F\021"
  23      4A082B7B 
  23      FF868A84 
  23      A41E51D6 
  23      4611
  24 0025 EFB7B669 		.ascii	"\357\267\266i\221J\204\242(\221\010\273\033{\022\217"
  24      914A84A2 
  24      289108BB 
  24      1B7B128F 
  25 0035 AEEC10D2 		.ascii	"\256\354\020\322\205\205\304\316\363\314M#B23\371\316"
  25      8585C4CE 
  25      F3CC4D23 
  25      423233F9 
  25      CE
  26 0046 9CEF774E 		.ascii	"\234\357wN\316L\001)J\201\250\221\210*d\223EP$\033,"
  26      CE4C0129 
  26      4A81A891 
  26      882A6493 
  26      4550241B 
  27 005b 27435204 		.ascii	"'CR\004\032P\214\001\314r\214q9|\260\3023\234d\202%"
  27      1A508C01 
ARM GAS  /tmp/ccww5qDb.s 			page 2


  27      CC728C71 
  27      397CB0C2 
  27      339C6482 
  28 0070 E1CB79E2 		.ascii	"\341\313y\342\276\314\204\200W\302e}5\356\251Ni\035"
  28      BECC8480 
  28      57C2657D 
  28      35EEA94E 
  28      691D
  29 0082 D64EECA4 		.ascii	"\326N\354\244i~h\2449\311\212\342\342\336B\005R0=\260"
  29      697E68A4 
  29      39C98AE2 
  29      E2DE4205 
  29      52303DB0 
  30 0096 8D6AF15E 		.ascii	"\215j\361^\237g\347<\\\013\022}4\266vZ\342\333p\271"
  30      9F67E73C 
  30      5C0B127D 
  30      34B6765A 
  30      E2DB70B9 
  31 00aa 8745D695 		.ascii	"\207E\326\225If\354\200\177\203rEH\303'\366\267\311"
  31      4966EC80 
  31      7F837245 
  31      48C327F6 
  31      B7C9
  32 00bc 6CB488EB 		.ascii	"l\264\210\353\\tp\3438\251\362\350{\304E-\354\376Ee"
  32      5C7470E3 
  32      38A9F2E8 
  32      7BC4452D 
  32      ECFE4565 
  33 00d0 AC3D17FD 		.ascii	"\254=\027\375\320K\3212np\321\370Y\344\2664\217\336"
  33      D04BD132 
  33      6E70D1F8 
  33      59E4B634 
  33      8FDE
  34 00e2 C45C5461 		.ascii	"\304\\Ta\377/\252\010\031\370\214\377\356\3603RZh\231"
  34      FF2FAA08 
  34      19F88CFF 
  34      EEF03352 
  34      5A6899
  35 00f5 71648A03 		.ascii	"qd\212\003\024\312\353@\356\247\246?^\313\253\326\265"
  35      14CAEB40 
  35      EEA7A63F 
  35      5ECBABD6 
  35      B5
  36 0106 5ED0CEC5 		.ascii	"^\320\316\305&\307\267\234a\357\377\261\305{\210\252"
  36      26C7B79C 
  36      61EFFFB1 
  36      C57B88AA 
  37 0116 CC151CFD 		.ascii	"\314\025\034\375\3715\252\235\307,R\351b\0130\345\225"
  37      F935AA9D 
  37      C72C52E9 
  37      620B30E5 
  37      95
  38 0127 DB88264C 		.ascii	"\333\210&Le\2324\222s\010'r\271z\323g\225\325*\303\315"
  38      659A3492 
  38      73082772 
  38      B97AD367 
  38      95D52AC3 
ARM GAS  /tmp/ccww5qDb.s 			page 3


  39 013c 88819FE4 		.ascii	"\210\201\237\344[\022\"\236\021\366\346\323\006\233"
  39      5B12229E 
  39      11F6E6D3 
  39      069B
  40 014a 30165135 		.ascii	"0\026Q5~\277\375\263\272Cv{K\320\016v\004\354P_o[Kg"
  40      7EBFFDB3 
  40      BA43767B 
  40      4BD00E76 
  40      04EC505F 
  41 0162 C8EEEA0F 		.ascii	"\310\356\352\017\006\363\332\337J\252\243G\005z\320"
  41      06F3DADF 
  41      4AAAA347 
  41      057AD0
  42 0171 F50D7A7C 		.ascii	"\365\015z|\213\352"
  42      8BEA
  43              		.text
  44              		.section	.gnu.lto_reads.53614395fce40ffd,"",%progbits
  45 0000 789C6591 		.ascii	"x\234e\221\333+DQ\024\306\327\267\3270\311\355\037\230"
  45      DB2B4451 
  45      14C6D7B7 
  45      D730C9ED 
  45      1F98
  46 0012 8779A0C9 		.ascii	"\207y\240\311\2039\212x\362\356\337@\212\032\227\014"
  46      83398A78 
  46      F2EEDF40 
  46      8A1A970C 
  47 0022 CFB6412E 		.ascii	"\317\266A.\343\316\214\306\245Qb\334\031Jy;\311\253"
  47      E3CE8CC6 
  47      A55162DC 
  47      194A793B 
  47      C9AB
  48 0034 8448F144 		.ascii	"\204H\361D\271<H\312\023\271\254}\032\322\250\263\317"
  48      B93C48CA 
  48      13B9AC7D 
  48      1AD2A8B3 
  48      CF
  49 0045 5E6BEFEF 		.ascii	"^k\357\357\267\276\326\332\031\244(\011\242\012\"\362"
  49      B7BED6DA 
  49      19A42809 
  49      A20A22F2 
  50 0055 C8221741 		.ascii	"\310\"\027A\221,\260\374\031rE\240\016\305\350\300\010"
  50      912CB0FC 
  50      197245A0 
  50      0EC5E8C0 
  50      08
  51 0066 4F314EBA 		.ascii	"O1N\272\267gy\230\343LpI\372r4}\233gR\300+\351\214>"
  51      B7677998 
  51      E34C7049 
  51      FA72347D 
  51      9B6752C0 
  52 007e ED771725 		.ascii	"\355w\027%\264\016i{\352\262r\254\253\247*\316\212b"
  52      B40E697B 
  52      EAB272AC 
  52      ABA72ACE 
  52      8A62
  53 0090 A25E8607 		.ascii	"\242^\206\007\011\030\017\254\240H\264gG\347\243n.\001"
  53      09180FAC 
ARM GAS  /tmp/ccww5qDb.s 			page 4


  53      A048B467 
  53      47E7A36E 
  53      2E01
  54 00a2 49BCDB37 		.ascii	"I\274\3337\277\237\343[t\270\353\011\326\005qf\254\202"
  54      BF9FE35B 
  54      74B8EB09 
  54      D6057166 
  54      AC82
  55 00b4 FF827244 		.ascii	"\377\202rDX\203O\344\357\341\363h\026\227:h\347\342"
  55      58834FE4 
  55      EFE1F368 
  55      16973A68 
  55      E7E2
  56 00c6 5E5CA5D0 		.ascii	"^\\\245\320\303\210\203\272\260\236\216J[\033\016\372"
  56      C38883BA 
  56      B09E8E4A 
  56      5B1B0EFA 
  57 00d6 A127A379 		.ascii	"\241'\243y\\\356\240\261\203\310U\356\217k\324A\025"
  57      5CEEA0B1 
  57      83C855EE 
  57      8F6BD441 
  57      15
  58 00e7 36D35145 		.ascii	"6\323QE\330\202\317\350o\222\237\221\334L\227iG\272"
  58      D882CFE8 
  58      6F929F91 
  58      DC4C9769 
  58      47BA
  59 00f9 D846A64C 		.ascii	"\330F\246L\007r>8\364\361\232_\270\240\365\270\266/"
  59      07723E38 
  59      F4F19A5F 
  59      B8A0F5B8 
  59      B62F
  60 010b 121C5BB6 		.ascii	"\022\034[\266\273\275\377\333\026m\022\205[\247\260"
  60      BBBDFFDB 
  60      166D1285 
  60      5BA7B0
  61 011a F5E757AF 		.ascii	"\365\347W\257\266\357\356\260\364\234\315p,h\300\324"
  61      B6EFEEB0 
  61      F49CCD70 
  61      2C68C0D4 
  62 012a A4B009F9 		.ascii	"\244\260\011\371\021\241\327\207\2672\3430\307\306 "
  62      11A1D787 
  62      B732E330 
  62      C7C620
  63 0139 DA7370EC 		.ascii	"\332sp\3546SV \3548\325\3022\015\342{y\240i\011\236"
  63      36535620 
  63      EC38D5C2 
  63      320DE27B 
  63      79A06909 
  64 014e 10F2A6E4 		.ascii	"\020\362\246\344\246\314\200\331\244R\261\337o\375~"
  64      A6CC80D9 
  64      A452B1DF 
  64      6FFD7E
  65 015d CD41ABBE 		.ascii	"\315A\253\276:`\005\032j\254`[k]uc\320jj\017\004R\261"
  65      3A60051A 
  65      6AAC605B 
  65      6B5D7563 
ARM GAS  /tmp/ccww5qDb.s 			page 5


  65      D06A6A0F 
  66 0174 BF965443 		.ascii	"\277\226TC\213\252iA\3237\036\240\220w"
  66      8BAA6941 
  66      D3371EA0 
  66      9077
  67              		.text
  68              		.section	.gnu.lto_put.53614395fce40ffd,"",%progbits
  69 0000 789C6550 		.ascii	"x\234ePK+\204a\024>\317w>3\033fe9\013\013\232fa\276"
  69      4B2B8461 
  69      143ECF77 
  69      3E331B66 
  69      65390B0B 
  70 0018 A9B1F10F 		.ascii	"\251\261\361\017\374\015\244\250\317%C\226\336\206\031"
  70      FC0DA4A8 
  70      CF254396 
  70      DE8619
  71 0027 9A995C12 		.ascii	"\232\231\\\022\203h\024\032\306e\310\312\356\013\013"
  71      8368141A 
  71      C665C8CA 
  71      EE0B0B
  72 0036 9B4988A5 		.ascii	"\233I\210\245\344\022\222)R\312b8\357\230\244\274\275"
  72      E4129229 
  72      52CA6238 
  72      EF98A4BC 
  72      BD
  73 0047 97E79CF7 		.ascii	"\227\347\234\367y\316\255\202\014\032\000Q\003\021y"
  73      79CEAD82 
  73      0C1A0051 
  73      031179
  74 0056 E5904930 		.ascii	"\345\220I0H\016Xn\206|\021h\320`\014b\234S\214\323\341"
  74      480E586E 
  74      867C1168 
  74      D0600C62 
  74      9C538CD3 
  75 006b 9D051EE3 		.ascii	"\235\005\036\3434\023L1_\363\363\267\036m\0025b\336"
  75      34134C31 
  75      5FF3F3B7 
  75      1E6D0235 
  75      62DE
  76 007d EDC75E4C 		.ascii	"\355\307^L\177F\311rR\237\215\223C\321\2464\0334'\354"
  76      7F46C972 
  76      529F8D93 
  76      43D1A634 
  76      1B3427EC 
  77 0091 35789181 		.ascii	"5x\221\201\316\201u\370\205{\236\277\230ps\020$xoti"
  77      CE8175F8 
  77      857B9EBF 
  77      98707310 
  77      24786F74 
  78 00a6 BFD2B7AA 		.ascii	"\277\322\267\252TD9GS\254j\323\314\310\202\377\012\305"
  78      54443947 
  78      53AC6AD3 
  78      CCC882FF 
  78      0AC5
  79 00b8 45D8804F 		.ascii	"E\330\200O\350\013\261\354=s\250$}\216\275\025<e\351"
  79      E80BB1EC 
  79      3D73A824 
ARM GAS  /tmp/ccww5qDb.s 			page 6


  79      7D8EBD15 
  79      3C65E9
  80 00cb DDBBA12A 		.ascii	"\335\273\241*\323lb\363G\032\362\"\250\205\322\324\026"
  80      D36C62F3 
  80      471AF222 
  80      A885D2D4 
  80      16
  81 00dc 7C9A7DB3 		.ascii	"|\232}\263[\234\256r\231\272\")d\033.i\020\342\277J"
  81      5B9CAE72 
  81      99BA2229 
  81      641B2E69 
  81      10E2BF4A 
  82 00f0 5E172BEA 		.ascii	"^\027+\352\226\225\232P\316\345l\265\024~\254\314\377"
  82      96959A50 
  82      CEE56CB5 
  82      147EACCC 
  82      FF
  83 0101 A50B3987 		.ascii	"\245\0139\207\272\334\031\034U\374\032QN\341\003+\271"
  83      BADC191C 
  83      55FC1A51 
  83      4EE1032B 
  83      B9
  84 0112 A4CC8934 		.ascii	"\244\314\2114\227\342:*%4\344'D\336\037\343\207.\235"
  84      97E23A2A 
  84      2534E427 
  84      44DE1FE3 
  84      872E9D
  85 0125 6491758E 		.ascii	"d\221u\216\231\350\301\211[\317\312\000a\247\024/!="
  85      99E8C189 
  85      5BCFCA00 
  85      61A7142F 
  85      213D
  86 0137 113FC898 		.ascii	"\021?\310\230\347\005\274 RS\246\3538q\375H\250\372"
  86      E705BC20 
  86      5253A6EB 
  86      3871FD48 
  86      A8FA
  87 0149 40C0FADD 		.ascii	"@\300\372\335\335a\253\275\331\266\354\216\026+\334"
  87      DD61ABBD 
  87      D9B6EC8E 
  87      162BDC
  88 0158 D7DBD6DC 		.ascii	"\327\333\326\334\031\266\272\372m\273\214\003\255dt"
  88      19B6BAFA 
  88      6DBB8C03 
  88      AD6474
  89 0167 F4A0E51B 		.ascii	"\364\240\345\033\305\364\177S"
  89      C5F47F53 
  90              		.text
  91              		.section	.gnu.lto_get.53614395fce40ffd,"",%progbits
  92 0000 789C6550 		.ascii	"x\234eP\273JCA\020\235s\347\346\212\370\000\301\302"
  92      BB4A4341 
  92      109D73E7 
  92      E68AF800 
  92      C1C2
  93 0012 22450A43 		.ascii	"\"E\012CHa\256\370\001\376K\024\301\300\365\201\321"
  93      4861AEF8 
  93      01FE4B14 
ARM GAS  /tmp/ccww5qDb.s 			page 7


  93      C1C0F581 
  93      D1
  94 0023 3A4B7C92 		.ascii	":K|\222\210FD$A\215 \022\337\217h\023\260\270\242\205"
  94      88464424 
  94      418D2012 
  94      DF8F6813 
  94      B0B8A285 
  95 0037 4DC407B6 		.ascii	"M\304\007\266\022TP\213\010\001\353\350\254\004\021"
  95      1254508B 
  95      0801EBE8 
  95      AC0411
  96 0046 5C7676CF 		.ascii	"\\vv\317\314\236=sv=dP7\210\272\210\310+A&\301 \011"
  96      CC9E3D73 
  96      763D6450 
  96      3788BA88 
  96      C82B4126 
  97 005d B0AC0C39 		.ascii	"\260\254\0149\"P\314`\3040\317\313\214\333\211\243\025"
  97      2250CC60 
  97      C430CFCB 
  97      8CDB89A3 
  97      15
  98 006e 9EE32C13 		.ascii	"\236\343,\023LI+\305\314s\263N\001\237\244/\205\251"
  98      4C492BC5 
  98      CC73B34E 
  98      019FA42F 
  98      85A9
  99 0080 B219CC29 		.ascii	"\262\031\314)\031\356r\306Z\313\337\250\372,\033\224"
  99      19EE72C6 
  99      5ACBDFA8 
  99      FA2C1B94 
 100 0090 16FA16BC 		.ascii	"\026\372\026\274\310A7\3016\202B\276/>\244\352\270\023"
 100      C84137C1 
 100      368242BE 
 100      2F3EA4EA 
 100      B813
 101 00a2 24F86466 		.ascii	"$\370df\275\320\030\330T*\256\334\313EV\355Yf\354\200"
 101      BDD018D8 
 101      542AAEDC 
 101      CB4556ED 
 101      5966EC80 
 102 00b6 FF5E9412 		.ascii	"\377^\224\022a\027\001\315\177:\256.5Y\246\026\026\275"
 102      611701CD 
 102      7F3AAE2E 
 102      3559A616 
 102      16BD
 103 00c8 3D586214 		.ascii	"=Xb\024R\177\234-U=\376\015\245R\312\275N\267.\214O"
 103      527F9C2D 
 103      553DFE0D 
 103      A552CABD 
 103      4EB72E8C 
 104 00dd 5E29F3BF 		.ascii	"^)\363\277\003!\357\303\177x\007WU\277\246\225\373\321"
 104      0321EFC3 
 104      7F780757 
 104      55BFA695 
 104      FBD1
 105 00ef 76765A6C 		.ascii	"vvZla\220\246RB\213RRC~G\374\363-}a\351\036\253\254"
 105      6190A652 
ARM GAS  /tmp/ccww5qDb.s 			page 8


 105      428B5252 
 105      437E47FC 
 105      F32D7D61 
 106 0107 5B9C97F2 		.ascii	"[\234\227\362\225\006\375d\003&\016~\344\222\342\214"
 106      9506FD64 
 106      03260E7E 
 106      E492E28C 
 107 0117 F8557E2B 		.ascii	"\370U~+#\240\214\270\257F\327:\011\275\211TG(d\377\316"
 107      23A08CB8 
 107      AF46D73A 
 107      09BD8954 
 107      472864FF 
 108 012c A1A8DD1F 		.ascii	"\241\250\335\037vl'\322cGGG\372\302\003Q{p\314qj8\324"
 108      766C27D2 
 108      63474747 
 108      FAC20351 
 108      7B70CC71 
 109 0143 4B4664F8 		.ascii	"KFd\370\033Rhm\226"
 109      1B52686D 
 109      96
 110              		.text
 111              		.section	.gnu.lto_nullObjectInit.53614395fce40ffd,"",%progbits
 112 0000 789C4D91 		.ascii	"x\234M\221K/CQ\020\307\347\177\347\266\215\004\261\221"
 112      4B2F4351 
 112      10C7E77F 
 112      E7B68D04 
 112      B191
 113 0012 88746121 		.ascii	"\210ta!i,\364J|\007\337\003\221\020E\243llz\324\243"
 113      692CF44A 
 113      7C07DF03 
 113      911045A3 
 113      6C6C7AD4 
 114 0027 1EC106AD 		.ascii	"\036\301\006\255Fs\011R\257\026\265\020+\215\215\020"
 114      46730952 
 114      AF16B510 
 114      2B8D8D10 
 115 0037 227C000B 		.ascii	"\"|\000\013\204x-\004\2214\361\230s\2118\271'93\347"
 115      84782D04 
 115      9134F198 
 115      738938B9 
 115      273933E7 
 116 004b 7F7FF39F 		.ascii	"\177\177\363\2379.2h\030D\265DT*\233\230`\220lH\222"
 116      392E3268 
 116      1844B544 
 116      542A9B98 
 116      60906C48 
 117 0060 40610361 		.ascii	"@a\003aLp\214\261\037\275\3315\252RJV.v\341\036T\003"
 117      4C708CB1 
 117      1FBDD935 
 117      AA524A56 
 117      2E76E11E 
 118 0076 653613CD 		.ascii	"e6\023\31509\013)T\211\352\254\177s\226\307\331f\300"
 118      30390B29 
 118      5489EAAC 
 118      7F7396C7 
 118      D966C0
 119 0089 94F0F924 		.ascii	"\224\360\371$qU\254C\003\025\022\336\316g\037M\256\001"
ARM GAS  /tmp/ccww5qDb.s 			page 9


 119      7155AC43 
 119      031512DE 
 119      CE671F4D 
 119      AE01
 120 009b C93996EF 		.ascii	"\3119\226\357_5}KJET\356x\222U\245\315\214U\260\000"
 120      5F357D4B 
 120      4A4554EE 
 120      789255A5 
 120      CD8C55B0 
 121 00b0 B1022F96 		.ascii	"\261\002/\226\341%I\021\326\340\323\372\313\255\317"
 121      E1254911 
 121      D6E0D3FA 
 121      CBADCF
 122 00bf A922B7F9 		.ascii	"\251\"\267\371S\020\353pk\203\033\347\310\251\317\257"
 122      5310EB70 
 122      6B831BE7 
 122      C8A9CFAF 
 123 00cf A8CABD2E 		.ascii	"\250\312\275.\342\255\316\024\333ZN#\216\253Q\226V\370"
 123      E2ADCE14 
 123      DB5A4E23 
 123      8EAB5196 
 123      56F8
 124 00e1 0E917C34 		.ascii	"\016\221|4\271\023\324\377\010gz`\377\324\243-\261c"
 124      B913D4FF 
 124      08677A60 
 124      FFD4A32D 
 124      B163
 125 00f3 E3FDE068 		.ascii	"\343\375\340h\250\320F\262W\372\232+\267\331L\212\327"
 125      A8D046B2 
 125      57FA9A2B 
 125      B7D94C8A 
 125      D7
 126 0104 B4D4D697 		.ascii	"\264\324\326\227K\327\221\214\307J\353\236+lv!\003\033"
 126      4BD7918C 
 126      C74AEB9E 
 126      2B6C7621 
 126      031B
 127 0116 71078D0D 		.ascii	"q\007\215\015X\377a.\007\326\227\337{)\016\177(\231"
 127      58FF612E 
 127      07D697DF 
 127      7B290E7F 
 127      2899
 128 0128 8C6B41EB 		.ascii	"\214kA\353$w\230Xk\325\374\022\233\335\330\222in\376"
 128      24779858 
 128      6BD5FC12 
 128      9BDDD892 
 128      696EFE
 129 013b C2BFEEB3 		.ascii	"\302\277\356\263\231\002\021\307\245p\217&d\205.\344"
 129      990211C7 
 129      A5708F26 
 129      64852EE4 
 130 014b 6D84E909 		.ascii	"m\204\351\011\221\271\2071h\313\316tG\304\254\274\024"
 130      91B98731 
 130      68CBCE74 
 130      47C4ACBC 
 130      14
 131 015c 55FBFDD6 		.ascii	"U\373\375\326\337\327\021\262\232\353\003V\240\245\301"
ARM GAS  /tmp/ccww5qDb.s 			page 10


 131      DFD711B2 
 131      9AEB0356 
 131      A0A5C1
 132 016b 0A757536 		.ascii	"\012uu6\325\267\205\254\366\356@\340\367\354o$n\017"
 132      D5B785AC 
 132      F6EE40E0 
 132      F7EC6F24 
 132      6E0F
 133 017d 05BF0108 		.ascii	"\005\277\001\010;\214&"
 133      3B8C26
 134              		.text
 135              		.section	.gnu.lto_vmt.53614395fce40ffd,"",%progbits
 136 0000 789C6365 		.ascii	"x\234ce`b\330\300\300\300\240\317\000\001\323\231\031"
 136      6062D8C0 
 136      C0C0A0CF 
 136      0001D399 
 136      19
 137 0011 77EE7C73 		.ascii	"w\356|s\233\275\376oCGC\303\203\3569\3143\231\34733"
 137      9BBDFE6F 
 137      434743C3 
 137      83EE39CC 
 137      3399E733 
 138 0026 CC64C690 		.ascii	"\314d\306\220[\260\211g>3\343LfF\014\211o@\035L3\231"
 138      5BB08967 
 138      3E33E34C 
 138      66460C89 
 138      6F401D4C 
 139 003c 993024B6 		.ascii	"\2310$\266\001%\200\3461\203%\326\277\331\371\223\267"
 139      012580E6 
 139      318325D6 
 139      BFD9F993 
 139      B7
 140 004d 0F28C2C2 		.ascii	"\017(\302\302\010\342\236\275?\367\011\223\305\266\206"
 140      08E29EBD 
 140      3FF70993 
 140      C5B686
 141 005c 8E050D01 		.ascii	"\216\005\015\001\363\231Yg030\256f\224\231\301\314\310"
 141      F3995967 
 141      303330AE 
 141      669499C1 
 141      CCC8
 142 006e B88AB17E 		.ascii	"\270\212\261~\0063\023\343J\020\305\314\270\002D\261"
 142      063313E3 
 142      4A10C5CC 
 142      B80244B1 
 143 007e 302E67AC 		.ascii	"0.g\254g`\\\303h\301\240\253\247\247\017G\371\305\372"
 143      67605CC3 
 143      68C1A0AB 
 143      A7A70F47 
 143      F9C5FA
 144 0091 198939FA 		.ascii	"\031\2119\3729\231I\372\305%E\251\211\271\305\372y\245"
 144      399949FA 
 144      C52545A9 
 144      89B9C5FA 
 144      79A5
 145 00a3 393950B6 		.ascii	"99P\266^2\003\000\025\214Ot"
 145      5E320300 
ARM GAS  /tmp/ccww5qDb.s 			page 11


 145      158C4F74 
 146              		.text
 147              		.section	.gnu.lto_.symbol_nodes.53614395fce40ffd,"",%progbits
 148 0000 789C6365 		.ascii	"x\234ce`b\310e\000\002\246\235L\365\014\014\023\316"
 148      6062C865 
 148      0002A69D 
 148      4CF50C0C 
 148      13CE
 149 0012 313000A9 		.ascii	"10\000\251\035\013\0176\260\001\305v1\3253\242\213\355"
 149      1D0B0F36 
 149      B001C576 
 149      31D533A2 
 149      8BED
 150 0024 66AA6742 		.ascii	"f\252gB\027\333\303T\317\214.\266\217\251\236\005&\266"
 150      17DBC354 
 150      CF8C2EB6 
 150      8FA99E05 
 150      26B6
 151 0036 ABD19181 		.ascii	"\253\321\221\201\201u/\023C\213\022\003\0033\003\000"
 151      81752F13 
 151      438B1203 
 151      03330300 
 152 0046 BF821D70 		.ascii	"\277\202\035p"
 153              		.text
 154              		.section	.gnu.lto_.refs.53614395fce40ffd,"",%progbits
 155 0000 789C05C1 		.ascii	"x\234\005\301\261\001\000\000\010\303\2404\332\335\377"
 155      B1010000 
 155      08C3A034 
 155      DADDFF
 156 000f AF158A1C 		.ascii	"\257\025\212\034\220\265\331\212Q\207\007\003S\000<"
 156      90B5D98A 
 156      51870703 
 156      53003C
 157              		.text
 158              		.section	.gnu.lto_.decls.53614395fce40ffd,"",%progbits
 159 0000 789CAD56 		.ascii	"x\234\255V{LTg\026\277g\356\360\032\206\301\21014!\033"
 159      7B4C5467 
 159      16BF67EE 
 159      F01A86C1 
 159      88313421 
 160 0015 A334E11F 		.ascii	"\2434\341\037g\2446\244\233\335?l\334l\267\177X\222"
 160      67A436A4 
 160      9BDD3F6C 
 160      DC6CB77F 
 160      5892
 161 0027 15FD7732 		.ascii	"\025\375w2\216\243L30\204\271t\355\376\261\271\005y"
 161      8EA34C33 
 161      3084B974 
 161      EDFEB1B9 
 161      0579
 162 0039 D48881D2 		.ascii	"\324\210\201\322\212XQ\324\256+-\317J\261\202\326\361"
 162      8A5851D4 
 162      AE2B2DCF 
 162      4AB182D6 
 162      F1
 163 004a D941F001 		.ascii	"\331A\360\001j)\310@Q*\212\310[\024\250\262\347\373"
 163      6A29C840 
ARM GAS  /tmp/ccww5qDb.s 			page 12


 163      512A8AC8 
 163      5B14A8B2 
 163      E7FB
 164 005c BEFB9A71 		.ascii	"\276\373\232q\310f7{3g\356|\347\236s~\277\363\370\276"
 164      C866377B 
 164      3367EE7C 
 164      E79E737E 
 164      BFF3F8BE 
 165 0070 B9619C8E 		.ascii	"\271a\234\216\373\207\221\343\354:\216\353\000\216["
 165      FB8791E3 
 165      EC3A8EEB 
 165      008E5B
 166 007f C42B82E3 		.ascii	"\304+\202\343\270ZN\275\302P.\242\264\241\364\240\370"
 166      B85A4EBD 
 166      C2502EA2 
 166      B4A1F4A0 
 166      F8
 167 0090 515EA1A0 		.ascii	"Q^\241\2409\267\310\005^\371\300\354\227\243\254@iD"
 167      39B7C805 
 167      5EF9C0EC 
 167      97A3AC40 
 167      6944
 168 00a2 D9827256 		.ascii	"\331\202rVz\016R,\220\027\232\253l\011\337+\032\337"
 168      7A0E522C 
 168      90179AAB 
 168      6C09DF2B 
 168      1ADF
 169 00b4 36E90E41 		.ascii	"6\351\016A\276\247\202|\273%\337\026\215o\217t\327\005"
 169      BEA7827C 
 169      BB25DF16 
 169      8D6F8F74 
 169      D705
 170 00c6 F9B6E25A 		.ascii	"\371\266\342Z\037\302W\366\363Kw>\310\357%\256I\255"
 170      1FC257F6 
 170      F34B773E 
 170      C8EF25AE 
 170      49AD
 171 00d8 B66A7C17 		.ascii	"\266j|\027P\346PfP\246%\277Y\351\276T\315\026Q\031\216"
 171      50E65066 
 171      50A625BF 
 171      59E9BE54 
 171      CD165119 
 172 00ed F72728F7 		.ascii	"\367'(\367Q\206P\036\242\244J1H^\343(\223(c(S(\243\034"
 172      5186501E 
 172      A2A44A31 
 172      485EE328 
 172      93286328 
 173 0105 E3EC97F2 		.ascii	"\343\354\227\362\"u\271\310\275~\225\363\360\313\340"
 173      2275B9C8 
 173      BD7E95F3 
 173      F0CBE0
 174 0114 DDFCF07E 		.ascii	"\335\374\360~\350ce\003R\271\240D()\371\002\245\270"
 174      E8636503 
 174      52B9A044 
 174      2829F902 
 174      A5B8
 175 0126 3AF91933 		.ascii	":\371\0313\012r\342$C\224@C\371\2516\242\032\204\022"
ARM GAS  /tmp/ccww5qDb.s 			page 13


 175      0A72E224 
 175      43944043 
 175      F9A936A2 
 175      1A8412
 176 0139 A024B41E 		.ascii	"\240$\264\036\322\222~tl\001\312s\331V\023P\312\002"
 176      D2927E74 
 176      6C01CA73 
 176      D9561350 
 176      CA02
 177 014b 42D06217 		.ascii	"B\320b\027/g?\272w\372\210~\000\374\000\321\\\325\006"
 177      2F673FBA 
 177      77FA887E 
 177      00FC00D1 
 177      5CD506
 178 015e A0BAF62F 		.ascii	"\240\272\366/+K\201G\034\374=0w\362\317\346\032\221"
 178      2B4B8147 
 178      1CFC3D30 
 178      77F2CFE6 
 178      1A91
 179 0170 5D916FA8 		.ascii	"]\221o\250e\363\373\252\277\341\367\361\220j\000\202"
 179      65F3FBAA 
 179      BFE1F7F1 
 179      906A0082 
 180 0180 198BAAFA 		.ascii	"\031\213\252\372\3213s1LE,\276\232\033?m\344\227\323"
 180      D1337331 
 180      4C452CBE 
 180      9A1B3F6D 
 180      E497D3
 181 0193 DF9DBB1B 		.ascii	"\337\235\273\033\016\021\353\345\006\320\343r\362\372"
 181      0E11EBE5 
 181      06D0E372 
 181      F2FA
 182 01a1 C107265C 		.ascii	"\301\007&\\\2560\300\252r^\327y\356\351`$$\031N\020"
 182      AE30C0AA 
 182      725ED779 
 182      EEE96024 
 182      24194E10 
 183 01b5 10EFCD32 		.ascii	"\020\357\3152\363t\276(\352\240\021\014P\013<|\015f"
 183      F374BE28 
 183      EAA0110C 
 183      500B3C7C 
 183      0D66
 184 01c7 9262AA01 		.ascii	"\222b\252\001\277\213D1W,\311\023\243\376\302A=$@\035"
 184      BF8B4431 
 184      572CC913 
 184      A3FEC241 
 184      3D24401D 
 185 01db 2470D000 		.ascii	"$p\320\000I\004\224\330A\015*\277A%\242\034\2768\376"
 185      490494D8 
 185      410D2ABF 
 185      4125A21C 
 185      BE38FE
 186 01ee 89518FD5 		.ascii	"\211Q\217\325\247\221\266\351\211\256>\177\250:\022"
 186      A791B6E9 
 186      89AE3E7F 
 186      A83A12
 187 01fd 91139036 		.ascii	"\221\023\2206h8'0\316M\336\351Z=\237\013d\241kn\032"
ARM GAS  /tmp/ccww5qDb.s 			page 14


 187      68382730 
 187      CE4DDEE9 
 187      5A3D9F0B 
 187      64A16B6E 
 188 0212 3A685068 		.ascii	":hPh\015W\233\363\013\011\255\323\030\354;\225V\202"
 188      0D579BF3 
 188      0B09ADD3 
 188      18EC3B95 
 188      5682
 189 0224 426BE298 		.ascii	"Bk\342\230\310\307s\260>\001\326!\251f$\225 \221jBR"
 189      C8C773B0 
 189      3E01D621 
 189      A9662495 
 189      20916A42 
 190 0239 A718A9EA 		.ascii	"\247\030\251\352#'/\307\360\317\031B\305\027\027\232"
 190      23272FC7 
 190      F0CF1942 
 190      C517179A 
 191 0249 4C0AC2E2 		.ascii	"L\012\302\342\371\325\247h\342-\210\360\275\212\200"
 191      F9D5A768 
 191      E22D88F0 
 191      BD8A80
 192 0258 80A121CE 		.ascii	"\200\241!\316\204\206h\235\234\236\002\203d_\364\237"
 192      8486689D 
 192      9C9E0283 
 192      645FF49F 
 193 0268 EDBFF79D 		.ascii	"\355\277\367\235\0371\032\367(\225\205V\304\227\213"
 193      1F311AF7 
 193      28958556 
 193      C4978B
 194 0277 CBC15930 		.ascii	"\313\301Y0J=\377\314?z\303D\013\212:\370\026hE\367w"
 194      4A3DFFCC 
 194      3F7AC344 
 194      0B8A3AF8 
 194      166845F7 
 195 028c E5564551 		.ascii	"\345VEQ\345\026#\234c\272+\213\317\275\261\254\335:"
 195      E516239C 
 195      63BA2B8B 
 195      CFBDB1AC 
 195      DD3A
 196 029e 5C764D74 		.ascii	"\\vMtTF\263v/\303\345\360`\373\261\330\370\375t\244"
 196      5446B376 
 196      2FC3E5F0 
 196      60FBB1D8 
 196      F8FD74A4 
 197 02b2 F2C465AC 		.ascii	"\362\304e\254\321^\304;O\361.@<~\377\000z\006\332\335"
 197      D15EC43B 
 197      4FF12E40 
 197      3C7EFF00 
 197      7A06DADD 
 198 02c6 3A733466 		.ascii	":s4fu\225\350\365b\205\356\255{v\274@\274\205\216\033"
 198      7595E8F5 
 198      6285EEAD 
 198      7B76BC40 
 198      BC858E1B 
 199 02da A82154AB 		.ascii	"\250!T\253e\302\237\370}\022\006\000\376\005\3758\375"
 199      65C29FF8 
ARM GAS  /tmp/ccww5qDb.s 			page 15


 199      7D120600 
 199      FE05FD38 
 199      FD
 200 02eb 176135FA 		.ascii	"\027a5\372\317\225^o\012\343\213yXj$n/|6\251\323\246"
 200      CF955E6F 
 200      0AE38B79 
 200      586A246E 
 200      2F7C36A9 
 201 0301 DF1290FE 		.ascii	"\337\022\220\376\025%\375\0333\355\2631\324\031up\231"
 201      1525FD1B 
 201      33EDB331 
 201      D4197570 
 201      99
 202 0312 A57AF8C1 		.ascii	"\245z\370\301\211\363ar\372W\231\256c6\377\202n\351"
 202      89F36172 
 202      FA5799AE 
 202      6336FF82 
 202      6EE9
 203 0324 047D34C1 		.ascii	"\004}4\301\037\345\004o\015,\\1I\011\336\337\317\213"
 203      1FE5046F 
 203      0D2C5C31 
 203      4909DEDF 
 203      CF8B
 204 0336 9FA3D732 		.ascii	"\237\243\3272b\004\227\324\344.\005'\327F\223[\034\237"
 204      620497D4 
 204      E42E0527 
 204      D746935B 
 204      1C9F
 205 0348 EE37F265 		.ascii	"\3567\362e,\271\311\037\207\276\000J\245EIn\372\313"
 205      2CB9C91F 
 205      87BE004A 
 205      A545496E 
 205      FACB
 206 035a 434D0ABD 		.ascii	"CM\012\275vF/\277\270\266\334\200\355\010g[7\002UC\023"
 206      76462FBF 
 206      B8B6DC80 
 206      ED08675B 
 206      37025543 
 207 036f F3CD7AA6 		.ascii	"\363\315z\246\"\244w\241\252\262\242\257\321\304\227"
 207      22A477A1 
 207      AAB2A2AF 
 207      D1C497
 208 037e D3D0BAD1 		.ascii	"\323\320\272\321\301O\367Dj\266BJ\305\204(\256\202N"
 208      C14FF744 
 208      6AB6424A 
 208      C58428AE 
 208      824E
 209 0390 C4B9A992 		.ascii	"\304\271\251\222\014\227\346T|m\207\336\302\311\013"
 209      0C97E654 
 209      7C6D87DE 
 209      C2C90B
 210 039f 9726EF06 		.ascii	"\227&\357\006*\257\263\311\233\232\233h\322\363G\031"
 210      2AAFB3C9 
 210      9B9A9B68 
 210      D2F34719 
 211 03af C69EC1A9 		.ascii	"\306\236\301\251\227\261`H\012\031\340N\210\000\362"
 211      97B16048 
ARM GAS  /tmp/ccww5qDb.s 			page 16


 211      0A19E04E 
 211      8800F2
 212 03be AE79EB3B 		.ascii	"\256y\353;\272kn#\231.\225L'\3355d\200\366\336\276\027"
 212      BA6B6E23 
 212      992E954C 
 212      27DD3564 
 212      80F6DEBE 
 213 03d3 CE573390 		.ascii	"\316W3\220\271\021_m\264\272\343\236&\036\230'\211t"
 213      B9115F6D 
 213      B4BAE39E 
 213      261E9827 
 213      8974
 214 03e5 A3EF5DD5 		.ascii	"\243\357]\325\3676,\231\311O\2413i\030)\371\247Q\333"
 214      F7362C99 
 214      C94FA133 
 214      691829F9 
 214      A751DB
 215 03f8 F2EE8096 		.ascii	"\362\356\200\226\377L[\336!\267\274\363\362\374\254"
 215      FF4C5BDE 
 215      21B7BCF3 
 215      F2FCAC
 216 0407 5E99E9B7 		.ascii	"^\231\351\267\207\325\231FC\270\246\022\271\026\334"
 216      87D59946 
 216      43B8A612 
 216      B916DC
 217 0416 F61EDAF6 		.ascii	"\366\036\332\366z\377\261\242\030\376\011k{]\315B\203"
 217      7AFFB1A2 
 217      18FE096B 
 217      7B5DCD42 
 217      83
 218 0427 416E31EB 		.ascii	"An1\353z]\311\323\225K\223\351\243d\356\311d\006\247"
 218      7A5DC9D3 
 218      954B93E9 
 218      A364EEC9 
 218      6406A7
 219 043a 165E4449 		.ascii	"\026^DIdF\342+Do\256H\312\211V\320\2532\351\015f\342"
 219      6446E22B 
 219      446FAE48 
 219      CA8956D0 
 219      AB32E90D 
 220 0450 A74C4AF6 		.ascii	"\247LJ\366\315/D\362\343\214I\351\342Ww\242\370Wl!o"
 220      CD2F44F2 
 220      E38C49E9 
 220      E25777A2 
 220      F8576C21 
 221 0465 FAE56CD3 		.ascii	"\372\345l\323\037l\235\271\026\306\226\221\270\234X"
 221      1F6C9DB9 
 221      16C69691 
 221      B89C58
 222 0474 C8BB1CAD 		.ascii	"\310\273\034\255\335t$qu\323\335W6\335XA\213\337\304"
 222      DD742471 
 222      75D3DD57 
 222      36DD5841 
 222      8BDFC4
 223 0487 E7EA69CC 		.ascii	"\347\352i\314WW\367\014Gh\275|\001^C\212\327\335\341"
 223      5757F70C 
 223      4768BD7C 
ARM GAS  /tmp/ccww5qDb.s 			page 17


 223      015E438A 
 223      D7DDE1
 224 049a 33B3D17C 		.ascii	"3\263\321|!\363\372\264\361\361\013\223\326\353B\200"
 224      21F3FAB4 
 224      F1F10B93 
 224      D6EB4280 
 225 04aa D743C5AB 		.ascii	"\327C\305\253\256\353\3213\035_\314\274r\353f:L|%[L"
 225      AEEBD133 
 225      1D5FCCBC 
 225      72EB663A 
 225      4C7C255B 
 226 04bf FE56793A 		.ascii	"\376Vy:\212\261_\201\313\227\003%%\021\354@\253\"\377"
 226      8AB15F81 
 226      CB970325 
 226      2511EC40 
 226      AB22FF
 227 04d2 22E5879B 		.ascii	"\"\345\207\233\277\015\310\246/\000\341\211\214\020"
 227      BF0DC8A6 
 227      2F00E189 
 227      8C10
 228 04e0 716EB4D5 		.ascii	"qn\264\325g\202\304\270\304\304\244\304\304c\304\336"
 228      6782C4B8 
 228      C4C4A4C4 
 228      C463C4DE 
 229 04f0 3B50CC8F 		.ascii	";P\314\217\235(\020Kl\304\214V\374)\304\251\363\366"
 229      9D28104B 
 229      6CC48C56 
 229      FC29C4A9 
 229      F3F6
 230 0502 0B8D908C 		.ascii	"\013\215\220\214_\\)\235G\034\023=\007#\370\3741y\376"
 230      5F5C299D 
 230      471C133D 
 230      0723F8FC 
 230      3179FE
 231 0515 4872C036 		.ascii	"Hr\3006\301\004\316\3468$\302$\312\030\312\024\312("
 231      C104CEE6 
 231      3824C224 
 231      CA18CA14 
 231      CA28
 232 0527 24D2BF6C 		.ascii	"$\322\277l\006\346\003\337:R&x\020\2143\250\342hL\311"
 232      06E603DF 
 232      3A522678 
 232      108C33A8 
 232      E2684CC9 
 233 053b C1351C6C 		.ascii	"\3015\034ljQ,\331.\032+\340\361\335\200\330p\322\264"
 233      6A512CD9 
 233      2E1A2BE0 
 233      F1DD80D8 
 233      70D2B4
 234 054e A880B329 		.ascii	"\250\200\263)8P\273yRd\3705d\240z\010\302\304\336\323"
 234      3850BB79 
 234      5264F835 
 234      64A07A08 
 234      C2C4DED3 
 235 0562 2D10821E 		.ascii	"-\020\202\036\263%o\037wzk\3718\251 EK\025\204[\262"
 235      B3256F1F 
 235      777A6BF9 
ARM GAS  /tmp/ccww5qDb.s 			page 18


 235      38A92045 
 235      4B15845B 
 236 0577 1A18A2EF 		.ascii	"\032\030\242\357QA\237A\333\263i\015\036\0073r\317\370"
 236      51419F41 
 236      DBB3690D 
 236      1E073372 
 236      CFF8
 237 0589 5F1FDD2C 		.ascii	"_\037\335,\304##1\216e;[N\263}\036*\333\253\007~W\226"
 237      C4232331 
 237      8E653B5B 
 237      4EB37D1E 
 237      2ADBAB07 
 238 05a0 27620EE8 		.ascii	"'b\016\350\215;\205'V\241\352V*\235,\204\270\012\371"
 238      8D3B8527 
 238      56A1EA56 
 238      2A9D2C84 
 238      B80AF9
 239 05b3 5C6AE333 		.ascii	"\\j\3433l\343\254J\364\320\276\276f#\337C\007Q\367\263"
 239      6CE3AC4A 
 239      F4D0BEBE 
 239      6623DF43 
 239      0751F7B3 
 240 05c7 6FFFE77A 		.ascii	"o\377\347z\210K\012\025\001\346\3211T\020F\374\247\003"
 240      884B0A15 
 240      01E6D131 
 240      541046FC 
 240      A703
 241 05d9 E184F81C 		.ascii	"\341\204\370\034\032\274P\3675\311\203\375\015\325\354"
 241      1ABC50F7 
 241      35C983FD 
 241      0DD5EC
 242 05e8 BD17F037 		.ascii	"\275\027\36078\027P\217\005e\227t]\352x\254\243\347"
 242      3817508F 
 242      05659774 
 242      5DEA78AC 
 242      A3E7
 243 05fa 0DEAA403 		.ascii	"\015\352\244\003\347\207\206\257\027#\264'\316\326\225"
 243      E78786AF 
 243      1723B427 
 243      CED695
 244 0609 9A03E725 		.ascii	"\232\003\347%=p~\223\017\234\221\306\212\263\344\364"
 244      3D707E93 
 244      0F9C91C6 
 244      8AB3E4F4 
 245 0619 ABA2A7DF 		.ascii	"\253\242\247\337\037\017\326(\247\037\032\342\331\242"
 245      1F0FD628 
 245      A71F1AE2 
 245      D9A2
 246 0627 70EB0F3E 		.ascii	"p\353\017>s^\3213\247\254\270?\337\364\346q\361\026"
 246      735ED133 
 246      A7ACB83F 
 246      DFF4E671 
 246      F116
 247 0639 FA3FAC58 		.ascii	"\372?\254X\211\377\227\254y\003\314S\031\005\216j\322"
 247      89FF97AC 
 247      7903CC53 
 247      19058E6A 
ARM GAS  /tmp/ccww5qDb.s 			page 19


 247      D2
 248 064a 741CBEEA 		.ascii	"t\034\276\352\275\211~\205E\017\006\364k\216\262b\254"
 248      BD897E85 
 248      450F06F4 
 248      6B8EB262 
 248      AC
 249 065b 148B2291 		.ascii	"\024\213\"\221%}K`\257\321\242n\015y9\271\333\336k\224"
 249      257D4B60 
 249      AFD1A26E 
 249      0D7939B9 
 249      DBDE6B94 
 250 066f 8C7A0B45 		.ascii	"\214z\013E\330@\215\332d\243O\250Q\333\356\301\343r"
 250      D8408DDA 
 250      64A34FA8 
 250      51DBEEC1 
 250      E372
 251 0681 A4DE7839 		.ascii	"\244\336x9R\217l\224K\215\2747\217t\207IF]o\310F~\331"
 251      528F6C94 
 251      4B8DBC37 
 251      8F748749 
 251      465D6FC8 
 252 0698 284FB786 		.ascii	"(O\267\206\013\377[\266Spx\"\337\373`\313\252\215\311"
 252      0BFF5BB6 
 252      53707822 
 252      DFFB60CB 
 252      AA8DC9
 253 06ab C95CB8C7 		.ascii	"\311\\\270\307\371w\207UH\267\270\263\004\313\273\202"
 253      F9778755 
 253      48B7B8B3 
 253      04CBBB82 
 254 06bb DBE572DA 		.ascii	"\333\345r\332\255i\3319\216\315i[\376\364~\252u\207"
 254      AD69D939 
 254      8ECD695B 
 254      FEF47EAA 
 254      7587
 255 06cd 3BDBBA39 		.ascii	";\333\2729m\323\372\267\254\273\336I\261\246\274m\375"
 255      6DD3FAB7 
 255      ACBBDE49 
 255      B1A6BC6D 
 255      FD
 256 06de BD39D9BC 		.ascii	"\2759\331\274\316\362\356_7\245\271\335.\217\305\345"
 256      CEF2EE5F 
 256      37A5B9DD 
 256      2E8FC5E5 
 257 06ee DC66D969 		.ascii	"\334f\331i\267[l\331\031km\314}\255\303\266\315iI1\257"
 257      B75B6CD9 
 257      196B6DCC 
 257      7DADC3B6 
 257      CD694931 
 258 0703 37275B9C 		.ascii	"7'[\234\231vW\316v\207\305#l\337\356\330aN\347\242\254"
 258      997657CE 
 258      7687C523 
 258      6CDFEED8 
 258      614EE7A2 
 259 0718 D61C67A6 		.ascii	"\326\034g\246\360\216U\370\360\177\205|\015J\006\311"
 259      F08E55F8 
 259      F07F857C 
ARM GAS  /tmp/ccww5qDb.s 			page 20


 259      0D4A06C9 
 260 0728 B0D9D39D 		.ascii	"\260\331\323\235\231\016\213\025\241l9.\301*|\234\345"
 260      990E8B15 
 260      A16C392E 
 260      C12A7C9C 
 260      E5
 261 0739 F0206884 		.ascii	"\360 h\204\004i\375\277Cz>\366X\254\230\034\306G\234"
 261      0469FDBF 
 261      437A3EF6 
 261      58AC981C 
 261      C6479C
 262 074c B566B345 		.ascii	"\265f\263E\371\270=\226t\233\213\026\310#d;l\031\036"
 262      F9B83D96 
 262      749B8B16 
 262      C823643B 
 262      6C191E
 263 075f 4B668ECB 		.ascii	"Kf\216\313%\3756\333\2710\374\261\335\303g\345\010X"
 263      25FD36DB 
 263      B930FCB1 
 263      DDC367E5 
 263      0858
 264 0771 140C80E8 		.ascii	"\024\014\200\350B\204t\017\313\360\354\264\012\177\010"
 264      4284740F 
 264      CBF0ECB4 
 264      0A7F08
 265 0780 8A677767 		.ascii	"\212gwgd\2703-Y\356l\301C\310m\334\264\213\350\262\234"
 265      64B8332D 
 265      59EE6CC1 
 265      43C86DDC 
 265      B48BE8B2 
 266 0795 2E47B6C7 		.ascii	".G\266\307\362\336\306\215\026{\272\2343\277\323!\230"
 266      F2DEC68D 
 266      167BBA9C 
 266      33BFD321 
 266      98
 267 07a6 0860EAB6 		.ascii	"\010`\352\266\017\035v\341\375L\247\300\177\224!\350"
 267      0F1D76E1 
 267      FD4CA7C0 
 267      7F9421E8 
 268 07b6 0968181D 		.ascii	"\011h\030\035\202Xg\246G\260e\332\035V\367\216\035\036"
 268      825867A6 
 268      47B065DA 
 268      1D56F78E 
 268      1D1E
 269 07c8 8710F301 		.ascii	"\207\020\363\001Zo\246\364"
 269      5A6FA6F4 
 270 07d0 B66E4AFB 		.ascii	"\266nJ\373orI\347\014\252\357\277\001\206\240x\036"
 270      6F7249E7 
 270      0CAAEFBF 
 270      0186A078 
 270      1E
 271              		.text
 272              		.section	.gnu.lto_.symtab.53614395fce40ffd,"",%progbits
 273 0000 6E756C6C 		.ascii	"nullObjectInit\000"
 273      4F626A65 
 273      6374496E 
 273      697400
ARM GAS  /tmp/ccww5qDb.s 			page 21


 274 000f 00       		.ascii	"\000"
 275 0010 00       		.ascii	"\000"
 276 0011 00       		.ascii	"\000"
 277 0012 00000000 		.ascii	"\000\000\000\000\000\000\000\000"
 277      00000000 
 278 001a FE000000 		.ascii	"\376\000\000\000"
 279              		.text
 280              		.section	.gnu.lto_.opts,"",%progbits
 281 0000 272D666D 		.ascii	"'-fmath-errno' '-fsigned-zeros' '-ftrapping-math' '"
 281      6174682D 
 281      6572726E 
 281      6F272027 
 281      2D667369 
 282 0033 2D666E6F 		.ascii	"-fno-trapv' '-fno-strict-overflow' '-fno-openmp' '-"
 282      2D747261 
 282      70762720 
 282      272D666E 
 282      6F2D7374 
 283 0066 666E6F2D 		.ascii	"fno-openacc' '-mcpu=cortex-m4' '-mfloat-abi=hard' '"
 283      6F70656E 
 283      61636327 
 283      20272D6D 
 283      6370753D 
 284 0099 2D6D6670 		.ascii	"-mfpu=fpv4-sp-d16' '-mno-thumb-interwork' '-mthumb'"
 284      753D6670 
 284      76342D73 
 284      702D6431 
 284      36272027 
 285 00cc 20272D67 		.ascii	" '-ggdb' '-O0' '-ffunction-sections' '-fdata-sectio"
 285      67646227 
 285      20272D4F 
 285      30272027 
 285      2D666675 
 286 00ff 6E732720 		.ascii	"ns' '-fno-common' '-flto'\000"
 286      272D666E 
 286      6F2D636F 
 286      6D6D6F6E 
 286      2720272D 
 287              		.text
 288              		.comm	__gnu_lto_v1,1,1
 289              		.comm	__gnu_lto_slim,1,1
 290              		.ident	"GCC: (GNU Tools for ARM Embedded Processors (Build 17.03)) 6.3.1 20170215 (release) [ARM/e
ARM GAS  /tmp/ccww5qDb.s 			page 22


DEFINED SYMBOLS
                            *ABS*:0000000000000000 nullstreams.c
                            *COM*:0000000000000001 __gnu_lto_v1
                            *COM*:0000000000000001 __gnu_lto_slim

NO UNDEFINED SYMBOLS
