ARM GAS  /tmp/ccVTIx0F.s 			page 1


   1              		.cpu cortex-m4
   2              		.eabi_attribute 27, 1
   3              		.eabi_attribute 28, 1
   4              		.eabi_attribute 20, 1
   5              		.eabi_attribute 21, 1
   6              		.eabi_attribute 23, 3
   7              		.eabi_attribute 24, 1
   8              		.eabi_attribute 25, 1
   9              		.eabi_attribute 26, 1
  10              		.eabi_attribute 30, 6
  11              		.eabi_attribute 34, 1
  12              		.eabi_attribute 18, 4
  13              		.file	"nvic.c"
  14              		.text
  15              	.Ltext0:
  16              		.section	.gnu.lto_.inline.5dff9ed79f1caf95,"",%progbits
  17 0000 789C6365 		.ascii	"x\234ce`b\360f@\000\026\006\006^\036\006\006&\261\003"
  17      6062F066 
  17      40001606 
  17      065E1E06 
  17      0626B103 
  18 0014 BB19811C 		.ascii	"\273\031\201\034&\220\030#\003\007;P\210gC.L\204\211"
  18      26901823 
  18      03073B50 
  18      8867432E 
  18      4C8489
  19 0027 8115A890 		.ascii	"\201\025\250\220\211\355\200\035L\204\231\201\235\015"
  19      89ED801D 
  19      4C849981 
  19      9D0D
  20 0035 28C2F520 		.ascii	"(\302\365 \026&\302\000\000\366\350\005\301"
  20      1626C200 
  20      00F6E805 
  20      C1
  21              		.text
  22              		.section	.gnu.lto_nvicEnableVector.5dff9ed79f1caf95,"",%progbits
  23 0000 789C9593 		.ascii	"x\234\225\223\313O\023Q\024\306\357\327;}\321v &.L\210"
  23      CB4F1351 
  23      14C6EFD7 
  23      3B7DD176 
  23      20262E4C 
  24 0015 B0901036 		.ascii	"\260\220\0206\035\011\013\327\3065\033\377\003\303F"
  24      1D090BD7 
  24      C6351BFF 
  24      03C346
  25 0024 12A1040C 		.ascii	"\022\241\004\014\272ch\261\010\022M\344QJ$\003\021\005"
  25      BA6368B1 
  25      08124DE4 
  25      514A2403 
  25      1105
  26 0036 E48DA080 		.ascii	"\344\215\240\200\257R\252X\243\022\215\321\205.\214"
  26      AF52AA58 
  26      A3128DD1 
  26      852E8C
  27 0045 10950506 		.ascii	"\020\225\005\006\032\023Y\360\360\334;\205\220\014h"
  27      1A1359F0 
  27      F0DC3B85 
ARM GAS  /tmp/ccVTIx0F.s 			page 2


  27      900C68
  28 0054 98CCDCCC 		.ascii	"\230\314\334\314=\367w\316|\337\235s\355\314\306\026"
  28      3DF777CE 
  28      7CDF9D73 
  28      EDCCC616 
  29 0064 EC8C9D62 		.ascii	"\354\214\235b\214\035\245\207q\006\033\243\007\240\011"
  29      8C1DA587 
  29      71061BA3 
  29      07A009
  30 0073 588D0D35 		.ascii	"X\215\0155\270\301#\034\361\372\357\323\266\202^\235"
  30      B8C1231C 
  30      F1FAEFD3 
  30      B6825E9D 
  31 0083 AE582475 		.ascii	"\256X$uL\357\213\301\340\214E9\223\027zQ@\324\273\272"
  31      4CEF8BC1 
  31      E08C4539 
  31      93177A51 
  31      40D4BBBA 
  32 0097 D15BFC3A 		.ascii	"\321[\374:78\240\320t\355M\307\242*\2466\344\322tSo"
  32      3738A0D0 
  32      74ED4DC7 
  32      A22AA636 
  32      E4D27453 
  33 00ac 69537921 		.ascii	"iSy!\030\275G\343\255\237}\371wt=\250\307\022-\\?ap"
  33      18BD47E3 
  33      AD9F7DF9 
  33      77743DA8 
  33      C7122D5C 
  34 00c3 8E7BE054 		.ascii	"\216{\340T\020\375\310F\037\262\031\205\030\006\220"
  34      10FDC846 
  34      1FB21985 
  34      180690
  35 00d2 4FF840F0 		.ascii	"O\370@\360\307\012\347E2\265!\271\271\350L\247.\265"
  35      C70AE745 
  35      32B521B9 
  35      B9E84CA7 
  35      2EB5
  36 00e4 A65307F7 		.ascii	"\246S\007\367I\035B\276\340\277\215m\265\372\034\212"
  36      491D42BE 
  36      E0BF8D6D 
  36      B5FA1C8A 
  37 00f4 A915C370 		.ascii	"\251\025\303p\2207\017\305#\335\223\353\236\274\333"
  37      90370FC5 
  37      23DD93EB 
  37      9EBCDB
  38 0103 B2CED6A5 		.ascii	"\262\316\326\245h_\254.\327\340\022\333-#\255\215 \217"
  38      685FAC2E 
  38      D7E012DB 
  38      2D23AD8D 
  38      208F
  39 0115 E8F1ADD9 		.ascii	"\350\361\255\331!{\232~\235\012\"\330\244\333\014n\227"
  39      217B9A7E 
  39      9D0A22D8 
  39      A4DB0C6E 
  39      97
  40 0126 7851364E 		.ascii	"xQ6N\246\341Q\013<5kk\327\225}\3201\211\356U\361\266"
  40      A6E1510B 
ARM GAS  /tmp/ccVTIx0F.s 			page 3


  40      3C356B6B 
  40      D7957DD0 
  40      3189EE55 
  41 013c 5D3D58C6 		.ascii	"]=X\306\270\304\243c_\327v*'n\206\020\354\0212\034V"
  41      B8C4A363 
  41      5FD7762A 
  41      276E8610 
  41      EC11321C 
  42 0151 FCBE05FF 		.ascii	"\374\276\005\377\320\362\017|\302\202/5\357\340N+>i"
  42      D0F20F7C 
  42      C2822F35 
  42      EFE04E2B 
  42      3E69
  43 0163 D1FEF15F 		.ascii	"\321\376\361_\332\037\034N\373\303\303i\237:\234\366"
  43      DA1F1C4E 
  43      FBC3C369 
  43      9F3A9CF6 
  44 0173 69E48DBC 		.ascii	"i\344\215\274GL\337\332\256\247-\357\305\335\221&\034"
  44      474CDFDA 
  44      AEA72DEF 
  44      C5DD9126 
  44      1C
  45 0184 01B58C42 		.ascii	"\001\265\214BmO=\303\351\325\256\210\301\001\321~.\261"
  45      6D4F3DC3 
  45      E9D5AE88 
  45      C101D17E 
  45      2EB1
  46 0196 E4A6C191 		.ascii	"\344\246\301\221!\006\017\015N\237\210\251b\232)\206"
  46      21060F0D 
  46      4E9F88A9 
  46      629A2986 
  47 01a6 2C1163AC 		.ascii	",\021c\254Q\236\206k\234\216\020_F\360\367\317mU\364"
  47      519E866B 
  47      9C8E105F 
  47      46F0F7CF 
  47      6D55F4
  48 01b9 5B27ED14 		.ascii	"['\355\024\307D\367\257u\2578\014\012\364xHW1C\202\210"
  48      C744F7AF 
  48      75AF380C 
  48      0AF47848 
  48      57314382 
  49 01ce 4AD547ED 		.ascii	"J\325G\355&\305;)s\031\241\3250\314\200B\261\275\247"
  49      26C53B29 
  49      7319A1D5 
  49      30CC8042 
  49      B1BDA7
  50 01e1 CA09058F 		.ascii	"\312\011\005\217dV\274-\231#\030Zm\273\022_p\232uE\267"
  50      6456BC2D 
  50      9923185A 
  50      6DBB125F 
  50      709A7545 
  51 01f6 FF997F75 		.ascii	"\377\231\177u\325k\240\263\226Nj\327q\203\273\350\353"
  51      D56BA0B3 
  51      964E6AD7 
  51      7183BBE8 
  51      EB
  52 0207 782CBCD3 		.ascii	"x,\274\323\342\247Tj\316\253\015\351u\265:\375(7\236"
ARM GAS  /tmp/ccVTIx0F.s 			page 4


  52      E2A7546A 
  52      CEAB0DE9 
  52      75B53AFD 
  52      28379E
  53 021a C040BB14 		.ascii	"\300@\273\024M\213\203\035\221/j\341\210X\354*7x\006"
  53      4D8B831D 
  53      912F6AE1 
  53      8858EC2A 
  53      377806
  54 022d 9E42EBA4 		.ascii	"\236B\353\244\375\026{\366\014\205$\207IS\015\213iy"
  54      FD167BF6 
  54      0C852487 
  54      49530D8B 
  54      6979
  55 023f AEB48550 		.ascii	"\256\264\205P*\334\220\266\340\246\004*\225\354\231"
  55      2ADC90B6 
  55      E0A6042A 
  55      95EC99
  56 024e D9F09A8A 		.ascii	"\331\360\232\212\355\210\231\320F\270\337mB\031&\324"
  56      ED8899D0 
  56      46B8DF6D 
  56      421926D4 
  57 025e DC333CED 		.ascii	"\3343<\355\023\220\0039\2305\241\325p\322iB\342\204"
  57      13900339 
  57      9835A1D5 
  57      70D26942 
  57      E284
  58 0270 4E24E6C3 		.ascii	"N$\346\303.\263\014\020G6\245\232\336\265\264\367}\314"
  58      2EB30C10 
  58      4736A59A 
  58      DEB5B4F7 
  58      7DCC
  59 0282 BA0E30EB 		.ascii	"\272\0160\353\301\2344\013\253\331j\203{\221\020f\335"
  59      C19C340B 
  59      ABD96A83 
  59      7B911066 
  59      DD
  60 0293 D2EC7361 		.ascii	"\322\354sa\326c\232m\3341\353\263\232U\311\207\325]"
  60      D6639A6D 
  60      DC31EBB3 
  60      9A55C987 
  60      D55D
  61 02a5 A6885AEC 		.ascii	"\246\210Z\354d\231\3723\377\253\337w\240\376\027R\277"
  61      6499FA33 
  61      FFABDF77 
  61      A0FE1752 
  61      BF
  62 02b6 ED00FDF3 		.ascii	"\355\000\375\363B\277*\365\277\024\372\263\330\012\202"
  62      42BF2AF5 
  62      BF14FAB3 
  62      D80A82
  63 02c5 5DD4DAE2 		.ascii	"]\324\332\342S\262\361\033\205wJ\367\373\375\332\356"
  63      53B2F11B 
  63      85774AF7 
  63      FBFDDAEE 
  64 02d5 1DA8D2CE 		.ascii	"\035\250\322\316\237\273\240U\004*/Vi%\201\262\262@"
  64      9FBBA055 
ARM GAS  /tmp/ccVTIx0F.s 			page 5


  64      042A2F56 
  64      692581B2 
  64      B240
  65 02e7 B976FA6C 		.ascii	"\271v\372l\361\231\342\313Zyui\211\277\204\241\\\251"
  65      F199E2CB 
  65      5A797569 
  65      89BF84A1 
  65      5CA9
  66 02f9 A82C0DFC 		.ascii	"\250,\015\374\005T\203\327\274"
  66      055483D7 
  66      BC
  67              		.text
  68              		.section	.gnu.lto_nvicDisableVector.5dff9ed79f1caf95,"",%progbits
  69 0000 789C7D92 		.ascii	"x\234}\222\313OSA\024\306\347\273\247\267\224W\023\027"
  69      CB4F5341 
  69      14C6E7BB 
  69      A7B79457 
  69      1317
  70 0012 269A34C2 		.ascii	"&\2324\302BB\330\364\246\376\007\3065\033\377\003\303"
  70      4242D8F4 
  70      A6FE07C6 
  70      351BFF03 
  70      C3
  71 0023 4613698D 		.ascii	"F\023i\215\030t\307\320\226\242\0305\021hmCs!b(\362"
  71      1874C7D0 
  71      96A21835 
  71      11686D43 
  71      73216228 
  72 0038 AC1615D4 		.ascii	"\254\026\025\324\244\251D\304`\214\306\307B\027\006"
  72      A4A944C4 
  72      608CC6C7 
  72      421706
  73 0047 0C918546 		.ascii	"\014\221\205F\032\022Y zfn!$U&w&\363\370\315\371\276"
  73      1A125920 
  73      7A666E21 
  73      24552677 
  73      26F3F8CD 
  74 005d 39E79AC2 		.ascii	"9\347\232\302\020\027I\210cB\210\203\334\005\011\030"
  74      10174988 
  74      63428883 
  74      DC050918 
  75 006d 823BC00B 		.ascii	"\202;\300\013\210\016\003\035\270A\011B\241{u\326h\032"
  75      880E031D 
  75      B8410942 
  75      A17B75D6 
  75      681A
  76 007f 91DCF289 		.ascii	"\221\334\362\211\234;&\273\016\331|1IB7\214\240\211"
  76      9C3B26BB 
  76      0ED97C31 
  76      4942378C 
  76      A089
  77 0091 A937D1E9 		.ascii	"\2517\321\351\001\272N6\001.^\256\277J\255x\325\322"
  77      01BA4E36 
  77      012E5EAE 
  77      BF4AAD78 
  77      D5D2
  78 00a3 403D2F7F 		.ascii	"@=/\177\313\276\270\227\002\020<O\026\372?\3256\336"
ARM GAS  /tmp/ccVTIx0F.s 			page 6


  78      CBBEB897 
  78      02103C4F 
  78      16FA3FD5 
  78      36DE
  79 00b5 91322CF3 		.ascii	"\2212,\363K}$\217\332D\270\013\342\200\030\205\017\031"
  79      4B7D248F 
  79      DA44B80B 
  79      E2801885 
  79      0F19
  80 00c7 F8046F09 		.ascii	"\370\004o\011\214\241Q\361\313\331\355\376Z\267\313"
  80      8CA151F1 
  80      CBD9EDFE 
  80      5AB7CB
  81 00d6 11C438DC 		.ascii	"\021\3048\334l\320\344\375\304\320\314fu\303m\035g5"
  81      6CD0E4FD 
  81      C4D0CC66 
  81      75C36D1D 
  81      6735
  82 00e8 E94D66F2 		.ascii	"\351Mf\362\321z\2334\267\033G\033\234@\203\222\315~"
  82      D17A9B34 
  82      B71B471B 
  82      9C408392 
  82      CD7E
  83 00fa 59374BF8 		.ascii	"Y7K\370\374\315\010\302\303\322\260\311,\307'\313\360"
  83      FCCD08C2 
  83      C3D2B0C9 
  83      2CC727CB 
  83      F0
  84 010b 777DFBE0 		.ascii	"w}\373\340Se\370\327\336\035\334]\216Ok|\257\367\347"
  84      5365F8D7 
  84      DE1DDC5D 
  84      8E4F6B7C 
  84      AFF7E7
  85 011e A97DBC67 		.ascii	"\251}\274g\3210\365\026y\271\375\247[\346?\034^\312"
  85      D130F516 
  85      79B9FDA7 
  85      5BE63F1C 
  85      5ECA
  86 0130 BD3F5005 		.ascii	"\275?P\005N\217\213\353\304\371!\236\232.5\230<\270"
  86      4E8F8BEB 
  86      C4F9219E 
  86      9A2E3598 
  86      3CB8
  87 0142 3DEA4488 		.ascii	"=\352D\210\036]\232\253\304\365\2445\2047\276\015\254"
  87      1E5D9AAB 
  87      C4F5A435 
  87      8437BE0D 
  87      AC
  88 0153 40252ECD 		.ascii	"@%.\315\302\204\334\320\217\315\032U\032\027d!\"\275"
  88      C284DCD0 
  88      8FCD1A55 
  88      1A176421 
  88      22BD
  89 0165 B8C7626B 		.ascii	"\270\307bk\210\024cWL\207\2424\031\014.\016\317mi\320"
  89      88146357 
  89      4C87A234 
  89      190C2E0E 
ARM GAS  /tmp/ccVTIx0F.s 			page 7


  89      CF6D69D0 
  90 0179 0D13F71D 		.ascii	"\015\023\367\035h+6Z\351@.\007\352\035\236\234\255U"
  90      682B365A 
  90      E9402E07 
  90      EA1D9E9C 
  90      AD55
  91 018b 90893AE4 		.ascii	"\220\211:\344\034\350gl\261\302\201T\235r\363\0131\217"
  91      1CE8676C 
  91      B1C28154 
  91      9D72F30B 
  91      318F
  92 019d 13069881 		.ascii	"\023\006\230\201\217\2572T\210/Z\212a \336Ux]\341\030"
  92      8FAF3254 
  92      882F5A8A 
  92      6120DE55 
  92      785DE118 
  93 01b1 52F5FEB5 		.ascii	"R\365\376\265\360\362r\215\215t'\377p\203Gl\252`\333"
  93      F0F2728D 
  93      8D7427FF 
  93      7083476C 
  93      AA60DB
  94 01c4 78A012C2 		.ascii	"x\240\022\302\207\037\213\305g5\326\204\214vJN\230\007"
  94      871F8BC5 
  94      6735D684 
  94      8C764A4E 
  94      9807
  95 01d6 0F61E396 		.ascii	"\017a\343\226~.\037\216\247\022\237\275\201)u8\330n"
  95      7E2E1F8E 
  95      A7129FBD 
  95      81297538 
  95      D86E
  96 01e8 53251EC1 		.ascii	"S%\036\301\342\327\350D\316\"\300v\204NGf'\035\236\322"
  96      E2D7E844 
  96      CE22C076 
  96      844E4766 
  96      271D9ED2 
  97 01fc DB0B1B2F 		.ascii	"\333\013\033/\352Jf\376\241\356\371\217z\025\346\264"
  97      EA4A66FE 
  97      A1EEF98F 
  97      7A15E6B4 
  98 020c 3ACAD583 		.ascii	":\312\325\2036U\343\261R7\264\372\023\004\366>\264\032"
  98      3655E3B1 
  98      5237B4FA 
  98      1304F63E 
  98      B41A
  99 021e 024F39E6 		.ascii	"\002O9\346w\204\007\307\256i3\272\334=*\026\337\360"
  99      778407C7 
  99      AE6933BA 
  99      DC3D2A16 
  99      DFF0
 100 0230 FBFDD6EE 		.ascii	"\373\375\326\356\027j\263N\237:k\235\013\235\277\320"
 100      176AB34E 
 100      9F3A6B9D 
 100      0B9DBFD0 
 101 0240 66B5845A 		.ascii	"f\265\204Z[CA\353\370\311\346\023\315\227\254`\373\231"
 101      5B4341EB 
 101      F8C9E613 
ARM GAS  /tmp/ccVTIx0F.s 			page 8


 101      CD97AC60 
 101      FB99
 102 0252 167F8B40 		.ascii	"\026\177\213@\360/\001\250 `"
 102      F02F01A8 
 102      2060
 103              		.text
 104              		.section	.gnu.lto_nvicSetSystemHandlerPriority.5dff9ed79f1caf95,"",%progbits
 105 0000 789C6D52 		.ascii	"x\234mRMk\023Q\024}g\356d\0221f-\232E\027\206\320\205"
 105      4D6B1351 
 105      147D67EE 
 105      64123166 
 105      2D9A4517 
 106 0017 19832B17 		.ascii	"\031\203+\027.\304u7\376\203\022\205\026\332\244\244"
 106      2EC47537 
 106      FE831285 
 106      16DAA4A4 
 107 0027 22EEFA32 		.ascii	"\"\356\3722I\033mK\025\264M[\022&R\244\3256\246\255"
 107      491B6D4B 
 107      15B44D5B 
 107      122652A4 
 107      D536A6AD 
 108 003b 562D1649 		.ascii	"V-\026I\223\205D\024\321\205\202\270\262R\355\"\240"
 108      93854414 
 108      D18582B8 
 108      B252ED22 
 108      A0
 109 004c 21F8011A 		.ascii	"!\370\001\032\275o\022\245`\0373\217w\337=\367\314="
 109      BD6F12A5 
 109      601F338F 
 109      77DF3DF7 
 109      CC3D
 110 005e E78E4B68 		.ascii	"\347\216Kh\342\252&\304I!\204\237_\241\013p\010\015"
 110      E2AA26C4 
 110      4921849F 
 110      5FA10B70 
 110      080D
 111 0070 C43B017C 		.ascii	"\304;\001|\0051\244\021\206p\2052\204rz{]\353\234\227"
 111      0531A411 
 111      86708532 
 111      84727A7B 
 111      5DEB9C97 
 112 0084 BC4A9986 		.ascii	"\274J\231\2061\"\207\017\332\014\235!\341,\314\243\223"
 112      3122870F 
 112      DA0C9D21 
 112      E12CCCA3 
 112      93
 113 0095 512F53CB 		.ascii	"Q/S\313Y\232 \233\011t\016\277<\237\335\362\251PC\007"
 113      599A209B 
 113      09740EBF 
 113      3C9FDDF2 
 113      A9504307 
 114 00a9 87C96B8F 		.ascii	"\207\311k\2177<\024\206\340sMV\023F\360\246\224\226"
 114      373C1486 
 114      E0734D56 
 114      1346F0A6 
 114      9496
 115 00bb 2C7D9824 		.ascii	",}\230$y\304&\302m\020\023\342\026\374X\200_\360\225"
ARM GAS  /tmp/ccVTIx0F.s 			page 9


 115      79C426C2 
 115      6D1013E2 
 115      16FC5880 
 115      5FF095
 116 00ce C022820C 		.ascii	"\300\"\202\014_\264>\326\210N8\245\227\253\277\266\334"
 116      5FB43ED6 
 116      884E38A5 
 116      97ABBFB6 
 116      DC
 117 00df EDD246A6 		.ascii	"\355\322F\246]\272\264Gi\001A\205\177\277\322\234<`"
 117      5DBAB447 
 117      69014185 
 117      7FBFD29C 
 117      3C60
 118 00f1 E8737FDB 		.ascii	"\350s\177\333\305\035\030\254O5\230\271\261\366}\177"
 118      C51D18AC 
 118      4F3598B9 
 118      B1F67D7F 
 119 0101 60CEA1DA 		.ascii	"`\316\241\332\316zg\026J\251\016\233t\261\233\312\221"
 119      CE7A6716 
 119      4AA90E9B 
 119      74B19BCA 
 119      91
 120 0112 574480E1 		.ascii	"WD\200\341\253\315\315\202\253\015\377Y\267`\215K\315"
 120      ABCDCD82 
 120      AB0DFF59 
 120      B7608D4B 
 120      CD
 121 0123 2697033F 		.ascii	"&\227\003?\356\307\2616x\371?\360\303MmZ\352{@W\020"
 121      EEC7B136 
 121      78F93FF0 
 121      C34D6D5A 
 121      EA7B4057 
 122 0138 E0BE8AAF 		.ascii	"\340\276\212\257P\222\315\337iYz}x\274\3625\253y\300"
 122      5092CDDF 
 122      69597A7D 
 122      78BCF235 
 122      AB79C0
 123 014b 0A740D4A 		.ascii	"\012t\015J\002\361\321\245\253\315\200rC\210Q\307\364"
 123      02F1D1A5 
 123      ABCD8072 
 123      438851C7 
 123      F4
 124 015c 51E281D1 		.ascii	"Q\342\201\321\030\013\025\264\003\253\361\351Y\005J"
 124      180B15B4 
 124      03ABF1E9 
 124      59054A
 125 016b 5A8E6511 		.ascii	"Z\216e\021\022\353\033\327]\312z\035\362mR\372\260\312"
 125      12EB1BD7 
 125      5DCA7A1D 
 125      F26D52FA 
 125      B0CA
 126 017d 5218564F 		.ascii	"R\030VO\377p\265P\224c\202\035$?\217\264\313t\276\333"
 126      FF70B550 
 126      9463821D 
 126      243F8FB4 
 126      CB74BEDB 
ARM GAS  /tmp/ccVTIx0F.s 			page 10


 127 0191 3D43033A 		.ascii	"=C\003:\356:U\345\251\352Q\205\341\354\324p\371\205"
 127      EE3A55E5 
 127      A9EA5185 
 127      E1ECD470 
 127      F985
 128 01a3 BBC5ABBC 		.ascii	"\273\305\253\274\375\366\344\351%\257\215\\\202\377"
 128      FDF6E4E9 
 128      25AF8D5C 
 128      82FF
 129 01b1 8BFC219B 		.ascii	"\213\374!\233\334\374u\334S\256q\362M\275^\361\232\005"
 129      DCFC75DC 
 129      53AE71F2 
 129      4DBD5EF1 
 129      9A05
 130 01c3 994A4876 		.ascii	"\231JHv\325\2035\330\230vz\347\344\322l\346\235/\\T"
 130      D58335D8 
 130      98767AE7 
 130      E4D26CE6 
 130      9D2F5C54 
 131 01d7 C97CD4A6 		.ascii	"\311|\324\246}\270\0173G\206\343\312\003\204\271\035"
 131      7DB80F33 
 131      4786E3CA 
 131      0384B91D 
 132 01e7 5183957F 		.ascii	"Q\203\225\1774\341t'Z\212yl,:\024\012\231\377\236\330"
 132      34E17427 
 132      5A8A796C 
 132      2C3A140A 
 132      99FF9ED8 
 133 01fb A0D9D3DD 		.ascii	"\240\331\323\335g\016\304\342\347\007\315H\254\277?"
 133      670EC4E2 
 133      E707CD48 
 133      ACBF3F
 134 020a 16354F9D 		.ascii	"\0265O\235\351:\335u\321\214^\350\215\204\"\302\335"
 134      E93ADD75 
 134      D18C5EE8 
 134      8D8422C2 
 134      DD
 135 021b D31D3DDB 		.ascii	"\323\035=\333w.\256\017\304{c\177\000\221.\330\272"
 135      772EAE0F 
 135      C47B637F 
 135      00912ED8 
 135      BA
 136              		.text
 137              		.section	.gnu.lto_nvicClearPending.5dff9ed79f1caf95,"",%progbits
 138 0000 789C7D92 		.ascii	"x\234}\222Ak\023Q\020\307\337\177gwc0\011x\020<D\355"
 138      416B1351 
 138      10C7DF7F 
 138      67776330 
 138      0978103C 
 139 0016 C1508A90 		.ascii	"\301P\212\220%~\003\361\334\213\337@rQ\260\211X)\336"
 139      257E03F1 
 139      DC8BDF40 
 139      7251B089 
 139      5829DE
 140 0029 FA9AA489 		.ascii	"\372\232\244\211\255`\301\246\211-\206Mi\244\255\266"
 140      AD60C1A6 
 140      892D864D 
ARM GAS  /tmp/ccVTIx0F.s 			page 11


 140      69A4ADB6 
 141 0039 4DA3A9DA 		.ascii	"M\243\251\332\236\322X\260UD\024\301\203\202bA\332C"
 141      9ED258B0 
 141      554414C1 
 141      83826241 
 141      DA43
 142 004b 8B0D057B 		.ascii	"\213\015\005{\250\321y\273\265\227\210\217\335\307\233"
 142      A8D179BB 
 142      B597888F 
 142      DDC79B
 143 005a 991F33F3 		.ascii	"\231\0373\363\376\363\014\241\211\015M\210sB\210\343"
 143      FEF30CA1 
 143      890D4D88 
 143      734288E3 
 144 006a FC0B1260 		.ascii	"\374\013\022`\023\032\300\006D\257\206^\014Q\236P\317"
 144      131AC006 
 144      44AF865E 
 144      0C519E50 
 144      CF
 145 007b 7C5FD43A 		.ascii	"|_\324:&%\257Z~\311\223\226\375'l\022b\224\204\2630"
 145      2625AF5A 
 145      7EC99396 
 145      FD276C12 
 145      629484B3 
 146 0090 890EA6DE 		.ascii	"\211\016\246\336\245\346\357\323\035\262\011\320\331"
 146      A5E6EFD3 
 146      1DB209D0 
 146      D9
 147 009d DC7933B6 		.ascii	"\334y3\266\036P\246\20666\177\311l.@\021\010>\217\326"
 147      1E50A686 
 147      36367FC9 
 147      6C2E4011 
 147      083E8FD6 
 148 00b1 473EF9DB 		.ascii	"G>\371\333\037H\231\220\265\225,\31136\021\036\2028"
 148      1F489990 
 148      B5952CC9 
 148      3336111E 
 148      8238
 149 00c3 21A611C4 		.ascii	"!\246\021\304\024\202\202]\002\217\320\256\370o\225"
 149      1482825D 
 149      028FD0AE 
 149      F86F95
 150 00d2 E688DFD4 		.ascii	"\346\210\337\324\335\202\230\201\311\015\032\354\317"
 150      DD829881 
 150      C90D1AEC 
 150      CF
 151 00df 8F2FEC1D 		.ascii	"\217/\354\035\015M8y\232\205\300\350T-\325f\223\303"
 151      0D4D3879 
 151      9A85C0E8 
 151      542DD566 
 151      93C3
 152 00f1 1DE6711A 		.ascii	"\035\346q\032\234EH\225\255|\3351\016\360\225\273I$"
 152      9C454895 
 152      AD7CDD31 
 152      0EF095BB 
 152      4924
 153 0103 4A52B3C9 		.ascii	"JR\263\311h\305\347Z\361\354\177\360\262\203oU\226\013"
ARM GAS  /tmp/ccVTIx0F.s 			page 12


 153      68C5E75A 
 153      F1EC7FF0 
 153      B2836F55 
 153      960B
 154 0115 7E85B348 		.ascii	"~\205\263H\037\206\377\342f+>\337\222}uY[\225\372?s"
 154      1F86FFE2 
 154      662B3EDF 
 154      927D7559 
 154      5B95FA3F 
 155 012a 57102ABF 		.ascii	"W\020*\277GM6\177gdm\373\344\353\352\3561/X\034\235"
 155      474D367F 
 155      67646DFB 
 155      E4EBEAEE 
 155      312F581C 
 156 013f A7C4EA10 		.ascii	"\247\304\352\020\037\015]m\006o\246\251NB\014:\203\271"
 156      1F0D5D6D 
 156      066FA6A9 
 156      4E420C3A 
 156      83B9
 157 0151 4D3C4DDA 		.ascii	"M<M\332Dbw\343\313:\224l\005\226\214P\035\337\336\363"
 157      446277E3 
 157      CB3A946C 
 157      05968C50 
 157      1DDFDEF3 
 158 0165 A9C1E890 		.ascii	"\251\301\350\220\365\244\014\3401\027\333D\262\221\036"
 158      F5A40CE0 
 158      3117DB44 
 158      B2911E
 159 0174 305C8A0A 		.ascii	"0\\\212\012\2441\270VZ\332w@\023\006\236\270\320~z\300"
 159      A431B856 
 159      5ADA7740 
 159      13069EB8 
 159      D07E7AC0 
 160 0188 EB42BA0B 		.ascii	"\353B\272\013\015\227\346\026\375\0122p\032U\027\372"
 160      0D97E616 
 160      FD0A3270 
 160      1A5517FA 
 161 0198 919EF6B8 		.ascii	"\221\236\366\270\220\201\263AF\331\231hd\016zPnv\324"
 161      9081B341 
 161      46D99968 
 161      640E7A50 
 161      6E76D4
 162 01ab 736B61E5 		.ascii	"ska\345\340\034\271\376\372[\217\333\221\032\367\317"
 162      E01CB9FE 
 162      FA5B8FDB 
 162      911AF7CF 
 163 01bb 97AF6EF9 		.ascii	"\227\257n\371l\024\372X\312\342)\233<\3347\026\224\""
 163      6C14FA58 
 163      CAE2299B 
 163      3CDC3716 
 163      9422
 164 01cd 1CFCD868 		.ascii	"\034\374\330h\274\360Y\2632\325'y\326G\360\0246\356"
 164      BCF059B3 
 164      32D52779 
 164      D647F014 
 164      36EE
 165 01df 39F7E5E0 		.ascii	"9\367\345\340\314X\376s RV\301b\217M^<\203\305\327q"
ARM GAS  /tmp/ccVTIx0F.s 			page 13


 165      CC58FE73 
 165      205256C1 
 165      628F4D5E 
 165      3C83C5D7 
 166 01f4 947C8E08 		.ascii	"\224|\216\010\327\026[H\024'\206\234V\034\205\007\211"
 166      D7165B48 
 166      1427869C 
 166      561C8507 
 166      89
 167 0205 1F130B15 		.ascii	"\037\023\013\025\016\207\255\303/\336m]\276t\325\272"
 167      0E87ADC3 
 167      2FDE6D5D 
 167      BE74D5BA 
 168 0215 16BF7EA3 		.ascii	"\026\277~\243\333\212\306\273\272\3421\353\374\305\316"
 168      DB8AC6BB 
 168      BAE231EB 
 168      FCC5CE
 169 0224 0B9D37AD 		.ascii	"\013\2357\255X\317\225h8*\020\373\003s\334\360\274"
 169      58CF9568 
 169      382A10FB 
 169      0373DCF0 
 169      BC
 170              		.text
 171              		.section	.gnu.lto_.symbol_nodes.5dff9ed79f1caf95,"",%progbits
 172 0000 789C6365 		.ascii	"x\234ce`b\360b\000\002\246\235L\365\014\014\023\316"
 172      6062F062 
 172      0002A69D 
 172      4CF50C0C 
 172      13CE
 173 0012 313000A9 		.ascii	"10\000\251]\215\216@\221]L\365\214\250\"\273\231\352"
 173      5D8D8E40 
 173      915D4CF5 
 173      8CA822BB 
 173      99EA
 174 0024 995045F6 		.ascii	"\231PE\3660\3253\243\2100\000\000\323\240\022\262"
 174      30D533A3 
 174      88300000 
 174      D3A012B2 
 175              		.text
 176              		.section	.gnu.lto_.refs.5dff9ed79f1caf95,"",%progbits
 177 0000 789C6365 		.ascii	"x\234ce`b`d\000\002\000\000I\000\011"
 177      60626064 
 177      00020000 
 177      490009
 178              		.text
 179              		.section	.gnu.lto_.decls.5dff9ed79f1caf95,"",%progbits
 180 0000 789CBD58 		.ascii	"x\234\275XkPTG\026\236\276=\3000<t\221M\314.\331JY\246"
 180      6B505447 
 180      169EBE3D 
 180      C0303C74 
 180      914DCC2E 
 181 0018 A46A370C 		.ascii	"\244j7\014\346\265I\325n\255d\324\225J\231P\003\261"
 181      E6B549D5 
 181      6EAD64D4 
 181      954A9950 
 181      03B1
 182 002a F6DF14C1 		.ascii	"\366\337\024\301\311J\026!\005\343\226\376\330\332\253"
ARM GAS  /tmp/ccVTIx0F.s 			page 14


 182      C94A1621 
 182      05E396FE 
 182      D8DAAB
 183 0039 40443404 		.ascii	"@D4\004\024T@\003\202\210\212/\004AEd\020E@A\005\021"
 183      14544003 
 183      82888A2F 
 183      04414564 
 183      10454041 
 184 004f 793F0444 		.ascii	"y?\004D\034\225\207\212(\221=\375\270\314\345:c\345"
 184      1C95878A 
 184      28913DFD 
 184      B8CCE53A 
 184      63E5
 185 0061 476A6FCD 		.ascii	"Gjo\315\231;\347\366\327\247\277>\247\373\364\271\343"
 185      993BE7F6 
 185      D7A7BF3E 
 185      A7FBF4B9 
 185      E3
 186 0072 A412547F 		.ascii	"\244\022T\177}K\245: \250T\273\221J5\015\227\223J\245"
 186      7D4BA53A 
 186      20A854BB 
 186      914A350D 
 186      97934AA5 
 187 0086 3AAAB25D 		.ascii	":\252\262]j\220\263 \347A, \027T\257^\353\240\257\007"
 187      6A90B320 
 187      E7412C20 
 187      1754AF5E 
 187      EBA0AF07 
 188 009a DC578178 		.ascii	"\334W\201x\201x\203\024\221;<\367\201\373\"\220/A\346"
 188      81788314 
 188      913B3CF7 
 188      81FB2290 
 188      2F41E6
 189 00ad 81DE0EF7 		.ascii	"\201\336\016\3676\220\373 \303 \030D\200\347\256 . "
 189      3690FB20 
 189      C3201844 
 189      80E7AE20 
 189      2E20
 190 00bf 888FA7BC 		.ascii	"\210\217\247\274\376\003\015\356\016\306\220\333\227"
 190      FE030DEE 
 190      0EC690DB 
 190      97
 191 00cc EC4AE3C0 		.ascii	"\354J\343\300\324T\032\304\306@|\036\312k#4h\355\330"
 191      D4541AC4 
 191      C6407C1E 
 191      CA6B2334 
 191      68EDD8
 192 00df 3671FEC4 		.ascii	"6q\376\304v\030\374\016@\314&\261\3639\267g\341\272"
 192      7618FC0E 
 192      40CC26B1 
 192      F339B767 
 192      E1BA
 193 00f1 19CDB619 		.ascii	"\031\315\266\031\357\300\246\3047H\301\227tw\3456\355"
 193      EFC0A6C4 
 193      3748C197 
 193      7477E536 
 193      ED
ARM GAS  /tmp/ccVTIx0F.s 			page 15


 194 0102 F9781746 		.ascii	"\371x\027F=\275\315\361\316]\250\203@\020\271\030Zv"
 194      3DBDCDF1 
 194      CE5DA883 
 194      4010B918 
 194      5A76
 195 0114 11755ABA 		.ascii	"\021uZ\272H3k\027\2446\006RtRq \310l\240\324*\267h3"
 195      48336B17 
 195      A4360652 
 195      74527120 
 195      C86CA0D4 
 196 012c 42095012 		.ascii	"B\011P\022\362\036\\\245\037\201)h\246]\302\312\014"
 196      F21E5CA5 
 196      1F812968 
 196      A65DC2CA 
 196      0C
 197 013d F259203B 		.ascii	"\362Y ;\264\330\205\245\331[\267\215g\251\273Q'Bn\252"
 197      B4D885A5 
 197      D95BB78D 
 197      67A9BB51 
 197      27426EAA 
 198 0151 EC25883E 		.ascii	"\354%\210>\313\274\331\227+`\030\007~wO\036\\\356wD"
 198      CBBCD997 
 198      2B601807 
 198      7E774F1E 
 198      5CEE7744 
 199 0165 6497E68F 		.ascii	"d\227\346\2176\267u\326\034*\300I\030-\322\"2\346\034"
 199      36B775D6 
 199      1C2AC049 
 199      182DD222 
 199      32E61C
 200 0178 7874DC7A 		.ascii	"xt\334zf\322\203=\"\210\306\037\307\366\273`\037\372"
 200      66D2833D 
 200      2288C61F 
 200      C7F6BB60 
 200      1FFA
 201 018a FB46DC89 		.ascii	"\373F\334\211=\004\355\245EjPG\3533\356x\202\352\255"
 201      3D04EDA5 
 201      456A5047 
 201      EB33EE78 
 201      82EAAD
 202 019d 45EFECC2 		.ascii	"E\357\354\302Bz]\313\0055\362\325\036 \203X\246\037"
 202      427A5DCB 
 202      0535F2D5 
 202      1E208358 
 202      A61F
 203 01af 2F4AD92C 		.ascii	"/J\331,\212\002*DZt\024at\030\371\221).\"\201O\020\305"
 203      8A022A44 
 203      5A741461 
 203      7418F991 
 203      292E2281 
 204 01c6 4D6272AC 		.ascii	"Mbr\254\350\272B\205\216#\037t\014\371\250\320\011\344"
 204      E8BA4285 
 204      8E231F74 
 204      0CF9A8D0 
 204      09E4
 205 01d8 4B062538 		.ascii	"K\006%8t\004\036\026\300C\030\345\320\376\224\034g\274"
 205      74041E16 
ARM GAS  /tmp/ccVTIx0F.s 			page 16


 205      C04318E5 
 205      D0FE941C 
 205      67BC
 206 01ea 1D110642 		.ascii	"\035\021\006B\365\371\366\333j\244\365\265k\240\330"
 206      F5F9F6DB 
 206      6AA4F5B5 
 206      6BA0D8
 207 01f9 8E0146A6 		.ascii	"\216\001F\246\273`Au<!S\004dN\332\310\0007\346\207\013"
 207      BB604175 
 207      3C215304 
 207      644EDAC8 
 207      0037E687 
 208 020e 93DD73D5 		.ascii	"\223\335s\325\020a\012\370ZM\036%\346\325>\3073\317"
 208      10610AF8 
 208      5A4D1E25 
 208      E6D53EC7 
 208      33CF
 209 0220 4E21FAF0 		.ascii	"N!\372\360\322\364\204e\016\363\200@\2343ru\257\033"
 209      D2F48465 
 209      0EF38040 
 209      9C337275 
 209      AF1B
 210 0232 F3C05C50 		.ascii	"\363\300\\P\257\334\030kq\237\277\223z9V\234+\240Uo"
 210      AFDC186B 
 210      719FBF93 
 210      7A39569C 
 210      2BA0556F 
 211 0246 A0D340A4 		.ascii	"\240\323@\244\024\210\250\320\0314\037\276K\220\232"
 211      1488A8D0 
 211      19341FBE 
 211      4B909A
 212 0255 0DF9E344 		.ascii	"\015\371\343DU\225\307\202l1\333\002\374*\026\336=)"
 212      5595C782 
 212      6C31DB02 
 212      FC2A16DE 
 212      3D29
 213 0267 8A405154 		.ascii	"\212@QT\023\034:d\343\010?\341\373 \352F(\037u\301r"
 213      131C3A64 
 213      E3083FE1 
 213      FB20EA46 
 213      281F75C1 
 214 027c 388B1640 		.ascii	"8\213\026@\367\346\256\362\021\214\017\263\370\332\241"
 214      F7E6AEF2 
 214      118C0FB3 
 214      F8DAA1
 215 028b 7FF144C1 		.ascii	"\177\361D\301\317\236\016\271\224S.\347$.\375c\343\261"
 215      CF9E0EB9 
 215      94532EE7 
 215      242EFD63 
 215      E3B1
 216 029d EE9C4BE3 		.ascii	"\356\234K\343[\351\242e\223H\274\005(TfcR\246dr\236"
 216      5BE9A265 
 216      9348BC05 
 216      28546663 
 216      52A66472 
 217 02b2 32297C76 		.ascii	"2)|v?\026\343s\214\311\226\333\203'\221d\351\3673\226"
 217      3F16E373 
ARM GAS  /tmp/ccVTIx0F.s 			page 17


 217      8CC996DB 
 217      83279164 
 217      E9F73396 
 218 02c6 C89C2A6C 		.ascii	"\310\234*l\226*\224\226,\324Ry\376\256@\334\312\014"
 218      962A9496 
 218      2CD45279 
 218      FEAE40DC 
 218      CA0C
 219 02d8 8D5B939F 		.ascii	"\215[\223\237\272rC\303o\317\242Ti3T\2514t\201\032:"
 219      BA7243C3 
 219      6FCFA254 
 219      693354A9 
 219      3474811A 
 220 02ed D29C55E6 		.ascii	"\322\234U\346\316\302$\372\220\225Z\271\271\230\353"
 220      CEC224FA 
 220      90955AB9 
 220      B998EB
 221 02fc 232EA0A7 		.ascii	"#.\240\247\036\275S\212\230\236\354\015\372Ps~\206\007"
 221      1EBD538A 
 221      989EEC0D 
 221      FA50737E 
 221      8607
 222 030e 8BA3B80F 		.ascii	"\213\243\270\017\301\203\275SSqj<\314\250\364\336zy"
 222      C183BD53 
 222      53716A3C 
 222      CCA8F4DE 
 222      7A79
 223 0320 852FFB58 		.ascii	"\205/\373X'\262\015J\356mw\323&\020\317\322%H\032\244"
 223      27B20D4A 
 223      EE6D77D3 
 223      2610CFD2 
 223      25481AA4 
 224 0334 45A842B5 		.ascii	"E\250B\265dM!\235\017\252a\353w\274\2752[\353\225L\321"
 224      644D219D 
 224      0FAA61EB 
 224      77BCBD32 
 224      5BEB954C 
 225 0349 A2F88E9A 		.ascii	"\242\370\216\232\306\250\032\340\227(\274\016yI\235"
 225      C6A81AE0 
 225      9728BC0E 
 225      79499D
 226 0358 6824F2FA 		.ascii	"h$\362\372\263]9sg\320\277O\351\313\365\344\314\011"
 226      B35D3973 
 226      67D0BF4F 
 226      E9CBF5E4 
 226      CC09
 227 036a B1EB29DB 		.ascii	"\261\353)\333v\2509S\262[\223ZR\376\206\0373\236\267"
 227      76A83953 
 227      B25B935A 
 227      52FE861F 
 227      339EB7
 228 037d 0B779C70 		.ascii	"\013w\234pb\330G\004;\3722/\315\331!\317\353\022\317"
 228      62D84704 
 228      3BFA322F 
 228      CDD921CF 
 228      EB12CF
 229 0390 6B8CE7F1 		.ascii	"k\214\347\361\370\376C\032\350\355\003\251\000\311\362"
ARM GAS  /tmp/ccVTIx0F.s 			page 18


 229      F8FE431A 
 229      E8ED03A9 
 229      00C9F2
 230 039f 800FCB03 		.ascii	"\200\017\313\003\305\226\361\243j<AG\022J\212\3733\264"
 230      C596F1A3 
 230      6A3C4147 
 230      124A8AFB 
 230      33B4
 231 03b1 B2ADFEC6 		.ascii	"\262\255\376\306iQ\234\213\232abM\266\330\370\314\354"
 231      69519C8B 
 231      9A61624D 
 231      B6D8F8CC 
 231      EC
 232 03c2 F4911C11 		.ascii	"\364\221\034\021\317W\241\017|\220?l\323\233\260M}\370"
 232      CF57A10F 
 232      7C903F6C 
 232      D39BB04D 
 232      7DF8
 233 03d4 366D043A 		.ascii	"6m\004:7\370>\317:x\321\003o\304t\200\364\264\312b\317"
 233      37F83ECF 
 233      3A78D103 
 233      6FC47480 
 233      F4B4CA62 
 234 03e9 990160FB 		.ascii	"\231\001`\373\026\321\355{\033F\270e\033\241\0319\030"
 234      16D1ED7B 
 234      1B46B865 
 234      1BA11939 
 234      18
 235 03fa A2C5FE10 		.ascii	"\242\305\376\020\343\003\347J\235m\241@\324^=\264_\245"
 235      E303E74A 
 235      9D6DA140 
 235      D45E3DB4 
 235      5FA5
 236 040c 1E69A5A1 		.ascii	"\036i\245\241\270.\205\"\373H\272\325\205\270/\366\227"
 236      B82E8522 
 236      FB48BAD5 
 236      85B82FF6 
 236      97
 237 041d 59EF16E3 		.ascii	"Y\357\026\343\207]\344\326\333^g\275\244;u\013_\222"
 237      875DE4D6 
 237      DB5E67BD 
 237      A43B750B 
 237      5F92
 238 042f D924999E 		.ascii	"\331$\231\236\355\034\265\2701\275\207\270\177\322\272"
 238      ED1CB5B8 
 238      31BD87B8 
 238      7FD2BA
 239 043e BB59C303 		.ascii	"\273Y\303\003\355\011z\325\370\236Qw\274\005\263\375"
 239      ED097AD5 
 239      F89E5177 
 239      BC05B3FD 
 240 044e DE5E9EC0 		.ascii	"\336^\236\300#\375gP7\015\027f\272:\014t\257\024\350"
 240      23FD6750 
 240      370D1766 
 240      BA3A0C74 
 240      AF14E8
 241 0461 1EC6337E 		.ascii	"\036\3063~po\207\240\\\220]\000\357\244\360>\312\263"
ARM GAS  /tmp/ccVTIx0F.s 			page 19


 241      706F87A0 
 241      5C905D00 
 241      EFA4F03E 
 241      CAB3
 242 0473 57E2B9EB 		.ascii	"W\342\271\353\301\344\357\370z\224\347|/\232\363\321"
 242      C1E4EFF8 
 242      7A94E77C 
 242      2F9AF3D1 
 243 0483 B1A18A3D 		.ascii	"\261\241\212=Z\316\222$\304\252\246\314\002\027\274"
 243      5ACE9224 
 243      C4AAA6CC 
 243      0217BC
 244 0492 83B17C9C 		.ascii	"\203\261|\234\030?\301\367\015\331t-\373\006\236i\035"
 244      183FC1F7 
 244      0DD9742D 
 244      FB069E69 
 244      1D
 245 04a3 B21C9258 		.ascii	"\262\034\222X\336e,\023\367\344\354uV\262\034\000x?"
 245      DE652C13 
 245      F7E4EC75 
 245      56B21C00 
 245      783F
 246 04b5 85DFA32C 		.ascii	"\205\337\243,\207$\226\011G\222\2520\213\325/9\025\240"
 246      87249609 
 246      4792AA30 
 246      8BD52F39 
 246      15A0
 247 04c7 476D7649 		.ascii	"GmvI\372\254m9\374:\373\023%/\332\371\264\2631\361x"
 247      FAAC6D39 
 247      FC3AFB13 
 247      252FDAF9 
 247      B4B331F1 
 248 04dc 596B0A3F 		.ascii	"Yk\012?\007z\344\333\326\233o\333\215C'6c\274\233\371"
 248      077AE4DB 
 248      D69B6FDB 
 248      8D432736 
 248      63BC9BF9 
 249 04f0 617C57FC 		.ascii	"a|W\374\026\015\003\277\011jM\346\236?8t\303\250\344"
 249      160D03BF 
 249      096A4DE6 
 249      9E3F3874 
 249      C3A8E4
 250 0503 861146F3 		.ascii	"\206\021F\363|C\373iW\245\033\036\002\374\001\205\217"
 250      7C43FB69 
 250      57A51B1E 
 250      02FC0185 
 250      8F
 251 0514 519AA312 		.ascii	"Q\232\243\022\315\342\362\321<){\020\232\003\005}\271"
 251      CDE2F2D1 
 251      3C297B10 
 251      9A03057D 
 251      B9
 252 0525 5A9CC368 		.ascii	"Z\234\303h\034\266l\255\341\341\310&\261\232\316\034"
 252      1CB66CAD 
 252      E1E1C826 
 252      B19ACE1C 
 253 0535 D9EB8EF3 		.ascii	"\331\353\216\363Y\243\024H/\036\310k\367J\012\005\\"
ARM GAS  /tmp/ccVTIx0F.s 			page 20


 253      59A31448 
 253      2F1EC86B 
 253      F74A0A05 
 253      5C
 254 0546 C81A7FEE 		.ascii	"\310\032\177\356NNv\341=\311\332\354nm.t\307%\254\261"
 254      4E4E76E1 
 254      3DC9DAEC 
 254      6E6D2E74 
 254      C725ACB1 
 255 055a 64B0B65A 		.ascii	"d\260\266Z\352I\032\267\034\357\333\352\204+Xco\347"
 255      EA491AB7 
 255      1CEFDBEA 
 255      842B5863 
 255      6FE7
 256 056c DD444F7C 		.ascii	"\335DO|\221)\227\2537}\213\033\330\357+w\342\376\304"
 256      912997AB 
 256      377D8B1B 
 256      D8EF2B77 
 256      E2FEC4
 257 057f 3AC59104 		.ascii	":\305\221\004}i\177a\026f\376\313\246\313\277\25021"
 257      7D697F61 
 257      1666FECB 
 257      A6CBBFA8 
 257      3231
 258 0591 760E6EA2 		.ascii	"v\016n\242\3409U\275\371\231\032\264\220_\363\310\227"
 258      E03955BD 
 258      F9991AB4 
 258      905FF3C8 
 258      97
 259 05a2 EFC21C31 		.ascii	"\357\302\0341n\243h\271\374\302\327z3N\024\277wG\355"
 259      6EA368B9 
 259      FCC2D77A 
 259      334E14BF 
 259      7747ED
 260 05b5 C80B3540 		.ascii	"\310\0135@rH\024\346\315l;t\205\272i1\251TY\207\276"
 260      724814E6 
 260      CD6C3B74 
 260      85BA6931 
 260      A9545987 
 261 05ca 7FC1571C 		.ascii	"\177\301W\034F\367\001\375\214\243\245\260\243\211Y"
 261      46F701FD 
 261      8CA3A5B0 
 261      A38959
 262 05d9 E8584047 		.ascii	"\350X@G\244S4Y\034\033\005\206\236YYUr4\311Su\3346D"
 262      A4533459 
 262      1C1B0586 
 262      9E595955 
 262      7234C953 
 263 05f1 05FDCC6D 		.ascii	"\005\375\314mK\261\342\353J\206\036\226\241\237*\321"
 263      4BB1E2EB 
 263      4A861E96 
 263      A19F2AD1 
 264 0601 4F94BC2F 		.ascii	"O\224\274/\310x\277T\362\326)\300\2152\360\224\022\374"
 264      C878BF54 
 264      F2D629C0 
 264      8D32F094 
 264      12FC
ARM GAS  /tmp/ccVTIx0F.s 			page 21


 265 0613 42697A4C 		.ascii	"BizL\206~\254D\217\333\320)|\025.Q\253`\221\370\300"
 265      867EAC44 
 265      8FDBD029 
 265      7C152E51 
 265      AB6091F8 
 266 0628 31419A08 		.ascii	"1A\232\010\0326\027\372Q\360E\233\205\205(\036$\001"
 266      1A3617FA 
 266      51F0459B 
 266      8585281E 
 266      2401
 267 063a 24092416 		.ascii	"$\011$\026\344{\220- [A~\000I\006\331\004\262\015$N"
 267      E47B902D 
 267      205B417E 
 267      004906D9 
 267      04B20D24 
 268 064f 58482B51 		.ascii	"XH+Q\346\220\3472\207<R:\304\252t_[\004C\303\001\212"
 268      E690E732 
 268      873C523A 
 268      C4AA745F 
 268      5B0443C3 
 269 0665 2E73B474 		.ascii	".s\264t\254\242\213\257\270/\3026\307A\345\034\357\274"
 269      ACA28BAF 
 269      B82FC236 
 269      C741E51C 
 269      EFBC
 270 0677 625BC6E4 		.ascii	"b[\306\344\271\222\311\244\015\315\216\247\247\303^"
 270      B992C9A4 
 270      0DCD8EA7 
 270      A7C35E
 271 0686 1B451111 		.ascii	"\033E\021\021\224\212\037M\266I5X\275\267\213b\215?"
 271      948A1F4D 
 271      B6493558 
 271      BDB78B62 
 271      8D3F
 272 0698 C9AB50A6 		.ascii	"\311\253P\2460[R\266\205\367\225\031[\260\350_\336\352"
 272      305B52B6 
 272      85F79519 
 272      5BB0E85F 
 272      DEEA
 273 06aa BE88709A 		.ascii	"\276\210p\232\232\036\201\033\317e5\270!\337yl\214\207"
 273      9A1E811B 
 273      CF6535B8 
 273      21DF796C 
 273      8C87
 274 06bc 560D54EE 		.ascii	"V\015T\356h\007tN\021f\016@2\242\375\270\240\355\020"
 274      6807744E 
 274      11660E40 
 274      32A2FDB8 
 274      A0ED10
 275 06cf 8E5F2334 		.ascii	"\216_#4d\257&\025\216y\272'\316\224\334\224\205-e\245"
 275      64AF2615 
 275      8E79BA27 
 275      CE94DC94 
 275      852D65A5 
 276 06e3 0AEEF405 		.ascii	"\012\356\364\005\006\356\244\364\252\277\334\301\263"
 276      06EEA4F4 
 276      AABFDCC1 
ARM GAS  /tmp/ccVTIx0F.s 			page 22


 276      B3
 277 06f0 4C02D9C8 		.ascii	"L\002\331\310\323\367ZsyJ\032!\306F\247\366\226r\335"
 277      D3F75A73 
 277      794A1A21 
 277      C646A7F6 
 277      9672DD
 278 0703 5B965ABC 		.ascii	"[\226Z\274yj\231\332Z\236\356\270fI\027xv<\306\262\343"
 278      796A99DA 
 278      5A9EEEB8 
 278      66491778 
 278      763CC6B2 
 279 0718 645C690F 		.ascii	"d\\i\017Rf\307\335\340\202]\002\201g\010^R'\202>\325"
 279      5266C7DD 
 279      E0825D02 
 279      8167085E 
 279      5227823E 
 280 072d D8F2D415 		.ascii	"\330\362\324\025gQ\367\242\354\227)9n\322\211\221\360"
 280      6751F7A2 
 280      EC972939 
 280      6ED28991 
 280      F0
 281 073e 4B4E8C2D 		.ascii	"KN\214-\315\035'g\015\266Gx\315`M\203\373\342\370\371"
 281      CD1D2767 
 281      0DB64778 
 281      CD604D83 
 281      FBE2F8F9 
 282 0752 7E5D257B 		.ascii	"~]%{U\360b\257\012R\326\364\346Y\263\254\272\261\026"
 282      55F062AF 
 282      0A52D6F4 
 282      E659B3AC 
 282      BAB116
 283 0765 E1FD8CDB 		.ascii	"\341\375\214\333\205\261\023\371\274/\311\342\011\351"
 283      85B113F9 
 283      BC2FC9E2 
 283      09E9
 284 0773 63D7E738 		.ascii	"c\327\3478\364I\256\344\223\034\201\322l}v\251\315I"
 284      F449AEE4 
 284      931C81D2 
 284      6C7D76A9 
 284      CD49
 285 0785 E9936CA0 		.ascii	"\351\223l\240\231Ei\356\2474s%\232]E\351\203.\312I9"
 285      994569EE 
 285      A7347325 
 285      9A5D45E9 
 285      832ECA49 
 286 079a 446FBD74 		.ascii	"Do\275t\252\232\007\267\206\350\203/\213\352\\\360!"
 286      AA9A07B7 
 286      86E8832F 
 286      8BEA5CF0 
 286      21
 287 07ab C67AC7F6 		.ascii	"\306z\307\366gu\032|\224)\245\017\013J=\030\322B\364"
 287      67751A7C 
 287      9429A50F 
 287      0B4A3D18 
 287      D242F4
 288 07be 8CB2C775 		.ascii	"\214\262\307u\274b\321\310\232\275y\363x\301H\2363."
 288      BC62D1C8 
ARM GAS  /tmp/ccVTIx0F.s 			page 23


 288      9ABD79F3 
 288      78C1489E 
 288      332E
 289 07d0 647D134B 		.ascii	"d}\023K\232\272\324\016\347{T\232\257?\235nZy\332)O"
 289      9ABAD40E 
 289      E77B549A 
 289      AF3F9D6E 
 289      5A79DA29 
 290 07e5 E5740B60 		.ascii	"\345t\013`\002\207\351\004\216\321\011\034\225&p\354"
 290      0287E904 
 290      8ED1091C 
 290      952670EC 
 291 07f5 C9F859AD 		.ascii	"\311\370Y\255r\272\016\321\007\007\367$\3618|\002\352"
 291      72BA0ED1 
 291      0707F724 
 291      F1387C02 
 291      EA
 292 0806 EEC97DC3 		.ascii	"\356\311}\303\036\370\024#\371\340\341\324qO|\226)e"
 292      1EF81423 
 292      F9E0E1D4 
 292      714F7C96 
 292      2965
 293 0818 A5E7AAF9 		.ascii	"\245\347\252\371\354\374A-8R\331\340\206+X\333TrV\221"
 293      ECFC412D 
 293      3852D9E0 
 293      862B58DB 
 293      54725691 
 294 082c 2BBEC494 		.ascii	"+\276\304\224\314\361\316{|\365\373\222@\347\376\264"
 294      CCF1CE7B 
 294      7CF5FB92 
 294      40E7FEB4 
 295 083c DD15D7B1 		.ascii	"\335\025\327\261\266\351\344\204t\027|\215)\251\015"
 295      B6E9E484 
 295      74177C8D 
 295      29A90D
 296 084b A9B96EF8 		.ascii	"\251\271n\370&S\036\306\015\364\360\2653\037\324\027"
 296      26531EC6 
 296      0DF4F0B5 
 296      331FD417 
 297 085b 43A9ADFC 		.ascii	"C\251\255\374\355\305]V\213x\363Z\344\330\323\244]n"
 297      EDC55D56 
 297      8B78F35A 
 297      E4D8D3A4 
 297      5D6E
 298 086d B88D756D 		.ascii	"\270\215umi\215;\303\261n\240&_\351\376\207C\317VH\236"
 298      698D3BC3 
 298      B16EA026 
 298      5FE9FE87 
 298      43CF5648 
 299 0882 3DCF5652 		.ascii	"=\317VR]\315\325\037\324\312r\371\0348\253\214:\313"
 299      5DCDD51F 
 299      D4CA72F9 
 299      1C38AB8C 
 299      3ACB
 300 0894 429D5521 		.ascii	"B\235U!9+7=\366\271\223\262\374u\210.o\354X\202\273"
 300      392B373D 
 300      F6B993B2 
ARM GAS  /tmp/ccVTIx0F.s 			page 24


 300      FC75882E 
 300      6FEC5882 
 301 08a9 18C7270D 		.ascii	"\030\307'\015\035\275\010\3671%\356Jm\276\013\036d\212"
 301      1DBD08F7 
 301      3125EE4A 
 301      6DBE0B1E 
 301      648A
 302 08bb F5507D8D 		.ascii	"\365P}\2153\2662\245\177\360\371i\214G\231r\300\232"
 302      33B632A5 
 302      7FF0F969 
 302      8C479972 
 302      C09A
 303 08cd F3832B7E 		.ascii	"\363\203+~\312\373\364?l\340\376\331F6\323\213\221\222"
 303      CAFBF43F 
 303      6CE0FED9 
 303      4636D38B 
 303      9192
 304 08df 9B9247C8 		.ascii	"\233\222G\310j\033~20\255\301S\024\374\246\2658%\317"
 304      6A1B7E32 
 304      30ADC153 
 304      14FCA6B5 
 304      3825CF
 305 08f2 7D7631C1 		.ascii	"}v1\301._\020vXT?#9{\267?\252\024\274P9\244\333&Hx\322"
 305      2E5F1076 
 305      58543F23 
 305      397BB73F 
 305      AA14BC50 
 306 090d 54D05941 		.ascii	"T\320YAQ$\264E\331\212\204j\216\236I&\364h>\216\030"
 306      5124B445 
 306      D98A846A 
 306      8E9E4926 
 306      F4683E8E 
 307 0922 3A158CB7 		.ascii	":\025\214\267m`gK\036\330\336\307\321\322\206C?)m\327"
 307      6D60674B 
 307      1ED8DEC7 
 307      D1D28643 
 307      3F296DD7 
 308 0936 ADB7D93E 		.ascii	"\255\267\331>\243\264\315J\012\3118\255Wd\360SJx\221"
 308      A3B4CD4A 
 308      0AC938AD 
 308      5764F053 
 308      4A7891
 309 0949 DC782A31 		.ascii	"\334x*1\276\201\241\311&8\250D\037PRi\224\331>\255D"
 309      BE81A1C9 
 309      2638A844 
 309      1F505269 
 309      94D93EAD 
 310 095e 9728D17D 		.ascii	"\227(\321}2\247\\R\242\017\333\320\362\303\253\026\334"
 310      32A75C52 
 310      A20FDBD0 
 310      F2C3AB16 
 310      DC
 311 096f 50439B9A 		.ascii	"PC\233\232\370\311\325\005'\327M8\215\256\2024\202\264"
 311      F8C9D505 
 311      27D74D38 
 311      8DAE8234 
 311      82B4
ARM GAS  /tmp/ccVTIx0F.s 			page 25


 312 0981 83DC02E9 		.ascii	"\203\334\002\351\004\271\002\322\000r\003\244\015\344"
 312      04B902D2 
 312      007203A4 
 312      0DE4
 313 098f 1A480748 		.ascii	"\032H\007H3H/H7\310u\220\036\220z\220\333 \255 -3E\007"
 313      33482F48 
 313      37C87590 
 313      1E907A90 
 313      DB20AD20 
 314 09a7 F1416394 		.ascii	"\361Ac\224\315\007\227\355\006O6\2511\231\013N*\301"
 314      CD0797ED 
 314      064F36A9 
 314      31990B4E 
 314      2AC1
 315 09b9 27942E18 		.ascii	"'\224.\030\223\271\240J\211\316z\005\275\301\206\256"
 315      93B9A04A 
 315      89CE7A05 
 315      BDC186AE 
 316 09c9 53A2D366 		.ascii	"S\242\323f\205\216\224\261|\025\355\205U\224\311\321"
 316      858E94B1 
 316      7C15ED85 
 316      5594C9D1 
 317 09d9 D259C4DF 		.ascii	"\322Y\304\337\015\344\245&G\303\031E\013\323Y\350\235"
 317      0DE4A526 
 317      47C31945 
 317      0BD359E8 
 317      9D
 318 09ea 827215B5 		.ascii	"\202r\025\265\311\246Yj?\322r\370\260l\236\027\355\207"
 318      C9A6596A 
 318      3FD272F8 
 318      B06C9E17 
 318      ED87
 319 09fc 7A165C66 		.ascii	"z\026\\f\275\330\376\032\225\303\237\313\254_\260\357"
 319      BDD8FE1A 
 319      95C39FCB 
 319      AC5FB0EF 
 320 0a0c 45066785 		.ascii	"E\006g\205R\365#V\2145)\2131\342\265\352I^\214\035\007"
 320      52F52356 
 320      8C35298B 
 320      31E2B5EA 
 320      495E8C1D 
 321 0a21 471CE1C6 		.ascii	"G\034\341\306\244\364\217\016)\367G\243l\177\344\333"
 321      A4F48F0E 
 321      29F747A3 
 321      6C7FE4DB 
 322 0a31 DF1FB398 		.ascii	"\337\037\263\230\312&Vh\177u08\244\244\206\356\264\006"
 322      CA265668 
 322      7F753038 
 322      A4A486EE 
 322      B406
 323 0a43 35DEE444 		.ascii	"5\336\344DK\275\322\226\2424O4\317\327\336^@\375\260"
 323      4BBDD296 
 323      A2344F34 
 323      CFD7DE5E 
 323      40FDB0
 324 0a56 05FE1FDB 		.ascii	"\005\376\037\333\201\271\357\345\2443\2513\357\300\200"
 324      81B9EFE5 
ARM GAS  /tmp/ccVTIx0F.s 			page 26


 324      A433A933 
 324      EFC080
 325 0a65 7DB63AB3 		.ascii	"}\266:\263\211\326\231@{\347\325\216X\027y)xgV)8\300"
 325      89D69940 
 325      7BE7D58E 
 325      58177929 
 325      78675629 
 326 0a7b 4BC1015A 		.ascii	"K\301\001Z\012NTO\377\026o\245SD9C\365\265\374\204|"
 326      0A4E544F 
 326      FF166FA5 
 326      53443943 
 326      F5B5FC84 
 327 0a90 9BFC7BB9 		.ascii	"\233\374{\271\303\232\204X\206\036\"\031{_\375\370N"
 327      C39A8458 
 327      861E2219 
 327      7B5FFDF8 
 327      4E
 328 0aa1 2D4E67D8 		.ascii	"-Ng\330\323\345\017\336gP\362jx\343\247\214>\344\360"
 328      D3E50FDE 
 328      6750F26A 
 328      78E3A78C 
 328      3EE4F0
 329 0ab4 CCBA2F9D 		.ascii	"\314\272/\235Y\303\354\314j~V\376\334\035\347PC\352"
 329      59C3ECCC 
 329      6A7E56FE 
 329      DC1DE750 
 329      43EA
 330 0ac6 9EDCB1FB 		.ascii	"\236\334\261\373\316\310\327\007!-\310\001\351\377o"
 330      CEC8D707 
 330      212DC801 
 330      E9FF6F
 331 0ad5 157A0401 		.ascii	"\025z\004\001\265\012X\372\037=C\004\363#\377%\217\355"
 331      B50A58FA 
 331      1F3D4304 
 331      F323FF25 
 331      8FED
 332 0ae7 FD9BF400 		.ascii	"\375\233\364\000\274\376\210\2163\002Ay\010\003e\200"
 332      BCFE888E 
 332      33024179 
 332      08036580 
 333 0af7 8BC813F2 		.ascii	"\213\310\023\362V=q O#?\366\210\355!\300\335\245\001"
 333      563D7120 
 333      4F233FF6 
 333      88ED21C0 
 333      DDA501
 334 0b0a 1FA5C7DE 		.ascii	"\037\245\307\336}\351\330K\256\337\307\376\251!c$\274"
 334      7DE9D84B 
 334      AEDFC7FE 
 334      A9216324 
 334      BC
 335 0b1b 760CE2ED 		.ascii	"v\014\342\355\356\214N\255\334\366\330\353lw\016t\026"
 335      EE8C4EAD 
 335      DCF6D8EB 
 335      6C770E74 
 335      16
 336 0b2c E37773C5 		.ascii	"\343ws\305\353\026\321\322^\341\237\271\311\"\306.A"
 336      EB16D1D2 
ARM GAS  /tmp/ccVTIx0F.s 			page 27


 336      5EE19FB9 
 336      C922C62E 
 336      41
 337 0b3d E3B0D2EF 		.ascii	"\343\260\322\357A$-h\201\254\353 <\011\021T\350\261"
 337      41242D68 
 337      81ACEB20 
 337      3C091154 
 337      E8B1
 338 0b4f F0AE6A6E 		.ascii	"\360\256jn\344\277\303\303\226E\206~\035aZe\0123GEk"
 338      E4BFC3C3 
 338      9645867E 
 338      1D615A65 
 338      0A334745 
 339 0b64 FEFEC557 		.ascii	"\376\376\305W\357\350\027/Vi\215\306u\341\221\346\017"
 339      EFE8172F 
 339      56698DC6 
 339      75E191E6 
 339      0F
 340 0b75 DE379ABF 		.ascii	"\3367\232\277\325E}g\326\005\230\243\"\"\302\303\214"
 340      D5457D67 
 340      D60598A3 
 340      2222C2C3 
 340      8C
 341 0b86 21D1EB4C 		.ascii	"!\321\353L\301!_-\015\374\322\370MT\26418d%`\326\177"
 341      C1215F2D 
 341      0DFCD2F8 
 341      4D54B431 
 341      38642560 
 342 0b9c F2B1F1E3 		.ascii	"\362\261\361\343\017\215\237\372-\366\363\327\005\030"
 342      0F8D9FFA 
 342      2DF6F3D7 
 342      0518
 343 0baa 56864445 		.ascii	"V\206DEE\304\350B\243\327\276\027\312\272\275g\012\375"
 343      45C4E842 
 343      A3D7BE17 
 343      CABABD67 
 343      0AFD
 344 0bbc 3A5C171E 		.ascii	":\\\027\036\031\026\261n\265I\26764lMx\244Ig\\m\372"
 344      1916B16E 
 344      B549B736 
 344      346C4D78 
 344      A449675C 
 345 0bd2 26745D84 		.ascii	"&t]\204\331h\336\360\235)\306o\215J#\215i\374\325\307"
 345      D968DEF0 
 345      9D29C66F 
 345      8D4A238D 
 345      69FCD5C7 
 346 0be6 8CD910A3 		.ascii	"\214\331\020\2433\306\230W\303\0000\220\237\237\237"
 346      33C69857 
 346      C3003090 
 346      9F9F9F
 347 0bf5 6EE61315 		.ascii	"n\346\023\025\243[\023\032\241\373.*\332\034\243\013"
 347      A35B131A 
 347      A1FB2E2A 
 347      DA1CA30B 
 348 0c05 8B5ABB36 		.ascii	"\213Z\2736*\222\030\324\257\\\257#\376\361\013S\375"
 348      2A9218D4 
ARM GAS  /tmp/ccVTIx0F.s 			page 28


 348      AF5CAF23 
 348      FEF10B53 
 348      FD
 349 0c16 86DC9786 		.ascii	"\206\334\227\206\307\330\034\345C\236\004\233\314\301"
 349      C7D81CE5 
 349      439E049B 
 349      CCC1
 350 0c24 1B62CCA6 		.ascii	"\033b\314\246\265+B#WG\230\242\203\242\303\243\242\303"
 350      B52B4223 
 350      574798A2 
 350      83A2C3A3 
 350      A2C3
 351 0c36 CD1BA85B 		.ascii	"\315\033\250[\365\021\246\320\350 S$\214\370OW\303\262"
 351      F511A6D0 
 351      E8205324 
 351      8CF84F57 
 351      C3B2
 352 0c48 E0658655 		.ascii	"\340e\206U\313\226~$\004\006\2712\327~b4\273\360\373"
 352      CB967E24 
 352      0406B932 
 352      D77E6234 
 352      BBF0FB
 353 0c5b 4CF387EA 		.ascii	"L\363\207\352\300\200\317\0143\352\007\352@}\220M}_"
 353      C080CF0C 
 353      33EA07EA 
 353      407D904D 
 353      7D5F
 354 0c6d 1D181C64 		.ascii	"\035\030\034d\320\030\230\266\030\032\227\331\032\375"
 354      D01898B6 
 354      181A97D9 
 354      1AFD
 355 0c7b A1719941 		.ascii	"\241q\231A\035\034\022h\370\213br|J\246\365f2-\235~"
 355      1D1C1268 
 355      F88B6272 
 355      7C4AA6F5 
 355      66322D9D 
 356 0c90 657060B0 		.ascii	"ep`\260N\037\025m\322\005r\347\204\201b\014[\373!x\306"
 356      4E1F156D 
 356      D20572E7 
 356      8481620C 
 356      5BFB2178 
 357 0ca5 F58B5581 		.ascii	"\365\213U\201zc\010\004\004\014\006\030\324+W.7\340"
 357      7A630804 
 357      040C0618 
 357      D42B572E 
 357      37E0
 358 0cb7 80A506BC 		.ascii	"\200\245\006\274\024\356A\313\015\352\200\345\301\006"
 358      14EE41CB 
 358      0DEA80E5 
 358      C106
 359 0cc5 F567CB03 		.ascii	"\365g\313\003\014N\320\004\200\245D_A\276\364\360\345"
 359      0C4ED004 
 359      80A5445F 
 359      41BEF4F0 
 359      E5
 360 0cd6 14BC421F 		.ascii	"\024\274B\037l\300\301+\202\260^\017w\275\301) \320"
 360      6CC0C12B 
ARM GAS  /tmp/ccVTIx0F.s 			page 29


 360      82B05E0F 
 360      77BDC129 
 360      20D0
 361 0ce8 A037A857 		.ascii	"\2407\250W\205|i\000\306\200\320\007}\025\270\024\276"
 361      857C6900 
 361      C680D007 
 361      7D15B814 
 361      BE
 362 0cf9 03F4064D 		.ascii	"\003\364\006M\260\3763:\226\207\321\370\315\272\310"
 362      B0FE333A 
 362      9687D1F8 
 362      CDBAC8
 363 0d08 30A3D1EF 		.ascii	"0\243\321\357\323\305\376\037i$M\035\266&4\372\177)"
 363      D3C5FE1F 
 363      69244D1D 
 363      B62634FA 
 363      7F29
 364 0d1a 07EA47   		.ascii	"\007\352G"
 365              		.text
 366              		.section	.gnu.lto_.symtab.5dff9ed79f1caf95,"",%progbits
 367 0000 6E766963 		.ascii	"nvicEnableVector\000"
 367      456E6162 
 367      6C655665 
 367      63746F72 
 367      00
 368 0011 00       		.ascii	"\000"
 369 0012 00       		.ascii	"\000"
 370 0013 00       		.ascii	"\000"
 371 0014 00000000 		.ascii	"\000\000\000\000\000\000\000\000"
 371      00000000 
 372 001c BA000000 		.ascii	"\272\000\000\000"
 373 0020 6E766963 		.ascii	"nvicDisableVector\000"
 373      44697361 
 373      626C6556 
 373      6563746F 
 373      7200
 374 0032 00       		.ascii	"\000"
 375 0033 00       		.ascii	"\000"
 376 0034 00       		.ascii	"\000"
 377 0035 00000000 		.ascii	"\000\000\000\000\000\000\000\000"
 377      00000000 
 378 003d BE000000 		.ascii	"\276\000\000\000"
 379 0041 6E766963 		.ascii	"nvicSetSystemHandlerPriority\000"
 379      53657453 
 379      79737465 
 379      6D48616E 
 379      646C6572 
 380 005e 00       		.ascii	"\000"
 381 005f 00       		.ascii	"\000"
 382 0060 00       		.ascii	"\000"
 383 0061 00000000 		.ascii	"\000\000\000\000\000\000\000\000"
 383      00000000 
 384 0069 C0000000 		.ascii	"\300\000\000\000"
 385 006d 6E766963 		.ascii	"nvicClearPending\000"
 385      436C6561 
 385      7250656E 
 385      64696E67 
ARM GAS  /tmp/ccVTIx0F.s 			page 30


 385      00
 386 007e 00       		.ascii	"\000"
 387 007f 00       		.ascii	"\000"
 388 0080 00       		.ascii	"\000"
 389 0081 00000000 		.ascii	"\000\000\000\000\000\000\000\000"
 389      00000000 
 390 0089 C2000000 		.ascii	"\302\000\000\000"
 391              		.text
 392              		.section	.gnu.lto_.opts,"",%progbits
 393 0000 272D666D 		.ascii	"'-fmath-errno' '-fsigned-zeros' '-ftrapping-math' '"
 393      6174682D 
 393      6572726E 
 393      6F272027 
 393      2D667369 
 394 0033 2D666E6F 		.ascii	"-fno-trapv' '-fno-strict-overflow' '-fno-openmp' '-"
 394      2D747261 
 394      70762720 
 394      272D666E 
 394      6F2D7374 
 395 0066 666E6F2D 		.ascii	"fno-openacc' '-mcpu=cortex-m4' '-mfloat-abi=hard' '"
 395      6F70656E 
 395      61636327 
 395      20272D6D 
 395      6370753D 
 396 0099 2D6D6670 		.ascii	"-mfpu=fpv4-sp-d16' '-mno-thumb-interwork' '-mthumb'"
 396      753D6670 
 396      76342D73 
 396      702D6431 
 396      36272027 
 397 00cc 20272D67 		.ascii	" '-ggdb' '-O0' '-ffunction-sections' '-fdata-sectio"
 397      67646227 
 397      20272D4F 
 397      30272027 
 397      2D666675 
 398 00ff 6E732720 		.ascii	"ns' '-fno-common' '-flto'\000"
 398      272D666E 
 398      6F2D636F 
 398      6D6D6F6E 
 398      2720272D 
 399              		.text
 400              		.comm	__gnu_lto_v1,1,1
 401              		.comm	__gnu_lto_slim,1,1
 402              		.ident	"GCC: (GNU Tools for ARM Embedded Processors (Build 17.03)) 6.3.1 20170215 (release) [ARM/e
ARM GAS  /tmp/ccVTIx0F.s 			page 31


DEFINED SYMBOLS
                            *ABS*:0000000000000000 nvic.c
                            *COM*:0000000000000001 __gnu_lto_v1
                            *COM*:0000000000000001 __gnu_lto_slim

NO UNDEFINED SYMBOLS
