ARM GAS  /tmp/ccSiuMFL.s 			page 1


   1              		.cpu cortex-m4
   2              		.eabi_attribute 27, 1
   3              		.eabi_attribute 28, 1
   4              		.eabi_attribute 20, 1
   5              		.eabi_attribute 21, 1
   6              		.eabi_attribute 23, 3
   7              		.eabi_attribute 24, 1
   8              		.eabi_attribute 25, 1
   9              		.eabi_attribute 26, 1
  10              		.eabi_attribute 30, 6
  11              		.eabi_attribute 34, 1
  12              		.eabi_attribute 18, 4
  13              		.file	"stm32_isr.c"
  14              		.text
  15              	.Ltext0:
  16              		.section	.gnu.lto_.inline.b4867b960742ea95,"",%progbits
  17 0000 789C6365 		.ascii	"x\234ce`bhf@\000&\006\006\211k \232i\201<\003\013\210"
  17      60626866 
  17      40002606 
  17      06896B20 
  17      9A69813C 
  18 0017 CBC0C0CC 		.ascii	"\313\300\300\314\003\026'\236bd\020<\217f\006\0237H"
  18      0316279E 
  18      6264103C 
  18      8F660613 
  18      3748
  19 0029 98189201 		.ascii	"\230\030\222\001\000\263\242\004\307"
  19      00B3A204 
  19      C7
  20              		.text
  21              		.section	.gnu.lto_irqInit.b4867b960742ea95,"",%progbits
  22 0000 789C7DD1 		.ascii	"x\234}\321\275/CQ\024\000\360s\336\241_\210I\030\304"
  22      BD2F4351 
  22      1400F073 
  22      DEA15F88 
  22      4918C4
  23 0013 AC4B9FB4 		.ascii	"\254K\237\264\304\177`k\014\354\"\026\022R\351\353\320"
  23      C47F606B 
  23      0CEC2216 
  23      1252E9EB 
  23      D0
  24 0024 EDBD48AA 		.ascii	"\355\275H\252I%\305@\323\245\257,-J\025%\257\211\344"
  24      4925C540 
  24      D3A5AF2C 
  24      2D4A1525 
  24      AF89E4
  25 0037 8509A9C1 		.ascii	"\205\011\251\301\"a\242jA\354\022\345\336^!o\360N\356"
  25      2261A26A 
  25      41EC12E5 
  25      DE5E216F 
  25      F04EEE
  26 004a B9C9B9F7 		.ascii	"\271\311\271\367\374\316\035n+H0 \001\014\003@\027K"
  26      FCCE1D6E 
  26      2B483020 
  26      010C0340 
  26      174B
  27 005c 204056A2 		.ascii	" @V\242\204\310\012\004UB\025\227)Ex\026\1776$oNca\246"
ARM GAS  /tmp/ccSiuMFL.s 			page 2


  27      84C80A04 
  27      55421597 
  27      29457816 
  27      7F36246F 
  28 0074 563A17B5 		.ascii	"V:\027\265X\217N\000i\202f`\016\275\300\332\036K\215"
  28      588F4E00 
  28      69826660 
  28      0EBDC0DA 
  28      1E4B8D
  29 0087 B50E478B 		.ascii	"\265\016G\2138\307<:\370\234\342\015\232Z\343+\256\231"
  29      38C73C3A 
  29      F89CE20D 
  29      9A5AE32B 
  29      AE99
  30 0099 4F9B7832 		.ascii	"O\233x2\352\006H4\331\022\261\267\350\005c\331b\206"
  30      EA064834 
  30      D912B1B7 
  30      E80563D9 
  30      6286
  31 00ab 78339F60 		.ascii	"x3\237`\030\257\367N\365Ss\351\204ib\034\267P\345\027"
  31      18AFF74E 
  31      F55373E9 
  31      8469621C 
  31      B750E517 
  32 00bf F5FC79CD 		.ascii	"\365\374y\315\223$\235$6u\033{y\352D\300}\251\357\177"
  32      93249D24 
  32      36751B7B 
  32      79EA44C0 
  32      7DA9EF7F 
  33 00d3 BE23F8C5 		.ascii	"\276#\370\305e*\337.\270\023\013V^\266\341\273\202'"
  33      652ADF2E 
  33      B8130B56 
  33      5EB6E1BB 
  33      8227
  34 00e5 3E6E932E 		.ascii	">n\223.\301]\270g\345\206\015/\012\276^]\2558\004w\343"
  34      C15DB867 
  34      E5860D2F 
  34      0ABE5E5D 
  34      AD380477 
  35 00fa BE959FDA 		.ascii	"\276\225\237\332\360\222\340\325\215\302\365\017\367"
  35      F092E0D5 
  35      8DC2F50F 
  35      F7
  36 0107 E081953F 		.ascii	"\340\201\225?\330\360C\301k\351z\245M\360n<\262\362"
  36      D8F043C1 
  36      6BE97AA5 
  36      4DF06E3C 
  36      B2F2
  37 0119 BA0D2F0B 		.ascii	"\272\015/\013^\2762\357\234\202\367\343\361\037\177"
  37      5EBE32EF 
  37      9C82F7E3 
  37      F11F7F
  38 0128 C385EC7B 		.ascii	"\303\205\354{\006\233\236G\202#\366\245C>\237\374\273"
  38      069B9E47 
  38      8223F6A5 
  38      433E9FFC 
  38      BB
ARM GAS  /tmp/ccSiuMFL.s 			page 3


  39 0139 428A3C3D 		.ascii	"B\212<=9+\317\207\302\021E\036\033\017\006\374b\037"
  39      392BCF87 
  39      C211451E 
  39      1B0F06FC 
  39      621F
  40 014b 198C4665 		.ascii	"\031\214Fe%2\027\360O\314(a\337\024|\003\347\367\267"
  40      253217F0 
  40      4FCC2861 
  40      DF147C03 
  40      E7F7B7
  41 015e D7       		.ascii	"\327"
  42              		.text
  43              		.section	.gnu.lto_irqDeinit.b4867b960742ea95,"",%progbits
  44 0000 789C7DD1 		.ascii	"x\234}\321\315/\003A\024\000\360\367v\350\027\342B8"
  44      CD2F0341 
  44      1400F0F7 
  44      76E817E2 
  44      4238
  45 0012 485CF5D2 		.ascii	"H\\\365\322MZ\342?pk\034\270\213\270\220\220J\267\207"
  45      4D5AE23F 
  45      706B1CB8 
  45      8BB89090 
  45      4AB787
  46 0025 DE762368 		.ascii	"\336v#hRI\305\201\246\247-\227\026\245\212\222m\"\331"
  46      5249C581 
  46      A6A72D97 
  46      16A58A92 
  46      6D22D9
  47 0038 7042EA20 		.ascii	"pB\352 \022\011'\232J\204\336$\022\242\314\364\211="
  47      1209279A 
  47      4A84DE24 
  47      12A2CCF4 
  47      893D
  48 004a D9979949 		.ascii	"\331\227\231I\336\233\367{s\230f\220\240C\002\030\004"
  48      DE9BF77B 
  48      73986690 
  48      A0430218 
  48      04
  49 005b 804EBE81 		.ascii	"\200N\276\201\001\362\024%D\236 \250\022\252\270\314"
  49      01F21425 
  49      449E20A8 
  49      12AAB8CC 
  50 006b 920C4F63 		.ascii	"\222\014OcO\206\344\315h<\314\344M\373\242\266\320\255"
  50      4F86E4CD 
  50      683CCCE4 
  50      4DFBA2B6 
  50      D0AD
  51 007d 33801483 		.ascii	"3\200\024\203F`\006\275\300\333\036\013\365\3256G\023"
  51      466006BD 
  51      C0DB1E0B 
  51      F5D53647 
  51      13
  52 008e D5318B0E 		.ascii	"\3251\213\0161'\177\215\246V\377\216i\346\333\006~\016"
  52      31277F8D 
  52      A656FF8E 
  52      69E6DB06 
  52      7E0E
ARM GAS  /tmp/ccSiuMFL.s 			page 4


  53 00a0 BB01E20D 		.ascii	"\273\001\342\015\266\304\370[\354\005\347\323\307:\023"
  53      B6C4F85B 
  53      EC05E7D3 
  53      C73A13
  54 00af CD628261 		.ascii	"\315b\202a\274\336;\325/\315\305K)\3069n\242*.\252\331"
  54      BCDE3BD5 
  54      2FCDC54B 
  54      29C6396E 
  54      A22A2EAA 
  55 00c4 B38A27C1 		.ascii	"\263\212'\301t&\361\251[\330\2433\006\302\032\275\377"
  55      7426F1A9 
  55      5BD8A333 
  55      06C21ABD 
  55      FF
  56 00d5 D36DA2E7 		.ascii	"\323m\242\347\027\311l+Q'\346,zbCw\210\306?n\023.\242"
  56      17C96C2B 
  56      5127E62C 
  56      7A624377 
  56      88C63F6E 
  57 00ec 2EDCB5E8 		.ascii	".\334\265\350\203\015\315\023]+\257\224\034D\335\270"
  57      830DCD13 
  57      5D2BAF94 
  57      1C44DDB8 
  58 00fc 67D1AA0D 		.ascii	"g\321\252\015-\020-\257\347\256~\251\007\367-\372lC"
  58      2D102DAF 
  58      E7AE7EA9 
  58      07F72DFA 
  58      6C43
  59 010e 0F885652 		.ascii	"\017\210VR\325R\013\321.<\264h\315\206\026\211\026/"
  59      D5520BD1 
  59      2E3CB468 
  59      CD861689 
  59      162F
  60 0120 CD3B27D1 		.ascii	"\315;'\321><\"Z\303\271\364\273\216\015+\".\000\377"
  60      3E3C225A 
  60      C3B9F4BB 
  60      8E0D2B22 
  60      2E00FF
  61 0133 B6019F4F 		.ascii	"\266\001\237O\376[!E\236\034\237\226gC\341\210\"\217"
  61      FE5B2145 
  61      9E1C9F96 
  61      6743E188 
  61      228F
  62 0145 8C06037E 		.ascii	"\214\006\003~:\207\372\243QY\211\314\004\374cSJ\330"
  62      3A87FAA3 
  62      515989CC 
  62      04FC6353 
  62      4AD8
  63 0157 37013F6A 		.ascii	"7\001?j\232\263\\"
  63      9AB35C
  64              		.text
  65              		.section	.gnu.lto_.symbol_nodes.b4867b960742ea95,"",%progbits
  66 0000 789C55CC 		.ascii	"x\234U\314\301\011\2000\014\205\341\327\024\367\322"
  66      C1098030 
  66      0C85E1D7 
  66      14F7D2
  67 000f C952A103 		.ascii	"\311R\241\0038D\207\320\3521ggP\350\034bj#h.\037\374"
ARM GAS  /tmp/ccSiuMFL.s 			page 5


  67      384487D0 
  67      EA316767 
  67      50E81C62 
  67      6A23682E 
  68 0025 21E94098 		.ascii	"!\351@\230\241C\01310\355\200\222\307AK&v\277\342Vb"
  68      A1430B31 
  68      30ED8092 
  68      C7414B26 
  68      76BFE256 
  69 003a 7A0A1042 		.ascii	"z\012\020B\257a#\366\337\340\365]:\256\241*f1\343\331"
  69      AF6123F6 
  69      DFE0F55D 
  69      3AAEA12A 
  69      6631E3D9 
  70 004e 4CA698A5 		.ascii	"L\246\230\245\352|\273S\305,f|\367\246\230\365\0167"
  70      EA7CBB53 
  70      C52C667C 
  70      F7A698F5 
  70      0E37
  71 0060 359339EE 		.ascii	"5\2239\356"
  72              		.text
  73              		.section	.gnu.lto_.refs.b4867b960742ea95,"",%progbits
  74 0000 789C6365 		.ascii	"x\234ce`b`d\000\002\000\000I\000\011"
  74      60626064 
  74      00020000 
  74      490009
  75              		.text
  76              		.section	.gnu.lto_.decls.b4867b960742ea95,"",%progbits
  77 0000 789CAD52 		.ascii	"x\234\255R]L\024W\024\276g\356\2508\"\242i\2146>\020"
  77      5D4C1457 
  77      14BE67EE 
  77      A83822A2 
  77      698C363E 
  78 0015 5EE4C519 		.ascii	"^\344\305\031A4\366\305hD[\036h\223\202\274\231\311"
  78      4134F6C5 
  78      68445B1E 
  78      689382BC 
  78      99C9
  79 0027 B28C61CC 		.ascii	"\262\214a\314\356\016\356\014\006_\314\010%1\326h\333"
  79      EE0EEE0C 
  79      065FCC08 
  79      2531D668 
  79      DB
  80 0038 879A6DB1 		.ascii	"\207\232m\261%\355\266\212 \254\370\013*\254+\030\261"
  80      25EDB68A 
  80      20ACF80B 
  80      2AAC2B18 
  80      B1
  81 0049 F541226A 		.ascii	"\365A\"j\374am5j\"\017\212M+$\206\236{gvg\261\313[o"
  81      FC616D35 
  81      6A220F8A 
  81      4D2B2486 
  81      9E7B6776 
  82 0062 E6DC3BF7 		.ascii	"\346\334;\367\334\357|\347\273\347\3349D {EB\232\201"
  82      DCEF7CE7 
  82      BBE7DC39 
  82      44207B45 
ARM GAS  /tmp/ccSiuMFL.s 			page 6


  82      429A81
  83 0075 90282164 		.ascii	"\220(!d\032\007\305\365$\361\006\036\223.\264\030\332"
  83      1A07C5F5 
  83      24F1061E 
  83      932EB418 
  83      DA
  84 0086 00DA55F2 		.ascii	"\000\332U\362\337\261\035\034\\5\332 Z\037Z\277{&\270"
  84      DFB11D1C 
  84      5C35DA20 
  84      5A1F5ABF 
  84      7B26B8
  85 0099 F10359E2 		.ascii	"\361\003Y\342|\031qCn\\\"#.6K\276#\024\036\3771\332"
  85      7C197143 
  85      6E5C2223 
  85      2E364BBE 
  85      23141EFF 
  86 00af 32770C1E 		.ascii	"2w\014\036\"\003\0016p\231\011\002\367B|\260cH\363z"
  86      22030136 
  86      70990902 
  86      F7427CB0 
  86      6348F37A 
  87 00c3 50782F88 		.ascii	"Px/\210\270@\264\231\300\324i&\243G\302\005p\021\231"
  87      B840B499 
  87      C0D46926 
  87      A347C205 
  87      701199
  88 00d6 11EE967F 		.ascii	"\021\356\226\177\202\263\201\364y\012\233A\350\336\002"
  88      82B381F4 
  88      790A9B41 
  88      E8DE02
  89 00e5 B2C87206 		.ascii	"\262\310r\006M\335~\374\340\233\037\305$<\002X@\332"
  89      4DDD7EFC 
  89      E09B1FC5 
  89      243C0258 
  89      40DA
  90 00f7 3602F77D 		.ascii	"6\002\367}\371r\3520P\314\203\377\311\311\343[\345N"
  90      F972EA30 
  90      50CC83FF 
  90      C9C9E35B 
  90      E54E
  91 0109 DB19391F 		.ascii	"\333\0319\037ze\033\232\376'\276\350\020\205%\022\010"
  91      7A651B9A 
  91      FE27BEE8 
  91      10852512 
  91      08
  92 011a B81D79F5 		.ascii	"\270\035y\365\373\321\005\270\375@\202|\334\276\335"
  92      FBD105B8 
  92      FD40827C 
  92      DCBEDD
  93 0129 377A455A 		.ascii	"7zEZ\366-\217j\266\363\005\250^\012\235\260\002:`\005"
  93      F62D8F6A 
  93      B6F305A8 
  93      5E0A9DB0 
  93      023A6005 
  94 013d 6A3A09CB 		.ascii	"j:\011\313p\256\021\035\246\366\256\326V\251\260\315"
  94      70AE111D 
  94      A6F6AED6 
ARM GAS  /tmp/ccSiuMFL.s 			page 7


  94      56A9B0CD 
  95 014d 6E8BDBF1 		.ascii	"n\213\333\361dS\311\223\036\333n\3010\221\301\240\035"
  95      6453C993 
  95      1EDB6EC1 
  95      3091C1A0 
  95      1D
  96 015e 289C0099 		.ascii	"(\234\000\231]\021\177q>\016I\200c0\206\267\353\202"
  96      5D117F71 
  96      3E0E4980 
  96      633086B7 
  96      EB82
  97 0170 420C7FF1 		.ascii	"B\014\177\361\364\357\277$Z\316\325>{~f|\216K5\262!"
  97      F4EFBF24 
  97      5ACED53E 
  97      7B7E667C 
  97      8E4B35B2 
  98 0185 62C79B90 		.ascii	"b\307\233\220H\340D\335\036Q\367\373D1N\364\375\355"
  98      48E044DD 
  98      1E51F7FB 
  98      44314EF4 
  98      FDED
  99 0197 3F7F1668 		.ascii	"?\177\026h%'zt\275\275\203\342uVJ\300*\272\010]\335"
  99      25277A74 
  99      BDBD83E2 
  99      75564AC0 
  99      2ABA085D 
 100 01ac E3BD930B 		.ascii	"\343\275\223\013\035\027C\214\034\236\210\316\243\265"
 100      1D17438C 
 100      1C9E88CE 
 100      A3B5
 101 01ba FCFFD617 		.ascii	"\374\377\326\027\261V\352\324B\304\355\353\233\337="
 101      B156EAD4 
 101      42C4EDEB 
 101      9BDF3D
 102 01c9 C9736A51 		.ascii	"\311sjQp\204\012\221\033w\023\"\024I\277\262b\304\247"
 102      70840A91 
 102      1B771322 
 102      1449BFB2 
 102      62C4A7
 103 01dc 8F6E884C 		.ascii	"\217n\210L\330v\001\\\000\011\316x\242VJ8\357\267\355"
 103      D876015C 
 103      0009CE78 
 103      A2564A38 
 103      EFB7ED
 104 01ef 26FBAB66 		.ascii	"&\373\253f{\376'\004\316a\271\316b\271\340<\024\261"
 104      7BFE2704 
 104      CE61B9CE 
 104      62B9E03C 
 104      14B1
 105 0201 A40C07A7 		.ascii	"\244\014\007\247\321\331\203NV\266\350\327?\315\245"
 105      D1D9834E 
 105      56B6E8D7 
 105      3FCDA5
 106 0210 F7812910 		.ascii	"\367\201)\020\256\365?\270'\202T\224\225\340b\026\002"
 106      AEF53FB8 
 106      27825494 
 106      95E06216 
ARM GAS  /tmp/ccSiuMFL.s 			page 8


 106      02
 107 0221 474CF252 		.ascii	"GL\362R\341\265\026V\241>\024\323\353\211AmNo\022\223"
 107      E1B51656 
 107      A13E14D3 
 107      EB89416D 
 107      4E6F1293 
 108 0235 C97C11DF 		.ascii	"\311|\021\337/\007`\303\320u\340\227\341)\232\366]\002"
 108      2F0760C3 
 108      D075E097 
 108      E1299AF6 
 108      5D02
 109 0247 EEFCEDD6 		.ascii	"\356\374\355\326\304\335\334Y\373\335\317\373}\031\334"
 109      C4DDDC59 
 109      FBDDCFFB 
 109      7D19DC
 110 0256 86779EBF 		.ascii	"\206w\236\277~'\017\273\364\230)\270\267>\022{j\357"
 110      7E270FBB 
 110      F49829B8 
 110      B73E127B 
 110      6AEF
 111 0268 97380A4E 		.ascii	"\2278\012Ny\032N\201\363Ha\200wgt\354\362+J'\234W\231"
 111      791A4E81 
 111      F3486180 
 111      776774EC 
 111      F22B4A27 
 112 027f 45D660AC 		.ascii	"E\326`\254\343]\336\254\012\022\\\301\225\224\2027\321"
 112      E35DDEAC 
 112      0A125CC1 
 112      95948237 
 112      D1
 113 0290 E7ADD455 		.ascii	"\347\255\324U0\265<b'\004\206\200\270\227=\236\312~"
 113      30B53C62 
 113      27048680 
 113      B8973D9E 
 113      CA7E
 114 02a2 95671F7F 		.ascii	"\225g\037\177\3303,\346\036HW\227\213M\025\230\300 "
 114      D8332CE6 
 114      1E485797 
 114      8B4D1598 
 114      C020
 115 02b4 E47230AE 		.ascii	"\344r0\256\010\376\341\233\350\302Llb\006v\310\305\262"
 115      08FEE19B 
 115      E8C24C6C 
 115      620676C8 
 115      C5B2
 116 02c6 759E1EDE 		.ascii	"u\236\036\336U\036\322\255\234\217?\335V\260\271\270"
 116      551ED2AD 
 116      9C8F3FDD 
 116      56B0B9B8 
 117 02d6 98AC9565 		.ascii	"\230\254\225e%\375\031\246R\347\013(\365F\3302\225\312"
 117      25FD19A6 
 117      52E70B28 
 117      F546D832 
 117      95CA
 118 02e8 AA8A3525 		.ascii	"\252\2125%\316\274\265\264\261Q1\255\340\232\022U7\303"
 118      CEBCB5B4 
 118      B15131AD 
ARM GAS  /tmp/ccSiuMFL.s 			page 9


 118      E09A1255 
 118      37C3
 119 02fa B29FCC47 		.ascii	"\262\237\314G\2322MG\242\374\320n\335\277%\344\253\011"
 119      9A324D47 
 119      A2FCD06E 
 119      DDBF25E4 
 119      AB09
 120 030c 68D59ADF 		.ascii	"h\325\232\3372\302\222\2526\350!\013\241\326N\305\250"
 120      32C292AA 
 120      36E8210B 
 120      A1D64EC5 
 120      A8
 121 031d B7944D96 		.ascii	"\267\224M\226\021\010\350~\265*\334\240UVm++\377L\335"
 121      1108E87E 
 121      B52ADCA0 
 121      55566D2B 
 121      2BFF4CDD 
 122 0331 6184554E 		.ascii	"a\204UN\2546\256_\247\256+U?\222\213\345\325\312\246"
 122      AC36AE5F 
 122      A7AE2B55 
 122      3F928BE5 
 122      D5CAA6
 123 0344 CF2BAA0C 		.ascii	"\317+\252\014#`*\276pp\225\317\011[\245\371jtE\017\371"
 123      23602ABE 
 123      707095CF 
 123      095BA5F9 
 123      6A74450F 
 124 0359 030DB59A 		.ascii	"\003\015\265\232\022\364\371\353\364\220\246\250\265"
 124      12F4F9EB 
 124      F490A6A8 
 124      B5
 125 0366 DA0E5F43 		.ascii	"\332\016_C\300R\255=\365\232)\327\221\234TN\365\177"
 125      C052AD3D 
 125      F59A29D7 
 125      919C544E 
 125      F57F
 126 0378 CF69EE31 		.ascii	"\317i\3561\025\325\264j1\001&\222g\255\227\337\010\006"
 126      15D5B46A 
 126      31012692 
 126      67AD97DF 
 126      0806
 127 038a 8D1023DC 		.ascii	"\215\020#\334\\\321\250\260\262 |1[\313t\323\253\317"
 127      5CD1A8B0 
 127      B2207C31 
 127      5BCB74D3 
 127      ABCF
 128 039c BF2484BA 		.ascii	"\277$\204\272_"
 128      5F
 129              		.text
 130              		.section	.gnu.lto_.symtab.b4867b960742ea95,"",%progbits
 131 0000 69727149 		.ascii	"irqInit\000"
 131      6E697400 
 132 0008 00       		.ascii	"\000"
 133 0009 00       		.ascii	"\000"
 134 000a 00       		.ascii	"\000"
 135 000b 00000000 		.ascii	"\000\000\000\000\000\000\000\000"
 135      00000000 
ARM GAS  /tmp/ccSiuMFL.s 			page 10


 136 0013 AE000000 		.ascii	"\256\000\000\000"
 137 0017 69727144 		.ascii	"irqDeinit\000"
 137      65696E69 
 137      7400
 138 0021 00       		.ascii	"\000"
 139 0022 00       		.ascii	"\000"
 140 0023 00       		.ascii	"\000"
 141 0024 00000000 		.ascii	"\000\000\000\000\000\000\000\000"
 141      00000000 
 142 002c B0000000 		.ascii	"\260\000\000\000"
 143 0030 6E766963 		.ascii	"nvicEnableVector\000"
 143      456E6162 
 143      6C655665 
 143      63746F72 
 143      00
 144 0041 00       		.ascii	"\000"
 145 0042 02       		.ascii	"\002"
 146 0043 00       		.ascii	"\000"
 147 0044 00000000 		.ascii	"\000\000\000\000\000\000\000\000"
 147      00000000 
 148 004c BF000000 		.ascii	"\277\000\000\000"
 149 0050 6E766963 		.ascii	"nvicDisableVector\000"
 149      44697361 
 149      626C6556 
 149      6563746F 
 149      7200
 150 0062 00       		.ascii	"\000"
 151 0063 02       		.ascii	"\002"
 152 0064 00       		.ascii	"\000"
 153 0065 00000000 		.ascii	"\000\000\000\000\000\000\000\000"
 153      00000000 
 154 006d C3000000 		.ascii	"\303\000\000\000"
 155              		.text
 156              		.section	.gnu.lto_.opts,"",%progbits
 157 0000 272D666D 		.ascii	"'-fmath-errno' '-fsigned-zeros' '-ftrapping-math' '"
 157      6174682D 
 157      6572726E 
 157      6F272027 
 157      2D667369 
 158 0033 2D666E6F 		.ascii	"-fno-trapv' '-fno-strict-overflow' '-fno-openmp' '-"
 158      2D747261 
 158      70762720 
 158      272D666E 
 158      6F2D7374 
 159 0066 666E6F2D 		.ascii	"fno-openacc' '-mcpu=cortex-m4' '-mfloat-abi=hard' '"
 159      6F70656E 
 159      61636327 
 159      20272D6D 
 159      6370753D 
 160 0099 2D6D6670 		.ascii	"-mfpu=fpv4-sp-d16' '-mno-thumb-interwork' '-mthumb'"
 160      753D6670 
 160      76342D73 
 160      702D6431 
 160      36272027 
 161 00cc 20272D67 		.ascii	" '-ggdb' '-O0' '-ffunction-sections' '-fdata-sectio"
 161      67646227 
 161      20272D4F 
ARM GAS  /tmp/ccSiuMFL.s 			page 11


 161      30272027 
 161      2D666675 
 162 00ff 6E732720 		.ascii	"ns' '-fno-common' '-flto'\000"
 162      272D666E 
 162      6F2D636F 
 162      6D6D6F6E 
 162      2720272D 
 163              		.text
 164              		.comm	__gnu_lto_v1,1,1
 165              		.comm	__gnu_lto_slim,1,1
 166              		.ident	"GCC: (GNU Tools for ARM Embedded Processors (Build 17.03)) 6.3.1 20170215 (release) [ARM/e
ARM GAS  /tmp/ccSiuMFL.s 			page 12


DEFINED SYMBOLS
                            *ABS*:0000000000000000 stm32_isr.c
                            *COM*:0000000000000001 __gnu_lto_v1
                            *COM*:0000000000000001 __gnu_lto_slim

NO UNDEFINED SYMBOLS
